 line   address	contents
    1                      ; Linked by DLX-LD.
    2                      ; MemSize 24576
    3                      ; Data size: 450
    4                      ; Text size: 5348
    5                      ; Stack size: 8192
    6  00000000          	.text 0x1000
    7  00001000          	.data 0x3000
    8                      ; Compiled by GCC
    9  00003000          	.text
   10  00001000          	.align 2
   11  00001000          	.proc _isspace
   12  00001000          	.global _isspace
   13  00001000          	_isspace:
   14                      ;  Function 'isspace'; 0 bytes of locals, 1 regs to save.
   15  00001000  afbefffc	sw	-4(r29),r30; push fp
   16  00001004  001df020	add	r30,r0,r29; fp = sp
   17  00001008  afbffff8	sw	-8(r29),r31; push ret addr
   18  0000100c  2fbd0010	subui	r29,r29,#16; alloc local storage
   19  00001010  afa20000	sw	0(r29),r2
   20  00001014  83c20003	lb	r2,3(r30)
   21  00001018  201f0000	addi	r31,r0,#0
   22  0000101c  304100ff	andi	r1,r2,#0x00ff
   23  00001020  60210020	seqi	r1,r1,#32
   24  00001024  14200018	bnez	r1,L6_LF0
   25  00001028  54000000	nop; not filled.
   26  0000102c  2041fff7	addi	r1,r2,#-9
   27  00001030  302100ff	andi	r1,r1,#0x00ff
   28  00001034  70210001	sleui	r1,r1,#1
   29  00001038  10200008	beqz	r1,L5_LF0
   30  0000103c  54000000	nop; not filled.
   31  00001040          	L6_LF0:
   32  00001040  201f0001	addi	r31,r0,#1
   33  00001044          	L5_LF0:
   34  00001044  001f0820	add	r1,r0,r31
   35  00001048  8fa20000	lw	r2,0(r29)
   36  0000104c  8fdffff8	lw	r31,-8(r30)
   37  00001050  001ee820	add	r29,r0,r30
   38  00001054  8fdefffc	lw	r30,-4(r30)
   39  00001058  4be00000	jr	r31
   40  0000105c  54000000	nop
   41  00001060          	.endproc _isspace
   42  00001060          	.align 2
   43  00001060          	.proc _isxdigit
   44  00001060          	.global _isxdigit
   45  00001060          	_isxdigit:
   46                      ;  Function 'isxdigit'; 0 bytes of locals, 1 regs to save.
   47  00001060  afbefffc	sw	-4(r29),r30; push fp
   48  00001064  001df020	add	r30,r0,r29; fp = sp
   49  00001068  afbffff8	sw	-8(r29),r31; push ret addr
   50  0000106c  2fbd0010	subui	r29,r29,#16; alloc local storage
   51  00001070  afa20000	sw	0(r29),r2
   52  00001074  83df0003	lb	r31,3(r30)
   53  00001078  20020000	addi	r2,r0,#0
   54  0000107c  23e1ffd0	addi	r1,r31,#-48
   55  00001080  302100ff	andi	r1,r1,#0x00ff
   56  00001084  70210009	sleui	r1,r1,#9
   57  00001088  14200028	bnez	r1,L12_LF0
   58  0000108c  54000000	nop; not filled.
   59  00001090  23e1ff9f	addi	r1,r31,#-97
   60  00001094  302100ff	andi	r1,r1,#0x00ff
   61  00001098  70210005	sleui	r1,r1,#5
   62  0000109c  14200014	bnez	r1,L12_LF0
   63  000010a0  54000000	nop; not filled.
   64  000010a4  33e100ff	andi	r1,r31,#0x00ff
   65  000010a8  64210041	snei	r1,r1,#65
   66  000010ac  14200008	bnez	r1,L11_LF0
   67  000010b0  54000000	nop; not filled.
   68  000010b4          	L12_LF0:
   69  000010b4  20020001	addi	r2,r0,#1
   70  000010b8          	L11_LF0:
   71  000010b8  00020820	add	r1,r0,r2
   72  000010bc  8fa20000	lw	r2,0(r29)
   73  000010c0  8fdffff8	lw	r31,-8(r30)
   74  000010c4  001ee820	add	r29,r0,r30
   75  000010c8  8fdefffc	lw	r30,-4(r30)
   76  000010cc  4be00000	jr	r31
   77  000010d0  54000000	nop
   78  000010d4          	.endproc _isxdigit
   79  000010d4          	.data
   80  00003000          	.align 2
   81  00003000          	LC0_LF0:
   82  00003000  4572726f	.ascii "Error Split CO: \000"
   82  00003004  72205370	
   82  00003008  6c697420	
   82  0000300c  434f3a20	
   82  00003010  00      	
   83  00003011          	.align 2
   84  00003014          	LC1_LF0:
   85  00003014  4661696c	.ascii "Failed to open mailbox: Split CO (%d)\000"
   85  00003018  65642074	
   85  0000301c  6f206f70	
   85  00003020  656e206d	
   85  00003024  61696c62	
   85  00003028  6f783a20	
   85  0000302c  53706c69	
   85  00003030  7420434f	
   85  00003034  20282564	
   85  00003038  2900    	
   86  0000303a          	.align 2
   87  0000303c          	LC2_LF0:
   88  0000303c  4661696c	.ascii "Failed to receive to mailbox 1: Split CO (%d)\000"
   88  00003040  65642074	
   88  00003044  6f207265	
   88  00003048  63656976	
   88  0000304c  6520746f	
   88  00003050  206d6169	
   88  00003054  6c626f78	
   88  00003058  20313a20	
   88  0000305c  53706c69	
   88  00003060  7420434f	
   88  00003064  20282564	
   88  00003068  2900    	
   89  0000306a          	.align 2
   90  0000306c          	LC3_LF0:
   91  0000306c  4661696c	.ascii "Failed to receive to mailbox 2: Split CO (%d)\000"
   91  00003070  65642074	
   91  00003074  6f207265	
   91  00003078  63656976	
   91  0000307c  6520746f	
   91  00003080  206d6169	
   91  00003084  6c626f78	
   91  00003088  20323a20	
   91  0000308c  53706c69	
   91  00003090  7420434f	
   91  00003094  20282564	
   91  00003098  2900    	
   92  0000309a          	.align 2
   93  0000309c          	LC4_LF0:
   94  0000309c  4661696c	.ascii "Failed to receive to mailbox 3: Split CO (%d)\000"
   94  000030a0  65642074	
   94  000030a4  6f207265	
   94  000030a8  63656976	
   94  000030ac  6520746f	
   94  000030b0  206d6169	
   94  000030b4  6c626f78	
   94  000030b8  20333a20	
   94  000030bc  53706c69	
   94  000030c0  7420434f	
   94  000030c4  20282564	
   94  000030c8  2900    	
   95  000030ca          	.align 2
   96  000030cc          	LC5_LF0:
   97  000030cc  4661696c	.ascii "Failed to receive to mailbox 4: Split CO (%d)\000"
   97  000030d0  65642074	
   97  000030d4  6f207265	
   97  000030d8  63656976	
   97  000030dc  6520746f	
   97  000030e0  206d6169	
   97  000030e4  6c626f78	
   97  000030e8  20343a20	
   97  000030ec  53706c69	
   97  000030f0  7420434f	
   97  000030f4  20282564	
   97  000030f8  2900    	
   98  000030fa          	.align 2
   99  000030fc          	LC6_LF0:
  100  000030fc  4661696c	.ascii "Failed to close mailbox: Split CO (%d)\000"
  100  00003100  65642074	
  100  00003104  6f20636c	
  100  00003108  6f736520	
  100  0000310c  6d61696c	
  100  00003110  626f783a	
  100  00003114  2053706c	
  100  00003118  69742043	
  100  0000311c  4f202825	
  100  00003120  642900  	
  101  00003123          	.align 2
  102  00003124          	LC7_LF0:
  103  00003124  4f3200  	.ascii "O2\000"
  104  00003127          	.align 2
  105  00003128          	LC8_LF0:
  106  00003128  4661696c	.ascii "Failed to send to mailbox: Split CO (%d)\000"
  106  0000312c  65642074	
  106  00003130  6f207365	
  106  00003134  6e642074	
  106  00003138  6f206d61	
  106  0000313c  696c626f	
  106  00003140  783a2053	
  106  00003144  706c6974	
  106  00003148  20434f20	
  106  0000314c  28256429	
  106  00003150  00      	
  107  00003151          	.align 2
  108  00003154          	LC9_LF0:
  109  00003154  28256429	.ascii "(%d) Created O2 Molecule\n\000"
  109  00003158  20437265	
  109  0000315c  61746564	
  109  00003160  204f3220	
  109  00003164  4d6f6c65	
  109  00003168  63756c65	
  109  0000316c  0a00    	
  110  0000316e          	.align 2
  111  00003170          	LC10_LF0:
  112  00003170  50494420	.ascii "PID %d is complete.\n\000"
  112  00003174  25642069	
  112  00003178  7320636f	
  112  0000317c  6d706c65	
  112  00003180  74652e0a	
  112  00003184  00      	
  113  00003185          	.align 2
  114  00003188          	LC11_LF0:
  115  00003188  42616420	.ascii "Bad semaphore s_procs_completed (%d) in \000"
  115  0000318c  73656d61	
  115  00003190  70686f72	
  115  00003194  6520735f	
  115  00003198  70726f63	
  115  0000319c  735f636f	
  115  000031a0  6d706c65	
  115  000031a4  74656420	
  115  000031a8  28256429	
  115  000031ac  20696e20	
  115  000031b0  00      	
  116  000031b1          	.align 2
  117  000031b4          	LC12_LF0:
  118  000031b4  2c206578	.ascii ", exiting...\n\000"
  118  000031b8  6974696e	
  118  000031bc  672e2e2e	
  118  000031c0  0a00    	
  119  000031c2          	.text
  120  000010d4          	.align 2
  121  000010d4          	.proc _main
  122  000010d4          	.global _main
  123  000010d4          	_main:
  124                      ;  Function 'main'; 8 bytes of locals, 0 regs to save.
  125  000010d4  afbefffc	sw	-4(r29),r30; push fp
  126  000010d8  001df020	add	r30,r0,r29; fp = sp
  127  000010dc  afbffff8	sw	-8(r29),r31; push ret addr
  128  000010e0  2fbd0010	subui	r29,r29,#16; alloc local storage
  129  000010e4  8fc20000	lw	r2,(r30)
  130  000010e8  8fc50004	lw	r5,4(r30)
  131  000010ec  0c0013ec	jal	___main
  132  000010f0  54000000	nop; not filled.
  133  000010f4  64410004	snei	r1,r2,#4
  134  000010f8  10200038	beqz	r1,L14_LF0
  135  000010fc  54000000	nop; not filled.
  136  00001100  23bdfff8	addi	r29,r29,#-8
  137  00001104  3c070000	lhi	r7,((LC0_LF0)>>16)&0xffff
  138  00001108  24e73000	addui	r7,r7,(LC0_LF0)&0xffff
  139  0000110c  afa70000	sw	(r29),r7
  140  00001110  0c000518	jal	_Printf
  141  00001114  54000000	nop; not filled.
  142  00001118  8ca70000	lw	r7,(r5)
  143  0000111c  afa70000	sw	(r29),r7
  144  00001120  0c000508	jal	_Printf
  145  00001124  54000000	nop; not filled.
  146  00001128  0c000608	jal	_Exit
  147  0000112c  54000000	nop; not filled.
  148  00001130  23bd0008	addi	r29,r29,#8
  149  00001134          	L14_LF0:
  150  00001134  23bdfff0	addi	r29,r29,#-16
  151  00001138  8ca70004	lw	r7,4(r5)
  152  0000113c  afa70000	sw	(r29),r7
  153  00001140  20070000	addi	r7,r0,#0
  154  00001144  afa70004	sw	4(r29),r7
  155  00001148  2007000a	addi	r7,r0,#10
  156  0000114c  afa70008	sw	8(r29),r7
  157  00001150  0c000e8c	jal	_dstrtol
  158  00001154  54000000	nop; not filled.
  159  00001158  00013020	add	r6,r0,r1
  160  0000115c  8ca70008	lw	r7,8(r5)
  161  00001160  afa70000	sw	(r29),r7
  162  00001164  20070000	addi	r7,r0,#0
  163  00001168  afa70004	sw	4(r29),r7
  164  0000116c  2007000a	addi	r7,r0,#10
  165  00001170  afa70008	sw	8(r29),r7
  166  00001174  0c000e68	jal	_dstrtol
  167  00001178  54000000	nop; not filled.
  168  0000117c  00011820	add	r3,r0,r1
  169  00001180  8ca7000c	lw	r7,12(r5)
  170  00001184  afa70000	sw	(r29),r7
  171  00001188  20070000	addi	r7,r0,#0
  172  0000118c  afa70004	sw	4(r29),r7
  173  00001190  2007000a	addi	r7,r0,#10
  174  00001194  afa70008	sw	8(r29),r7
  175  00001198  0c000e44	jal	_dstrtol
  176  0000119c  54000000	nop; not filled.
  177  000011a0  00012020	add	r4,r0,r1
  178  000011a4  afa30000	sw	(r29),r3
  179  000011a8  0c000540	jal	_mbox_open
  180  000011ac  54000000	nop; not filled.
  181  000011b0  23bd0010	addi	r29,r29,#16
  182  000011b4  64210001	snei	r1,r1,#1
  183  000011b8  10200034	beqz	r1,L15_LF0
  184  000011bc  54000000	nop; not filled.
  185  000011c0  0c000474	jal	_getpid
  186  000011c4  54000000	nop; not filled.
  187  000011c8  23bdfff8	addi	r29,r29,#-8
  188  000011cc  3c070000	lhi	r7,((LC1_LF0)>>16)&0xffff
  189  000011d0  24e73014	addui	r7,r7,(LC1_LF0)&0xffff
  190  000011d4  afa70000	sw	(r29),r7
  191  000011d8  afa10004	sw	4(r29),r1
  192  000011dc  0c00044c	jal	_Printf
  193  000011e0  54000000	nop; not filled.
  194  000011e4  0c00054c	jal	_Exit
  195  000011e8  54000000	nop; not filled.
  196  000011ec  23bd0008	addi	r29,r29,#8
  197  000011f0          	L15_LF0:
  198  000011f0  23bdfff0	addi	r29,r29,#-16
  199  000011f4  afa30000	sw	(r29),r3
  200  000011f8  20070002	addi	r7,r0,#2
  201  000011fc  afa70004	sw	4(r29),r7
  202  00001200  23c2fff0	addi	r2,r30,#-16
  203  00001204  afa20008	sw	8(r29),r2
  204  00001208  0c000504	jal	_mbox_recv
  205  0000120c  54000000	nop; not filled.
  206  00001210  23bd0010	addi	r29,r29,#16
  207  00001214  64210002	snei	r1,r1,#2
  208  00001218  10200034	beqz	r1,L16_LF0
  209  0000121c  54000000	nop; not filled.
  210  00001220  0c000414	jal	_getpid
  211  00001224  54000000	nop; not filled.
  212  00001228  23bdfff8	addi	r29,r29,#-8
  213  0000122c  3c070000	lhi	r7,((LC2_LF0)>>16)&0xffff
  214  00001230  24e7303c	addui	r7,r7,(LC2_LF0)&0xffff
  215  00001234  afa70000	sw	(r29),r7
  216  00001238  afa10004	sw	4(r29),r1
  217  0000123c  0c0003ec	jal	_Printf
  218  00001240  54000000	nop; not filled.
  219  00001244  0c0004ec	jal	_Exit
  220  00001248  54000000	nop; not filled.
  221  0000124c  23bd0008	addi	r29,r29,#8
  222  00001250          	L16_LF0:
  223  00001250  23bdfff0	addi	r29,r29,#-16
  224  00001254  afa30000	sw	(r29),r3
  225  00001258  20070002	addi	r7,r0,#2
  226  0000125c  afa70004	sw	4(r29),r7
  227  00001260  afa20008	sw	8(r29),r2
  228  00001264  0c0004a8	jal	_mbox_recv
  229  00001268  54000000	nop; not filled.
  230  0000126c  23bd0010	addi	r29,r29,#16
  231  00001270  64210002	snei	r1,r1,#2
  232  00001274  10200034	beqz	r1,L17_LF0
  233  00001278  54000000	nop; not filled.
  234  0000127c  0c0003b8	jal	_getpid
  235  00001280  54000000	nop; not filled.
  236  00001284  23bdfff8	addi	r29,r29,#-8
  237  00001288  3c070000	lhi	r7,((LC3_LF0)>>16)&0xffff
  238  0000128c  24e7306c	addui	r7,r7,(LC3_LF0)&0xffff
  239  00001290  afa70000	sw	(r29),r7
  240  00001294  afa10004	sw	4(r29),r1
  241  00001298  0c000390	jal	_Printf
  242  0000129c  54000000	nop; not filled.
  243  000012a0  0c000490	jal	_Exit
  244  000012a4  54000000	nop; not filled.
  245  000012a8  23bd0008	addi	r29,r29,#8
  246  000012ac          	L17_LF0:
  247  000012ac  23bdfff0	addi	r29,r29,#-16
  248  000012b0  afa30000	sw	(r29),r3
  249  000012b4  20070002	addi	r7,r0,#2
  250  000012b8  afa70004	sw	4(r29),r7
  251  000012bc  afa20008	sw	8(r29),r2
  252  000012c0  0c00044c	jal	_mbox_recv
  253  000012c4  54000000	nop; not filled.
  254  000012c8  23bd0010	addi	r29,r29,#16
  255  000012cc  64210002	snei	r1,r1,#2
  256  000012d0  10200034	beqz	r1,L18_LF0
  257  000012d4  54000000	nop; not filled.
  258  000012d8  0c00035c	jal	_getpid
  259  000012dc  54000000	nop; not filled.
  260  000012e0  23bdfff8	addi	r29,r29,#-8
  261  000012e4  3c070000	lhi	r7,((LC4_LF0)>>16)&0xffff
  262  000012e8  24e7309c	addui	r7,r7,(LC4_LF0)&0xffff
  263  000012ec  afa70000	sw	(r29),r7
  264  000012f0  afa10004	sw	4(r29),r1
  265  000012f4  0c000334	jal	_Printf
  266  000012f8  54000000	nop; not filled.
  267  000012fc  0c000434	jal	_Exit
  268  00001300  54000000	nop; not filled.
  269  00001304  23bd0008	addi	r29,r29,#8
  270  00001308          	L18_LF0:
  271  00001308  23bdfff0	addi	r29,r29,#-16
  272  0000130c  afa30000	sw	(r29),r3
  273  00001310  20070002	addi	r7,r0,#2
  274  00001314  afa70004	sw	4(r29),r7
  275  00001318  afa20008	sw	8(r29),r2
  276  0000131c  0c0003f0	jal	_mbox_recv
  277  00001320  54000000	nop; not filled.
  278  00001324  23bd0010	addi	r29,r29,#16
  279  00001328  64210002	snei	r1,r1,#2
  280  0000132c  10200034	beqz	r1,L19_LF0
  281  00001330  54000000	nop; not filled.
  282  00001334  0c000300	jal	_getpid
  283  00001338  54000000	nop; not filled.
  284  0000133c  23bdfff8	addi	r29,r29,#-8
  285  00001340  3c070000	lhi	r7,((LC5_LF0)>>16)&0xffff
  286  00001344  24e730cc	addui	r7,r7,(LC5_LF0)&0xffff
  287  00001348  afa70000	sw	(r29),r7
  288  0000134c  afa10004	sw	4(r29),r1
  289  00001350  0c0002d8	jal	_Printf
  290  00001354  54000000	nop; not filled.
  291  00001358  0c0003d8	jal	_Exit
  292  0000135c  54000000	nop; not filled.
  293  00001360  23bd0008	addi	r29,r29,#8
  294  00001364          	L19_LF0:
  295  00001364  23bdfff8	addi	r29,r29,#-8
  296  00001368  afa30000	sw	(r29),r3
  297  0000136c  0c000388	jal	_mbox_close
  298  00001370  54000000	nop; not filled.
  299  00001374  23bd0008	addi	r29,r29,#8
  300  00001378  64210001	snei	r1,r1,#1
  301  0000137c  10200034	beqz	r1,L20_LF0
  302  00001380  54000000	nop; not filled.
  303  00001384  0c0002b0	jal	_getpid
  304  00001388  54000000	nop; not filled.
  305  0000138c  23bdfff8	addi	r29,r29,#-8
  306  00001390  3c070000	lhi	r7,((LC6_LF0)>>16)&0xffff
  307  00001394  24e730fc	addui	r7,r7,(LC6_LF0)&0xffff
  308  00001398  afa70000	sw	(r29),r7
  309  0000139c  afa10004	sw	4(r29),r1
  310  000013a0  0c000288	jal	_Printf
  311  000013a4  54000000	nop; not filled.
  312  000013a8  0c000388	jal	_Exit
  313  000013ac  54000000	nop; not filled.
  314  000013b0  23bd0008	addi	r29,r29,#8
  315  000013b4          	L20_LF0:
  316  000013b4  23bdfff8	addi	r29,r29,#-8
  317  000013b8  afa40000	sw	(r29),r4
  318  000013bc  0c00032c	jal	_mbox_open
  319  000013c0  54000000	nop; not filled.
  320  000013c4  23bd0008	addi	r29,r29,#8
  321  000013c8  64210001	snei	r1,r1,#1
  322  000013cc  10200034	beqz	r1,L21_LF0
  323  000013d0  54000000	nop; not filled.
  324  000013d4  0c000260	jal	_getpid
  325  000013d8  54000000	nop; not filled.
  326  000013dc  23bdfff8	addi	r29,r29,#-8
  327  000013e0  3c070000	lhi	r7,((LC1_LF0)>>16)&0xffff
  328  000013e4  24e73014	addui	r7,r7,(LC1_LF0)&0xffff
  329  000013e8  afa70000	sw	(r29),r7
  330  000013ec  afa10004	sw	4(r29),r1
  331  000013f0  0c000238	jal	_Printf
  332  000013f4  54000000	nop; not filled.
  333  000013f8  0c000338	jal	_Exit
  334  000013fc  54000000	nop; not filled.
  335  00001400  23bd0008	addi	r29,r29,#8
  336  00001404          	L21_LF0:
  337  00001404  23bdfff0	addi	r29,r29,#-16
  338  00001408  afa40000	sw	(r29),r4
  339  0000140c  20070002	addi	r7,r0,#2
  340  00001410  afa70004	sw	4(r29),r7
  341  00001414  3c030000	lhi	r3,((LC7_LF0)>>16)&0xffff
  342  00001418  24633124	addui	r3,r3,(LC7_LF0)&0xffff
  343  0000141c  afa30008	sw	8(r29),r3
  344  00001420  0c0002e0	jal	_mbox_send
  345  00001424  54000000	nop; not filled.
  346  00001428  23bd0010	addi	r29,r29,#16
  347  0000142c  64210001	snei	r1,r1,#1
  348  00001430  10200034	beqz	r1,L22_LF0
  349  00001434  54000000	nop; not filled.
  350  00001438  0c0001fc	jal	_getpid
  351  0000143c  54000000	nop; not filled.
  352  00001440  23bdfff8	addi	r29,r29,#-8
  353  00001444  3c070000	lhi	r7,((LC8_LF0)>>16)&0xffff
  354  00001448  24e73128	addui	r7,r7,(LC8_LF0)&0xffff
  355  0000144c  afa70000	sw	(r29),r7
  356  00001450  afa10004	sw	4(r29),r1
  357  00001454  0c0001d4	jal	_Printf
  358  00001458  54000000	nop; not filled.
  359  0000145c  0c0002d4	jal	_Exit
  360  00001460  54000000	nop; not filled.
  361  00001464  23bd0008	addi	r29,r29,#8
  362  00001468          	L22_LF0:
  363  00001468  0c0001cc	jal	_getpid
  364  0000146c  54000000	nop; not filled.
  365  00001470  23bdfff8	addi	r29,r29,#-8
  366  00001474  3c020000	lhi	r2,((LC9_LF0)>>16)&0xffff
  367  00001478  24423154	addui	r2,r2,(LC9_LF0)&0xffff
  368  0000147c  afa20000	sw	(r29),r2
  369  00001480  afa10004	sw	4(r29),r1
  370  00001484  0c0001a4	jal	_Printf
  371  00001488  54000000	nop; not filled.
  372  0000148c  23bdfff8	addi	r29,r29,#-8
  373  00001490  afa40000	sw	(r29),r4
  374  00001494  20070002	addi	r7,r0,#2
  375  00001498  afa70004	sw	4(r29),r7
  376  0000149c  afa30008	sw	8(r29),r3
  377  000014a0  0c000260	jal	_mbox_send
  378  000014a4  54000000	nop; not filled.
  379  000014a8  23bd0010	addi	r29,r29,#16
  380  000014ac  64210001	snei	r1,r1,#1
  381  000014b0  10200034	beqz	r1,L23_LF0
  382  000014b4  54000000	nop; not filled.
  383  000014b8  0c00017c	jal	_getpid
  384  000014bc  54000000	nop; not filled.
  385  000014c0  23bdfff8	addi	r29,r29,#-8
  386  000014c4  3c070000	lhi	r7,((LC8_LF0)>>16)&0xffff
  387  000014c8  24e73128	addui	r7,r7,(LC8_LF0)&0xffff
  388  000014cc  afa70000	sw	(r29),r7
  389  000014d0  afa10004	sw	4(r29),r1
  390  000014d4  0c000154	jal	_Printf
  391  000014d8  54000000	nop; not filled.
  392  000014dc  0c000254	jal	_Exit
  393  000014e0  54000000	nop; not filled.
  394  000014e4  23bd0008	addi	r29,r29,#8
  395  000014e8          	L23_LF0:
  396  000014e8  0c00014c	jal	_getpid
  397  000014ec  54000000	nop; not filled.
  398  000014f0  23bdfff8	addi	r29,r29,#-8
  399  000014f4  afa20000	sw	(r29),r2
  400  000014f8  afa10004	sw	4(r29),r1
  401  000014fc  0c00012c	jal	_Printf
  402  00001500  54000000	nop; not filled.
  403  00001504  afa40000	sw	(r29),r4
  404  00001508  0c0001ec	jal	_mbox_close
  405  0000150c  54000000	nop; not filled.
  406  00001510  23bd0008	addi	r29,r29,#8
  407  00001514  64210001	snei	r1,r1,#1
  408  00001518  10200034	beqz	r1,L24_LF0
  409  0000151c  54000000	nop; not filled.
  410  00001520  0c000114	jal	_getpid
  411  00001524  54000000	nop; not filled.
  412  00001528  23bdfff8	addi	r29,r29,#-8
  413  0000152c  3c070000	lhi	r7,((LC6_LF0)>>16)&0xffff
  414  00001530  24e730fc	addui	r7,r7,(LC6_LF0)&0xffff
  415  00001534  afa70000	sw	(r29),r7
  416  00001538  afa10004	sw	4(r29),r1
  417  0000153c  0c0000ec	jal	_Printf
  418  00001540  54000000	nop; not filled.
  419  00001544  0c0001ec	jal	_Exit
  420  00001548  54000000	nop; not filled.
  421  0000154c  23bd0008	addi	r29,r29,#8
  422  00001550          	L24_LF0:
  423  00001550  0c0000e4	jal	_getpid
  424  00001554  54000000	nop; not filled.
  425  00001558  23bdfff8	addi	r29,r29,#-8
  426  0000155c  3c070000	lhi	r7,((LC10_LF0)>>16)&0xffff
  427  00001560  24e73170	addui	r7,r7,(LC10_LF0)&0xffff
  428  00001564  afa70000	sw	(r29),r7
  429  00001568  afa10004	sw	4(r29),r1
  430  0000156c  0c0000bc	jal	_Printf
  431  00001570  54000000	nop; not filled.
  432  00001574  afa60000	sw	(r29),r6
  433  00001578  0c000104	jal	_sem_signal
  434  0000157c  54000000	nop; not filled.
  435  00001580  23bd0008	addi	r29,r29,#8
  436  00001584  64210001	snei	r1,r1,#1
  437  00001588  10200050	beqz	r1,L25_LF0
  438  0000158c  54000000	nop; not filled.
  439  00001590  23bdfff8	addi	r29,r29,#-8
  440  00001594  3c070000	lhi	r7,((LC11_LF0)>>16)&0xffff
  441  00001598  24e73188	addui	r7,r7,(LC11_LF0)&0xffff
  442  0000159c  afa70000	sw	(r29),r7
  443  000015a0  afa60004	sw	4(r29),r6
  444  000015a4  0c000084	jal	_Printf
  445  000015a8  54000000	nop; not filled.
  446  000015ac  8ca50000	lw	r5,(r5)
  447  000015b0  afa50000	sw	(r29),r5
  448  000015b4  0c000074	jal	_Printf
  449  000015b8  54000000	nop; not filled.
  450  000015bc  3c070000	lhi	r7,((LC12_LF0)>>16)&0xffff
  451  000015c0  24e731b4	addui	r7,r7,(LC12_LF0)&0xffff
  452  000015c4  afa70000	sw	(r29),r7
  453  000015c8  0c000060	jal	_Printf
  454  000015cc  54000000	nop; not filled.
  455  000015d0  0c000160	jal	_Exit
  456  000015d4  54000000	nop; not filled.
  457  000015d8  23bd0008	addi	r29,r29,#8
  458  000015dc          	L25_LF0:
  459  000015dc  0c000ef0	jal	_exit
  460  000015e0  54000000	nop
  461  000015e4          	.endproc _main
  462                      ;;;
  463                      ;;; Stub functions for DLX traps.
  464                      ;;;
  465                      ;;; Ethan L. Miller, 1999.  Released to the public domain.
  466                      ;;;
  467                      ;;; The traps such as Open and Close
  468                      ;;; (note the capital letters) are for use by user programs.  The traps
  469                      ;;; with names such as open and close (lower case) are for use by the OS.
  470                      ;;;
  473  000015e4          	.align 2
  475                      ;;; The following are the traps to be used by user-level programs
  476                      ;;;
  478  000015e4          	.align 2
  479  000015e4          	.proc _Open
  480  000015e4          	.global _Open
  481  000015e4          	_Open:
  482                      ;;; Note that trap #0x213 actually causes a trap vector in the OS of
  483                      ;;; 0x1213.  The same is true for other user traps.  Thus, a user trap
  484                      ;;; with trap #0x240 will result in a trap vector of 0x1240 in the OS.
  485  000015e4  44000213	trap	#0x213
  486  000015e8  4be00000	jr	r31
  487  000015ec  54000000	nop
  488  000015f0          	.endproc _Open
  490  000015f0          	.proc _Close
  491  000015f0          	.global _Close
  492  000015f0          	_Close:
  493  000015f0  44000214	trap	#0x214
  494  000015f4  4be00000	jr	r31
  495  000015f8  54000000	nop
  496  000015fc          	.endproc _Close
  498  000015fc          	.proc _Read
  499  000015fc          	.global _Read
  500  000015fc          	_Read:
  501  000015fc  44000210	trap	#0x210
  502  00001600  4be00000	jr	r31
  503  00001604  54000000	nop
  504  00001608          	.endproc _Read
  506  00001608          	.proc _Write
  507  00001608          	.global _Write
  508  00001608          	_Write:
  509  00001608  44000211	trap	#0x211
  510  0000160c  4be00000	jr	r31
  511  00001610  54000000	nop
  512  00001614          	.endproc _Write
  514  00001614          	.proc _Lseek
  515  00001614          	.global _Lseek
  516  00001614          	_Lseek:
  517  00001614  44000212	trap	#0x212
  518  00001618  4be00000	jr	r31
  519  0000161c  54000000	nop
  520  00001620          	.endproc _Lseek
  522  00001620          	.proc _Putchar
  523  00001620          	.global _Putchar
  524  00001620          	_Putchar:
  525  00001620  44000280	trap	#0x280
  526  00001624  4be00000	jr	r31
  527  00001628  54000000	nop
  528  0000162c          	.endproc _Putchar
  530  0000162c          	.proc _Printf
  531  0000162c          	.global _Printf
  532  0000162c          	_Printf:
  533  0000162c  44000201	trap	#0x201
  534  00001630  4be00000	jr	r31
  535  00001634  54000000	nop
  536  00001638          	.endproc _Printf
  538  00001638          	.proc _getpid
  539  00001638          	.global _getpid
  540  00001638          	_getpid:
  541  00001638  44000431	trap	#0x431
  542  0000163c  4be00000	jr	r31
  543  00001640  54000000	nop
  544  00001644          	.endproc _getpid
  546  00001644          	.proc _process_create
  547  00001644          	.global _process_create
  548  00001644          	_process_create:
  549  00001644  44000432	trap	#0x432
  550  00001648  4be00000	jr	r31
  551  0000164c  54000000	nop
  552  00001650          	.endproc _process_create
  554  00001650          	.proc _shmget
  555  00001650          	.global _shmget
  556  00001650          	_shmget:
  557  00001650  44000440	trap	#0x440
  558  00001654  4be00000	jr	r31
  559  00001658  54000000	nop
  560  0000165c          	.endproc _shmget
  562  0000165c          	.proc _shmat
  563  0000165c          	.global _shmat
  564  0000165c          	_shmat:
  565  0000165c  44000441	trap	#0x441
  566  00001660  4be00000	jr	r31
  567  00001664  54000000	nop
  568  00001668          	.endproc _shmat
  570  00001668          	.proc _sem_create
  571  00001668          	.global _sem_create
  572  00001668          	_sem_create:
  573  00001668  44000450	trap	#0x450
  574  0000166c  4be00000	jr	r31
  575  00001670  54000000	nop
  576  00001674          	.endproc _sem_create
  578  00001674          	.proc _sem_wait
  579  00001674          	.global _sem_wait
  580  00001674          	_sem_wait:
  581  00001674  44000451	trap	#0x451
  582  00001678  4be00000	jr	r31
  583  0000167c  54000000	nop
  584  00001680          	.endproc _sem_wait
  586  00001680          	.proc _sem_signal
  587  00001680          	.global _sem_signal
  588  00001680          	_sem_signal:
  589  00001680  44000452	trap	#0x452
  590  00001684  4be00000	jr	r31
  591  00001688  54000000	nop
  592  0000168c          	.endproc _sem_signal
  594  0000168c          	.proc _lock_create
  595  0000168c          	.global _lock_create
  596  0000168c          	_lock_create:
  597  0000168c  44000453	trap	#0x453
  598  00001690  4be00000	jr	r31
  599  00001694  54000000	nop
  600  00001698          	.endproc _lock_create
  602  00001698          	.proc _lock_acquire
  603  00001698          	.global _lock_acquire
  604  00001698          	_lock_acquire:
  605  00001698  44000454	trap	#0x454
  606  0000169c  4be00000	jr	r31
  607  000016a0  54000000	nop
  608  000016a4          	.endproc _lock_acquire
  610  000016a4          	.proc _lock_release
  611  000016a4          	.global _lock_release
  612  000016a4          	_lock_release:
  613  000016a4  44000455	trap	#0x455
  614  000016a8  4be00000	jr	r31
  615  000016ac  54000000	nop
  616  000016b0          	.endproc _lock_release
  618  000016b0          	.proc _cond_create
  619  000016b0          	.global _cond_create
  620  000016b0          	_cond_create:
  621  000016b0  44000456	trap	#0x456
  622  000016b4  4be00000	jr	r31
  623  000016b8  54000000	nop
  624  000016bc          	.endproc _cond_create
  626  000016bc          	.proc _cond_wait
  627  000016bc          	.global _cond_wait
  628  000016bc          	_cond_wait:
  629  000016bc  44000457	trap	#0x457
  630  000016c0  4be00000	jr	r31
  631  000016c4  54000000	nop
  632  000016c8          	.endproc _cond_wait
  634  000016c8          	.proc _cond_signal
  635  000016c8          	.global _cond_signal
  636  000016c8          	_cond_signal:
  637  000016c8  44000458	trap	#0x458
  638  000016cc  4be00000	jr	r31
  639  000016d0  54000000	nop
  640  000016d4          	.endproc _cond_signal
  642  000016d4          	.proc _cond_broadcast
  643  000016d4          	.global _cond_broadcast
  644  000016d4          	_cond_broadcast:
  645  000016d4  44000459	trap	#0x459
  646  000016d8  4be00000	jr	r31
  647  000016dc  54000000	nop
  648  000016e0          	.endproc _cond_broadcast
  650  000016e0          	.proc _mbox_create
  651  000016e0          	.global _mbox_create
  652  000016e0          	_mbox_create:
  653  000016e0  44000460	trap	#0x460
  654  000016e4  4be00000	jr	r31
  655  000016e8  54000000	nop
  656  000016ec          	.endproc _mbox_create
  658  000016ec          	.proc _mbox_open
  659  000016ec          	.global _mbox_open
  660  000016ec          	_mbox_open:
  661  000016ec  44000461	trap	#0x461
  662  000016f0  4be00000	jr	r31
  663  000016f4  54000000	nop
  664  000016f8          	.endproc _mbox_open
  666  000016f8          	.proc _mbox_close
  667  000016f8          	.global _mbox_close
  668  000016f8          	_mbox_close:
  669  000016f8  44000462	trap	#0x462
  670  000016fc  4be00000	jr	r31
  671  00001700  54000000	nop
  672  00001704          	.endproc _mbox_close
  674  00001704          	.proc _mbox_send
  675  00001704          	.global _mbox_send
  676  00001704          	_mbox_send:
  677  00001704  44000463	trap	#0x463
  678  00001708  4be00000	jr	r31
  679  0000170c  54000000	nop
  680  00001710          	.endproc _mbox_send
  682  00001710          	.proc _mbox_recv
  683  00001710          	.global _mbox_recv
  684  00001710          	_mbox_recv:
  685  00001710  44000464	trap	#0x464
  686  00001714  4be00000	jr	r31
  687  00001718  54000000	nop
  688  0000171c          	.endproc _mbox_recv
  690  0000171c          	.proc _sleep
  691  0000171c          	.global _sleep
  692  0000171c          	_sleep:
  693  0000171c  44000465	trap	#0x465
  694  00001720  4be00000	jr	r31
  695  00001724  54000000	nop
  696  00001728          	.endproc _sleep
  698  00001728          	.proc _yield
  699  00001728          	.global _yield
  700  00001728          	_yield:
  701  00001728  44000466	trap	#0x466
  702  0000172c  4be00000	jr	r31
  703  00001730  54000000	nop
  704  00001734          	.endproc _yield
  707  00001734          	.proc _Exit
  708  00001734          	.global _Exit
  709  00001734          	_Exit:
  710  00001734  44000500	trap	#0x500
  711  00001738  4be00000	jr	r31
  712  0000173c  54000000	nop
  713  00001740          	.endproc _Exit
  714                      ; Compiled by GCC
  716  00001740          	.align 2
  717  00001740          	.proc _isspace
  718  00001740          	.global _isspace
  719  00001740          	_isspace:
  720                      ;  Function 'isspace'; 0 bytes of locals, 3 regs to save.
  721  00001740  afbefffc	sw	-4(r29),r30; push fp
  722  00001744  001df020	add	r30,r0,r29; fp = sp
  723  00001748  afbffff8	sw	-8(r29),r31; push ret addr
  724  0000174c  2fbd0018	subui	r29,r29,#24; alloc local storage
  725  00001750  afa20000	sw	0(r29),r2
  726  00001754  afa30004	sw	4(r29),r3
  727  00001758  afa40008	sw	8(r29),r4
  728  0000175c  83c20003	lb	r2,3(r30)
  729  00001760  20010000	addi	r1,r0,#0
  730  00001764  304300ff	andi	r3,r2,#0x00ff
  731  00001768  60640020	seqi	r4,r3,#32
  732  0000176c  1480002c	bnez	r4,L3_LF2
  733  00001770  54000000	nop; delay slot nop
  734  00001774  304300ff	andi	r3,r2,#0x00ff
  735  00001778  60640009	seqi	r4,r3,#9
  736  0000177c  1480001c	bnez	r4,L3_LF2
  737  00001780  54000000	nop; delay slot nop
  738  00001784  304300ff	andi	r3,r2,#0x00ff
  739  00001788  6064000a	seqi	r4,r3,#10
  740  0000178c  1480000c	bnez	r4,L3_LF2
  741  00001790  54000000	nop; delay slot nop
  742  00001794  08000008	j	L2_LF2
  743  00001798  54000000	nop; delay slot nop
  744  0000179c          	L3_LF2:
  745  0000179c  20010001	addi	r1,r0,#1
  746  000017a0          	L2_LF2:
  747  000017a0  08000004	j	L1_LF2
  748  000017a4  54000000	nop; delay slot nop
  749  000017a8          	L1_LF2:
  750  000017a8  8fa20000	lw	r2,0(r29)
  751  000017ac  8fa30004	lw	r3,4(r29)
  752  000017b0  8fa40008	lw	r4,8(r29)
  753  000017b4  8fdffff8	lw	r31,-8(r30)
  754  000017b8  001ee820	add	r29,r0,r30
  755  000017bc  8fdefffc	lw	r30,-4(r30)
  756  000017c0  4be00000	jr	r31
  757  000017c4  54000000	nop
  758  000017c8          	.endproc _isspace
  759  000017c8          	.align 2
  760  000017c8          	.proc _isxdigit
  761  000017c8          	.global _isxdigit
  762  000017c8          	_isxdigit:
  763                      ;  Function 'isxdigit'; 0 bytes of locals, 3 regs to save.
  764  000017c8  afbefffc	sw	-4(r29),r30; push fp
  765  000017cc  001df020	add	r30,r0,r29; fp = sp
  766  000017d0  afbffff8	sw	-8(r29),r31; push ret addr
  767  000017d4  2fbd0018	subui	r29,r29,#24; alloc local storage
  768  000017d8  afa20000	sw	0(r29),r2
  769  000017dc  afa30004	sw	4(r29),r3
  770  000017e0  afa40008	sw	8(r29),r4
  771  000017e4  83c20003	lb	r2,3(r30)
  772  000017e8  20010000	addi	r1,r0,#0
  773  000017ec  304300ff	andi	r3,r2,#0x00ff
  774  000017f0  6c64002f	sgtui	r4,r3,#47
  775  000017f4  1080001c	beqz	r4,L7_LF2
  776  000017f8  54000000	nop; delay slot nop
  777  000017fc  304300ff	andi	r3,r2,#0x00ff
  778  00001800  70640039	sleui	r4,r3,#57
  779  00001804  1480005c	bnez	r4,L6_LF2
  780  00001808  54000000	nop; delay slot nop
  781  0000180c  08000004	j	L7_LF2
  782  00001810  54000000	nop; delay slot nop
  783  00001814          	L7_LF2:
  784  00001814  304300ff	andi	r3,r2,#0x00ff
  785  00001818  6c640060	sgtui	r4,r3,#96
  786  0000181c  1080001c	beqz	r4,L8_LF2
  787  00001820  54000000	nop; delay slot nop
  788  00001824  304300ff	andi	r3,r2,#0x00ff
  789  00001828  70640066	sleui	r4,r3,#102
  790  0000182c  14800034	bnez	r4,L6_LF2
  791  00001830  54000000	nop; delay slot nop
  792  00001834  08000004	j	L8_LF2
  793  00001838  54000000	nop; delay slot nop
  794  0000183c          	L8_LF2:
  795  0000183c  304300ff	andi	r3,r2,#0x00ff
  796  00001840  6c640040	sgtui	r4,r3,#64
  797  00001844  10800020	beqz	r4,L5_LF2
  798  00001848  54000000	nop; delay slot nop
  799  0000184c  304300ff	andi	r3,r2,#0x00ff
  800  00001850  70640041	sleui	r4,r3,#65
  801  00001854  1480000c	bnez	r4,L6_LF2
  802  00001858  54000000	nop; delay slot nop
  803  0000185c  08000008	j	L5_LF2
  804  00001860  54000000	nop; delay slot nop
  805  00001864          	L6_LF2:
  806  00001864  20010001	addi	r1,r0,#1
  807  00001868          	L5_LF2:
  808  00001868  08000004	j	L4_LF2
  809  0000186c  54000000	nop; delay slot nop
  810  00001870          	L4_LF2:
  811  00001870  8fa20000	lw	r2,0(r29)
  812  00001874  8fa30004	lw	r3,4(r29)
  813  00001878  8fa40008	lw	r4,8(r29)
  814  0000187c  8fdffff8	lw	r31,-8(r30)
  815  00001880  001ee820	add	r29,r0,r30
  816  00001884  8fdefffc	lw	r30,-4(r30)
  817  00001888  4be00000	jr	r31
  818  0000188c  54000000	nop
  819  00001890          	.endproc _isxdigit
  820  00001890          	.align 2
  821  00001890          	.proc _dstrcpy
  822  00001890          	.global _dstrcpy
  823  00001890          	_dstrcpy:
  824                      ;  Function 'dstrcpy'; 8 bytes of locals, 2 regs to save.
  825  00001890  afbefffc	sw	-4(r29),r30; push fp
  826  00001894  001df020	add	r30,r0,r29; fp = sp
  827  00001898  afbffff8	sw	-8(r29),r31; push ret addr
  828  0000189c  2fbd0018	subui	r29,r29,#24; alloc local storage
  829  000018a0  afa20000	sw	0(r29),r2
  830  000018a4  afa30004	sw	4(r29),r3
  831  000018a8  8fc10000	lw	r1,(r30)
  832  000018ac  afc1fff4	sw	-12(r30),r1
  833  000018b0          	L10_LF2:
  834  000018b0  8fc10000	lw	r1,(r30)
  835  000018b4  20220001	addi	r2,r1,#1
  836  000018b8  afc20000	sw	(r30),r2
  837  000018bc  8fc20004	lw	r2,4(r30)
  838  000018c0  20430001	addi	r3,r2,#1
  839  000018c4  afc30004	sw	4(r30),r3
  840  000018c8  80420000	lb	r2,(r2)
  841  000018cc  a0220000	sb	(r1),r2
  842  000018d0  a3c2fff3	sb	-13(r30),r2
  843  000018d4          	L12_LF2:
  844  000018d4  93c1fff3	lbu	r1,-13(r30)
  845  000018d8  64220000	snei	r2,r1,#0
  846  000018dc  1440000c	bnez	r2,L13_LF2
  847  000018e0  54000000	nop; delay slot nop
  848  000018e4  0800000c	j	L11_LF2
  849  000018e8  54000000	nop; delay slot nop
  850  000018ec          	L13_LF2:
  851  000018ec  0bffffc0	j	L10_LF2
  852  000018f0  54000000	nop; delay slot nop
  853  000018f4          	L11_LF2:
  854  000018f4  8fc1fff4	lw	r1,-12(r30)
  855  000018f8  08000004	j	L9_LF2
  856  000018fc  54000000	nop; delay slot nop
  857  00001900          	L9_LF2:
  858  00001900  8fa20000	lw	r2,0(r29)
  859  00001904  8fa30004	lw	r3,4(r29)
  860  00001908  8fdffff8	lw	r31,-8(r30)
  861  0000190c  001ee820	add	r29,r0,r30
  862  00001910  8fdefffc	lw	r30,-4(r30)
  863  00001914  4be00000	jr	r31
  864  00001918  54000000	nop
  865  0000191c          	.endproc _dstrcpy
  866  0000191c          	.align 2
  867  0000191c          	.proc _dstrncpy
  868  0000191c          	.global _dstrncpy
  869  0000191c          	_dstrncpy:
  870                      ;  Function 'dstrncpy'; 8 bytes of locals, 2 regs to save.
  871  0000191c  afbefffc	sw	-4(r29),r30; push fp
  872  00001920  001df020	add	r30,r0,r29; fp = sp
  873  00001924  afbffff8	sw	-8(r29),r31; push ret addr
  874  00001928  2fbd0018	subui	r29,r29,#24; alloc local storage
  875  0000192c  afa20000	sw	0(r29),r2
  876  00001930  afa30004	sw	4(r29),r3
  877  00001934  8fc10000	lw	r1,(r30)
  878  00001938  afc1fff4	sw	-12(r30),r1
  879  0000193c          	L15_LF2:
  880  0000193c  8fc10008	lw	r1,8(r30)
  881  00001940  2022ffff	addi	r2,r1,#-1
  882  00001944  afc20008	sw	8(r30),r2
  883  00001948  70210000	slei	r1,r1,#0
  884  0000194c  1020000c	beqz	r1,L18_LF2
  885  00001950  54000000	nop; delay slot nop
  886  00001954  08000048	j	L16_LF2
  887  00001958  54000000	nop; delay slot nop
  888  0000195c          	L18_LF2:
  889  0000195c  8fc10000	lw	r1,(r30)
  890  00001960  20220001	addi	r2,r1,#1
  891  00001964  afc20000	sw	(r30),r2
  892  00001968  8fc20004	lw	r2,4(r30)
  893  0000196c  20430001	addi	r3,r2,#1
  894  00001970  afc30004	sw	4(r30),r3
  895  00001974  80420000	lb	r2,(r2)
  896  00001978  a0220000	sb	(r1),r2
  897  0000197c  a3c2fff3	sb	-13(r30),r2
  898  00001980          	L17_LF2:
  899  00001980  93c1fff3	lbu	r1,-13(r30)
  900  00001984  64220000	snei	r2,r1,#0
  901  00001988  1440000c	bnez	r2,L19_LF2
  902  0000198c  54000000	nop; delay slot nop
  903  00001990  0800000c	j	L16_LF2
  904  00001994  54000000	nop; delay slot nop
  905  00001998          	L19_LF2:
  906  00001998  0bffffa0	j	L15_LF2
  907  0000199c  54000000	nop; delay slot nop
  908  000019a0          	L16_LF2:
  909  000019a0  8fc1fff4	lw	r1,-12(r30)
  910  000019a4  08000004	j	L14_LF2
  911  000019a8  54000000	nop; delay slot nop
  912  000019ac          	L14_LF2:
  913  000019ac  8fa20000	lw	r2,0(r29)
  914  000019b0  8fa30004	lw	r3,4(r29)
  915  000019b4  8fdffff8	lw	r31,-8(r30)
  916  000019b8  001ee820	add	r29,r0,r30
  917  000019bc  8fdefffc	lw	r30,-4(r30)
  918  000019c0  4be00000	jr	r31
  919  000019c4  54000000	nop
  920  000019c8          	.endproc _dstrncpy
  921  000019c8          	.align 2
  922  000019c8          	.proc _dstrcat
  923  000019c8          	.global _dstrcat
  924  000019c8          	_dstrcat:
  925                      ;  Function 'dstrcat'; 8 bytes of locals, 1 regs to save.
  926  000019c8  afbefffc	sw	-4(r29),r30; push fp
  927  000019cc  001df020	add	r30,r0,r29; fp = sp
  928  000019d0  afbffff8	sw	-8(r29),r31; push ret addr
  929  000019d4  2fbd0018	subui	r29,r29,#24; alloc local storage
  930  000019d8  afa20000	sw	0(r29),r2
  931  000019dc  8fc10000	lw	r1,(r30)
  932  000019e0  afc1fff4	sw	-12(r30),r1
  933  000019e4          	L21_LF2:
  934  000019e4  8fc10000	lw	r1,(r30)
  935  000019e8  90220000	lbu	r2,(r1)
  936  000019ec  64410000	snei	r1,r2,#0
  937  000019f0  1420000c	bnez	r1,L23_LF2
  938  000019f4  54000000	nop; delay slot nop
  939  000019f8  0800001c	j	L22_LF2
  940  000019fc  54000000	nop; delay slot nop
  941  00001a00          	L23_LF2:
  942  00001a00  8fc20000	lw	r2,(r30)
  943  00001a04  20410001	addi	r1,r2,#1
  944  00001a08  00011020	add	r2,r0,r1
  945  00001a0c  afc20000	sw	(r30),r2
  946  00001a10  0bffffd0	j	L21_LF2
  947  00001a14  54000000	nop; delay slot nop
  948  00001a18          	L22_LF2:
  949  00001a18  23bdfff8	addi	r29,r29,#-8
  950  00001a1c  001d0820	add	r1,r0,r29
  951  00001a20  8fc20000	lw	r2,(r30)
  952  00001a24  ac220000	sw	(r1),r2
  953  00001a28  8fc20004	lw	r2,4(r30)
  954  00001a2c  ac220004	sw	4(r1),r2
  955  00001a30  0ffffe5c	jal	_dstrcpy
  956  00001a34  54000000	nop; delay slot nop
  957  00001a38  23bd0008	addi	r29,r29,#8
  958  00001a3c  8fc1fff4	lw	r1,-12(r30)
  959  00001a40  08000004	j	L20_LF2
  960  00001a44  54000000	nop; delay slot nop
  961  00001a48          	L20_LF2:
  962  00001a48  8fa20000	lw	r2,0(r29)
  963  00001a4c  8fdffff8	lw	r31,-8(r30)
  964  00001a50  001ee820	add	r29,r0,r30
  965  00001a54  8fdefffc	lw	r30,-4(r30)
  966  00001a58  4be00000	jr	r31
  967  00001a5c  54000000	nop
  968  00001a60          	.endproc _dstrcat
  969  00001a60          	.align 2
  970  00001a60          	.proc _dstrncmp
  971  00001a60          	.global _dstrncmp
  972  00001a60          	_dstrncmp:
  973                      ;  Function 'dstrncmp'; 8 bytes of locals, 2 regs to save.
  974  00001a60  afbefffc	sw	-4(r29),r30; push fp
  975  00001a64  001df020	add	r30,r0,r29; fp = sp
  976  00001a68  afbffff8	sw	-8(r29),r31; push ret addr
  977  00001a6c  2fbd0018	subui	r29,r29,#24; alloc local storage
  978  00001a70  afa20000	sw	0(r29),r2
  979  00001a74  afa30004	sw	4(r29),r3
  980  00001a78  54000000	nop
  981  00001a7c  20010000	addi	r1,r0,#0
  982  00001a80  afc1fff4	sw	-12(r30),r1
  983  00001a84          	L25_LF2:
  984  00001a84  8fc1fff4	lw	r1,-12(r30)
  985  00001a88  8fc20008	lw	r2,8(r30)
  986  00001a8c  0022082a	slt	r1,r1,r2
  987  00001a90  1420000c	bnez	r1,L28_LF2
  988  00001a94  54000000	nop; delay slot nop
  989  00001a98  08000088	j	L26_LF2
  990  00001a9c  54000000	nop; delay slot nop
  991  00001aa0          	L28_LF2:
  992  00001aa0  8fc10004	lw	r1,4(r30)
  993  00001aa4  90220000	lbu	r2,(r1)
  994  00001aa8  64410000	snei	r1,r2,#0
  995  00001aac  14200018	bnez	r1,L29_LF2
  996  00001ab0  54000000	nop; delay slot nop
  997  00001ab4  20010000	addi	r1,r0,#0
  998  00001ab8  080000d8	j	L24_LF2
  999  00001abc  54000000	nop; delay slot nop
 1000  00001ac0  08000028	j	L30_LF2
 1001  00001ac4  54000000	nop; delay slot nop
 1002  00001ac8          	L29_LF2:
 1003  00001ac8  8fc10000	lw	r1,(r30)
 1004  00001acc  8fc20004	lw	r2,4(r30)
 1005  00001ad0  90210000	lbu	r1,(r1)
 1006  00001ad4  90420000	lbu	r2,(r2)
 1007  00001ad8  00220829	sne	r1,r1,r2
 1008  00001adc  1020000c	beqz	r1,L30_LF2
 1009  00001ae0  54000000	nop; delay slot nop
 1010  00001ae4  0800003c	j	L26_LF2
 1011  00001ae8  54000000	nop; delay slot nop
 1012  00001aec          	L31_LF2:
 1013  00001aec          	L30_LF2:
 1014  00001aec  8fc20000	lw	r2,(r30)
 1015  00001af0  20410001	addi	r1,r2,#1
 1016  00001af4  00011020	add	r2,r0,r1
 1017  00001af8  afc20000	sw	(r30),r2
 1018  00001afc  8fc20004	lw	r2,4(r30)
 1019  00001b00  20410001	addi	r1,r2,#1
 1020  00001b04  00011020	add	r2,r0,r1
 1021  00001b08  afc20004	sw	4(r30),r2
 1022  00001b0c          	L27_LF2:
 1023  00001b0c  8fc2fff4	lw	r2,-12(r30)
 1024  00001b10  20410001	addi	r1,r2,#1
 1025  00001b14  00011020	add	r2,r0,r1
 1026  00001b18  afc2fff4	sw	-12(r30),r2
 1027  00001b1c  0bffff64	j	L25_LF2
 1028  00001b20  54000000	nop; delay slot nop
 1029  00001b24          	L26_LF2:
 1030  00001b24  8fc1fff4	lw	r1,-12(r30)
 1031  00001b28  8fc20008	lw	r2,8(r30)
 1032  00001b2c  00220828	seq	r1,r1,r2
 1033  00001b30  10200018	beqz	r1,L32_LF2
 1034  00001b34  54000000	nop; delay slot nop
 1035  00001b38  20010000	addi	r1,r0,#0
 1036  00001b3c  08000054	j	L24_LF2
 1037  00001b40  54000000	nop; delay slot nop
 1038  00001b44  0800004c	j	L33_LF2
 1039  00001b48  54000000	nop; delay slot nop
 1040  00001b4c          	L32_LF2:
 1041  00001b4c  8fc20000	lw	r2,(r30)
 1042  00001b50  90410000	lbu	r1,(r2)
 1043  00001b54  8fc20004	lw	r2,4(r30)
 1044  00001b58  90430000	lbu	r3,(r2)
 1045  00001b5c  00230822	sub	r1,r1,r3
 1046  00001b60  74220000	sgei	r2,r1,#0
 1047  00001b64  10400020	beqz	r2,L34_LF2
 1048  00001b68  54000000	nop; delay slot nop
 1049  00001b6c  8fc10000	lw	r1,(r30)
 1050  00001b70  8fc20004	lw	r2,4(r30)
 1051  00001b74  90210000	lbu	r1,(r1)
 1052  00001b78  90420000	lbu	r2,(r2)
 1053  00001b7c  00220829	sne	r1,r1,r2
 1054  00001b80  08000008	j	L35_LF2
 1055  00001b84  54000000	nop; delay slot nop
 1056  00001b88          	L34_LF2:
 1057  00001b88  2001ffff	addi	r1,r0,#-1
 1058  00001b8c          	L35_LF2:
 1059  00001b8c  08000004	j	L24_LF2
 1060  00001b90  54000000	nop; delay slot nop
 1061  00001b94          	L33_LF2:
 1062  00001b94          	L24_LF2:
 1063  00001b94  8fa20000	lw	r2,0(r29)
 1064  00001b98  8fa30004	lw	r3,4(r29)
 1065  00001b9c  8fdffff8	lw	r31,-8(r30)
 1066  00001ba0  001ee820	add	r29,r0,r30
 1067  00001ba4  8fdefffc	lw	r30,-4(r30)
 1068  00001ba8  4be00000	jr	r31
 1069  00001bac  54000000	nop
 1070  00001bb0          	.endproc _dstrncmp
 1071  00001bb0          	.align 2
 1072  00001bb0          	.proc _dstrlen
 1073  00001bb0          	.global _dstrlen
 1074  00001bb0          	_dstrlen:
 1075                      ;  Function 'dstrlen'; 8 bytes of locals, 1 regs to save.
 1076  00001bb0  afbefffc	sw	-4(r29),r30; push fp
 1077  00001bb4  001df020	add	r30,r0,r29; fp = sp
 1078  00001bb8  afbffff8	sw	-8(r29),r31; push ret addr
 1079  00001bbc  2fbd0018	subui	r29,r29,#24; alloc local storage
 1080  00001bc0  afa20000	sw	0(r29),r2
 1081  00001bc4  20010000	addi	r1,r0,#0
 1082  00001bc8  afc1fff4	sw	-12(r30),r1
 1083  00001bcc          	L37_LF2:
 1084  00001bcc  8fc10000	lw	r1,(r30)
 1085  00001bd0  20220001	addi	r2,r1,#1
 1086  00001bd4  afc20000	sw	(r30),r2
 1087  00001bd8  90210000	lbu	r1,(r1)
 1088  00001bdc  64220000	snei	r2,r1,#0
 1089  00001be0  1440000c	bnez	r2,L39_LF2
 1090  00001be4  54000000	nop; delay slot nop
 1091  00001be8  0800001c	j	L38_LF2
 1092  00001bec  54000000	nop; delay slot nop
 1093  00001bf0          	L39_LF2:
 1094  00001bf0  8fc2fff4	lw	r2,-12(r30)
 1095  00001bf4  20410001	addi	r1,r2,#1
 1096  00001bf8  00011020	add	r2,r0,r1
 1097  00001bfc  afc2fff4	sw	-12(r30),r2
 1098  00001c00  0bffffc8	j	L37_LF2
 1099  00001c04  54000000	nop; delay slot nop
 1100  00001c08          	L38_LF2:
 1101  00001c08  8fc1fff4	lw	r1,-12(r30)
 1102  00001c0c  08000004	j	L36_LF2
 1103  00001c10  54000000	nop; delay slot nop
 1104  00001c14          	L36_LF2:
 1105  00001c14  8fa20000	lw	r2,0(r29)
 1106  00001c18  8fdffff8	lw	r31,-8(r30)
 1107  00001c1c  001ee820	add	r29,r0,r30
 1108  00001c20  8fdefffc	lw	r30,-4(r30)
 1109  00001c24  4be00000	jr	r31
 1110  00001c28  54000000	nop
 1111  00001c2c          	.endproc _dstrlen
 1112  00001c2c          	.align 2
 1113  00001c2c          	.proc _dstrstr
 1114  00001c2c          	.global _dstrstr
 1115  00001c2c          	_dstrstr:
 1116                      ;  Function 'dstrstr'; 8 bytes of locals, 1 regs to save.
 1117  00001c2c  afbefffc	sw	-4(r29),r30; push fp
 1118  00001c30  001df020	add	r30,r0,r29; fp = sp
 1119  00001c34  afbffff8	sw	-8(r29),r31; push ret addr
 1120  00001c38  2fbd0018	subui	r29,r29,#24; alloc local storage
 1121  00001c3c  afa20000	sw	0(r29),r2
 1122  00001c40  23bdfff8	addi	r29,r29,#-8
 1123  00001c44  001d0820	add	r1,r0,r29
 1124  00001c48  8fc20004	lw	r2,4(r30)
 1125  00001c4c  ac220000	sw	(r1),r2
 1126  00001c50  0fffff5c	jal	_dstrlen
 1127  00001c54  54000000	nop; delay slot nop
 1128  00001c58  23bd0008	addi	r29,r29,#8
 1129  00001c5c  afc1fff4	sw	-12(r30),r1
 1130  00001c60          	L41_LF2:
 1131  00001c60  8fc10000	lw	r1,(r30)
 1132  00001c64  90220000	lbu	r2,(r1)
 1133  00001c68  64410000	snei	r1,r2,#0
 1134  00001c6c  1420000c	bnez	r1,L43_LF2
 1135  00001c70  54000000	nop; delay slot nop
 1136  00001c74  08000060	j	L42_LF2
 1137  00001c78  54000000	nop; delay slot nop
 1138  00001c7c          	L43_LF2:
 1139  00001c7c  23bdfff0	addi	r29,r29,#-16
 1140  00001c80  001d0820	add	r1,r0,r29
 1141  00001c84  8fc20000	lw	r2,(r30)
 1142  00001c88  ac220000	sw	(r1),r2
 1143  00001c8c  8fc20004	lw	r2,4(r30)
 1144  00001c90  ac220004	sw	4(r1),r2
 1145  00001c94  8fc2fff4	lw	r2,-12(r30)
 1146  00001c98  ac220008	sw	8(r1),r2
 1147  00001c9c  0ffffdc0	jal	_dstrncmp
 1148  00001ca0  54000000	nop; delay slot nop
 1149  00001ca4  23bd0010	addi	r29,r29,#16
 1150  00001ca8  64220000	snei	r2,r1,#0
 1151  00001cac  14400010	bnez	r2,L44_LF2
 1152  00001cb0  54000000	nop; delay slot nop
 1153  00001cb4  8fc10000	lw	r1,(r30)
 1154  00001cb8  08000028	j	L40_LF2
 1155  00001cbc  54000000	nop; delay slot nop
 1156  00001cc0          	L44_LF2:
 1157  00001cc0  8fc20000	lw	r2,(r30)
 1158  00001cc4  20410001	addi	r1,r2,#1
 1159  00001cc8  00011020	add	r2,r0,r1
 1160  00001ccc  afc20000	sw	(r30),r2
 1161  00001cd0  0bffff8c	j	L41_LF2
 1162  00001cd4  54000000	nop; delay slot nop
 1163  00001cd8          	L42_LF2:
 1164  00001cd8  20010000	addi	r1,r0,#0
 1165  00001cdc  08000004	j	L40_LF2
 1166  00001ce0  54000000	nop; delay slot nop
 1167  00001ce4          	L40_LF2:
 1168  00001ce4  8fa20000	lw	r2,0(r29)
 1169  00001ce8  8fdffff8	lw	r31,-8(r30)
 1170  00001cec  001ee820	add	r29,r0,r30
 1171  00001cf0  8fdefffc	lw	r30,-4(r30)
 1172  00001cf4  4be00000	jr	r31
 1173  00001cf8  54000000	nop
 1174  00001cfc          	.endproc _dstrstr
 1175  00001cfc          	.align 2
 1176  00001cfc          	.proc _dmindex
 1177  00001cfc          	.global _dmindex
 1178  00001cfc          	_dmindex:
 1179                      ;  Function 'dmindex'; 8 bytes of locals, 1 regs to save.
 1180  00001cfc  afbefffc	sw	-4(r29),r30; push fp
 1181  00001d00  001df020	add	r30,r0,r29; fp = sp
 1182  00001d04  afbffff8	sw	-8(r29),r31; push ret addr
 1183  00001d08  2fbd0018	subui	r29,r29,#24; alloc local storage
 1184  00001d0c  afa20000	sw	0(r29),r2
 1185  00001d10  54000000	nop
 1186  00001d14          	L46_LF2:
 1187  00001d14  8fc10000	lw	r1,(r30)
 1188  00001d18  90220000	lbu	r2,(r1)
 1189  00001d1c  64410000	snei	r1,r2,#0
 1190  00001d20  1420000c	bnez	r1,L48_LF2
 1191  00001d24  54000000	nop; delay slot nop
 1192  00001d28  08000070	j	L47_LF2
 1193  00001d2c  54000000	nop; delay slot nop
 1194  00001d30          	L48_LF2:
 1195  00001d30  8fc10004	lw	r1,4(r30)
 1196  00001d34  afc1fff4	sw	-12(r30),r1
 1197  00001d38          	L49_LF2:
 1198  00001d38  8fc1fff4	lw	r1,-12(r30)
 1199  00001d3c  90220000	lbu	r2,(r1)
 1200  00001d40  64410000	snei	r1,r2,#0
 1201  00001d44  1420000c	bnez	r1,L52_LF2
 1202  00001d48  54000000	nop; delay slot nop
 1203  00001d4c  08000044	j	L50_LF2
 1204  00001d50  54000000	nop; delay slot nop
 1205  00001d54          	L52_LF2:
 1206  00001d54  8fc10000	lw	r1,(r30)
 1207  00001d58  8fc2fff4	lw	r2,-12(r30)
 1208  00001d5c  90210000	lbu	r1,(r1)
 1209  00001d60  90420000	lbu	r2,(r2)
 1210  00001d64  00220828	seq	r1,r1,r2
 1211  00001d68  10200010	beqz	r1,L51_LF2
 1212  00001d6c  54000000	nop; delay slot nop
 1213  00001d70  8fc10000	lw	r1,(r30)
 1214  00001d74  08000030	j	L45_LF2
 1215  00001d78  54000000	nop; delay slot nop
 1216  00001d7c          	L53_LF2:
 1217  00001d7c          	L51_LF2:
 1218  00001d7c  8fc2fff4	lw	r2,-12(r30)
 1219  00001d80  20410001	addi	r1,r2,#1
 1220  00001d84  00011020	add	r2,r0,r1
 1221  00001d88  afc2fff4	sw	-12(r30),r2
 1222  00001d8c  0bffffa8	j	L49_LF2
 1223  00001d90  54000000	nop; delay slot nop
 1224  00001d94          	L50_LF2:
 1225  00001d94  0bffff7c	j	L46_LF2
 1226  00001d98  54000000	nop; delay slot nop
 1227  00001d9c          	L47_LF2:
 1228  00001d9c  20010000	addi	r1,r0,#0
 1229  00001da0  08000004	j	L45_LF2
 1230  00001da4  54000000	nop; delay slot nop
 1231  00001da8          	L45_LF2:
 1232  00001da8  8fa20000	lw	r2,0(r29)
 1233  00001dac  8fdffff8	lw	r31,-8(r30)
 1234  00001db0  001ee820	add	r29,r0,r30
 1235  00001db4  8fdefffc	lw	r30,-4(r30)
 1236  00001db8  4be00000	jr	r31
 1237  00001dbc  54000000	nop
 1238  00001dc0          	.endproc _dmindex
 1239  00001dc0          	.align 2
 1240  00001dc0          	.proc _dindex
 1241  00001dc0          	.global _dindex
 1242  00001dc0          	_dindex:
 1243                      ;  Function 'dindex'; 0 bytes of locals, 1 regs to save.
 1244  00001dc0  afbefffc	sw	-4(r29),r30; push fp
 1245  00001dc4  001df020	add	r30,r0,r29; fp = sp
 1246  00001dc8  afbffff8	sw	-8(r29),r31; push ret addr
 1247  00001dcc  2fbd0010	subui	r29,r29,#16; alloc local storage
 1248  00001dd0  afa20000	sw	0(r29),r2
 1249  00001dd4  54000000	nop
 1250  00001dd8          	L55_LF2:
 1251  00001dd8  8fc10000	lw	r1,(r30)
 1252  00001ddc  90220000	lbu	r2,(r1)
 1253  00001de0  64410000	snei	r1,r2,#0
 1254  00001de4  1420000c	bnez	r1,L57_LF2
 1255  00001de8  54000000	nop; delay slot nop
 1256  00001dec  08000040	j	L56_LF2
 1257  00001df0  54000000	nop; delay slot nop
 1258  00001df4          	L57_LF2:
 1259  00001df4  8fc10000	lw	r1,(r30)
 1260  00001df8  90220000	lbu	r2,(r1)
 1261  00001dfc  8fc10004	lw	r1,4(r30)
 1262  00001e00  00411028	seq	r2,r2,r1
 1263  00001e04  10400010	beqz	r2,L58_LF2
 1264  00001e08  54000000	nop; delay slot nop
 1265  00001e0c  8fc10000	lw	r1,(r30)
 1266  00001e10  08000028	j	L54_LF2
 1267  00001e14  54000000	nop; delay slot nop
 1268  00001e18          	L58_LF2:
 1269  00001e18  8fc20000	lw	r2,(r30)
 1270  00001e1c  20410001	addi	r1,r2,#1
 1271  00001e20  00011020	add	r2,r0,r1
 1272  00001e24  afc20000	sw	(r30),r2
 1273  00001e28  0bffffac	j	L55_LF2
 1274  00001e2c  54000000	nop; delay slot nop
 1275  00001e30          	L56_LF2:
 1276  00001e30  20010000	addi	r1,r0,#0
 1277  00001e34  08000004	j	L54_LF2
 1278  00001e38  54000000	nop; delay slot nop
 1279  00001e3c          	L54_LF2:
 1280  00001e3c  8fa20000	lw	r2,0(r29)
 1281  00001e40  8fdffff8	lw	r31,-8(r30)
 1282  00001e44  001ee820	add	r29,r0,r30
 1283  00001e48  8fdefffc	lw	r30,-4(r30)
 1284  00001e4c  4be00000	jr	r31
 1285  00001e50  54000000	nop
 1286  00001e54          	.endproc _dindex
 1287  00001e54          	.align 2
 1288  00001e54          	.proc _ditoa
 1289  00001e54          	.global _ditoa
 1290  00001e54          	_ditoa:
 1291                      ;  Function 'ditoa'; 8 bytes of locals, 2 regs to save.
 1292  00001e54  afbefffc	sw	-4(r29),r30; push fp
 1293  00001e58  001df020	add	r30,r0,r29; fp = sp
 1294  00001e5c  afbffff8	sw	-8(r29),r31; push ret addr
 1295  00001e60  2fbd0018	subui	r29,r29,#24; alloc local storage
 1296  00001e64  afa20000	sw	0(r29),r2
 1297  00001e68  afa30004	sw	4(r29),r3
 1298  00001e6c  8fc10000	lw	r1,(r30)
 1299  00001e70  68220000	slti	r2,r1,#0
 1300  00001e74  1040002c	beqz	r2,L60_LF2
 1301  00001e78  54000000	nop; delay slot nop
 1302  00001e7c  8fc10004	lw	r1,4(r30)
 1303  00001e80  20220001	addi	r2,r1,#1
 1304  00001e84  afc20004	sw	4(r30),r2
 1305  00001e88  2002002d	addi	r2,r0,(#0x2d)&0xff
 1306  00001e8c  a0220000	sb	(r1),r2
 1307  00001e90  8fc10000	lw	r1,(r30)
 1308  00001e94  00011022	sub	r2,r0,r1
 1309  00001e98  afc20000	sw	(r30),r2
 1310  00001e9c  08000118	j	L61_LF2
 1311  00001ea0  54000000	nop; delay slot nop
 1312  00001ea4          	L60_LF2:
 1313  00001ea4  8fc10000	lw	r1,(r30)
 1314  00001ea8  64220000	snei	r2,r1,#0
 1315  00001eac  14400020	bnez	r2,L62_LF2
 1316  00001eb0  54000000	nop; delay slot nop
 1317  00001eb4  8fc10004	lw	r1,4(r30)
 1318  00001eb8  20220001	addi	r2,r1,#1
 1319  00001ebc  afc20004	sw	4(r30),r2
 1320  00001ec0  20020030	addi	r2,r0,(#0x30)&0xff
 1321  00001ec4  a0220000	sb	(r1),r2
 1322  00001ec8  080000ec	j	L61_LF2
 1323  00001ecc  54000000	nop; delay slot nop
 1324  00001ed0          	L62_LF2:
 1325  00001ed0  20010001	addi	r1,r0,#1
 1326  00001ed4  afc1fff4	sw	-12(r30),r1
 1327  00001ed8          	L64_LF2:
 1328  00001ed8  8fc1fff4	lw	r1,-12(r30)
 1329  00001edc  8fc20000	lw	r2,(r30)
 1330  00001ee0  0022082c	sle	r1,r1,r2
 1331  00001ee4  1420000c	bnez	r1,L66_LF2
 1332  00001ee8  54000000	nop; delay slot nop
 1333  00001eec  08000024	j	L65_LF2
 1334  00001ef0  54000000	nop; delay slot nop
 1335  00001ef4          	L67_LF2:
 1336  00001ef4          	L66_LF2:
 1337  00001ef4  8fc1fff4	lw	r1,-12(r30)
 1338  00001ef8  00011820	add	r3,r0,r1
 1339  00001efc  50620002	slli	r2,r3,#0x2
 1340  00001f00  00411020	add	r2,r2,r1
 1341  00001f04  50410001	slli	r1,r2,#0x1
 1342  00001f08  afc1fff4	sw	-12(r30),r1
 1343  00001f0c  0bffffc8	j	L64_LF2
 1344  00001f10  54000000	nop; delay slot nop
 1345  00001f14          	L65_LF2:
 1346  00001f14  54000000	nop
 1347  00001f18          	L68_LF2:
 1348  00001f18  8fc1fff4	lw	r1,-12(r30)
 1349  00001f1c  2002000a	addi	r2,r0,#10
 1350  00001f20  00200035	movi2fp	f0,r1
 1351  00001f24  00400835	movi2fp	f1,r2
 1352  00001f28  0401000f	div	f0,f0,f1
 1353  00001f2c  00000834	movfp2i	r1,f0
 1354  00001f30  afc1fff4	sw	-12(r30),r1
 1355  00001f34  8fc10004	lw	r1,4(r30)
 1356  00001f38  20220001	addi	r2,r1,#1
 1357  00001f3c  afc20004	sw	4(r30),r2
 1358  00001f40  8fc20000	lw	r2,(r30)
 1359  00001f44  8fc3fff4	lw	r3,-12(r30)
 1360  00001f48  00400035	movi2fp	f0,r2
 1361  00001f4c  00600835	movi2fp	f1,r3
 1362  00001f50  0401000f	div	f0,f0,f1
 1363  00001f54  00001034	movfp2i	r2,f0
 1364  00001f58  00021820	add	r3,r0,r2
 1365  00001f5c  20620030	addi	r2,r3,#48
 1366  00001f60  a0220000	sb	(r1),r2
 1367  00001f64  8fc10000	lw	r1,(r30)
 1368  00001f68  8fc3fff4	lw	r3,-12(r30)
 1369  00001f6c  00200035	movi2fp	f0,r1
 1370  00001f70  00600835	movi2fp	f1,r3
 1371  00001f74  0401000f	div	f0,f0,f1
 1372  00001f78  00001034	movfp2i	r2,f0
 1373  00001f7c  8fc3fff4	lw	r3,-12(r30)
 1374  00001f80  00400035	movi2fp	f0,r2
 1375  00001f84  00600835	movi2fp	f1,r3
 1376  00001f88  0401000e	mult	f0,f0,f1
 1377  00001f8c  00001034	movfp2i	r2,f0
 1378  00001f90  00220822	sub	r1,r1,r2
 1379  00001f94  afc10000	sw	(r30),r1
 1380  00001f98          	L70_LF2:
 1381  00001f98  8fc1fff4	lw	r1,-12(r30)
 1382  00001f9c  6c220001	sgti	r2,r1,#1
 1383  00001fa0  1440000c	bnez	r2,L71_LF2
 1384  00001fa4  54000000	nop; delay slot nop
 1385  00001fa8  0800000c	j	L61_LF2
 1386  00001fac  54000000	nop; delay slot nop
 1387  00001fb0          	L71_LF2:
 1388  00001fb0  0bffff64	j	L68_LF2
 1389  00001fb4  54000000	nop; delay slot nop
 1390  00001fb8          	L69_LF2:
 1391  00001fb8          	L63_LF2:
 1392  00001fb8          	L61_LF2:
 1393  00001fb8  8fc10004	lw	r1,4(r30)
 1394  00001fbc  20020000	addi	r2,r0,(#0x0)&0xff
 1395  00001fc0  a0220000	sb	(r1),r2
 1396  00001fc4          	L59_LF2:
 1397  00001fc4  8fa20000	lw	r2,0(r29)
 1398  00001fc8  8fa30004	lw	r3,4(r29)
 1399  00001fcc  8fdffff8	lw	r31,-8(r30)
 1400  00001fd0  001ee820	add	r29,r0,r30
 1401  00001fd4  8fdefffc	lw	r30,-4(r30)
 1402  00001fd8  4be00000	jr	r31
 1403  00001fdc  54000000	nop
 1404  00001fe0          	.endproc _ditoa
 1405  00001fe0          	.align 2
 1406  00001fe0          	.proc _dstrtol
 1407  00001fe0          	.global _dstrtol
 1408  00001fe0          	_dstrtol:
 1409                      ;  Function 'dstrtol'; 16 bytes of locals, 1 regs to save.
 1410  00001fe0  afbefffc	sw	-4(r29),r30; push fp
 1411  00001fe4  001df020	add	r30,r0,r29; fp = sp
 1412  00001fe8  afbffff8	sw	-8(r29),r31; push ret addr
 1413  00001fec  2fbd0020	subui	r29,r29,#32; alloc local storage
 1414  00001ff0  afa20000	sw	0(r29),r2
 1415  00001ff4  20010000	addi	r1,r0,#0
 1416  00001ff8  afc1fff4	sw	-12(r30),r1
 1417  00001ffc          	L73_LF2:
 1418  00001ffc  8fc10000	lw	r1,(r30)
 1419  00002000  90220000	lbu	r2,(r1)
 1420  00002004  60410020	seqi	r1,r2,#32
 1421  00002008  14200034	bnez	r1,L75_LF2
 1422  0000200c  54000000	nop; delay slot nop
 1423  00002010  8fc10000	lw	r1,(r30)
 1424  00002014  90220000	lbu	r2,(r1)
 1425  00002018  60410009	seqi	r1,r2,#9
 1426  0000201c  14200020	bnez	r1,L75_LF2
 1427  00002020  54000000	nop; delay slot nop
 1428  00002024  8fc10000	lw	r1,(r30)
 1429  00002028  90220000	lbu	r2,(r1)
 1430  0000202c  6041000a	seqi	r1,r2,#10
 1431  00002030  1420000c	bnez	r1,L75_LF2
 1432  00002034  54000000	nop; delay slot nop
 1433  00002038  0800001c	j	L74_LF2
 1434  0000203c  54000000	nop; delay slot nop
 1435  00002040          	L75_LF2:
 1436  00002040  8fc20000	lw	r2,(r30)
 1437  00002044  20410001	addi	r1,r2,#1
 1438  00002048  00011020	add	r2,r0,r1
 1439  0000204c  afc20000	sw	(r30),r2
 1440  00002050  0bffffa8	j	L73_LF2
 1441  00002054  54000000	nop; delay slot nop
 1442  00002058          	L74_LF2:
 1443  00002058  8fc10004	lw	r1,4(r30)
 1444  0000205c  64220000	snei	r2,r1,#0
 1445  00002060  10400010	beqz	r2,L76_LF2
 1446  00002064  54000000	nop; delay slot nop
 1447  00002068  8fc10004	lw	r1,4(r30)
 1448  0000206c  8fc20000	lw	r2,(r30)
 1449  00002070  ac220000	sw	(r1),r2
 1450  00002074          	L76_LF2:
 1451  00002074  8fc10000	lw	r1,(r30)
 1452  00002078  90220000	lbu	r2,(r1)
 1453  0000207c  64410000	snei	r1,r2,#0
 1454  00002080  14200010	bnez	r1,L77_LF2
 1455  00002084  54000000	nop; delay slot nop
 1456  00002088  8fc1fff4	lw	r1,-12(r30)
 1457  0000208c  08000294	j	L72_LF2
 1458  00002090  54000000	nop; delay slot nop
 1459  00002094          	L77_LF2:
 1460  00002094  8fc10000	lw	r1,(r30)
 1461  00002098  90220000	lbu	r2,(r1)
 1462  0000209c  6041002d	seqi	r1,r2,#45
 1463  000020a0  10200024	beqz	r1,L78_LF2
 1464  000020a4  54000000	nop; delay slot nop
 1465  000020a8  2001ffff	addi	r1,r0,#-1
 1466  000020ac  afc1ffec	sw	-20(r30),r1
 1467  000020b0  8fc20000	lw	r2,(r30)
 1468  000020b4  20410001	addi	r1,r2,#1
 1469  000020b8  00011020	add	r2,r0,r1
 1470  000020bc  afc20000	sw	(r30),r2
 1471  000020c0  0800000c	j	L79_LF2
 1472  000020c4  54000000	nop; delay slot nop
 1473  000020c8          	L78_LF2:
 1474  000020c8  20010001	addi	r1,r0,#1
 1475  000020cc  afc1ffec	sw	-20(r30),r1
 1476  000020d0          	L79_LF2:
 1477  000020d0  8fc10008	lw	r1,8(r30)
 1478  000020d4  64220000	snei	r2,r1,#0
 1479  000020d8  14400090	bnez	r2,L80_LF2
 1480  000020dc  54000000	nop; delay slot nop
 1481  000020e0  8fc10000	lw	r1,(r30)
 1482  000020e4  90220000	lbu	r2,(r1)
 1483  000020e8  60410030	seqi	r1,r2,#48
 1484  000020ec  10200074	beqz	r1,L81_LF2
 1485  000020f0  54000000	nop; delay slot nop
 1486  000020f4  8fc20000	lw	r2,(r30)
 1487  000020f8  20410001	addi	r1,r2,#1
 1488  000020fc  00011020	add	r2,r0,r1
 1489  00002100  afc20000	sw	(r30),r2
 1490  00002104  8fc10000	lw	r1,(r30)
 1491  00002108  90220000	lbu	r2,(r1)
 1492  0000210c  60410078	seqi	r1,r2,#120
 1493  00002110  14200020	bnez	r1,L83_LF2
 1494  00002114  54000000	nop; delay slot nop
 1495  00002118  8fc10000	lw	r1,(r30)
 1496  0000211c  90220000	lbu	r2,(r1)
 1497  00002120  60410058	seqi	r1,r2,#88
 1498  00002124  1420000c	bnez	r1,L83_LF2
 1499  00002128  54000000	nop; delay slot nop
 1500  0000212c  08000024	j	L82_LF2
 1501  00002130  54000000	nop; delay slot nop
 1502  00002134          	L83_LF2:
 1503  00002134  20010010	addi	r1,r0,#16
 1504  00002138  afc10008	sw	8(r30),r1
 1505  0000213c  8fc20000	lw	r2,(r30)
 1506  00002140  20410001	addi	r1,r2,#1
 1507  00002144  00011020	add	r2,r0,r1
 1508  00002148  afc20000	sw	(r30),r2
 1509  0000214c  0800000c	j	L84_LF2
 1510  00002150  54000000	nop; delay slot nop
 1511  00002154          	L82_LF2:
 1512  00002154  20010008	addi	r1,r0,#8
 1513  00002158  afc10008	sw	8(r30),r1
 1514  0000215c          	L84_LF2:
 1515  0000215c  0800000c	j	L80_LF2
 1516  00002160  54000000	nop; delay slot nop
 1517  00002164          	L81_LF2:
 1518  00002164  2001000a	addi	r1,r0,#10
 1519  00002168  afc10008	sw	8(r30),r1
 1520  0000216c          	L85_LF2:
 1521  0000216c          	L80_LF2:
 1522  0000216c  8fc10008	lw	r1,8(r30)
 1523  00002170  70220000	slei	r2,r1,#0
 1524  00002174  1440001c	bnez	r2,L87_LF2
 1525  00002178  54000000	nop; delay slot nop
 1526  0000217c  8fc10008	lw	r1,8(r30)
 1527  00002180  6c220010	sgti	r2,r1,#16
 1528  00002184  1440000c	bnez	r2,L87_LF2
 1529  00002188  54000000	nop; delay slot nop
 1530  0000218c  08000010	j	L86_LF2
 1531  00002190  54000000	nop; delay slot nop
 1532  00002194          	L87_LF2:
 1533  00002194  8fc1fff4	lw	r1,-12(r30)
 1534  00002198  08000188	j	L72_LF2
 1535  0000219c  54000000	nop; delay slot nop
 1536  000021a0          	L86_LF2:
 1537  000021a0  54000000	nop
 1538  000021a4          	L88_LF2:
 1539  000021a4  8fc10000	lw	r1,(r30)
 1540  000021a8  90220000	lbu	r2,(r1)
 1541  000021ac  6c41002f	sgtui	r1,r2,#47
 1542  000021b0  10200030	beqz	r1,L91_LF2
 1543  000021b4  54000000	nop; delay slot nop
 1544  000021b8  8fc10000	lw	r1,(r30)
 1545  000021bc  90220000	lbu	r2,(r1)
 1546  000021c0  70410039	sleui	r1,r2,#57
 1547  000021c4  1020001c	beqz	r1,L91_LF2
 1548  000021c8  54000000	nop; delay slot nop
 1549  000021cc  8fc10000	lw	r1,(r30)
 1550  000021d0  90220000	lbu	r2,(r1)
 1551  000021d4  2041ffd0	addi	r1,r2,#-48
 1552  000021d8  afc1fff0	sw	-16(r30),r1
 1553  000021dc  0800008c	j	L92_LF2
 1554  000021e0  54000000	nop; delay slot nop
 1555  000021e4          	L91_LF2:
 1556  000021e4  8fc10000	lw	r1,(r30)
 1557  000021e8  90220000	lbu	r2,(r1)
 1558  000021ec  6c410060	sgtui	r1,r2,#96
 1559  000021f0  10200030	beqz	r1,L93_LF2
 1560  000021f4  54000000	nop; delay slot nop
 1561  000021f8  8fc10000	lw	r1,(r30)
 1562  000021fc  90220000	lbu	r2,(r1)
 1563  00002200  7041007a	sleui	r1,r2,#122
 1564  00002204  1020001c	beqz	r1,L93_LF2
 1565  00002208  54000000	nop; delay slot nop
 1566  0000220c  8fc10000	lw	r1,(r30)
 1567  00002210  90220000	lbu	r2,(r1)
 1568  00002214  2041ffa9	addi	r1,r2,#-87
 1569  00002218  afc1fff0	sw	-16(r30),r1
 1570  0000221c  0800004c	j	L92_LF2
 1571  00002220  54000000	nop; delay slot nop
 1572  00002224          	L93_LF2:
 1573  00002224  8fc10000	lw	r1,(r30)
 1574  00002228  90220000	lbu	r2,(r1)
 1575  0000222c  6c410040	sgtui	r1,r2,#64
 1576  00002230  10200030	beqz	r1,L95_LF2
 1577  00002234  54000000	nop; delay slot nop
 1578  00002238  8fc10000	lw	r1,(r30)
 1579  0000223c  90220000	lbu	r2,(r1)
 1580  00002240  7041005a	sleui	r1,r2,#90
 1581  00002244  1020001c	beqz	r1,L95_LF2
 1582  00002248  54000000	nop; delay slot nop
 1583  0000224c  8fc10000	lw	r1,(r30)
 1584  00002250  90220000	lbu	r2,(r1)
 1585  00002254  2041ffc9	addi	r1,r2,#-55
 1586  00002258  afc1fff0	sw	-16(r30),r1
 1587  0000225c  0800000c	j	L92_LF2
 1588  00002260  54000000	nop; delay slot nop
 1589  00002264          	L95_LF2:
 1590  00002264  200103e8	addi	r1,r0,#1000
 1591  00002268  afc1fff0	sw	-16(r30),r1
 1592  0000226c          	L96_LF2:
 1593  0000226c          	L94_LF2:
 1594  0000226c          	L92_LF2:
 1595  0000226c  8fc1fff0	lw	r1,-16(r30)
 1596  00002270  8fc20008	lw	r2,8(r30)
 1597  00002274  0022082a	slt	r1,r1,r2
 1598  00002278  10200040	beqz	r1,L90_LF2
 1599  0000227c  54000000	nop; delay slot nop
 1600  00002280  8fc1fff4	lw	r1,-12(r30)
 1601  00002284  8fc20008	lw	r2,8(r30)
 1602  00002288  00200035	movi2fp	f0,r1
 1603  0000228c  00400835	movi2fp	f1,r2
 1604  00002290  0401000e	mult	f0,f0,f1
 1605  00002294  00000834	movfp2i	r1,f0
 1606  00002298  afc1fff4	sw	-12(r30),r1
 1607  0000229c  8fc1fff4	lw	r1,-12(r30)
 1608  000022a0  8fc2fff0	lw	r2,-16(r30)
 1609  000022a4  00220820	add	r1,r1,r2
 1610  000022a8  afc1fff4	sw	-12(r30),r1
 1611  000022ac  8fc20000	lw	r2,(r30)
 1612  000022b0  20410001	addi	r1,r2,#1
 1613  000022b4  00011020	add	r2,r0,r1
 1614  000022b8  afc20000	sw	(r30),r2
 1615  000022bc          	L97_LF2:
 1616  000022bc          	L90_LF2:
 1617  000022bc  8fc1fff0	lw	r1,-16(r30)
 1618  000022c0  8fc20008	lw	r2,8(r30)
 1619  000022c4  0022082a	slt	r1,r1,r2
 1620  000022c8  1420000c	bnez	r1,L98_LF2
 1621  000022cc  54000000	nop; delay slot nop
 1622  000022d0  0800000c	j	L89_LF2
 1623  000022d4  54000000	nop; delay slot nop
 1624  000022d8          	L98_LF2:
 1625  000022d8  0bfffec8	j	L88_LF2
 1626  000022dc  54000000	nop; delay slot nop
 1627  000022e0          	L89_LF2:
 1628  000022e0  8fc10004	lw	r1,4(r30)
 1629  000022e4  64220000	snei	r2,r1,#0
 1630  000022e8  10400010	beqz	r2,L99_LF2
 1631  000022ec  54000000	nop; delay slot nop
 1632  000022f0  8fc10004	lw	r1,4(r30)
 1633  000022f4  8fc20000	lw	r2,(r30)
 1634  000022f8  ac220000	sw	(r1),r2
 1635  000022fc          	L99_LF2:
 1636  000022fc  8fc1fff4	lw	r1,-12(r30)
 1637  00002300  8fc2ffec	lw	r2,-20(r30)
 1638  00002304  00200035	movi2fp	f0,r1
 1639  00002308  00400835	movi2fp	f1,r2
 1640  0000230c  0401000e	mult	f0,f0,f1
 1641  00002310  00000834	movfp2i	r1,f0
 1642  00002314  afc1fff4	sw	-12(r30),r1
 1643  00002318  8fc1fff4	lw	r1,-12(r30)
 1644  0000231c  08000004	j	L72_LF2
 1645  00002320  54000000	nop; delay slot nop
 1646  00002324          	L72_LF2:
 1647  00002324  8fa20000	lw	r2,0(r29)
 1648  00002328  8fdffff8	lw	r31,-8(r30)
 1649  0000232c  001ee820	add	r29,r0,r30
 1650  00002330  8fdefffc	lw	r30,-4(r30)
 1651  00002334  4be00000	jr	r31
 1652  00002338  54000000	nop
 1653  0000233c          	.endproc _dstrtol
 1654  0000233c          	.align 2
 1655  0000233c          	.proc _bcopy
 1656  0000233c          	.global _bcopy
 1657  0000233c          	_bcopy:
 1658                      ;  Function 'bcopy'; 0 bytes of locals, 2 regs to save.
 1659  0000233c  afbefffc	sw	-4(r29),r30; push fp
 1660  00002340  001df020	add	r30,r0,r29; fp = sp
 1661  00002344  afbffff8	sw	-8(r29),r31; push ret addr
 1662  00002348  2fbd0010	subui	r29,r29,#16; alloc local storage
 1663  0000234c  afa20000	sw	0(r29),r2
 1664  00002350  afa30004	sw	4(r29),r3
 1665  00002354  54000000	nop
 1666  00002358          	L101_LF2:
 1667  00002358  8fc10008	lw	r1,8(r30)
 1668  0000235c  2022ffff	addi	r2,r1,#-1
 1669  00002360  afc20008	sw	8(r30),r2
 1670  00002364  6c210000	sgti	r1,r1,#0
 1671  00002368  1420000c	bnez	r1,L103_LF2
 1672  0000236c  54000000	nop; delay slot nop
 1673  00002370  0800002c	j	L102_LF2
 1674  00002374  54000000	nop; delay slot nop
 1675  00002378          	L103_LF2:
 1676  00002378  8fc10004	lw	r1,4(r30)
 1677  0000237c  20220001	addi	r2,r1,#1
 1678  00002380  afc20004	sw	4(r30),r2
 1679  00002384  8fc20000	lw	r2,(r30)
 1680  00002388  20430001	addi	r3,r2,#1
 1681  0000238c  afc30000	sw	(r30),r3
 1682  00002390  80420000	lb	r2,(r2)
 1683  00002394  a0220000	sb	(r1),r2
 1684  00002398  0bffffbc	j	L101_LF2
 1685  0000239c  54000000	nop; delay slot nop
 1686  000023a0          	L102_LF2:
 1687  000023a0          	L100_LF2:
 1688  000023a0  8fa20000	lw	r2,0(r29)
 1689  000023a4  8fa30004	lw	r3,4(r29)
 1690  000023a8  8fdffff8	lw	r31,-8(r30)
 1691  000023ac  001ee820	add	r29,r0,r30
 1692  000023b0  8fdefffc	lw	r30,-4(r30)
 1693  000023b4  4be00000	jr	r31
 1694  000023b8  54000000	nop
 1695  000023bc          	.endproc _bcopy
 1696  000023bc          	.align 2
 1697  000023bc          	.proc _bzero
 1698  000023bc          	.global _bzero
 1699  000023bc          	_bzero:
 1700                      ;  Function 'bzero'; 0 bytes of locals, 1 regs to save.
 1701  000023bc  afbefffc	sw	-4(r29),r30; push fp
 1702  000023c0  001df020	add	r30,r0,r29; fp = sp
 1703  000023c4  afbffff8	sw	-8(r29),r31; push ret addr
 1704  000023c8  2fbd0010	subui	r29,r29,#16; alloc local storage
 1705  000023cc  afa20000	sw	0(r29),r2
 1706  000023d0  54000000	nop
 1707  000023d4          	L105_LF2:
 1708  000023d4  8fc10004	lw	r1,4(r30)
 1709  000023d8  2022ffff	addi	r2,r1,#-1
 1710  000023dc  afc20004	sw	4(r30),r2
 1711  000023e0  6c210000	sgti	r1,r1,#0
 1712  000023e4  1420000c	bnez	r1,L107_LF2
 1713  000023e8  54000000	nop; delay slot nop
 1714  000023ec  08000020	j	L106_LF2
 1715  000023f0  54000000	nop; delay slot nop
 1716  000023f4          	L107_LF2:
 1717  000023f4  8fc10000	lw	r1,(r30)
 1718  000023f8  20220001	addi	r2,r1,#1
 1719  000023fc  afc20000	sw	(r30),r2
 1720  00002400  20020000	addi	r2,r0,(#0x0)&0xff
 1721  00002404  a0220000	sb	(r1),r2
 1722  00002408  0bffffc8	j	L105_LF2
 1723  0000240c  54000000	nop; delay slot nop
 1724  00002410          	L106_LF2:
 1725  00002410          	L104_LF2:
 1726  00002410  8fa20000	lw	r2,0(r29)
 1727  00002414  8fdffff8	lw	r31,-8(r30)
 1728  00002418  001ee820	add	r29,r0,r30
 1729  0000241c  8fdefffc	lw	r30,-4(r30)
 1730  00002420  4be00000	jr	r31
 1731  00002424  54000000	nop
 1732  00002428          	.endproc _bzero
 1733  00002428          	.align 2
 1734  00002428          	.proc _min
 1735  00002428          	.global _min
 1736  00002428          	_min:
 1737                      ;  Function 'min'; 0 bytes of locals, 2 regs to save.
 1738  00002428  afbefffc	sw	-4(r29),r30; push fp
 1739  0000242c  001df020	add	r30,r0,r29; fp = sp
 1740  00002430  afbffff8	sw	-8(r29),r31; push ret addr
 1741  00002434  2fbd0010	subui	r29,r29,#16; alloc local storage
 1742  00002438  afa20000	sw	0(r29),r2
 1743  0000243c  afa30004	sw	4(r29),r3
 1744  00002440  8fc10000	lw	r1,(r30)
 1745  00002444  8fc20004	lw	r2,4(r30)
 1746  00002448  0022182c	sle	r3,r1,r2
 1747  0000244c  14600008	bnez	r3,L109_LF2
 1748  00002450  54000000	nop; delay slot nop
 1749  00002454  8fc10004	lw	r1,4(r30)
 1750  00002458          	L109_LF2:
 1751  00002458  08000004	j	L108_LF2
 1752  0000245c  54000000	nop; delay slot nop
 1753  00002460          	L108_LF2:
 1754  00002460  8fa20000	lw	r2,0(r29)
 1755  00002464  8fa30004	lw	r3,4(r29)
 1756  00002468  8fdffff8	lw	r31,-8(r30)
 1757  0000246c  001ee820	add	r29,r0,r30
 1758  00002470  8fdefffc	lw	r30,-4(r30)
 1759  00002474  4be00000	jr	r31
 1760  00002478  54000000	nop
 1761  0000247c          	.endproc _min
 1762  0000247c          	.align 2
 1763  0000247c          	.proc _max
 1764  0000247c          	.global _max
 1765  0000247c          	_max:
 1766                      ;  Function 'max'; 0 bytes of locals, 2 regs to save.
 1767  0000247c  afbefffc	sw	-4(r29),r30; push fp
 1768  00002480  001df020	add	r30,r0,r29; fp = sp
 1769  00002484  afbffff8	sw	-8(r29),r31; push ret addr
 1770  00002488  2fbd0010	subui	r29,r29,#16; alloc local storage
 1771  0000248c  afa20000	sw	0(r29),r2
 1772  00002490  afa30004	sw	4(r29),r3
 1773  00002494  8fc10000	lw	r1,(r30)
 1774  00002498  8fc20004	lw	r2,4(r30)
 1775  0000249c  0022182d	sge	r3,r1,r2
 1776  000024a0  14600008	bnez	r3,L111_LF2
 1777  000024a4  54000000	nop; delay slot nop
 1778  000024a8  8fc10004	lw	r1,4(r30)
 1779  000024ac          	L111_LF2:
 1780  000024ac  08000004	j	L110_LF2
 1781  000024b0  54000000	nop; delay slot nop
 1782  000024b4          	L110_LF2:
 1783  000024b4  8fa20000	lw	r2,0(r29)
 1784  000024b8  8fa30004	lw	r3,4(r29)
 1785  000024bc  8fdffff8	lw	r31,-8(r30)
 1786  000024c0  001ee820	add	r29,r0,r30
 1787  000024c4  8fdefffc	lw	r30,-4(r30)
 1788  000024c8  4be00000	jr	r31
 1789  000024cc  54000000	nop
 1790  000024d0          	.endproc _max
 1791                      ;;; Ethan L. Miller, 1999.  Released to the public domain
 1792                      ;;;
 1793                      ;;; Most of the traps are called in files from libtraps.
 1796  000024d0          	.align 2
 1797  000024d0          	.proc _exit
 1798  000024d0          	.global _exit
 1799  000024d0          	_exit:
 1800  000024d0  44000300	trap	#0x300
 1801  000024d4  4be00000	jr	r31
 1802  000024d8  54000000	nop
 1803  000024dc          	.endproc _exit
 1805                      ; for the benefit of gcc.
 1806  000024dc          	.proc ___main
 1807  000024dc          	.global ___main
 1808  000024dc          	___main:
 1809  000024dc  4be00000	jr	r31
 1810  000024e0  54000000	nop
 1811  000024e4          	.endproc ___main
 1812  000024e4          	.text
 1813  000024e4          	.global _etext
 1814  000024e4          	_etext:
 1815  000024e4          	.align 3
 1816  000024e8          	.data
 1817  000031c2          	.global _edata
 1818  000031c2          	_edata:
