 line   address	contents
    1                      ; Linked by DLX-LD.
    2                      ; MemSize 24576
    3                      ; Data size: 1012
    4                      ; Text size: 5536
    5                      ; Stack size: 8192
    6  00000000          	.text 0x1000
    7  00001000          	.data 0x3000
    8                      ; Compiled by GCC
    9  00003000          	.text
   10  00001000          	.align 2
   11  00001000          	.proc _isspace
   12  00001000          	.global _isspace
   13  00001000          	_isspace:
   14                      ;  Function 'isspace'; 0 bytes of locals, 1 regs to save.
   15  00001000  afbefffc	sw	-4(r29),r30; push fp
   16  00001004  001df020	add	r30,r0,r29; fp = sp
   17  00001008  afbffff8	sw	-8(r29),r31; push ret addr
   18  0000100c  2fbd0010	subui	r29,r29,#16; alloc local storage
   19  00001010  afa20000	sw	0(r29),r2
   20  00001014  83c20003	lb	r2,3(r30)
   21  00001018  201f0000	addi	r31,r0,#0
   22  0000101c  304100ff	andi	r1,r2,#0x00ff
   23  00001020  60210020	seqi	r1,r1,#32
   24  00001024  14200018	bnez	r1,L6_LF0
   25  00001028  54000000	nop; not filled.
   26  0000102c  2041fff7	addi	r1,r2,#-9
   27  00001030  302100ff	andi	r1,r1,#0x00ff
   28  00001034  70210001	sleui	r1,r1,#1
   29  00001038  10200008	beqz	r1,L5_LF0
   30  0000103c  54000000	nop; not filled.
   31  00001040          	L6_LF0:
   32  00001040  201f0001	addi	r31,r0,#1
   33  00001044          	L5_LF0:
   34  00001044  001f0820	add	r1,r0,r31
   35  00001048  8fa20000	lw	r2,0(r29)
   36  0000104c  8fdffff8	lw	r31,-8(r30)
   37  00001050  001ee820	add	r29,r0,r30
   38  00001054  8fdefffc	lw	r30,-4(r30)
   39  00001058  4be00000	jr	r31
   40  0000105c  54000000	nop
   41  00001060          	.endproc _isspace
   42  00001060          	.align 2
   43  00001060          	.proc _isxdigit
   44  00001060          	.global _isxdigit
   45  00001060          	_isxdigit:
   46                      ;  Function 'isxdigit'; 0 bytes of locals, 1 regs to save.
   47  00001060  afbefffc	sw	-4(r29),r30; push fp
   48  00001064  001df020	add	r30,r0,r29; fp = sp
   49  00001068  afbffff8	sw	-8(r29),r31; push ret addr
   50  0000106c  2fbd0010	subui	r29,r29,#16; alloc local storage
   51  00001070  afa20000	sw	0(r29),r2
   52  00001074  83df0003	lb	r31,3(r30)
   53  00001078  20020000	addi	r2,r0,#0
   54  0000107c  23e1ffd0	addi	r1,r31,#-48
   55  00001080  302100ff	andi	r1,r1,#0x00ff
   56  00001084  70210009	sleui	r1,r1,#9
   57  00001088  14200028	bnez	r1,L12_LF0
   58  0000108c  54000000	nop; not filled.
   59  00001090  23e1ff9f	addi	r1,r31,#-97
   60  00001094  302100ff	andi	r1,r1,#0x00ff
   61  00001098  70210005	sleui	r1,r1,#5
   62  0000109c  14200014	bnez	r1,L12_LF0
   63  000010a0  54000000	nop; not filled.
   64  000010a4  33e100ff	andi	r1,r31,#0x00ff
   65  000010a8  64210041	snei	r1,r1,#65
   66  000010ac  14200008	bnez	r1,L11_LF0
   67  000010b0  54000000	nop; not filled.
   68  000010b4          	L12_LF0:
   69  000010b4  20020001	addi	r2,r0,#1
   70  000010b8          	L11_LF0:
   71  000010b8  00020820	add	r1,r0,r2
   72  000010bc  8fa20000	lw	r2,0(r29)
   73  000010c0  8fdffff8	lw	r31,-8(r30)
   74  000010c4  001ee820	add	r29,r0,r30
   75  000010c8  8fdefffc	lw	r30,-4(r30)
   76  000010cc  4be00000	jr	r31
   77  000010d0  54000000	nop
   78  000010d4          	.endproc _isxdigit
   79  000010d4          	.data
   80  00003000          	.align 2
   81  00003000          	LC0_LF0:
   82  00003000  55736167	.ascii "Usage: %s <number of hello world processes to create>\n\000"
   82  00003004  653a2025	
   82  00003008  73203c6e	
   82  0000300c  756d6265	
   82  00003010  72206f66	
   82  00003014  2068656c	
   82  00003018  6c6f2077	
   82  0000301c  6f726c64	
   82  00003020  2070726f	
   82  00003024  63657373	
   82  00003028  65732074	
   82  0000302c  6f206372	
   82  00003030  65617465	
   82  00003034  3e0a00  	
   83  00003037          	.align 2
   84  00003038          	LC1_LF0:
   85  00003038  6d616b65	.ascii "makeprocs (%d): Bad sem_create\n\000"
   85  0000303c  70726f63	
   85  00003040  73202825	
   85  00003044  64293a20	
   85  00003048  42616420	
   85  0000304c  73656d5f	
   85  00003050  63726561	
   85  00003054  74650a00	
   86  00003058          	.align 2
   87  00003058          	LC2_LF0:
   88  00003058  6d616b65	.ascii "makeprocs (%d): Creating %d hello_world processes\n\000"
   88  0000305c  70726f63	
   88  00003060  73202825	
   88  00003064  64293a20	
   88  00003068  43726561	
   88  0000306c  74696e67	
   88  00003070  20256420	
   88  00003074  68656c6c	
   88  00003078  6f5f776f	
   88  0000307c  726c6420	
   88  00003080  70726f63	
   88  00003084  65737365	
   88  00003088  730a00  	
   89  0000308b          	.align 2
   90  0000308c          	LC3_LF0:
   91  0000308c  2d2d2d2d	.ascii "----------------------------------------------------------------------"
   91  00003090  2d2d2d2d	
   91  00003094  2d2d2d2d	
   91  00003098  2d2d2d2d	
   91  0000309c  2d2d2d2d	
   91  000030a0  2d2d2d2d	
   91  000030a4  2d2d2d2d	
   91  000030a8  2d2d2d2d	
   91  000030ac  2d2d2d2d	
   91  000030b0  2d2d2d2d	
   91  000030b4  2d2d2d2d	
   91  000030b8  2d2d2d2d	
   91  000030bc  2d2d2d2d	
   91  000030c0  2d2d2d2d	
   91  000030c4  2d2d2d2d	
   91  000030c8  2d2d2d2d	
   91  000030cc  2d2d2d2d	
   91  000030d0  2d2d    	
   92  000030d2  2d2d2d2d	.ascii "---------------\n\000"
   92  000030d6  2d2d2d2d	
   92  000030da  2d2d2d2d	
   92  000030de  2d2d2d0a	
   92  000030e2  00      	
   93  000030e3          	.align 2
   94  000030e4          	LC4_LF0:
   95  000030e4  6d616b65	.ascii "makeprocs (%d): Creating %d hello world\'s in a row, but only one runs"
   95  000030e8  70726f63	
   95  000030ec  73202825	
   95  000030f0  64293a20	
   95  000030f4  43726561	
   95  000030f8  74696e67	
   95  000030fc  20256420	
   95  00003100  68656c6c	
   95  00003104  6f20776f	
   95  00003108  726c6427	
   95  0000310c  7320696e	
   95  00003110  20612072	
   95  00003114  6f772c20	
   95  00003118  62757420	
   95  0000311c  6f6e6c79	
   95  00003120  206f6e65	
   95  00003124  2072756e	
   95  00003128  73      	
   96  00003129  20617420	.ascii " at a time\n\000"
   96  0000312d  61207469	
   96  00003131  6d650a00	
   97  00003135          	.align 2
   98  00003138          	LC5_LF0:
   99  00003138  6d616b65	.ascii "makeprocs (%d): Creating hello world #%d\n\000"
   99  0000313c  70726f63	
   99  00003140  73202825	
   99  00003144  64293a20	
   99  00003148  43726561	
   99  0000314c  74696e67	
   99  00003150  2068656c	
   99  00003154  6c6f2077	
   99  00003158  6f726c64	
   99  0000315c  20232564	
   99  00003160  0a00    	
  100  00003162          	.align 2
  101  00003164          	LC6_LF0:
  102  00003164  68656c6c	.ascii "hello_world.dlx.obj\000"
  102  00003168  6f5f776f	
  102  0000316c  726c642e	
  102  00003170  646c782e	
  102  00003174  6f626a00	
  103  00003178          	.align 2
  104  00003178          	LC7_LF0:
  105  00003178  42616420	.ascii "Bad semaphore s_procs_completed (%d) in %s\n\000"
  105  0000317c  73656d61	
  105  00003180  70686f72	
  105  00003184  6520735f	
  105  00003188  70726f63	
  105  0000318c  735f636f	
  105  00003190  6d706c65	
  105  00003194  74656420	
  105  00003198  28256429	
  105  0000319c  20696e20	
  105  000031a0  25730a00	
  106  000031a4          	.align 2
  107  000031a4          	LC8_LF0:
  108  000031a4  6d616b65	.ascii "makeprocs (%d): Creating Hello World\n\000"
  108  000031a8  70726f63	
  108  000031ac  73202825	
  108  000031b0  64293a20	
  108  000031b4  43726561	
  108  000031b8  74696e67	
  108  000031bc  2048656c	
  108  000031c0  6c6f2057	
  108  000031c4  6f726c64	
  108  000031c8  0a00    	
  109  000031ca          	.align 2
  110  000031cc          	LC9_LF0:
  111  000031cc  73746570	.ascii "step1.dlx.obj\000"
  111  000031d0  312e646c	
  111  000031d4  782e6f62	
  111  000031d8  6a00    	
  112  000031da          	.align 2
  113  000031dc          	LC10_LF0:
  114  000031dc  6d616b65	.ascii "makeprocs (%d): Creating Test for accessing memory beyond Max VAddr\n\000"
  114  000031e0  70726f63	
  114  000031e4  73202825	
  114  000031e8  64293a20	
  114  000031ec  43726561	
  114  000031f0  74696e67	
  114  000031f4  20546573	
  114  000031f8  7420666f	
  114  000031fc  72206163	
  114  00003200  63657373	
  114  00003204  696e6720	
  114  00003208  6d656d6f	
  114  0000320c  72792062	
  114  00003210  65796f6e	
  114  00003214  64204d61	
  114  00003218  78205641	
  114  0000321c  6464720a	
  114  00003220  00      	
  115  00003221          	.align 2
  116  00003224          	LC11_LF0:
  117  00003224  73746570	.ascii "step2.dlx.obj\000"
  117  00003228  322e646c	
  117  0000322c  782e6f62	
  117  00003230  6a00    	
  118  00003232          	.align 2
  119  00003234          	LC12_LF0:
  120  00003234  6d616b65	.ascii "makeprocs (%d): Creating Test for accessing Valid memory address but o"
  120  00003238  70726f63	
  120  0000323c  73202825	
  120  00003240  64293a20	
  120  00003244  43726561	
  120  00003248  74696e67	
  120  0000324c  20546573	
  120  00003250  7420666f	
  120  00003254  72206163	
  120  00003258  63657373	
  120  0000325c  696e6720	
  120  00003260  56616c69	
  120  00003264  64206d65	
  120  00003268  6d6f7279	
  120  0000326c  20616464	
  120  00003270  72657373	
  120  00003274  20627574	
  120  00003278  206f    	
  121  0000327a  75747369	.ascii "utside allocated pages\n\000"
  121  0000327e  64652061	
  121  00003282  6c6c6f63	
  121  00003286  61746564	
  121  0000328a  20706167	
  121  0000328e  65730a00	
  122  00003292          	.align 2
  123  00003294          	LC13_LF0:
  124  00003294  73746570	.ascii "step3.dlx.obj\000"
  124  00003298  332e646c	
  124  0000329c  782e6f62	
  124  000032a0  6a00    	
  125  000032a2          	.align 2
  126  000032a4          	LC14_LF0:
  127  000032a4  6d616b65	.ascii "makeprocs (%d): Creating Test to cause user function call stack to gro"
  127  000032a8  70726f63	
  127  000032ac  73202825	
  127  000032b0  64293a20	
  127  000032b4  43726561	
  127  000032b8  74696e67	
  127  000032bc  20546573	
  127  000032c0  7420746f	
  127  000032c4  20636175	
  127  000032c8  73652075	
  127  000032cc  73657220	
  127  000032d0  66756e63	
  127  000032d4  74696f6e	
  127  000032d8  2063616c	
  127  000032dc  6c207374	
  127  000032e0  61636b20	
  127  000032e4  746f2067	
  127  000032e8  726f    	
  128  000032ea  77206c61	.ascii "w larger than one page\n\000"
  128  000032ee  72676572	
  128  000032f2  20746861	
  128  000032f6  6e206f6e	
  128  000032fa  65207061	
  128  000032fe  67650a00	
  129  00003302          	.align 2
  130  00003304          	LC15_LF0:
  131  00003304  73746570	.ascii "step4.dlx.obj\000"
  131  00003308  342e646c	
  131  0000330c  782e6f62	
  131  00003310  6a00    	
  132  00003312          	.align 2
  133  00003314          	LC16_LF0:
  134  00003314  73746570	.ascii "step5.dlx.obj\000"
  134  00003318  352e646c	
  134  0000331c  782e6f62	
  134  00003320  6a00    	
  135  00003322          	.align 2
  136  00003324          	LC17_LF0:
  137  00003324  6d616b65	.ascii "makeprocs (%d): Creating 30 Processes simultaneously as they loop thro"
  137  00003328  70726f63	
  137  0000332c  73202825	
  137  00003330  64293a20	
  137  00003334  43726561	
  137  00003338  74696e67	
  137  0000333c  20333020	
  137  00003340  50726f63	
  137  00003344  65737365	
  137  00003348  73207369	
  137  0000334c  6d756c74	
  137  00003350  616e656f	
  137  00003354  75736c79	
  137  00003358  20617320	
  137  0000335c  74686579	
  137  00003360  206c6f6f	
  137  00003364  70207468	
  137  00003368  726f    	
  138  0000336a  75676820	.ascii "ugh a large number \n\000"
  138  0000336e  61206c61	
  138  00003372  72676520	
  138  00003376  6e756d62	
  138  0000337a  6572200a	
  138  0000337e  00      	
  139  0000337f          	.align 2
  140  00003380          	LC18_LF0:
  141  00003380  73746570	.ascii "step6.dlx.obj\000"
  141  00003384  362e646c	
  141  00003388  782e6f62	
  141  0000338c  6a00    	
  142  0000338e          	.align 2
  143  00003390          	LC19_LF0:
  144  00003390  6d616b65	.ascii "makeprocs (%d): All other processes completed, exiting main process.\n"
  144  00003394  70726f63	
  144  00003398  73202825	
  144  0000339c  64293a20	
  144  000033a0  416c6c20	
  144  000033a4  6f746865	
  144  000033a8  72207072	
  144  000033ac  6f636573	
  144  000033b0  73657320	
  144  000033b4  636f6d70	
  144  000033b8  6c657465	
  144  000033bc  642c2065	
  144  000033c0  78697469	
  144  000033c4  6e67206d	
  144  000033c8  61696e20	
  144  000033cc  70726f63	
  144  000033d0  6573732e	
  144  000033d4  0a      	
  145  000033d5  00      	.ascii "\000"
  146  000033d6          	.text
  147  000010d4          	.align 2
  148  000010d4          	.proc _main
  149  000010d4          	.global _main
  150  000010d4          	_main:
  151                      ;  Function 'main'; 16 bytes of locals, 0 regs to save.
  152  000010d4  afbefffc	sw	-4(r29),r30; push fp
  153  000010d8  001df020	add	r30,r0,r29; fp = sp
  154  000010dc  afbffff8	sw	-8(r29),r31; push ret addr
  155  000010e0  2fbd0018	subui	r29,r29,#24; alloc local storage
  156  000010e4  8fc20000	lw	r2,(r30)
  157  000010e8  8fc70004	lw	r7,4(r30)
  158  000010ec  0c0014a8	jal	___main
  159  000010f0  54000000	nop; not filled.
  160  000010f4  20030000	addi	r3,r0,#0
  161  000010f8  64410002	snei	r1,r2,#2
  162  000010fc  10200030	beqz	r1,L14_LF0
  163  00001100  54000000	nop; not filled.
  164  00001104  23bdfff8	addi	r29,r29,#-8
  165  00001108  3c080000	lhi	r8,((LC0_LF0)>>16)&0xffff
  166  0000110c  25083000	addui	r8,r8,(LC0_LF0)&0xffff
  167  00001110  afa80000	sw	(r29),r8
  168  00001114  8ce10000	lw	r1,(r7)
  169  00001118  afa10004	sw	4(r29),r1
  170  0000111c  0c0005b8	jal	_Printf
  171  00001120  54000000	nop; not filled.
  172  00001124  0c0006b8	jal	_Exit
  173  00001128  54000000	nop; not filled.
  174  0000112c  23bd0008	addi	r29,r29,#8
  175  00001130          	L14_LF0:
  176  00001130  23bdfff0	addi	r29,r29,#-16
  177  00001134  8ce80004	lw	r8,4(r7)
  178  00001138  afa80000	sw	(r29),r8
  179  0000113c  20080000	addi	r8,r0,#0
  180  00001140  afa80004	sw	4(r29),r8
  181  00001144  2008000a	addi	r8,r0,#10
  182  00001148  afa80008	sw	8(r29),r8
  183  0000114c  0c000f4c	jal	_dstrtol
  184  00001150  54000000	nop; not filled.
  185  00001154  00012020	add	r4,r0,r1
  186  00001158  23bd0010	addi	r29,r29,#16
  187  0000115c  6c810006	sgtui	r1,r4,#6
  188  00001160  14200030	bnez	r1,L15_LF0
  189  00001164  54000000	nop; not filled.
  190  00001168  50810002	slli	r1,r4,#0x2
  191  0000116c  3c080000	lhi	r8,((L23_LF0)>>16)&0xffff
  192  00001170  250833d8	addui	r8,r8,(L23_LF0)&0xffff
  193  00001174  00280820	add	r1,r1,r8
  194  00001178  8c210000	lw	r1,(r1)
  195  0000117c  48200000	jr	r1
  196  00001180  54000000	nop; not filled.
  197  00001184          	.data
  198  000033d6          	.align 2
  199  000033d8          	L23_LF0:
  200  000033d8  00001184	.word L21_LF0
  201  000033dc  00001184	.word L21_LF0
  202  000033e0  00001184	.word L21_LF0
  203  000033e4  00001184	.word L21_LF0
  204  000033e8  00001184	.word L20_LF0
  205  000033ec  00001184	.word L21_LF0
  206  000033f0  00001190	.word L22_LF0
  207  000033f4          	.text
  208  00001184          	L20_LF0:
  209  00001184          	L21_LF0:
  210  00001184  20030001	addi	r3,r0,#1
  211  00001188  08000008	j	L15_LF0
  212  0000118c  54000000	nop; not filled.
  213  00001190          	L22_LF0:
  214  00001190  2003001e	addi	r3,r0,#30
  215  00001194          	L15_LF0:
  216  00001194  23bdfff8	addi	r29,r29,#-8
  217  00001198  20010001	addi	r1,r0,#1
  218  0000119c  00230822	sub	r1,r1,r3
  219  000011a0  afa10000	sw	(r29),r1
  220  000011a4  0c00056c	jal	_sem_create
  221  000011a8  54000000	nop; not filled.
  222  000011ac  00011820	add	r3,r0,r1
  223  000011b0  23bd0008	addi	r29,r29,#8
  224  000011b4  6061ffff	seqi	r1,r3,#-1
  225  000011b8  10200034	beqz	r1,L25_LF0
  226  000011bc  54000000	nop; not filled.
  227  000011c0  0c000520	jal	_getpid
  228  000011c4  54000000	nop; not filled.
  229  000011c8  23bdfff8	addi	r29,r29,#-8
  230  000011cc  3c080000	lhi	r8,((LC1_LF0)>>16)&0xffff
  231  000011d0  25083038	addui	r8,r8,(LC1_LF0)&0xffff
  232  000011d4  afa80000	sw	(r29),r8
  233  000011d8  afa10004	sw	4(r29),r1
  234  000011dc  0c0004f8	jal	_Printf
  235  000011e0  54000000	nop; not filled.
  236  000011e4  0c0005f8	jal	_Exit
  237  000011e8  54000000	nop; not filled.
  238  000011ec  23bd0008	addi	r29,r29,#8
  239  000011f0          	L25_LF0:
  240  000011f0  23bdfff8	addi	r29,r29,#-8
  241  000011f4  afa30000	sw	(r29),r3
  242  000011f8  23c5ffe8	addi	r5,r30,#-24
  243  000011fc  afa50004	sw	4(r29),r5
  244  00001200  0c000d0c	jal	_ditoa
  245  00001204  54000000	nop; not filled.
  246  00001208  23bd0008	addi	r29,r29,#8
  247  0000120c  64810000	snei	r1,r4,#0
  248  00001210  1420011c	bnez	r1,L26_LF0
  249  00001214  54000000	nop; not filled.
  250  00001218  20060005	addi	r6,r0,#5
  251  0000121c  0c0004c4	jal	_getpid
  252  00001220  54000000	nop; not filled.
  253  00001224  23bdfff0	addi	r29,r29,#-16
  254  00001228  3c080000	lhi	r8,((LC2_LF0)>>16)&0xffff
  255  0000122c  25083058	addui	r8,r8,(LC2_LF0)&0xffff
  256  00001230  afa80000	sw	(r29),r8
  257  00001234  afa10004	sw	4(r29),r1
  258  00001238  20080005	addi	r8,r0,#5
  259  0000123c  afa80008	sw	8(r29),r8
  260  00001240  0c000494	jal	_Printf
  261  00001244  54000000	nop; not filled.
  262  00001248  3c080000	lhi	r8,((LC3_LF0)>>16)&0xffff
  263  0000124c  2508308c	addui	r8,r8,(LC3_LF0)&0xffff
  264  00001250  afa80000	sw	(r29),r8
  265  00001254  0c000480	jal	_Printf
  266  00001258  54000000	nop; not filled.
  267  0000125c  0c000484	jal	_getpid
  268  00001260  54000000	nop; not filled.
  269  00001264  3c080000	lhi	r8,((LC4_LF0)>>16)&0xffff
  270  00001268  250830e4	addui	r8,r8,(LC4_LF0)&0xffff
  271  0000126c  afa80000	sw	(r29),r8
  272  00001270  afa10004	sw	4(r29),r1
  273  00001274  20080005	addi	r8,r0,#5
  274  00001278  afa80008	sw	8(r29),r8
  275  0000127c  0c000458	jal	_Printf
  276  00001280  54000000	nop; not filled.
  277  00001284  20020000	addi	r2,r0,#0
  278  00001288  23bd0010	addi	r29,r29,#16
  279  0000128c          	L30_LF0:
  280  0000128c  0c000454	jal	_getpid
  281  00001290  54000000	nop; not filled.
  282  00001294  23bdfff0	addi	r29,r29,#-16
  283  00001298  3c080000	lhi	r8,((LC5_LF0)>>16)&0xffff
  284  0000129c  25083138	addui	r8,r8,(LC5_LF0)&0xffff
  285  000012a0  afa80000	sw	(r29),r8
  286  000012a4  afa10004	sw	4(r29),r1
  287  000012a8  afa20008	sw	8(r29),r2
  288  000012ac  0c000428	jal	_Printf
  289  000012b0  54000000	nop; not filled.
  290  000012b4  3c080000	lhi	r8,((LC6_LF0)>>16)&0xffff
  291  000012b8  25083164	addui	r8,r8,(LC6_LF0)&0xffff
  292  000012bc  afa80000	sw	(r29),r8
  293  000012c0  afa50004	sw	4(r29),r5
  294  000012c4  20080000	addi	r8,r0,#0
  295  000012c8  afa80008	sw	8(r29),r8
  296  000012cc  0c000420	jal	_process_create
  297  000012d0  54000000	nop; not filled.
  298  000012d4  afa30000	sw	(r29),r3
  299  000012d8  0c000444	jal	_sem_wait
  300  000012dc  54000000	nop; not filled.
  301  000012e0  23bd0010	addi	r29,r29,#16
  302  000012e4  64210001	snei	r1,r1,#1
  303  000012e8  10200034	beqz	r1,L29_LF0
  304  000012ec  54000000	nop; not filled.
  305  000012f0  23bdfff0	addi	r29,r29,#-16
  306  000012f4  3c080000	lhi	r8,((LC7_LF0)>>16)&0xffff
  307  000012f8  25083178	addui	r8,r8,(LC7_LF0)&0xffff
  308  000012fc  afa80000	sw	(r29),r8
  309  00001300  afa30004	sw	4(r29),r3
  310  00001304  8ce80000	lw	r8,(r7)
  311  00001308  afa80008	sw	8(r29),r8
  312  0000130c  0c0003c8	jal	_Printf
  313  00001310  54000000	nop; not filled.
  314  00001314  0c0004c8	jal	_Exit
  315  00001318  54000000	nop; not filled.
  316  0000131c  23bd0010	addi	r29,r29,#16
  317  00001320          	L29_LF0:
  318  00001320  20420001	addi	r2,r2,#1
  319  00001324  0046082a	slt	r1,r2,r6
  320  00001328  1420ff60	bnez	r1,L30_LF0
  321  0000132c  54000000	nop; not filled.
  322  00001330          	L26_LF0:
  323  00001330  60810001	seqi	r1,r4,#1
  324  00001334  10200068	beqz	r1,L33_LF0
  325  00001338  54000000	nop; not filled.
  326  0000133c  23bdfff8	addi	r29,r29,#-8
  327  00001340  3c080000	lhi	r8,((LC3_LF0)>>16)&0xffff
  328  00001344  2508308c	addui	r8,r8,(LC3_LF0)&0xffff
  329  00001348  afa80000	sw	(r29),r8
  330  0000134c  0c000388	jal	_Printf
  331  00001350  54000000	nop; not filled.
  332  00001354  0c00038c	jal	_getpid
  333  00001358  54000000	nop; not filled.
  334  0000135c  3c080000	lhi	r8,((LC8_LF0)>>16)&0xffff
  335  00001360  250831a4	addui	r8,r8,(LC8_LF0)&0xffff
  336  00001364  afa80000	sw	(r29),r8
  337  00001368  afa10004	sw	4(r29),r1
  338  0000136c  0c000368	jal	_Printf
  339  00001370  54000000	nop; not filled.
  340  00001374  23bdfff8	addi	r29,r29,#-8
  341  00001378  3c080000	lhi	r8,((LC9_LF0)>>16)&0xffff
  342  0000137c  250831cc	addui	r8,r8,(LC9_LF0)&0xffff
  343  00001380  afa80000	sw	(r29),r8
  344  00001384  23c1ffe8	addi	r1,r30,#-24
  345  00001388  afa10004	sw	4(r29),r1
  346  0000138c  20080000	addi	r8,r0,#0
  347  00001390  afa80008	sw	8(r29),r8
  348  00001394  0c000358	jal	_process_create
  349  00001398  54000000	nop; not filled.
  350  0000139c  23bd0010	addi	r29,r29,#16
  351  000013a0          	L33_LF0:
  352  000013a0  60810002	seqi	r1,r4,#2
  353  000013a4  10200068	beqz	r1,L34_LF0
  354  000013a8  54000000	nop; not filled.
  355  000013ac  23bdfff8	addi	r29,r29,#-8
  356  000013b0  3c080000	lhi	r8,((LC3_LF0)>>16)&0xffff
  357  000013b4  2508308c	addui	r8,r8,(LC3_LF0)&0xffff
  358  000013b8  afa80000	sw	(r29),r8
  359  000013bc  0c000318	jal	_Printf
  360  000013c0  54000000	nop; not filled.
  361  000013c4  0c00031c	jal	_getpid
  362  000013c8  54000000	nop; not filled.
  363  000013cc  3c080000	lhi	r8,((LC10_LF0)>>16)&0xffff
  364  000013d0  250831dc	addui	r8,r8,(LC10_LF0)&0xffff
  365  000013d4  afa80000	sw	(r29),r8
  366  000013d8  afa10004	sw	4(r29),r1
  367  000013dc  0c0002f8	jal	_Printf
  368  000013e0  54000000	nop; not filled.
  369  000013e4  23bdfff8	addi	r29,r29,#-8
  370  000013e8  3c080000	lhi	r8,((LC11_LF0)>>16)&0xffff
  371  000013ec  25083224	addui	r8,r8,(LC11_LF0)&0xffff
  372  000013f0  afa80000	sw	(r29),r8
  373  000013f4  23c1ffe8	addi	r1,r30,#-24
  374  000013f8  afa10004	sw	4(r29),r1
  375  000013fc  20080000	addi	r8,r0,#0
  376  00001400  afa80008	sw	8(r29),r8
  377  00001404  0c0002e8	jal	_process_create
  378  00001408  54000000	nop; not filled.
  379  0000140c  23bd0010	addi	r29,r29,#16
  380  00001410          	L34_LF0:
  381  00001410  60810003	seqi	r1,r4,#3
  382  00001414  10200068	beqz	r1,L35_LF0
  383  00001418  54000000	nop; not filled.
  384  0000141c  23bdfff8	addi	r29,r29,#-8
  385  00001420  3c080000	lhi	r8,((LC3_LF0)>>16)&0xffff
  386  00001424  2508308c	addui	r8,r8,(LC3_LF0)&0xffff
  387  00001428  afa80000	sw	(r29),r8
  388  0000142c  0c0002a8	jal	_Printf
  389  00001430  54000000	nop; not filled.
  390  00001434  0c0002ac	jal	_getpid
  391  00001438  54000000	nop; not filled.
  392  0000143c  3c080000	lhi	r8,((LC12_LF0)>>16)&0xffff
  393  00001440  25083234	addui	r8,r8,(LC12_LF0)&0xffff
  394  00001444  afa80000	sw	(r29),r8
  395  00001448  afa10004	sw	4(r29),r1
  396  0000144c  0c000288	jal	_Printf
  397  00001450  54000000	nop; not filled.
  398  00001454  23bdfff8	addi	r29,r29,#-8
  399  00001458  3c080000	lhi	r8,((LC13_LF0)>>16)&0xffff
  400  0000145c  25083294	addui	r8,r8,(LC13_LF0)&0xffff
  401  00001460  afa80000	sw	(r29),r8
  402  00001464  23c1ffe8	addi	r1,r30,#-24
  403  00001468  afa10004	sw	4(r29),r1
  404  0000146c  20080000	addi	r8,r0,#0
  405  00001470  afa80008	sw	8(r29),r8
  406  00001474  0c000278	jal	_process_create
  407  00001478  54000000	nop; not filled.
  408  0000147c  23bd0010	addi	r29,r29,#16
  409  00001480          	L35_LF0:
  410  00001480  60810004	seqi	r1,r4,#4
  411  00001484  10200068	beqz	r1,L36_LF0
  412  00001488  54000000	nop; not filled.
  413  0000148c  23bdfff8	addi	r29,r29,#-8
  414  00001490  3c080000	lhi	r8,((LC3_LF0)>>16)&0xffff
  415  00001494  2508308c	addui	r8,r8,(LC3_LF0)&0xffff
  416  00001498  afa80000	sw	(r29),r8
  417  0000149c  0c000238	jal	_Printf
  418  000014a0  54000000	nop; not filled.
  419  000014a4  0c00023c	jal	_getpid
  420  000014a8  54000000	nop; not filled.
  421  000014ac  3c080000	lhi	r8,((LC14_LF0)>>16)&0xffff
  422  000014b0  250832a4	addui	r8,r8,(LC14_LF0)&0xffff
  423  000014b4  afa80000	sw	(r29),r8
  424  000014b8  afa10004	sw	4(r29),r1
  425  000014bc  0c000218	jal	_Printf
  426  000014c0  54000000	nop; not filled.
  427  000014c4  23bdfff8	addi	r29,r29,#-8
  428  000014c8  3c080000	lhi	r8,((LC15_LF0)>>16)&0xffff
  429  000014cc  25083304	addui	r8,r8,(LC15_LF0)&0xffff
  430  000014d0  afa80000	sw	(r29),r8
  431  000014d4  23c1ffe8	addi	r1,r30,#-24
  432  000014d8  afa10004	sw	4(r29),r1
  433  000014dc  20080000	addi	r8,r0,#0
  434  000014e0  afa80008	sw	8(r29),r8
  435  000014e4  0c000208	jal	_process_create
  436  000014e8  54000000	nop; not filled.
  437  000014ec  23bd0010	addi	r29,r29,#16
  438  000014f0          	L36_LF0:
  439  000014f0  60810005	seqi	r1,r4,#5
  440  000014f4  102000cc	beqz	r1,L37_LF0
  441  000014f8  54000000	nop; not filled.
  442  000014fc  23bdfff8	addi	r29,r29,#-8
  443  00001500  3c080000	lhi	r8,((LC3_LF0)>>16)&0xffff
  444  00001504  2508308c	addui	r8,r8,(LC3_LF0)&0xffff
  445  00001508  afa80000	sw	(r29),r8
  446  0000150c  0c0001c8	jal	_Printf
  447  00001510  54000000	nop; not filled.
  448  00001514  20020000	addi	r2,r0,#0
  449  00001518  23bd0008	addi	r29,r29,#8
  450  0000151c  23c5ffe8	addi	r5,r30,#-24
  451  00001520          	L41_LF0:
  452  00001520  0c0001c0	jal	_getpid
  453  00001524  54000000	nop; not filled.
  454  00001528  23bdfff0	addi	r29,r29,#-16
  455  0000152c  3c080000	lhi	r8,((LC5_LF0)>>16)&0xffff
  456  00001530  25083138	addui	r8,r8,(LC5_LF0)&0xffff
  457  00001534  afa80000	sw	(r29),r8
  458  00001538  afa10004	sw	4(r29),r1
  459  0000153c  afa20008	sw	8(r29),r2
  460  00001540  0c000194	jal	_Printf
  461  00001544  54000000	nop; not filled.
  462  00001548  3c080000	lhi	r8,((LC16_LF0)>>16)&0xffff
  463  0000154c  25083314	addui	r8,r8,(LC16_LF0)&0xffff
  464  00001550  afa80000	sw	(r29),r8
  465  00001554  afa50004	sw	4(r29),r5
  466  00001558  20080000	addi	r8,r0,#0
  467  0000155c  afa80008	sw	8(r29),r8
  468  00001560  0c00018c	jal	_process_create
  469  00001564  54000000	nop; not filled.
  470  00001568  afa30000	sw	(r29),r3
  471  0000156c  0c0001b0	jal	_sem_wait
  472  00001570  54000000	nop; not filled.
  473  00001574  23bd0010	addi	r29,r29,#16
  474  00001578  64210001	snei	r1,r1,#1
  475  0000157c  10200034	beqz	r1,L40_LF0
  476  00001580  54000000	nop; not filled.
  477  00001584  23bdfff0	addi	r29,r29,#-16
  478  00001588  3c080000	lhi	r8,((LC7_LF0)>>16)&0xffff
  479  0000158c  25083178	addui	r8,r8,(LC7_LF0)&0xffff
  480  00001590  afa80000	sw	(r29),r8
  481  00001594  afa30004	sw	4(r29),r3
  482  00001598  8ce80000	lw	r8,(r7)
  483  0000159c  afa80008	sw	8(r29),r8
  484  000015a0  0c000134	jal	_Printf
  485  000015a4  54000000	nop; not filled.
  486  000015a8  0c000234	jal	_Exit
  487  000015ac  54000000	nop; not filled.
  488  000015b0  23bd0010	addi	r29,r29,#16
  489  000015b4          	L40_LF0:
  490  000015b4  20420001	addi	r2,r2,#1
  491  000015b8  70410063	slei	r1,r2,#99
  492  000015bc  1420ff60	bnez	r1,L41_LF0
  493  000015c0  54000000	nop; not filled.
  494  000015c4          	L37_LF0:
  495  000015c4  60810006	seqi	r1,r4,#6
  496  000015c8  10200080	beqz	r1,L50_LF0
  497  000015cc  54000000	nop; not filled.
  498  000015d0  23bdfff8	addi	r29,r29,#-8
  499  000015d4  3c080000	lhi	r8,((LC3_LF0)>>16)&0xffff
  500  000015d8  2508308c	addui	r8,r8,(LC3_LF0)&0xffff
  501  000015dc  afa80000	sw	(r29),r8
  502  000015e0  0c0000f4	jal	_Printf
  503  000015e4  54000000	nop; not filled.
  504  000015e8  0c0000f8	jal	_getpid
  505  000015ec  54000000	nop; not filled.
  506  000015f0  3c080000	lhi	r8,((LC17_LF0)>>16)&0xffff
  507  000015f4  25083324	addui	r8,r8,(LC17_LF0)&0xffff
  508  000015f8  afa80000	sw	(r29),r8
  509  000015fc  afa10004	sw	4(r29),r1
  510  00001600  0c0000d4	jal	_Printf
  511  00001604  54000000	nop; not filled.
  512  00001608  20020000	addi	r2,r0,#0
  513  0000160c  23bd0008	addi	r29,r29,#8
  514  00001610  23c3ffe8	addi	r3,r30,#-24
  515  00001614          	L48_LF0:
  516  00001614  23bdfff0	addi	r29,r29,#-16
  517  00001618  3c080000	lhi	r8,((LC18_LF0)>>16)&0xffff
  518  0000161c  25083380	addui	r8,r8,(LC18_LF0)&0xffff
  519  00001620  afa80000	sw	(r29),r8
  520  00001624  afa30004	sw	4(r29),r3
  521  00001628  20080000	addi	r8,r0,#0
  522  0000162c  afa80008	sw	8(r29),r8
  523  00001630  0c0000bc	jal	_process_create
  524  00001634  54000000	nop; not filled.
  525  00001638  23bd0010	addi	r29,r29,#16
  526  0000163c  20420001	addi	r2,r2,#1
  527  00001640  7041001d	slei	r1,r2,#29
  528  00001644  1420ffcc	bnez	r1,L48_LF0
  529  00001648  54000000	nop; not filled.
  530  0000164c          	L50_LF0:
  531  0000164c  23bdfff8	addi	r29,r29,#-8
  532  00001650  3c080000	lhi	r8,((LC3_LF0)>>16)&0xffff
  533  00001654  2508308c	addui	r8,r8,(LC3_LF0)&0xffff
  534  00001658  afa80000	sw	(r29),r8
  535  0000165c  0c000078	jal	_Printf
  536  00001660  54000000	nop; not filled.
  537  00001664  0c00007c	jal	_getpid
  538  00001668  54000000	nop; not filled.
  539  0000166c  3c080000	lhi	r8,((LC19_LF0)>>16)&0xffff
  540  00001670  25083390	addui	r8,r8,(LC19_LF0)&0xffff
  541  00001674  afa80000	sw	(r29),r8
  542  00001678  afa10004	sw	4(r29),r1
  543  0000167c  0c000058	jal	_Printf
  544  00001680  54000000	nop; not filled.
  545  00001684  23bd0008	addi	r29,r29,#8
  546  00001688  0c000f00	jal	_exit
  547  0000168c  54000000	nop
  548  00001690          	.endproc _main
  549                      ;;;
  550                      ;;; Stub functions for DLX traps.
  551                      ;;;
  552                      ;;; Ethan L. Miller, 1999.  Released to the public domain.
  553                      ;;;
  554                      ;;; The traps such as Open and Close
  555                      ;;; (note the capital letters) are for use by user programs.  The traps
  556                      ;;; with names such as open and close (lower case) are for use by the OS.
  557                      ;;;
  560  00001690          	.align 2
  562                      ;;; The following are the traps to be used by user-level programs
  563                      ;;;
  565  00001690          	.align 2
  566  00001690          	.proc _Open
  567  00001690          	.global _Open
  568  00001690          	_Open:
  569                      ;;; Note that trap #0x213 actually causes a trap vector in the OS of
  570                      ;;; 0x1213.  The same is true for other user traps.  Thus, a user trap
  571                      ;;; with trap #0x240 will result in a trap vector of 0x1240 in the OS.
  572  00001690  44000213	trap	#0x213
  573  00001694  4be00000	jr	r31
  574  00001698  54000000	nop
  575  0000169c          	.endproc _Open
  577  0000169c          	.proc _Close
  578  0000169c          	.global _Close
  579  0000169c          	_Close:
  580  0000169c  44000214	trap	#0x214
  581  000016a0  4be00000	jr	r31
  582  000016a4  54000000	nop
  583  000016a8          	.endproc _Close
  585  000016a8          	.proc _Read
  586  000016a8          	.global _Read
  587  000016a8          	_Read:
  588  000016a8  44000210	trap	#0x210
  589  000016ac  4be00000	jr	r31
  590  000016b0  54000000	nop
  591  000016b4          	.endproc _Read
  593  000016b4          	.proc _Write
  594  000016b4          	.global _Write
  595  000016b4          	_Write:
  596  000016b4  44000211	trap	#0x211
  597  000016b8  4be00000	jr	r31
  598  000016bc  54000000	nop
  599  000016c0          	.endproc _Write
  601  000016c0          	.proc _Lseek
  602  000016c0          	.global _Lseek
  603  000016c0          	_Lseek:
  604  000016c0  44000212	trap	#0x212
  605  000016c4  4be00000	jr	r31
  606  000016c8  54000000	nop
  607  000016cc          	.endproc _Lseek
  609  000016cc          	.proc _Putchar
  610  000016cc          	.global _Putchar
  611  000016cc          	_Putchar:
  612  000016cc  44000280	trap	#0x280
  613  000016d0  4be00000	jr	r31
  614  000016d4  54000000	nop
  615  000016d8          	.endproc _Putchar
  617  000016d8          	.proc _Printf
  618  000016d8          	.global _Printf
  619  000016d8          	_Printf:
  620  000016d8  44000201	trap	#0x201
  621  000016dc  4be00000	jr	r31
  622  000016e0  54000000	nop
  623  000016e4          	.endproc _Printf
  625  000016e4          	.proc _getpid
  626  000016e4          	.global _getpid
  627  000016e4          	_getpid:
  628  000016e4  44000431	trap	#0x431
  629  000016e8  4be00000	jr	r31
  630  000016ec  54000000	nop
  631  000016f0          	.endproc _getpid
  633  000016f0          	.proc _process_create
  634  000016f0          	.global _process_create
  635  000016f0          	_process_create:
  636  000016f0  44000432	trap	#0x432
  637  000016f4  4be00000	jr	r31
  638  000016f8  54000000	nop
  639  000016fc          	.endproc _process_create
  641  000016fc          	.proc _shmget
  642  000016fc          	.global _shmget
  643  000016fc          	_shmget:
  644  000016fc  44000440	trap	#0x440
  645  00001700  4be00000	jr	r31
  646  00001704  54000000	nop
  647  00001708          	.endproc _shmget
  649  00001708          	.proc _shmat
  650  00001708          	.global _shmat
  651  00001708          	_shmat:
  652  00001708  44000441	trap	#0x441
  653  0000170c  4be00000	jr	r31
  654  00001710  54000000	nop
  655  00001714          	.endproc _shmat
  657  00001714          	.proc _sem_create
  658  00001714          	.global _sem_create
  659  00001714          	_sem_create:
  660  00001714  44000450	trap	#0x450
  661  00001718  4be00000	jr	r31
  662  0000171c  54000000	nop
  663  00001720          	.endproc _sem_create
  665  00001720          	.proc _sem_wait
  666  00001720          	.global _sem_wait
  667  00001720          	_sem_wait:
  668  00001720  44000451	trap	#0x451
  669  00001724  4be00000	jr	r31
  670  00001728  54000000	nop
  671  0000172c          	.endproc _sem_wait
  673  0000172c          	.proc _sem_signal
  674  0000172c          	.global _sem_signal
  675  0000172c          	_sem_signal:
  676  0000172c  44000452	trap	#0x452
  677  00001730  4be00000	jr	r31
  678  00001734  54000000	nop
  679  00001738          	.endproc _sem_signal
  681  00001738          	.proc _lock_create
  682  00001738          	.global _lock_create
  683  00001738          	_lock_create:
  684  00001738  44000453	trap	#0x453
  685  0000173c  4be00000	jr	r31
  686  00001740  54000000	nop
  687  00001744          	.endproc _lock_create
  689  00001744          	.proc _lock_acquire
  690  00001744          	.global _lock_acquire
  691  00001744          	_lock_acquire:
  692  00001744  44000454	trap	#0x454
  693  00001748  4be00000	jr	r31
  694  0000174c  54000000	nop
  695  00001750          	.endproc _lock_acquire
  697  00001750          	.proc _lock_release
  698  00001750          	.global _lock_release
  699  00001750          	_lock_release:
  700  00001750  44000455	trap	#0x455
  701  00001754  4be00000	jr	r31
  702  00001758  54000000	nop
  703  0000175c          	.endproc _lock_release
  705  0000175c          	.proc _cond_create
  706  0000175c          	.global _cond_create
  707  0000175c          	_cond_create:
  708  0000175c  44000456	trap	#0x456
  709  00001760  4be00000	jr	r31
  710  00001764  54000000	nop
  711  00001768          	.endproc _cond_create
  713  00001768          	.proc _cond_wait
  714  00001768          	.global _cond_wait
  715  00001768          	_cond_wait:
  716  00001768  44000457	trap	#0x457
  717  0000176c  4be00000	jr	r31
  718  00001770  54000000	nop
  719  00001774          	.endproc _cond_wait
  721  00001774          	.proc _cond_signal
  722  00001774          	.global _cond_signal
  723  00001774          	_cond_signal:
  724  00001774  44000458	trap	#0x458
  725  00001778  4be00000	jr	r31
  726  0000177c  54000000	nop
  727  00001780          	.endproc _cond_signal
  729  00001780          	.proc _cond_broadcast
  730  00001780          	.global _cond_broadcast
  731  00001780          	_cond_broadcast:
  732  00001780  44000459	trap	#0x459
  733  00001784  4be00000	jr	r31
  734  00001788  54000000	nop
  735  0000178c          	.endproc _cond_broadcast
  737  0000178c          	.proc _mbox_create
  738  0000178c          	.global _mbox_create
  739  0000178c          	_mbox_create:
  740  0000178c  44000460	trap	#0x460
  741  00001790  4be00000	jr	r31
  742  00001794  54000000	nop
  743  00001798          	.endproc _mbox_create
  745  00001798          	.proc _mbox_open
  746  00001798          	.global _mbox_open
  747  00001798          	_mbox_open:
  748  00001798  44000461	trap	#0x461
  749  0000179c  4be00000	jr	r31
  750  000017a0  54000000	nop
  751  000017a4          	.endproc _mbox_open
  753  000017a4          	.proc _mbox_close
  754  000017a4          	.global _mbox_close
  755  000017a4          	_mbox_close:
  756  000017a4  44000462	trap	#0x462
  757  000017a8  4be00000	jr	r31
  758  000017ac  54000000	nop
  759  000017b0          	.endproc _mbox_close
  761  000017b0          	.proc _mbox_send
  762  000017b0          	.global _mbox_send
  763  000017b0          	_mbox_send:
  764  000017b0  44000463	trap	#0x463
  765  000017b4  4be00000	jr	r31
  766  000017b8  54000000	nop
  767  000017bc          	.endproc _mbox_send
  769  000017bc          	.proc _mbox_recv
  770  000017bc          	.global _mbox_recv
  771  000017bc          	_mbox_recv:
  772  000017bc  44000464	trap	#0x464
  773  000017c0  4be00000	jr	r31
  774  000017c4  54000000	nop
  775  000017c8          	.endproc _mbox_recv
  777  000017c8          	.proc _sleep
  778  000017c8          	.global _sleep
  779  000017c8          	_sleep:
  780  000017c8  44000465	trap	#0x465
  781  000017cc  4be00000	jr	r31
  782  000017d0  54000000	nop
  783  000017d4          	.endproc _sleep
  785  000017d4          	.proc _yield
  786  000017d4          	.global _yield
  787  000017d4          	_yield:
  788  000017d4  44000466	trap	#0x466
  789  000017d8  4be00000	jr	r31
  790  000017dc  54000000	nop
  791  000017e0          	.endproc _yield
  794  000017e0          	.proc _Exit
  795  000017e0          	.global _Exit
  796  000017e0          	_Exit:
  797  000017e0  44000500	trap	#0x500
  798  000017e4  4be00000	jr	r31
  799  000017e8  54000000	nop
  800  000017ec          	.endproc _Exit
  803  000017ec          	.proc _malloc
  804  000017ec          	.global _malloc
  805  000017ec          	_malloc:
  806  000017ec  44000467	trap	#0x467
  807  000017f0  4be00000	jr	r31
  808  000017f4          	.endproc _malloc
  811  000017f4          	.proc _mfree
  812  000017f4          	.global _mfree
  813  000017f4          	_mfree:
  814  000017f4  44000468	trap	#0x468
  815  000017f8  4be00000	jr	r31
  816  000017fc          	.endproc _mfree
  817                      ; Compiled by GCC
  819  000017fc          	.align 2
  820  000017fc          	.proc _isspace
  821  000017fc          	.global _isspace
  822  000017fc          	_isspace:
  823                      ;  Function 'isspace'; 0 bytes of locals, 3 regs to save.
  824  000017fc  afbefffc	sw	-4(r29),r30; push fp
  825  00001800  001df020	add	r30,r0,r29; fp = sp
  826  00001804  afbffff8	sw	-8(r29),r31; push ret addr
  827  00001808  2fbd0018	subui	r29,r29,#24; alloc local storage
  828  0000180c  afa20000	sw	0(r29),r2
  829  00001810  afa30004	sw	4(r29),r3
  830  00001814  afa40008	sw	8(r29),r4
  831  00001818  83c20003	lb	r2,3(r30)
  832  0000181c  20010000	addi	r1,r0,#0
  833  00001820  304300ff	andi	r3,r2,#0x00ff
  834  00001824  60640020	seqi	r4,r3,#32
  835  00001828  1480002c	bnez	r4,L3_LF2
  836  0000182c  54000000	nop; delay slot nop
  837  00001830  304300ff	andi	r3,r2,#0x00ff
  838  00001834  60640009	seqi	r4,r3,#9
  839  00001838  1480001c	bnez	r4,L3_LF2
  840  0000183c  54000000	nop; delay slot nop
  841  00001840  304300ff	andi	r3,r2,#0x00ff
  842  00001844  6064000a	seqi	r4,r3,#10
  843  00001848  1480000c	bnez	r4,L3_LF2
  844  0000184c  54000000	nop; delay slot nop
  845  00001850  08000008	j	L2_LF2
  846  00001854  54000000	nop; delay slot nop
  847  00001858          	L3_LF2:
  848  00001858  20010001	addi	r1,r0,#1
  849  0000185c          	L2_LF2:
  850  0000185c  08000004	j	L1_LF2
  851  00001860  54000000	nop; delay slot nop
  852  00001864          	L1_LF2:
  853  00001864  8fa20000	lw	r2,0(r29)
  854  00001868  8fa30004	lw	r3,4(r29)
  855  0000186c  8fa40008	lw	r4,8(r29)
  856  00001870  8fdffff8	lw	r31,-8(r30)
  857  00001874  001ee820	add	r29,r0,r30
  858  00001878  8fdefffc	lw	r30,-4(r30)
  859  0000187c  4be00000	jr	r31
  860  00001880  54000000	nop
  861  00001884          	.endproc _isspace
  862  00001884          	.align 2
  863  00001884          	.proc _isxdigit
  864  00001884          	.global _isxdigit
  865  00001884          	_isxdigit:
  866                      ;  Function 'isxdigit'; 0 bytes of locals, 3 regs to save.
  867  00001884  afbefffc	sw	-4(r29),r30; push fp
  868  00001888  001df020	add	r30,r0,r29; fp = sp
  869  0000188c  afbffff8	sw	-8(r29),r31; push ret addr
  870  00001890  2fbd0018	subui	r29,r29,#24; alloc local storage
  871  00001894  afa20000	sw	0(r29),r2
  872  00001898  afa30004	sw	4(r29),r3
  873  0000189c  afa40008	sw	8(r29),r4
  874  000018a0  83c20003	lb	r2,3(r30)
  875  000018a4  20010000	addi	r1,r0,#0
  876  000018a8  304300ff	andi	r3,r2,#0x00ff
  877  000018ac  6c64002f	sgtui	r4,r3,#47
  878  000018b0  1080001c	beqz	r4,L7_LF2
  879  000018b4  54000000	nop; delay slot nop
  880  000018b8  304300ff	andi	r3,r2,#0x00ff
  881  000018bc  70640039	sleui	r4,r3,#57
  882  000018c0  1480005c	bnez	r4,L6_LF2
  883  000018c4  54000000	nop; delay slot nop
  884  000018c8  08000004	j	L7_LF2
  885  000018cc  54000000	nop; delay slot nop
  886  000018d0          	L7_LF2:
  887  000018d0  304300ff	andi	r3,r2,#0x00ff
  888  000018d4  6c640060	sgtui	r4,r3,#96
  889  000018d8  1080001c	beqz	r4,L8_LF2
  890  000018dc  54000000	nop; delay slot nop
  891  000018e0  304300ff	andi	r3,r2,#0x00ff
  892  000018e4  70640066	sleui	r4,r3,#102
  893  000018e8  14800034	bnez	r4,L6_LF2
  894  000018ec  54000000	nop; delay slot nop
  895  000018f0  08000004	j	L8_LF2
  896  000018f4  54000000	nop; delay slot nop
  897  000018f8          	L8_LF2:
  898  000018f8  304300ff	andi	r3,r2,#0x00ff
  899  000018fc  6c640040	sgtui	r4,r3,#64
  900  00001900  10800020	beqz	r4,L5_LF2
  901  00001904  54000000	nop; delay slot nop
  902  00001908  304300ff	andi	r3,r2,#0x00ff
  903  0000190c  70640041	sleui	r4,r3,#65
  904  00001910  1480000c	bnez	r4,L6_LF2
  905  00001914  54000000	nop; delay slot nop
  906  00001918  08000008	j	L5_LF2
  907  0000191c  54000000	nop; delay slot nop
  908  00001920          	L6_LF2:
  909  00001920  20010001	addi	r1,r0,#1
  910  00001924          	L5_LF2:
  911  00001924  08000004	j	L4_LF2
  912  00001928  54000000	nop; delay slot nop
  913  0000192c          	L4_LF2:
  914  0000192c  8fa20000	lw	r2,0(r29)
  915  00001930  8fa30004	lw	r3,4(r29)
  916  00001934  8fa40008	lw	r4,8(r29)
  917  00001938  8fdffff8	lw	r31,-8(r30)
  918  0000193c  001ee820	add	r29,r0,r30
  919  00001940  8fdefffc	lw	r30,-4(r30)
  920  00001944  4be00000	jr	r31
  921  00001948  54000000	nop
  922  0000194c          	.endproc _isxdigit
  923  0000194c          	.align 2
  924  0000194c          	.proc _dstrcpy
  925  0000194c          	.global _dstrcpy
  926  0000194c          	_dstrcpy:
  927                      ;  Function 'dstrcpy'; 8 bytes of locals, 2 regs to save.
  928  0000194c  afbefffc	sw	-4(r29),r30; push fp
  929  00001950  001df020	add	r30,r0,r29; fp = sp
  930  00001954  afbffff8	sw	-8(r29),r31; push ret addr
  931  00001958  2fbd0018	subui	r29,r29,#24; alloc local storage
  932  0000195c  afa20000	sw	0(r29),r2
  933  00001960  afa30004	sw	4(r29),r3
  934  00001964  8fc10000	lw	r1,(r30)
  935  00001968  afc1fff4	sw	-12(r30),r1
  936  0000196c          	L10_LF2:
  937  0000196c  8fc10000	lw	r1,(r30)
  938  00001970  20220001	addi	r2,r1,#1
  939  00001974  afc20000	sw	(r30),r2
  940  00001978  8fc20004	lw	r2,4(r30)
  941  0000197c  20430001	addi	r3,r2,#1
  942  00001980  afc30004	sw	4(r30),r3
  943  00001984  80420000	lb	r2,(r2)
  944  00001988  a0220000	sb	(r1),r2
  945  0000198c  a3c2fff3	sb	-13(r30),r2
  946  00001990          	L12_LF2:
  947  00001990  93c1fff3	lbu	r1,-13(r30)
  948  00001994  64220000	snei	r2,r1,#0
  949  00001998  1440000c	bnez	r2,L13_LF2
  950  0000199c  54000000	nop; delay slot nop
  951  000019a0  0800000c	j	L11_LF2
  952  000019a4  54000000	nop; delay slot nop
  953  000019a8          	L13_LF2:
  954  000019a8  0bffffc0	j	L10_LF2
  955  000019ac  54000000	nop; delay slot nop
  956  000019b0          	L11_LF2:
  957  000019b0  8fc1fff4	lw	r1,-12(r30)
  958  000019b4  08000004	j	L9_LF2
  959  000019b8  54000000	nop; delay slot nop
  960  000019bc          	L9_LF2:
  961  000019bc  8fa20000	lw	r2,0(r29)
  962  000019c0  8fa30004	lw	r3,4(r29)
  963  000019c4  8fdffff8	lw	r31,-8(r30)
  964  000019c8  001ee820	add	r29,r0,r30
  965  000019cc  8fdefffc	lw	r30,-4(r30)
  966  000019d0  4be00000	jr	r31
  967  000019d4  54000000	nop
  968  000019d8          	.endproc _dstrcpy
  969  000019d8          	.align 2
  970  000019d8          	.proc _dstrncpy
  971  000019d8          	.global _dstrncpy
  972  000019d8          	_dstrncpy:
  973                      ;  Function 'dstrncpy'; 8 bytes of locals, 2 regs to save.
  974  000019d8  afbefffc	sw	-4(r29),r30; push fp
  975  000019dc  001df020	add	r30,r0,r29; fp = sp
  976  000019e0  afbffff8	sw	-8(r29),r31; push ret addr
  977  000019e4  2fbd0018	subui	r29,r29,#24; alloc local storage
  978  000019e8  afa20000	sw	0(r29),r2
  979  000019ec  afa30004	sw	4(r29),r3
  980  000019f0  8fc10000	lw	r1,(r30)
  981  000019f4  afc1fff4	sw	-12(r30),r1
  982  000019f8          	L15_LF2:
  983  000019f8  8fc10008	lw	r1,8(r30)
  984  000019fc  2022ffff	addi	r2,r1,#-1
  985  00001a00  afc20008	sw	8(r30),r2
  986  00001a04  70210000	slei	r1,r1,#0
  987  00001a08  1020000c	beqz	r1,L18_LF2
  988  00001a0c  54000000	nop; delay slot nop
  989  00001a10  08000048	j	L16_LF2
  990  00001a14  54000000	nop; delay slot nop
  991  00001a18          	L18_LF2:
  992  00001a18  8fc10000	lw	r1,(r30)
  993  00001a1c  20220001	addi	r2,r1,#1
  994  00001a20  afc20000	sw	(r30),r2
  995  00001a24  8fc20004	lw	r2,4(r30)
  996  00001a28  20430001	addi	r3,r2,#1
  997  00001a2c  afc30004	sw	4(r30),r3
  998  00001a30  80420000	lb	r2,(r2)
  999  00001a34  a0220000	sb	(r1),r2
 1000  00001a38  a3c2fff3	sb	-13(r30),r2
 1001  00001a3c          	L17_LF2:
 1002  00001a3c  93c1fff3	lbu	r1,-13(r30)
 1003  00001a40  64220000	snei	r2,r1,#0
 1004  00001a44  1440000c	bnez	r2,L19_LF2
 1005  00001a48  54000000	nop; delay slot nop
 1006  00001a4c  0800000c	j	L16_LF2
 1007  00001a50  54000000	nop; delay slot nop
 1008  00001a54          	L19_LF2:
 1009  00001a54  0bffffa0	j	L15_LF2
 1010  00001a58  54000000	nop; delay slot nop
 1011  00001a5c          	L16_LF2:
 1012  00001a5c  8fc1fff4	lw	r1,-12(r30)
 1013  00001a60  08000004	j	L14_LF2
 1014  00001a64  54000000	nop; delay slot nop
 1015  00001a68          	L14_LF2:
 1016  00001a68  8fa20000	lw	r2,0(r29)
 1017  00001a6c  8fa30004	lw	r3,4(r29)
 1018  00001a70  8fdffff8	lw	r31,-8(r30)
 1019  00001a74  001ee820	add	r29,r0,r30
 1020  00001a78  8fdefffc	lw	r30,-4(r30)
 1021  00001a7c  4be00000	jr	r31
 1022  00001a80  54000000	nop
 1023  00001a84          	.endproc _dstrncpy
 1024  00001a84          	.align 2
 1025  00001a84          	.proc _dstrcat
 1026  00001a84          	.global _dstrcat
 1027  00001a84          	_dstrcat:
 1028                      ;  Function 'dstrcat'; 8 bytes of locals, 1 regs to save.
 1029  00001a84  afbefffc	sw	-4(r29),r30; push fp
 1030  00001a88  001df020	add	r30,r0,r29; fp = sp
 1031  00001a8c  afbffff8	sw	-8(r29),r31; push ret addr
 1032  00001a90  2fbd0018	subui	r29,r29,#24; alloc local storage
 1033  00001a94  afa20000	sw	0(r29),r2
 1034  00001a98  8fc10000	lw	r1,(r30)
 1035  00001a9c  afc1fff4	sw	-12(r30),r1
 1036  00001aa0          	L21_LF2:
 1037  00001aa0  8fc10000	lw	r1,(r30)
 1038  00001aa4  90220000	lbu	r2,(r1)
 1039  00001aa8  64410000	snei	r1,r2,#0
 1040  00001aac  1420000c	bnez	r1,L23_LF2
 1041  00001ab0  54000000	nop; delay slot nop
 1042  00001ab4  0800001c	j	L22_LF2
 1043  00001ab8  54000000	nop; delay slot nop
 1044  00001abc          	L23_LF2:
 1045  00001abc  8fc20000	lw	r2,(r30)
 1046  00001ac0  20410001	addi	r1,r2,#1
 1047  00001ac4  00011020	add	r2,r0,r1
 1048  00001ac8  afc20000	sw	(r30),r2
 1049  00001acc  0bffffd0	j	L21_LF2
 1050  00001ad0  54000000	nop; delay slot nop
 1051  00001ad4          	L22_LF2:
 1052  00001ad4  23bdfff8	addi	r29,r29,#-8
 1053  00001ad8  001d0820	add	r1,r0,r29
 1054  00001adc  8fc20000	lw	r2,(r30)
 1055  00001ae0  ac220000	sw	(r1),r2
 1056  00001ae4  8fc20004	lw	r2,4(r30)
 1057  00001ae8  ac220004	sw	4(r1),r2
 1058  00001aec  0ffffe5c	jal	_dstrcpy
 1059  00001af0  54000000	nop; delay slot nop
 1060  00001af4  23bd0008	addi	r29,r29,#8
 1061  00001af8  8fc1fff4	lw	r1,-12(r30)
 1062  00001afc  08000004	j	L20_LF2
 1063  00001b00  54000000	nop; delay slot nop
 1064  00001b04          	L20_LF2:
 1065  00001b04  8fa20000	lw	r2,0(r29)
 1066  00001b08  8fdffff8	lw	r31,-8(r30)
 1067  00001b0c  001ee820	add	r29,r0,r30
 1068  00001b10  8fdefffc	lw	r30,-4(r30)
 1069  00001b14  4be00000	jr	r31
 1070  00001b18  54000000	nop
 1071  00001b1c          	.endproc _dstrcat
 1072  00001b1c          	.align 2
 1073  00001b1c          	.proc _dstrncmp
 1074  00001b1c          	.global _dstrncmp
 1075  00001b1c          	_dstrncmp:
 1076                      ;  Function 'dstrncmp'; 8 bytes of locals, 2 regs to save.
 1077  00001b1c  afbefffc	sw	-4(r29),r30; push fp
 1078  00001b20  001df020	add	r30,r0,r29; fp = sp
 1079  00001b24  afbffff8	sw	-8(r29),r31; push ret addr
 1080  00001b28  2fbd0018	subui	r29,r29,#24; alloc local storage
 1081  00001b2c  afa20000	sw	0(r29),r2
 1082  00001b30  afa30004	sw	4(r29),r3
 1083  00001b34  54000000	nop
 1084  00001b38  20010000	addi	r1,r0,#0
 1085  00001b3c  afc1fff4	sw	-12(r30),r1
 1086  00001b40          	L25_LF2:
 1087  00001b40  8fc1fff4	lw	r1,-12(r30)
 1088  00001b44  8fc20008	lw	r2,8(r30)
 1089  00001b48  0022082a	slt	r1,r1,r2
 1090  00001b4c  1420000c	bnez	r1,L28_LF2
 1091  00001b50  54000000	nop; delay slot nop
 1092  00001b54  08000088	j	L26_LF2
 1093  00001b58  54000000	nop; delay slot nop
 1094  00001b5c          	L28_LF2:
 1095  00001b5c  8fc10004	lw	r1,4(r30)
 1096  00001b60  90220000	lbu	r2,(r1)
 1097  00001b64  64410000	snei	r1,r2,#0
 1098  00001b68  14200018	bnez	r1,L29_LF2
 1099  00001b6c  54000000	nop; delay slot nop
 1100  00001b70  20010000	addi	r1,r0,#0
 1101  00001b74  080000d8	j	L24_LF2
 1102  00001b78  54000000	nop; delay slot nop
 1103  00001b7c  08000028	j	L30_LF2
 1104  00001b80  54000000	nop; delay slot nop
 1105  00001b84          	L29_LF2:
 1106  00001b84  8fc10000	lw	r1,(r30)
 1107  00001b88  8fc20004	lw	r2,4(r30)
 1108  00001b8c  90210000	lbu	r1,(r1)
 1109  00001b90  90420000	lbu	r2,(r2)
 1110  00001b94  00220829	sne	r1,r1,r2
 1111  00001b98  1020000c	beqz	r1,L30_LF2
 1112  00001b9c  54000000	nop; delay slot nop
 1113  00001ba0  0800003c	j	L26_LF2
 1114  00001ba4  54000000	nop; delay slot nop
 1115  00001ba8          	L31_LF2:
 1116  00001ba8          	L30_LF2:
 1117  00001ba8  8fc20000	lw	r2,(r30)
 1118  00001bac  20410001	addi	r1,r2,#1
 1119  00001bb0  00011020	add	r2,r0,r1
 1120  00001bb4  afc20000	sw	(r30),r2
 1121  00001bb8  8fc20004	lw	r2,4(r30)
 1122  00001bbc  20410001	addi	r1,r2,#1
 1123  00001bc0  00011020	add	r2,r0,r1
 1124  00001bc4  afc20004	sw	4(r30),r2
 1125  00001bc8          	L27_LF2:
 1126  00001bc8  8fc2fff4	lw	r2,-12(r30)
 1127  00001bcc  20410001	addi	r1,r2,#1
 1128  00001bd0  00011020	add	r2,r0,r1
 1129  00001bd4  afc2fff4	sw	-12(r30),r2
 1130  00001bd8  0bffff64	j	L25_LF2
 1131  00001bdc  54000000	nop; delay slot nop
 1132  00001be0          	L26_LF2:
 1133  00001be0  8fc1fff4	lw	r1,-12(r30)
 1134  00001be4  8fc20008	lw	r2,8(r30)
 1135  00001be8  00220828	seq	r1,r1,r2
 1136  00001bec  10200018	beqz	r1,L32_LF2
 1137  00001bf0  54000000	nop; delay slot nop
 1138  00001bf4  20010000	addi	r1,r0,#0
 1139  00001bf8  08000054	j	L24_LF2
 1140  00001bfc  54000000	nop; delay slot nop
 1141  00001c00  0800004c	j	L33_LF2
 1142  00001c04  54000000	nop; delay slot nop
 1143  00001c08          	L32_LF2:
 1144  00001c08  8fc20000	lw	r2,(r30)
 1145  00001c0c  90410000	lbu	r1,(r2)
 1146  00001c10  8fc20004	lw	r2,4(r30)
 1147  00001c14  90430000	lbu	r3,(r2)
 1148  00001c18  00230822	sub	r1,r1,r3
 1149  00001c1c  74220000	sgei	r2,r1,#0
 1150  00001c20  10400020	beqz	r2,L34_LF2
 1151  00001c24  54000000	nop; delay slot nop
 1152  00001c28  8fc10000	lw	r1,(r30)
 1153  00001c2c  8fc20004	lw	r2,4(r30)
 1154  00001c30  90210000	lbu	r1,(r1)
 1155  00001c34  90420000	lbu	r2,(r2)
 1156  00001c38  00220829	sne	r1,r1,r2
 1157  00001c3c  08000008	j	L35_LF2
 1158  00001c40  54000000	nop; delay slot nop
 1159  00001c44          	L34_LF2:
 1160  00001c44  2001ffff	addi	r1,r0,#-1
 1161  00001c48          	L35_LF2:
 1162  00001c48  08000004	j	L24_LF2
 1163  00001c4c  54000000	nop; delay slot nop
 1164  00001c50          	L33_LF2:
 1165  00001c50          	L24_LF2:
 1166  00001c50  8fa20000	lw	r2,0(r29)
 1167  00001c54  8fa30004	lw	r3,4(r29)
 1168  00001c58  8fdffff8	lw	r31,-8(r30)
 1169  00001c5c  001ee820	add	r29,r0,r30
 1170  00001c60  8fdefffc	lw	r30,-4(r30)
 1171  00001c64  4be00000	jr	r31
 1172  00001c68  54000000	nop
 1173  00001c6c          	.endproc _dstrncmp
 1174  00001c6c          	.align 2
 1175  00001c6c          	.proc _dstrlen
 1176  00001c6c          	.global _dstrlen
 1177  00001c6c          	_dstrlen:
 1178                      ;  Function 'dstrlen'; 8 bytes of locals, 1 regs to save.
 1179  00001c6c  afbefffc	sw	-4(r29),r30; push fp
 1180  00001c70  001df020	add	r30,r0,r29; fp = sp
 1181  00001c74  afbffff8	sw	-8(r29),r31; push ret addr
 1182  00001c78  2fbd0018	subui	r29,r29,#24; alloc local storage
 1183  00001c7c  afa20000	sw	0(r29),r2
 1184  00001c80  20010000	addi	r1,r0,#0
 1185  00001c84  afc1fff4	sw	-12(r30),r1
 1186  00001c88          	L37_LF2:
 1187  00001c88  8fc10000	lw	r1,(r30)
 1188  00001c8c  20220001	addi	r2,r1,#1
 1189  00001c90  afc20000	sw	(r30),r2
 1190  00001c94  90210000	lbu	r1,(r1)
 1191  00001c98  64220000	snei	r2,r1,#0
 1192  00001c9c  1440000c	bnez	r2,L39_LF2
 1193  00001ca0  54000000	nop; delay slot nop
 1194  00001ca4  0800001c	j	L38_LF2
 1195  00001ca8  54000000	nop; delay slot nop
 1196  00001cac          	L39_LF2:
 1197  00001cac  8fc2fff4	lw	r2,-12(r30)
 1198  00001cb0  20410001	addi	r1,r2,#1
 1199  00001cb4  00011020	add	r2,r0,r1
 1200  00001cb8  afc2fff4	sw	-12(r30),r2
 1201  00001cbc  0bffffc8	j	L37_LF2
 1202  00001cc0  54000000	nop; delay slot nop
 1203  00001cc4          	L38_LF2:
 1204  00001cc4  8fc1fff4	lw	r1,-12(r30)
 1205  00001cc8  08000004	j	L36_LF2
 1206  00001ccc  54000000	nop; delay slot nop
 1207  00001cd0          	L36_LF2:
 1208  00001cd0  8fa20000	lw	r2,0(r29)
 1209  00001cd4  8fdffff8	lw	r31,-8(r30)
 1210  00001cd8  001ee820	add	r29,r0,r30
 1211  00001cdc  8fdefffc	lw	r30,-4(r30)
 1212  00001ce0  4be00000	jr	r31
 1213  00001ce4  54000000	nop
 1214  00001ce8          	.endproc _dstrlen
 1215  00001ce8          	.align 2
 1216  00001ce8          	.proc _dstrstr
 1217  00001ce8          	.global _dstrstr
 1218  00001ce8          	_dstrstr:
 1219                      ;  Function 'dstrstr'; 8 bytes of locals, 1 regs to save.
 1220  00001ce8  afbefffc	sw	-4(r29),r30; push fp
 1221  00001cec  001df020	add	r30,r0,r29; fp = sp
 1222  00001cf0  afbffff8	sw	-8(r29),r31; push ret addr
 1223  00001cf4  2fbd0018	subui	r29,r29,#24; alloc local storage
 1224  00001cf8  afa20000	sw	0(r29),r2
 1225  00001cfc  23bdfff8	addi	r29,r29,#-8
 1226  00001d00  001d0820	add	r1,r0,r29
 1227  00001d04  8fc20004	lw	r2,4(r30)
 1228  00001d08  ac220000	sw	(r1),r2
 1229  00001d0c  0fffff5c	jal	_dstrlen
 1230  00001d10  54000000	nop; delay slot nop
 1231  00001d14  23bd0008	addi	r29,r29,#8
 1232  00001d18  afc1fff4	sw	-12(r30),r1
 1233  00001d1c          	L41_LF2:
 1234  00001d1c  8fc10000	lw	r1,(r30)
 1235  00001d20  90220000	lbu	r2,(r1)
 1236  00001d24  64410000	snei	r1,r2,#0
 1237  00001d28  1420000c	bnez	r1,L43_LF2
 1238  00001d2c  54000000	nop; delay slot nop
 1239  00001d30  08000060	j	L42_LF2
 1240  00001d34  54000000	nop; delay slot nop
 1241  00001d38          	L43_LF2:
 1242  00001d38  23bdfff0	addi	r29,r29,#-16
 1243  00001d3c  001d0820	add	r1,r0,r29
 1244  00001d40  8fc20000	lw	r2,(r30)
 1245  00001d44  ac220000	sw	(r1),r2
 1246  00001d48  8fc20004	lw	r2,4(r30)
 1247  00001d4c  ac220004	sw	4(r1),r2
 1248  00001d50  8fc2fff4	lw	r2,-12(r30)
 1249  00001d54  ac220008	sw	8(r1),r2
 1250  00001d58  0ffffdc0	jal	_dstrncmp
 1251  00001d5c  54000000	nop; delay slot nop
 1252  00001d60  23bd0010	addi	r29,r29,#16
 1253  00001d64  64220000	snei	r2,r1,#0
 1254  00001d68  14400010	bnez	r2,L44_LF2
 1255  00001d6c  54000000	nop; delay slot nop
 1256  00001d70  8fc10000	lw	r1,(r30)
 1257  00001d74  08000028	j	L40_LF2
 1258  00001d78  54000000	nop; delay slot nop
 1259  00001d7c          	L44_LF2:
 1260  00001d7c  8fc20000	lw	r2,(r30)
 1261  00001d80  20410001	addi	r1,r2,#1
 1262  00001d84  00011020	add	r2,r0,r1
 1263  00001d88  afc20000	sw	(r30),r2
 1264  00001d8c  0bffff8c	j	L41_LF2
 1265  00001d90  54000000	nop; delay slot nop
 1266  00001d94          	L42_LF2:
 1267  00001d94  20010000	addi	r1,r0,#0
 1268  00001d98  08000004	j	L40_LF2
 1269  00001d9c  54000000	nop; delay slot nop
 1270  00001da0          	L40_LF2:
 1271  00001da0  8fa20000	lw	r2,0(r29)
 1272  00001da4  8fdffff8	lw	r31,-8(r30)
 1273  00001da8  001ee820	add	r29,r0,r30
 1274  00001dac  8fdefffc	lw	r30,-4(r30)
 1275  00001db0  4be00000	jr	r31
 1276  00001db4  54000000	nop
 1277  00001db8          	.endproc _dstrstr
 1278  00001db8          	.align 2
 1279  00001db8          	.proc _dmindex
 1280  00001db8          	.global _dmindex
 1281  00001db8          	_dmindex:
 1282                      ;  Function 'dmindex'; 8 bytes of locals, 1 regs to save.
 1283  00001db8  afbefffc	sw	-4(r29),r30; push fp
 1284  00001dbc  001df020	add	r30,r0,r29; fp = sp
 1285  00001dc0  afbffff8	sw	-8(r29),r31; push ret addr
 1286  00001dc4  2fbd0018	subui	r29,r29,#24; alloc local storage
 1287  00001dc8  afa20000	sw	0(r29),r2
 1288  00001dcc  54000000	nop
 1289  00001dd0          	L46_LF2:
 1290  00001dd0  8fc10000	lw	r1,(r30)
 1291  00001dd4  90220000	lbu	r2,(r1)
 1292  00001dd8  64410000	snei	r1,r2,#0
 1293  00001ddc  1420000c	bnez	r1,L48_LF2
 1294  00001de0  54000000	nop; delay slot nop
 1295  00001de4  08000070	j	L47_LF2
 1296  00001de8  54000000	nop; delay slot nop
 1297  00001dec          	L48_LF2:
 1298  00001dec  8fc10004	lw	r1,4(r30)
 1299  00001df0  afc1fff4	sw	-12(r30),r1
 1300  00001df4          	L49_LF2:
 1301  00001df4  8fc1fff4	lw	r1,-12(r30)
 1302  00001df8  90220000	lbu	r2,(r1)
 1303  00001dfc  64410000	snei	r1,r2,#0
 1304  00001e00  1420000c	bnez	r1,L52_LF2
 1305  00001e04  54000000	nop; delay slot nop
 1306  00001e08  08000044	j	L50_LF2
 1307  00001e0c  54000000	nop; delay slot nop
 1308  00001e10          	L52_LF2:
 1309  00001e10  8fc10000	lw	r1,(r30)
 1310  00001e14  8fc2fff4	lw	r2,-12(r30)
 1311  00001e18  90210000	lbu	r1,(r1)
 1312  00001e1c  90420000	lbu	r2,(r2)
 1313  00001e20  00220828	seq	r1,r1,r2
 1314  00001e24  10200010	beqz	r1,L51_LF2
 1315  00001e28  54000000	nop; delay slot nop
 1316  00001e2c  8fc10000	lw	r1,(r30)
 1317  00001e30  08000030	j	L45_LF2
 1318  00001e34  54000000	nop; delay slot nop
 1319  00001e38          	L53_LF2:
 1320  00001e38          	L51_LF2:
 1321  00001e38  8fc2fff4	lw	r2,-12(r30)
 1322  00001e3c  20410001	addi	r1,r2,#1
 1323  00001e40  00011020	add	r2,r0,r1
 1324  00001e44  afc2fff4	sw	-12(r30),r2
 1325  00001e48  0bffffa8	j	L49_LF2
 1326  00001e4c  54000000	nop; delay slot nop
 1327  00001e50          	L50_LF2:
 1328  00001e50  0bffff7c	j	L46_LF2
 1329  00001e54  54000000	nop; delay slot nop
 1330  00001e58          	L47_LF2:
 1331  00001e58  20010000	addi	r1,r0,#0
 1332  00001e5c  08000004	j	L45_LF2
 1333  00001e60  54000000	nop; delay slot nop
 1334  00001e64          	L45_LF2:
 1335  00001e64  8fa20000	lw	r2,0(r29)
 1336  00001e68  8fdffff8	lw	r31,-8(r30)
 1337  00001e6c  001ee820	add	r29,r0,r30
 1338  00001e70  8fdefffc	lw	r30,-4(r30)
 1339  00001e74  4be00000	jr	r31
 1340  00001e78  54000000	nop
 1341  00001e7c          	.endproc _dmindex
 1342  00001e7c          	.align 2
 1343  00001e7c          	.proc _dindex
 1344  00001e7c          	.global _dindex
 1345  00001e7c          	_dindex:
 1346                      ;  Function 'dindex'; 0 bytes of locals, 1 regs to save.
 1347  00001e7c  afbefffc	sw	-4(r29),r30; push fp
 1348  00001e80  001df020	add	r30,r0,r29; fp = sp
 1349  00001e84  afbffff8	sw	-8(r29),r31; push ret addr
 1350  00001e88  2fbd0010	subui	r29,r29,#16; alloc local storage
 1351  00001e8c  afa20000	sw	0(r29),r2
 1352  00001e90  54000000	nop
 1353  00001e94          	L55_LF2:
 1354  00001e94  8fc10000	lw	r1,(r30)
 1355  00001e98  90220000	lbu	r2,(r1)
 1356  00001e9c  64410000	snei	r1,r2,#0
 1357  00001ea0  1420000c	bnez	r1,L57_LF2
 1358  00001ea4  54000000	nop; delay slot nop
 1359  00001ea8  08000040	j	L56_LF2
 1360  00001eac  54000000	nop; delay slot nop
 1361  00001eb0          	L57_LF2:
 1362  00001eb0  8fc10000	lw	r1,(r30)
 1363  00001eb4  90220000	lbu	r2,(r1)
 1364  00001eb8  8fc10004	lw	r1,4(r30)
 1365  00001ebc  00411028	seq	r2,r2,r1
 1366  00001ec0  10400010	beqz	r2,L58_LF2
 1367  00001ec4  54000000	nop; delay slot nop
 1368  00001ec8  8fc10000	lw	r1,(r30)
 1369  00001ecc  08000028	j	L54_LF2
 1370  00001ed0  54000000	nop; delay slot nop
 1371  00001ed4          	L58_LF2:
 1372  00001ed4  8fc20000	lw	r2,(r30)
 1373  00001ed8  20410001	addi	r1,r2,#1
 1374  00001edc  00011020	add	r2,r0,r1
 1375  00001ee0  afc20000	sw	(r30),r2
 1376  00001ee4  0bffffac	j	L55_LF2
 1377  00001ee8  54000000	nop; delay slot nop
 1378  00001eec          	L56_LF2:
 1379  00001eec  20010000	addi	r1,r0,#0
 1380  00001ef0  08000004	j	L54_LF2
 1381  00001ef4  54000000	nop; delay slot nop
 1382  00001ef8          	L54_LF2:
 1383  00001ef8  8fa20000	lw	r2,0(r29)
 1384  00001efc  8fdffff8	lw	r31,-8(r30)
 1385  00001f00  001ee820	add	r29,r0,r30
 1386  00001f04  8fdefffc	lw	r30,-4(r30)
 1387  00001f08  4be00000	jr	r31
 1388  00001f0c  54000000	nop
 1389  00001f10          	.endproc _dindex
 1390  00001f10          	.align 2
 1391  00001f10          	.proc _ditoa
 1392  00001f10          	.global _ditoa
 1393  00001f10          	_ditoa:
 1394                      ;  Function 'ditoa'; 8 bytes of locals, 2 regs to save.
 1395  00001f10  afbefffc	sw	-4(r29),r30; push fp
 1396  00001f14  001df020	add	r30,r0,r29; fp = sp
 1397  00001f18  afbffff8	sw	-8(r29),r31; push ret addr
 1398  00001f1c  2fbd0018	subui	r29,r29,#24; alloc local storage
 1399  00001f20  afa20000	sw	0(r29),r2
 1400  00001f24  afa30004	sw	4(r29),r3
 1401  00001f28  8fc10000	lw	r1,(r30)
 1402  00001f2c  68220000	slti	r2,r1,#0
 1403  00001f30  1040002c	beqz	r2,L60_LF2
 1404  00001f34  54000000	nop; delay slot nop
 1405  00001f38  8fc10004	lw	r1,4(r30)
 1406  00001f3c  20220001	addi	r2,r1,#1
 1407  00001f40  afc20004	sw	4(r30),r2
 1408  00001f44  2002002d	addi	r2,r0,(#0x2d)&0xff
 1409  00001f48  a0220000	sb	(r1),r2
 1410  00001f4c  8fc10000	lw	r1,(r30)
 1411  00001f50  00011022	sub	r2,r0,r1
 1412  00001f54  afc20000	sw	(r30),r2
 1413  00001f58  08000118	j	L61_LF2
 1414  00001f5c  54000000	nop; delay slot nop
 1415  00001f60          	L60_LF2:
 1416  00001f60  8fc10000	lw	r1,(r30)
 1417  00001f64  64220000	snei	r2,r1,#0
 1418  00001f68  14400020	bnez	r2,L62_LF2
 1419  00001f6c  54000000	nop; delay slot nop
 1420  00001f70  8fc10004	lw	r1,4(r30)
 1421  00001f74  20220001	addi	r2,r1,#1
 1422  00001f78  afc20004	sw	4(r30),r2
 1423  00001f7c  20020030	addi	r2,r0,(#0x30)&0xff
 1424  00001f80  a0220000	sb	(r1),r2
 1425  00001f84  080000ec	j	L61_LF2
 1426  00001f88  54000000	nop; delay slot nop
 1427  00001f8c          	L62_LF2:
 1428  00001f8c  20010001	addi	r1,r0,#1
 1429  00001f90  afc1fff4	sw	-12(r30),r1
 1430  00001f94          	L64_LF2:
 1431  00001f94  8fc1fff4	lw	r1,-12(r30)
 1432  00001f98  8fc20000	lw	r2,(r30)
 1433  00001f9c  0022082c	sle	r1,r1,r2
 1434  00001fa0  1420000c	bnez	r1,L66_LF2
 1435  00001fa4  54000000	nop; delay slot nop
 1436  00001fa8  08000024	j	L65_LF2
 1437  00001fac  54000000	nop; delay slot nop
 1438  00001fb0          	L67_LF2:
 1439  00001fb0          	L66_LF2:
 1440  00001fb0  8fc1fff4	lw	r1,-12(r30)
 1441  00001fb4  00011820	add	r3,r0,r1
 1442  00001fb8  50620002	slli	r2,r3,#0x2
 1443  00001fbc  00411020	add	r2,r2,r1
 1444  00001fc0  50410001	slli	r1,r2,#0x1
 1445  00001fc4  afc1fff4	sw	-12(r30),r1
 1446  00001fc8  0bffffc8	j	L64_LF2
 1447  00001fcc  54000000	nop; delay slot nop
 1448  00001fd0          	L65_LF2:
 1449  00001fd0  54000000	nop
 1450  00001fd4          	L68_LF2:
 1451  00001fd4  8fc1fff4	lw	r1,-12(r30)
 1452  00001fd8  2002000a	addi	r2,r0,#10
 1453  00001fdc  00200035	movi2fp	f0,r1
 1454  00001fe0  00400835	movi2fp	f1,r2
 1455  00001fe4  0401000f	div	f0,f0,f1
 1456  00001fe8  00000834	movfp2i	r1,f0
 1457  00001fec  afc1fff4	sw	-12(r30),r1
 1458  00001ff0  8fc10004	lw	r1,4(r30)
 1459  00001ff4  20220001	addi	r2,r1,#1
 1460  00001ff8  afc20004	sw	4(r30),r2
 1461  00001ffc  8fc20000	lw	r2,(r30)
 1462  00002000  8fc3fff4	lw	r3,-12(r30)
 1463  00002004  00400035	movi2fp	f0,r2
 1464  00002008  00600835	movi2fp	f1,r3
 1465  0000200c  0401000f	div	f0,f0,f1
 1466  00002010  00001034	movfp2i	r2,f0
 1467  00002014  00021820	add	r3,r0,r2
 1468  00002018  20620030	addi	r2,r3,#48
 1469  0000201c  a0220000	sb	(r1),r2
 1470  00002020  8fc10000	lw	r1,(r30)
 1471  00002024  8fc3fff4	lw	r3,-12(r30)
 1472  00002028  00200035	movi2fp	f0,r1
 1473  0000202c  00600835	movi2fp	f1,r3
 1474  00002030  0401000f	div	f0,f0,f1
 1475  00002034  00001034	movfp2i	r2,f0
 1476  00002038  8fc3fff4	lw	r3,-12(r30)
 1477  0000203c  00400035	movi2fp	f0,r2
 1478  00002040  00600835	movi2fp	f1,r3
 1479  00002044  0401000e	mult	f0,f0,f1
 1480  00002048  00001034	movfp2i	r2,f0
 1481  0000204c  00220822	sub	r1,r1,r2
 1482  00002050  afc10000	sw	(r30),r1
 1483  00002054          	L70_LF2:
 1484  00002054  8fc1fff4	lw	r1,-12(r30)
 1485  00002058  6c220001	sgti	r2,r1,#1
 1486  0000205c  1440000c	bnez	r2,L71_LF2
 1487  00002060  54000000	nop; delay slot nop
 1488  00002064  0800000c	j	L61_LF2
 1489  00002068  54000000	nop; delay slot nop
 1490  0000206c          	L71_LF2:
 1491  0000206c  0bffff64	j	L68_LF2
 1492  00002070  54000000	nop; delay slot nop
 1493  00002074          	L69_LF2:
 1494  00002074          	L63_LF2:
 1495  00002074          	L61_LF2:
 1496  00002074  8fc10004	lw	r1,4(r30)
 1497  00002078  20020000	addi	r2,r0,(#0x0)&0xff
 1498  0000207c  a0220000	sb	(r1),r2
 1499  00002080          	L59_LF2:
 1500  00002080  8fa20000	lw	r2,0(r29)
 1501  00002084  8fa30004	lw	r3,4(r29)
 1502  00002088  8fdffff8	lw	r31,-8(r30)
 1503  0000208c  001ee820	add	r29,r0,r30
 1504  00002090  8fdefffc	lw	r30,-4(r30)
 1505  00002094  4be00000	jr	r31
 1506  00002098  54000000	nop
 1507  0000209c          	.endproc _ditoa
 1508  0000209c          	.align 2
 1509  0000209c          	.proc _dstrtol
 1510  0000209c          	.global _dstrtol
 1511  0000209c          	_dstrtol:
 1512                      ;  Function 'dstrtol'; 16 bytes of locals, 1 regs to save.
 1513  0000209c  afbefffc	sw	-4(r29),r30; push fp
 1514  000020a0  001df020	add	r30,r0,r29; fp = sp
 1515  000020a4  afbffff8	sw	-8(r29),r31; push ret addr
 1516  000020a8  2fbd0020	subui	r29,r29,#32; alloc local storage
 1517  000020ac  afa20000	sw	0(r29),r2
 1518  000020b0  20010000	addi	r1,r0,#0
 1519  000020b4  afc1fff4	sw	-12(r30),r1
 1520  000020b8          	L73_LF2:
 1521  000020b8  8fc10000	lw	r1,(r30)
 1522  000020bc  90220000	lbu	r2,(r1)
 1523  000020c0  60410020	seqi	r1,r2,#32
 1524  000020c4  14200034	bnez	r1,L75_LF2
 1525  000020c8  54000000	nop; delay slot nop
 1526  000020cc  8fc10000	lw	r1,(r30)
 1527  000020d0  90220000	lbu	r2,(r1)
 1528  000020d4  60410009	seqi	r1,r2,#9
 1529  000020d8  14200020	bnez	r1,L75_LF2
 1530  000020dc  54000000	nop; delay slot nop
 1531  000020e0  8fc10000	lw	r1,(r30)
 1532  000020e4  90220000	lbu	r2,(r1)
 1533  000020e8  6041000a	seqi	r1,r2,#10
 1534  000020ec  1420000c	bnez	r1,L75_LF2
 1535  000020f0  54000000	nop; delay slot nop
 1536  000020f4  0800001c	j	L74_LF2
 1537  000020f8  54000000	nop; delay slot nop
 1538  000020fc          	L75_LF2:
 1539  000020fc  8fc20000	lw	r2,(r30)
 1540  00002100  20410001	addi	r1,r2,#1
 1541  00002104  00011020	add	r2,r0,r1
 1542  00002108  afc20000	sw	(r30),r2
 1543  0000210c  0bffffa8	j	L73_LF2
 1544  00002110  54000000	nop; delay slot nop
 1545  00002114          	L74_LF2:
 1546  00002114  8fc10004	lw	r1,4(r30)
 1547  00002118  64220000	snei	r2,r1,#0
 1548  0000211c  10400010	beqz	r2,L76_LF2
 1549  00002120  54000000	nop; delay slot nop
 1550  00002124  8fc10004	lw	r1,4(r30)
 1551  00002128  8fc20000	lw	r2,(r30)
 1552  0000212c  ac220000	sw	(r1),r2
 1553  00002130          	L76_LF2:
 1554  00002130  8fc10000	lw	r1,(r30)
 1555  00002134  90220000	lbu	r2,(r1)
 1556  00002138  64410000	snei	r1,r2,#0
 1557  0000213c  14200010	bnez	r1,L77_LF2
 1558  00002140  54000000	nop; delay slot nop
 1559  00002144  8fc1fff4	lw	r1,-12(r30)
 1560  00002148  08000294	j	L72_LF2
 1561  0000214c  54000000	nop; delay slot nop
 1562  00002150          	L77_LF2:
 1563  00002150  8fc10000	lw	r1,(r30)
 1564  00002154  90220000	lbu	r2,(r1)
 1565  00002158  6041002d	seqi	r1,r2,#45
 1566  0000215c  10200024	beqz	r1,L78_LF2
 1567  00002160  54000000	nop; delay slot nop
 1568  00002164  2001ffff	addi	r1,r0,#-1
 1569  00002168  afc1ffec	sw	-20(r30),r1
 1570  0000216c  8fc20000	lw	r2,(r30)
 1571  00002170  20410001	addi	r1,r2,#1
 1572  00002174  00011020	add	r2,r0,r1
 1573  00002178  afc20000	sw	(r30),r2
 1574  0000217c  0800000c	j	L79_LF2
 1575  00002180  54000000	nop; delay slot nop
 1576  00002184          	L78_LF2:
 1577  00002184  20010001	addi	r1,r0,#1
 1578  00002188  afc1ffec	sw	-20(r30),r1
 1579  0000218c          	L79_LF2:
 1580  0000218c  8fc10008	lw	r1,8(r30)
 1581  00002190  64220000	snei	r2,r1,#0
 1582  00002194  14400090	bnez	r2,L80_LF2
 1583  00002198  54000000	nop; delay slot nop
 1584  0000219c  8fc10000	lw	r1,(r30)
 1585  000021a0  90220000	lbu	r2,(r1)
 1586  000021a4  60410030	seqi	r1,r2,#48
 1587  000021a8  10200074	beqz	r1,L81_LF2
 1588  000021ac  54000000	nop; delay slot nop
 1589  000021b0  8fc20000	lw	r2,(r30)
 1590  000021b4  20410001	addi	r1,r2,#1
 1591  000021b8  00011020	add	r2,r0,r1
 1592  000021bc  afc20000	sw	(r30),r2
 1593  000021c0  8fc10000	lw	r1,(r30)
 1594  000021c4  90220000	lbu	r2,(r1)
 1595  000021c8  60410078	seqi	r1,r2,#120
 1596  000021cc  14200020	bnez	r1,L83_LF2
 1597  000021d0  54000000	nop; delay slot nop
 1598  000021d4  8fc10000	lw	r1,(r30)
 1599  000021d8  90220000	lbu	r2,(r1)
 1600  000021dc  60410058	seqi	r1,r2,#88
 1601  000021e0  1420000c	bnez	r1,L83_LF2
 1602  000021e4  54000000	nop; delay slot nop
 1603  000021e8  08000024	j	L82_LF2
 1604  000021ec  54000000	nop; delay slot nop
 1605  000021f0          	L83_LF2:
 1606  000021f0  20010010	addi	r1,r0,#16
 1607  000021f4  afc10008	sw	8(r30),r1
 1608  000021f8  8fc20000	lw	r2,(r30)
 1609  000021fc  20410001	addi	r1,r2,#1
 1610  00002200  00011020	add	r2,r0,r1
 1611  00002204  afc20000	sw	(r30),r2
 1612  00002208  0800000c	j	L84_LF2
 1613  0000220c  54000000	nop; delay slot nop
 1614  00002210          	L82_LF2:
 1615  00002210  20010008	addi	r1,r0,#8
 1616  00002214  afc10008	sw	8(r30),r1
 1617  00002218          	L84_LF2:
 1618  00002218  0800000c	j	L80_LF2
 1619  0000221c  54000000	nop; delay slot nop
 1620  00002220          	L81_LF2:
 1621  00002220  2001000a	addi	r1,r0,#10
 1622  00002224  afc10008	sw	8(r30),r1
 1623  00002228          	L85_LF2:
 1624  00002228          	L80_LF2:
 1625  00002228  8fc10008	lw	r1,8(r30)
 1626  0000222c  70220000	slei	r2,r1,#0
 1627  00002230  1440001c	bnez	r2,L87_LF2
 1628  00002234  54000000	nop; delay slot nop
 1629  00002238  8fc10008	lw	r1,8(r30)
 1630  0000223c  6c220010	sgti	r2,r1,#16
 1631  00002240  1440000c	bnez	r2,L87_LF2
 1632  00002244  54000000	nop; delay slot nop
 1633  00002248  08000010	j	L86_LF2
 1634  0000224c  54000000	nop; delay slot nop
 1635  00002250          	L87_LF2:
 1636  00002250  8fc1fff4	lw	r1,-12(r30)
 1637  00002254  08000188	j	L72_LF2
 1638  00002258  54000000	nop; delay slot nop
 1639  0000225c          	L86_LF2:
 1640  0000225c  54000000	nop
 1641  00002260          	L88_LF2:
 1642  00002260  8fc10000	lw	r1,(r30)
 1643  00002264  90220000	lbu	r2,(r1)
 1644  00002268  6c41002f	sgtui	r1,r2,#47
 1645  0000226c  10200030	beqz	r1,L91_LF2
 1646  00002270  54000000	nop; delay slot nop
 1647  00002274  8fc10000	lw	r1,(r30)
 1648  00002278  90220000	lbu	r2,(r1)
 1649  0000227c  70410039	sleui	r1,r2,#57
 1650  00002280  1020001c	beqz	r1,L91_LF2
 1651  00002284  54000000	nop; delay slot nop
 1652  00002288  8fc10000	lw	r1,(r30)
 1653  0000228c  90220000	lbu	r2,(r1)
 1654  00002290  2041ffd0	addi	r1,r2,#-48
 1655  00002294  afc1fff0	sw	-16(r30),r1
 1656  00002298  0800008c	j	L92_LF2
 1657  0000229c  54000000	nop; delay slot nop
 1658  000022a0          	L91_LF2:
 1659  000022a0  8fc10000	lw	r1,(r30)
 1660  000022a4  90220000	lbu	r2,(r1)
 1661  000022a8  6c410060	sgtui	r1,r2,#96
 1662  000022ac  10200030	beqz	r1,L93_LF2
 1663  000022b0  54000000	nop; delay slot nop
 1664  000022b4  8fc10000	lw	r1,(r30)
 1665  000022b8  90220000	lbu	r2,(r1)
 1666  000022bc  7041007a	sleui	r1,r2,#122
 1667  000022c0  1020001c	beqz	r1,L93_LF2
 1668  000022c4  54000000	nop; delay slot nop
 1669  000022c8  8fc10000	lw	r1,(r30)
 1670  000022cc  90220000	lbu	r2,(r1)
 1671  000022d0  2041ffa9	addi	r1,r2,#-87
 1672  000022d4  afc1fff0	sw	-16(r30),r1
 1673  000022d8  0800004c	j	L92_LF2
 1674  000022dc  54000000	nop; delay slot nop
 1675  000022e0          	L93_LF2:
 1676  000022e0  8fc10000	lw	r1,(r30)
 1677  000022e4  90220000	lbu	r2,(r1)
 1678  000022e8  6c410040	sgtui	r1,r2,#64
 1679  000022ec  10200030	beqz	r1,L95_LF2
 1680  000022f0  54000000	nop; delay slot nop
 1681  000022f4  8fc10000	lw	r1,(r30)
 1682  000022f8  90220000	lbu	r2,(r1)
 1683  000022fc  7041005a	sleui	r1,r2,#90
 1684  00002300  1020001c	beqz	r1,L95_LF2
 1685  00002304  54000000	nop; delay slot nop
 1686  00002308  8fc10000	lw	r1,(r30)
 1687  0000230c  90220000	lbu	r2,(r1)
 1688  00002310  2041ffc9	addi	r1,r2,#-55
 1689  00002314  afc1fff0	sw	-16(r30),r1
 1690  00002318  0800000c	j	L92_LF2
 1691  0000231c  54000000	nop; delay slot nop
 1692  00002320          	L95_LF2:
 1693  00002320  200103e8	addi	r1,r0,#1000
 1694  00002324  afc1fff0	sw	-16(r30),r1
 1695  00002328          	L96_LF2:
 1696  00002328          	L94_LF2:
 1697  00002328          	L92_LF2:
 1698  00002328  8fc1fff0	lw	r1,-16(r30)
 1699  0000232c  8fc20008	lw	r2,8(r30)
 1700  00002330  0022082a	slt	r1,r1,r2
 1701  00002334  10200040	beqz	r1,L90_LF2
 1702  00002338  54000000	nop; delay slot nop
 1703  0000233c  8fc1fff4	lw	r1,-12(r30)
 1704  00002340  8fc20008	lw	r2,8(r30)
 1705  00002344  00200035	movi2fp	f0,r1
 1706  00002348  00400835	movi2fp	f1,r2
 1707  0000234c  0401000e	mult	f0,f0,f1
 1708  00002350  00000834	movfp2i	r1,f0
 1709  00002354  afc1fff4	sw	-12(r30),r1
 1710  00002358  8fc1fff4	lw	r1,-12(r30)
 1711  0000235c  8fc2fff0	lw	r2,-16(r30)
 1712  00002360  00220820	add	r1,r1,r2
 1713  00002364  afc1fff4	sw	-12(r30),r1
 1714  00002368  8fc20000	lw	r2,(r30)
 1715  0000236c  20410001	addi	r1,r2,#1
 1716  00002370  00011020	add	r2,r0,r1
 1717  00002374  afc20000	sw	(r30),r2
 1718  00002378          	L97_LF2:
 1719  00002378          	L90_LF2:
 1720  00002378  8fc1fff0	lw	r1,-16(r30)
 1721  0000237c  8fc20008	lw	r2,8(r30)
 1722  00002380  0022082a	slt	r1,r1,r2
 1723  00002384  1420000c	bnez	r1,L98_LF2
 1724  00002388  54000000	nop; delay slot nop
 1725  0000238c  0800000c	j	L89_LF2
 1726  00002390  54000000	nop; delay slot nop
 1727  00002394          	L98_LF2:
 1728  00002394  0bfffec8	j	L88_LF2
 1729  00002398  54000000	nop; delay slot nop
 1730  0000239c          	L89_LF2:
 1731  0000239c  8fc10004	lw	r1,4(r30)
 1732  000023a0  64220000	snei	r2,r1,#0
 1733  000023a4  10400010	beqz	r2,L99_LF2
 1734  000023a8  54000000	nop; delay slot nop
 1735  000023ac  8fc10004	lw	r1,4(r30)
 1736  000023b0  8fc20000	lw	r2,(r30)
 1737  000023b4  ac220000	sw	(r1),r2
 1738  000023b8          	L99_LF2:
 1739  000023b8  8fc1fff4	lw	r1,-12(r30)
 1740  000023bc  8fc2ffec	lw	r2,-20(r30)
 1741  000023c0  00200035	movi2fp	f0,r1
 1742  000023c4  00400835	movi2fp	f1,r2
 1743  000023c8  0401000e	mult	f0,f0,f1
 1744  000023cc  00000834	movfp2i	r1,f0
 1745  000023d0  afc1fff4	sw	-12(r30),r1
 1746  000023d4  8fc1fff4	lw	r1,-12(r30)
 1747  000023d8  08000004	j	L72_LF2
 1748  000023dc  54000000	nop; delay slot nop
 1749  000023e0          	L72_LF2:
 1750  000023e0  8fa20000	lw	r2,0(r29)
 1751  000023e4  8fdffff8	lw	r31,-8(r30)
 1752  000023e8  001ee820	add	r29,r0,r30
 1753  000023ec  8fdefffc	lw	r30,-4(r30)
 1754  000023f0  4be00000	jr	r31
 1755  000023f4  54000000	nop
 1756  000023f8          	.endproc _dstrtol
 1757  000023f8          	.align 2
 1758  000023f8          	.proc _bcopy
 1759  000023f8          	.global _bcopy
 1760  000023f8          	_bcopy:
 1761                      ;  Function 'bcopy'; 0 bytes of locals, 2 regs to save.
 1762  000023f8  afbefffc	sw	-4(r29),r30; push fp
 1763  000023fc  001df020	add	r30,r0,r29; fp = sp
 1764  00002400  afbffff8	sw	-8(r29),r31; push ret addr
 1765  00002404  2fbd0010	subui	r29,r29,#16; alloc local storage
 1766  00002408  afa20000	sw	0(r29),r2
 1767  0000240c  afa30004	sw	4(r29),r3
 1768  00002410  54000000	nop
 1769  00002414          	L101_LF2:
 1770  00002414  8fc10008	lw	r1,8(r30)
 1771  00002418  2022ffff	addi	r2,r1,#-1
 1772  0000241c  afc20008	sw	8(r30),r2
 1773  00002420  6c210000	sgti	r1,r1,#0
 1774  00002424  1420000c	bnez	r1,L103_LF2
 1775  00002428  54000000	nop; delay slot nop
 1776  0000242c  0800002c	j	L102_LF2
 1777  00002430  54000000	nop; delay slot nop
 1778  00002434          	L103_LF2:
 1779  00002434  8fc10004	lw	r1,4(r30)
 1780  00002438  20220001	addi	r2,r1,#1
 1781  0000243c  afc20004	sw	4(r30),r2
 1782  00002440  8fc20000	lw	r2,(r30)
 1783  00002444  20430001	addi	r3,r2,#1
 1784  00002448  afc30000	sw	(r30),r3
 1785  0000244c  80420000	lb	r2,(r2)
 1786  00002450  a0220000	sb	(r1),r2
 1787  00002454  0bffffbc	j	L101_LF2
 1788  00002458  54000000	nop; delay slot nop
 1789  0000245c          	L102_LF2:
 1790  0000245c          	L100_LF2:
 1791  0000245c  8fa20000	lw	r2,0(r29)
 1792  00002460  8fa30004	lw	r3,4(r29)
 1793  00002464  8fdffff8	lw	r31,-8(r30)
 1794  00002468  001ee820	add	r29,r0,r30
 1795  0000246c  8fdefffc	lw	r30,-4(r30)
 1796  00002470  4be00000	jr	r31
 1797  00002474  54000000	nop
 1798  00002478          	.endproc _bcopy
 1799  00002478          	.align 2
 1800  00002478          	.proc _bzero
 1801  00002478          	.global _bzero
 1802  00002478          	_bzero:
 1803                      ;  Function 'bzero'; 0 bytes of locals, 1 regs to save.
 1804  00002478  afbefffc	sw	-4(r29),r30; push fp
 1805  0000247c  001df020	add	r30,r0,r29; fp = sp
 1806  00002480  afbffff8	sw	-8(r29),r31; push ret addr
 1807  00002484  2fbd0010	subui	r29,r29,#16; alloc local storage
 1808  00002488  afa20000	sw	0(r29),r2
 1809  0000248c  54000000	nop
 1810  00002490          	L105_LF2:
 1811  00002490  8fc10004	lw	r1,4(r30)
 1812  00002494  2022ffff	addi	r2,r1,#-1
 1813  00002498  afc20004	sw	4(r30),r2
 1814  0000249c  6c210000	sgti	r1,r1,#0
 1815  000024a0  1420000c	bnez	r1,L107_LF2
 1816  000024a4  54000000	nop; delay slot nop
 1817  000024a8  08000020	j	L106_LF2
 1818  000024ac  54000000	nop; delay slot nop
 1819  000024b0          	L107_LF2:
 1820  000024b0  8fc10000	lw	r1,(r30)
 1821  000024b4  20220001	addi	r2,r1,#1
 1822  000024b8  afc20000	sw	(r30),r2
 1823  000024bc  20020000	addi	r2,r0,(#0x0)&0xff
 1824  000024c0  a0220000	sb	(r1),r2
 1825  000024c4  0bffffc8	j	L105_LF2
 1826  000024c8  54000000	nop; delay slot nop
 1827  000024cc          	L106_LF2:
 1828  000024cc          	L104_LF2:
 1829  000024cc  8fa20000	lw	r2,0(r29)
 1830  000024d0  8fdffff8	lw	r31,-8(r30)
 1831  000024d4  001ee820	add	r29,r0,r30
 1832  000024d8  8fdefffc	lw	r30,-4(r30)
 1833  000024dc  4be00000	jr	r31
 1834  000024e0  54000000	nop
 1835  000024e4          	.endproc _bzero
 1836  000024e4          	.align 2
 1837  000024e4          	.proc _min
 1838  000024e4          	.global _min
 1839  000024e4          	_min:
 1840                      ;  Function 'min'; 0 bytes of locals, 2 regs to save.
 1841  000024e4  afbefffc	sw	-4(r29),r30; push fp
 1842  000024e8  001df020	add	r30,r0,r29; fp = sp
 1843  000024ec  afbffff8	sw	-8(r29),r31; push ret addr
 1844  000024f0  2fbd0010	subui	r29,r29,#16; alloc local storage
 1845  000024f4  afa20000	sw	0(r29),r2
 1846  000024f8  afa30004	sw	4(r29),r3
 1847  000024fc  8fc10000	lw	r1,(r30)
 1848  00002500  8fc20004	lw	r2,4(r30)
 1849  00002504  0022182c	sle	r3,r1,r2
 1850  00002508  14600008	bnez	r3,L109_LF2
 1851  0000250c  54000000	nop; delay slot nop
 1852  00002510  8fc10004	lw	r1,4(r30)
 1853  00002514          	L109_LF2:
 1854  00002514  08000004	j	L108_LF2
 1855  00002518  54000000	nop; delay slot nop
 1856  0000251c          	L108_LF2:
 1857  0000251c  8fa20000	lw	r2,0(r29)
 1858  00002520  8fa30004	lw	r3,4(r29)
 1859  00002524  8fdffff8	lw	r31,-8(r30)
 1860  00002528  001ee820	add	r29,r0,r30
 1861  0000252c  8fdefffc	lw	r30,-4(r30)
 1862  00002530  4be00000	jr	r31
 1863  00002534  54000000	nop
 1864  00002538          	.endproc _min
 1865  00002538          	.align 2
 1866  00002538          	.proc _max
 1867  00002538          	.global _max
 1868  00002538          	_max:
 1869                      ;  Function 'max'; 0 bytes of locals, 2 regs to save.
 1870  00002538  afbefffc	sw	-4(r29),r30; push fp
 1871  0000253c  001df020	add	r30,r0,r29; fp = sp
 1872  00002540  afbffff8	sw	-8(r29),r31; push ret addr
 1873  00002544  2fbd0010	subui	r29,r29,#16; alloc local storage
 1874  00002548  afa20000	sw	0(r29),r2
 1875  0000254c  afa30004	sw	4(r29),r3
 1876  00002550  8fc10000	lw	r1,(r30)
 1877  00002554  8fc20004	lw	r2,4(r30)
 1878  00002558  0022182d	sge	r3,r1,r2
 1879  0000255c  14600008	bnez	r3,L111_LF2
 1880  00002560  54000000	nop; delay slot nop
 1881  00002564  8fc10004	lw	r1,4(r30)
 1882  00002568          	L111_LF2:
 1883  00002568  08000004	j	L110_LF2
 1884  0000256c  54000000	nop; delay slot nop
 1885  00002570          	L110_LF2:
 1886  00002570  8fa20000	lw	r2,0(r29)
 1887  00002574  8fa30004	lw	r3,4(r29)
 1888  00002578  8fdffff8	lw	r31,-8(r30)
 1889  0000257c  001ee820	add	r29,r0,r30
 1890  00002580  8fdefffc	lw	r30,-4(r30)
 1891  00002584  4be00000	jr	r31
 1892  00002588  54000000	nop
 1893  0000258c          	.endproc _max
 1894                      ;;; Ethan L. Miller, 1999.  Released to the public domain
 1895                      ;;;
 1896                      ;;; Most of the traps are called in files from libtraps.
 1899  0000258c          	.align 2
 1900  0000258c          	.proc _exit
 1901  0000258c          	.global _exit
 1902  0000258c          	_exit:
 1903  0000258c  44000300	trap	#0x300
 1904  00002590  4be00000	jr	r31
 1905  00002594  54000000	nop
 1906  00002598          	.endproc _exit
 1908                      ; for the benefit of gcc.
 1909  00002598          	.proc ___main
 1910  00002598          	.global ___main
 1911  00002598          	___main:
 1912  00002598  4be00000	jr	r31
 1913  0000259c  54000000	nop
 1914  000025a0          	.endproc ___main
 1915  000025a0          	.text
 1916  000025a0          	.global _etext
 1917  000025a0          	_etext:
 1918  000025a0          	.align 3
 1919  000025a0          	.data
 1920  000033f4          	.global _edata
 1921  000033f4          	_edata:
