 line   address	contents
    1                      ; Linked by DLX-LD.
    2                      ; MemSize 24576
    3                      ; Data size: 306
    4                      ; Text size: 5072
    5                      ; Stack size: 8192
    6  00000000          	.text 0x1000
    7  00001000          	.data 0x3000
    8                      ; Compiled by GCC
    9  00003000          	.text
   10  00001000          	.align 2
   11  00001000          	.proc _isspace
   12  00001000          	.global _isspace
   13  00001000          	_isspace:
   14                      ;  Function 'isspace'; 0 bytes of locals, 1 regs to save.
   15  00001000  afbefffc	sw	-4(r29),r30; push fp
   16  00001004  001df020	add	r30,r0,r29; fp = sp
   17  00001008  afbffff8	sw	-8(r29),r31; push ret addr
   18  0000100c  2fbd0010	subui	r29,r29,#16; alloc local storage
   19  00001010  afa20000	sw	0(r29),r2
   20  00001014  83c20003	lb	r2,3(r30)
   21  00001018  201f0000	addi	r31,r0,#0
   22  0000101c  304100ff	andi	r1,r2,#0x00ff
   23  00001020  60210020	seqi	r1,r1,#32
   24  00001024  14200018	bnez	r1,L6_LF0
   25  00001028  54000000	nop; not filled.
   26  0000102c  2041fff7	addi	r1,r2,#-9
   27  00001030  302100ff	andi	r1,r1,#0x00ff
   28  00001034  70210001	sleui	r1,r1,#1
   29  00001038  10200008	beqz	r1,L5_LF0
   30  0000103c  54000000	nop; not filled.
   31  00001040          	L6_LF0:
   32  00001040  201f0001	addi	r31,r0,#1
   33  00001044          	L5_LF0:
   34  00001044  001f0820	add	r1,r0,r31
   35  00001048  8fa20000	lw	r2,0(r29)
   36  0000104c  8fdffff8	lw	r31,-8(r30)
   37  00001050  001ee820	add	r29,r0,r30
   38  00001054  8fdefffc	lw	r30,-4(r30)
   39  00001058  4be00000	jr	r31
   40  0000105c  54000000	nop
   41  00001060          	.endproc _isspace
   42  00001060          	.align 2
   43  00001060          	.proc _isxdigit
   44  00001060          	.global _isxdigit
   45  00001060          	_isxdigit:
   46                      ;  Function 'isxdigit'; 0 bytes of locals, 1 regs to save.
   47  00001060  afbefffc	sw	-4(r29),r30; push fp
   48  00001064  001df020	add	r30,r0,r29; fp = sp
   49  00001068  afbffff8	sw	-8(r29),r31; push ret addr
   50  0000106c  2fbd0010	subui	r29,r29,#16; alloc local storage
   51  00001070  afa20000	sw	0(r29),r2
   52  00001074  83df0003	lb	r31,3(r30)
   53  00001078  20020000	addi	r2,r0,#0
   54  0000107c  23e1ffd0	addi	r1,r31,#-48
   55  00001080  302100ff	andi	r1,r1,#0x00ff
   56  00001084  70210009	sleui	r1,r1,#9
   57  00001088  14200028	bnez	r1,L12_LF0
   58  0000108c  54000000	nop; not filled.
   59  00001090  23e1ff9f	addi	r1,r31,#-97
   60  00001094  302100ff	andi	r1,r1,#0x00ff
   61  00001098  70210005	sleui	r1,r1,#5
   62  0000109c  14200014	bnez	r1,L12_LF0
   63  000010a0  54000000	nop; not filled.
   64  000010a4  33e100ff	andi	r1,r31,#0x00ff
   65  000010a8  64210041	snei	r1,r1,#65
   66  000010ac  14200008	bnez	r1,L11_LF0
   67  000010b0  54000000	nop; not filled.
   68  000010b4          	L12_LF0:
   69  000010b4  20020001	addi	r2,r0,#1
   70  000010b8          	L11_LF0:
   71  000010b8  00020820	add	r1,r0,r2
   72  000010bc  8fa20000	lw	r2,0(r29)
   73  000010c0  8fdffff8	lw	r31,-8(r30)
   74  000010c4  001ee820	add	r29,r0,r30
   75  000010c8  8fdefffc	lw	r30,-4(r30)
   76  000010cc  4be00000	jr	r31
   77  000010d0  54000000	nop
   78  000010d4          	.endproc _isxdigit
   79  000010d4          	.data
   80  00003000          	.align 2
   81  00003000          	LC0_LF0:
   82  00003000  4572726f	.ascii "Error Split S2: \000"
   82  00003004  72205370	
   82  00003008  6c697420	
   82  0000300c  53323a20	
   82  00003010  00      	
   83  00003011          	.align 2
   84  00003014          	LC1_LF0:
   85  00003014  4661696c	.ascii "Failed to open mailbox: Split S2 (%d)\000"
   85  00003018  65642074	
   85  0000301c  6f206f70	
   85  00003020  656e206d	
   85  00003024  61696c62	
   85  00003028  6f783a20	
   85  0000302c  53706c69	
   85  00003030  74205332	
   85  00003034  20282564	
   85  00003038  2900    	
   86  0000303a          	.align 2
   87  0000303c          	LC2_LF0:
   88  0000303c  4661696c	.ascii "Failed to receive to mailbox 1: Split S2 (%d)\000"
   88  00003040  65642074	
   88  00003044  6f207265	
   88  00003048  63656976	
   88  0000304c  6520746f	
   88  00003050  206d6169	
   88  00003054  6c626f78	
   88  00003058  20313a20	
   88  0000305c  53706c69	
   88  00003060  74205332	
   88  00003064  20282564	
   88  00003068  2900    	
   89  0000306a          	.align 2
   90  0000306c          	LC3_LF0:
   91  0000306c  4661696c	.ascii "Failed to close mailbox: Split S2 (%d)\000"
   91  00003070  65642074	
   91  00003074  6f20636c	
   91  00003078  6f736520	
   91  0000307c  6d61696c	
   91  00003080  626f783a	
   91  00003084  2053706c	
   91  00003088  69742053	
   91  0000308c  32202825	
   91  00003090  642900  	
   92  00003093          	.align 2
   93  00003094          	LC4_LF0:
   94  00003094  5300    	.ascii "S\000"
   95  00003096          	.align 2
   96  00003098          	LC5_LF0:
   97  00003098  4661696c	.ascii "Failed to send to mailbox: Split S2 (%d)\000"
   97  0000309c  65642074	
   97  000030a0  6f207365	
   97  000030a4  6e642074	
   97  000030a8  6f206d61	
   97  000030ac  696c626f	
   97  000030b0  783a2053	
   97  000030b4  706c6974	
   97  000030b8  20533220	
   97  000030bc  28256429	
   97  000030c0  00      	
   98  000030c1          	.align 2
   99  000030c4          	LC6_LF0:
  100  000030c4  28256429	.ascii "(%d) Created S Molecule\n\000"
  100  000030c8  20437265	
  100  000030cc  61746564	
  100  000030d0  2053204d	
  100  000030d4  6f6c6563	
  100  000030d8  756c650a	
  100  000030dc  00      	
  101  000030dd          	.align 2
  102  000030e0          	LC7_LF0:
  103  000030e0  50494420	.ascii "PID %d is complete.\n\000"
  103  000030e4  25642069	
  103  000030e8  7320636f	
  103  000030ec  6d706c65	
  103  000030f0  74652e0a	
  103  000030f4  00      	
  104  000030f5          	.align 2
  105  000030f8          	LC8_LF0:
  106  000030f8  42616420	.ascii "Bad semaphore s_procs_completed (%d) in \000"
  106  000030fc  73656d61	
  106  00003100  70686f72	
  106  00003104  6520735f	
  106  00003108  70726f63	
  106  0000310c  735f636f	
  106  00003110  6d706c65	
  106  00003114  74656420	
  106  00003118  28256429	
  106  0000311c  20696e20	
  106  00003120  00      	
  107  00003121          	.align 2
  108  00003124          	LC9_LF0:
  109  00003124  2c206578	.ascii ", exiting...\n\000"
  109  00003128  6974696e	
  109  0000312c  672e2e2e	
  109  00003130  0a00    	
  110  00003132          	.text
  111  000010d4          	.align 2
  112  000010d4          	.proc _main
  113  000010d4          	.global _main
  114  000010d4          	_main:
  115                      ;  Function 'main'; 8 bytes of locals, 0 regs to save.
  116  000010d4  afbefffc	sw	-4(r29),r30; push fp
  117  000010d8  001df020	add	r30,r0,r29; fp = sp
  118  000010dc  afbffff8	sw	-8(r29),r31; push ret addr
  119  000010e0  2fbd0010	subui	r29,r29,#16; alloc local storage
  120  000010e4  8fc20000	lw	r2,(r30)
  121  000010e8  8fc50004	lw	r5,4(r30)
  122  000010ec  0c0012d8	jal	___main
  123  000010f0  54000000	nop; not filled.
  124  000010f4  64410004	snei	r1,r2,#4
  125  000010f8  10200038	beqz	r1,L14_LF0
  126  000010fc  54000000	nop; not filled.
  127  00001100  23bdfff8	addi	r29,r29,#-8
  128  00001104  3c070000	lhi	r7,((LC0_LF0)>>16)&0xffff
  129  00001108  24e73000	addui	r7,r7,(LC0_LF0)&0xffff
  130  0000110c  afa70000	sw	(r29),r7
  131  00001110  0c000404	jal	_Printf
  132  00001114  54000000	nop; not filled.
  133  00001118  8ca70000	lw	r7,(r5)
  134  0000111c  afa70000	sw	(r29),r7
  135  00001120  0c0003f4	jal	_Printf
  136  00001124  54000000	nop; not filled.
  137  00001128  0c0004f4	jal	_Exit
  138  0000112c  54000000	nop; not filled.
  139  00001130  23bd0008	addi	r29,r29,#8
  140  00001134          	L14_LF0:
  141  00001134  23bdfff0	addi	r29,r29,#-16
  142  00001138  8ca70004	lw	r7,4(r5)
  143  0000113c  afa70000	sw	(r29),r7
  144  00001140  20070000	addi	r7,r0,#0
  145  00001144  afa70004	sw	4(r29),r7
  146  00001148  2007000a	addi	r7,r0,#10
  147  0000114c  afa70008	sw	8(r29),r7
  148  00001150  0c000d78	jal	_dstrtol
  149  00001154  54000000	nop; not filled.
  150  00001158  00013020	add	r6,r0,r1
  151  0000115c  8ca70008	lw	r7,8(r5)
  152  00001160  afa70000	sw	(r29),r7
  153  00001164  20070000	addi	r7,r0,#0
  154  00001168  afa70004	sw	4(r29),r7
  155  0000116c  2007000a	addi	r7,r0,#10
  156  00001170  afa70008	sw	8(r29),r7
  157  00001174  0c000d54	jal	_dstrtol
  158  00001178  54000000	nop; not filled.
  159  0000117c  00011020	add	r2,r0,r1
  160  00001180  8ca7000c	lw	r7,12(r5)
  161  00001184  afa70000	sw	(r29),r7
  162  00001188  20070000	addi	r7,r0,#0
  163  0000118c  afa70004	sw	4(r29),r7
  164  00001190  2007000a	addi	r7,r0,#10
  165  00001194  afa70008	sw	8(r29),r7
  166  00001198  0c000d30	jal	_dstrtol
  167  0000119c  54000000	nop; not filled.
  168  000011a0  00011820	add	r3,r0,r1
  169  000011a4  afa20000	sw	(r29),r2
  170  000011a8  0c00042c	jal	_mbox_open
  171  000011ac  54000000	nop; not filled.
  172  000011b0  23bd0010	addi	r29,r29,#16
  173  000011b4  64210001	snei	r1,r1,#1
  174  000011b8  10200034	beqz	r1,L15_LF0
  175  000011bc  54000000	nop; not filled.
  176  000011c0  0c000360	jal	_getpid
  177  000011c4  54000000	nop; not filled.
  178  000011c8  23bdfff8	addi	r29,r29,#-8
  179  000011cc  3c070000	lhi	r7,((LC1_LF0)>>16)&0xffff
  180  000011d0  24e73014	addui	r7,r7,(LC1_LF0)&0xffff
  181  000011d4  afa70000	sw	(r29),r7
  182  000011d8  afa10004	sw	4(r29),r1
  183  000011dc  0c000338	jal	_Printf
  184  000011e0  54000000	nop; not filled.
  185  000011e4  0c000438	jal	_Exit
  186  000011e8  54000000	nop; not filled.
  187  000011ec  23bd0008	addi	r29,r29,#8
  188  000011f0          	L15_LF0:
  189  000011f0  23bdfff0	addi	r29,r29,#-16
  190  000011f4  afa20000	sw	(r29),r2
  191  000011f8  20070002	addi	r7,r0,#2
  192  000011fc  afa70004	sw	4(r29),r7
  193  00001200  23c1fff0	addi	r1,r30,#-16
  194  00001204  afa10008	sw	8(r29),r1
  195  00001208  0c0003f0	jal	_mbox_recv
  196  0000120c  54000000	nop; not filled.
  197  00001210  23bd0010	addi	r29,r29,#16
  198  00001214  64210002	snei	r1,r1,#2
  199  00001218  10200034	beqz	r1,L16_LF0
  200  0000121c  54000000	nop; not filled.
  201  00001220  0c000300	jal	_getpid
  202  00001224  54000000	nop; not filled.
  203  00001228  23bdfff8	addi	r29,r29,#-8
  204  0000122c  3c070000	lhi	r7,((LC2_LF0)>>16)&0xffff
  205  00001230  24e7303c	addui	r7,r7,(LC2_LF0)&0xffff
  206  00001234  afa70000	sw	(r29),r7
  207  00001238  afa10004	sw	4(r29),r1
  208  0000123c  0c0002d8	jal	_Printf
  209  00001240  54000000	nop; not filled.
  210  00001244  0c0003d8	jal	_Exit
  211  00001248  54000000	nop; not filled.
  212  0000124c  23bd0008	addi	r29,r29,#8
  213  00001250          	L16_LF0:
  214  00001250  23bdfff8	addi	r29,r29,#-8
  215  00001254  afa20000	sw	(r29),r2
  216  00001258  0c000388	jal	_mbox_close
  217  0000125c  54000000	nop; not filled.
  218  00001260  23bd0008	addi	r29,r29,#8
  219  00001264  64210001	snei	r1,r1,#1
  220  00001268  10200034	beqz	r1,L17_LF0
  221  0000126c  54000000	nop; not filled.
  222  00001270  0c0002b0	jal	_getpid
  223  00001274  54000000	nop; not filled.
  224  00001278  23bdfff8	addi	r29,r29,#-8
  225  0000127c  3c070000	lhi	r7,((LC3_LF0)>>16)&0xffff
  226  00001280  24e7306c	addui	r7,r7,(LC3_LF0)&0xffff
  227  00001284  afa70000	sw	(r29),r7
  228  00001288  afa10004	sw	4(r29),r1
  229  0000128c  0c000288	jal	_Printf
  230  00001290  54000000	nop; not filled.
  231  00001294  0c000388	jal	_Exit
  232  00001298  54000000	nop; not filled.
  233  0000129c  23bd0008	addi	r29,r29,#8
  234  000012a0          	L17_LF0:
  235  000012a0  23bdfff8	addi	r29,r29,#-8
  236  000012a4  afa30000	sw	(r29),r3
  237  000012a8  0c00032c	jal	_mbox_open
  238  000012ac  54000000	nop; not filled.
  239  000012b0  23bd0008	addi	r29,r29,#8
  240  000012b4  64210001	snei	r1,r1,#1
  241  000012b8  10200034	beqz	r1,L18_LF0
  242  000012bc  54000000	nop; not filled.
  243  000012c0  0c000260	jal	_getpid
  244  000012c4  54000000	nop; not filled.
  245  000012c8  23bdfff8	addi	r29,r29,#-8
  246  000012cc  3c070000	lhi	r7,((LC1_LF0)>>16)&0xffff
  247  000012d0  24e73014	addui	r7,r7,(LC1_LF0)&0xffff
  248  000012d4  afa70000	sw	(r29),r7
  249  000012d8  afa10004	sw	4(r29),r1
  250  000012dc  0c000238	jal	_Printf
  251  000012e0  54000000	nop; not filled.
  252  000012e4  0c000338	jal	_Exit
  253  000012e8  54000000	nop; not filled.
  254  000012ec  23bd0008	addi	r29,r29,#8
  255  000012f0          	L18_LF0:
  256  000012f0  23bdfff0	addi	r29,r29,#-16
  257  000012f4  afa30000	sw	(r29),r3
  258  000012f8  20070001	addi	r7,r0,#1
  259  000012fc  afa70004	sw	4(r29),r7
  260  00001300  3c040000	lhi	r4,((LC4_LF0)>>16)&0xffff
  261  00001304  24843094	addui	r4,r4,(LC4_LF0)&0xffff
  262  00001308  afa40008	sw	8(r29),r4
  263  0000130c  0c0002e0	jal	_mbox_send
  264  00001310  54000000	nop; not filled.
  265  00001314  23bd0010	addi	r29,r29,#16
  266  00001318  64210001	snei	r1,r1,#1
  267  0000131c  10200034	beqz	r1,L19_LF0
  268  00001320  54000000	nop; not filled.
  269  00001324  0c0001fc	jal	_getpid
  270  00001328  54000000	nop; not filled.
  271  0000132c  23bdfff8	addi	r29,r29,#-8
  272  00001330  3c070000	lhi	r7,((LC5_LF0)>>16)&0xffff
  273  00001334  24e73098	addui	r7,r7,(LC5_LF0)&0xffff
  274  00001338  afa70000	sw	(r29),r7
  275  0000133c  afa10004	sw	4(r29),r1
  276  00001340  0c0001d4	jal	_Printf
  277  00001344  54000000	nop; not filled.
  278  00001348  0c0002d4	jal	_Exit
  279  0000134c  54000000	nop; not filled.
  280  00001350  23bd0008	addi	r29,r29,#8
  281  00001354          	L19_LF0:
  282  00001354  0c0001cc	jal	_getpid
  283  00001358  54000000	nop; not filled.
  284  0000135c  23bdfff8	addi	r29,r29,#-8
  285  00001360  3c020000	lhi	r2,((LC6_LF0)>>16)&0xffff
  286  00001364  244230c4	addui	r2,r2,(LC6_LF0)&0xffff
  287  00001368  afa20000	sw	(r29),r2
  288  0000136c  afa10004	sw	4(r29),r1
  289  00001370  0c0001a4	jal	_Printf
  290  00001374  54000000	nop; not filled.
  291  00001378  23bdfff8	addi	r29,r29,#-8
  292  0000137c  afa30000	sw	(r29),r3
  293  00001380  20070001	addi	r7,r0,#1
  294  00001384  afa70004	sw	4(r29),r7
  295  00001388  afa40008	sw	8(r29),r4
  296  0000138c  0c000260	jal	_mbox_send
  297  00001390  54000000	nop; not filled.
  298  00001394  23bd0010	addi	r29,r29,#16
  299  00001398  64210001	snei	r1,r1,#1
  300  0000139c  10200034	beqz	r1,L20_LF0
  301  000013a0  54000000	nop; not filled.
  302  000013a4  0c00017c	jal	_getpid
  303  000013a8  54000000	nop; not filled.
  304  000013ac  23bdfff8	addi	r29,r29,#-8
  305  000013b0  3c070000	lhi	r7,((LC5_LF0)>>16)&0xffff
  306  000013b4  24e73098	addui	r7,r7,(LC5_LF0)&0xffff
  307  000013b8  afa70000	sw	(r29),r7
  308  000013bc  afa10004	sw	4(r29),r1
  309  000013c0  0c000154	jal	_Printf
  310  000013c4  54000000	nop; not filled.
  311  000013c8  0c000254	jal	_Exit
  312  000013cc  54000000	nop; not filled.
  313  000013d0  23bd0008	addi	r29,r29,#8
  314  000013d4          	L20_LF0:
  315  000013d4  0c00014c	jal	_getpid
  316  000013d8  54000000	nop; not filled.
  317  000013dc  23bdfff8	addi	r29,r29,#-8
  318  000013e0  afa20000	sw	(r29),r2
  319  000013e4  afa10004	sw	4(r29),r1
  320  000013e8  0c00012c	jal	_Printf
  321  000013ec  54000000	nop; not filled.
  322  000013f0  afa30000	sw	(r29),r3
  323  000013f4  0c0001ec	jal	_mbox_close
  324  000013f8  54000000	nop; not filled.
  325  000013fc  23bd0008	addi	r29,r29,#8
  326  00001400  64210001	snei	r1,r1,#1
  327  00001404  10200034	beqz	r1,L21_LF0
  328  00001408  54000000	nop; not filled.
  329  0000140c  0c000114	jal	_getpid
  330  00001410  54000000	nop; not filled.
  331  00001414  23bdfff8	addi	r29,r29,#-8
  332  00001418  3c070000	lhi	r7,((LC3_LF0)>>16)&0xffff
  333  0000141c  24e7306c	addui	r7,r7,(LC3_LF0)&0xffff
  334  00001420  afa70000	sw	(r29),r7
  335  00001424  afa10004	sw	4(r29),r1
  336  00001428  0c0000ec	jal	_Printf
  337  0000142c  54000000	nop; not filled.
  338  00001430  0c0001ec	jal	_Exit
  339  00001434  54000000	nop; not filled.
  340  00001438  23bd0008	addi	r29,r29,#8
  341  0000143c          	L21_LF0:
  342  0000143c  0c0000e4	jal	_getpid
  343  00001440  54000000	nop; not filled.
  344  00001444  23bdfff8	addi	r29,r29,#-8
  345  00001448  3c070000	lhi	r7,((LC7_LF0)>>16)&0xffff
  346  0000144c  24e730e0	addui	r7,r7,(LC7_LF0)&0xffff
  347  00001450  afa70000	sw	(r29),r7
  348  00001454  afa10004	sw	4(r29),r1
  349  00001458  0c0000bc	jal	_Printf
  350  0000145c  54000000	nop; not filled.
  351  00001460  afa60000	sw	(r29),r6
  352  00001464  0c000104	jal	_sem_signal
  353  00001468  54000000	nop; not filled.
  354  0000146c  23bd0008	addi	r29,r29,#8
  355  00001470  64210001	snei	r1,r1,#1
  356  00001474  10200050	beqz	r1,L22_LF0
  357  00001478  54000000	nop; not filled.
  358  0000147c  23bdfff8	addi	r29,r29,#-8
  359  00001480  3c070000	lhi	r7,((LC8_LF0)>>16)&0xffff
  360  00001484  24e730f8	addui	r7,r7,(LC8_LF0)&0xffff
  361  00001488  afa70000	sw	(r29),r7
  362  0000148c  afa60004	sw	4(r29),r6
  363  00001490  0c000084	jal	_Printf
  364  00001494  54000000	nop; not filled.
  365  00001498  8ca50000	lw	r5,(r5)
  366  0000149c  afa50000	sw	(r29),r5
  367  000014a0  0c000074	jal	_Printf
  368  000014a4  54000000	nop; not filled.
  369  000014a8  3c070000	lhi	r7,((LC9_LF0)>>16)&0xffff
  370  000014ac  24e73124	addui	r7,r7,(LC9_LF0)&0xffff
  371  000014b0  afa70000	sw	(r29),r7
  372  000014b4  0c000060	jal	_Printf
  373  000014b8  54000000	nop; not filled.
  374  000014bc  0c000160	jal	_Exit
  375  000014c0  54000000	nop; not filled.
  376  000014c4  23bd0008	addi	r29,r29,#8
  377  000014c8          	L22_LF0:
  378  000014c8  0c000ef0	jal	_exit
  379  000014cc  54000000	nop
  380  000014d0          	.endproc _main
  381                      ;;;
  382                      ;;; Stub functions for DLX traps.
  383                      ;;;
  384                      ;;; Ethan L. Miller, 1999.  Released to the public domain.
  385                      ;;;
  386                      ;;; The traps such as Open and Close
  387                      ;;; (note the capital letters) are for use by user programs.  The traps
  388                      ;;; with names such as open and close (lower case) are for use by the OS.
  389                      ;;;
  392  000014d0          	.align 2
  394                      ;;; The following are the traps to be used by user-level programs
  395                      ;;;
  397  000014d0          	.align 2
  398  000014d0          	.proc _Open
  399  000014d0          	.global _Open
  400  000014d0          	_Open:
  401                      ;;; Note that trap #0x213 actually causes a trap vector in the OS of
  402                      ;;; 0x1213.  The same is true for other user traps.  Thus, a user trap
  403                      ;;; with trap #0x240 will result in a trap vector of 0x1240 in the OS.
  404  000014d0  44000213	trap	#0x213
  405  000014d4  4be00000	jr	r31
  406  000014d8  54000000	nop
  407  000014dc          	.endproc _Open
  409  000014dc          	.proc _Close
  410  000014dc          	.global _Close
  411  000014dc          	_Close:
  412  000014dc  44000214	trap	#0x214
  413  000014e0  4be00000	jr	r31
  414  000014e4  54000000	nop
  415  000014e8          	.endproc _Close
  417  000014e8          	.proc _Read
  418  000014e8          	.global _Read
  419  000014e8          	_Read:
  420  000014e8  44000210	trap	#0x210
  421  000014ec  4be00000	jr	r31
  422  000014f0  54000000	nop
  423  000014f4          	.endproc _Read
  425  000014f4          	.proc _Write
  426  000014f4          	.global _Write
  427  000014f4          	_Write:
  428  000014f4  44000211	trap	#0x211
  429  000014f8  4be00000	jr	r31
  430  000014fc  54000000	nop
  431  00001500          	.endproc _Write
  433  00001500          	.proc _Lseek
  434  00001500          	.global _Lseek
  435  00001500          	_Lseek:
  436  00001500  44000212	trap	#0x212
  437  00001504  4be00000	jr	r31
  438  00001508  54000000	nop
  439  0000150c          	.endproc _Lseek
  441  0000150c          	.proc _Putchar
  442  0000150c          	.global _Putchar
  443  0000150c          	_Putchar:
  444  0000150c  44000280	trap	#0x280
  445  00001510  4be00000	jr	r31
  446  00001514  54000000	nop
  447  00001518          	.endproc _Putchar
  449  00001518          	.proc _Printf
  450  00001518          	.global _Printf
  451  00001518          	_Printf:
  452  00001518  44000201	trap	#0x201
  453  0000151c  4be00000	jr	r31
  454  00001520  54000000	nop
  455  00001524          	.endproc _Printf
  457  00001524          	.proc _getpid
  458  00001524          	.global _getpid
  459  00001524          	_getpid:
  460  00001524  44000431	trap	#0x431
  461  00001528  4be00000	jr	r31
  462  0000152c  54000000	nop
  463  00001530          	.endproc _getpid
  465  00001530          	.proc _process_create
  466  00001530          	.global _process_create
  467  00001530          	_process_create:
  468  00001530  44000432	trap	#0x432
  469  00001534  4be00000	jr	r31
  470  00001538  54000000	nop
  471  0000153c          	.endproc _process_create
  473  0000153c          	.proc _shmget
  474  0000153c          	.global _shmget
  475  0000153c          	_shmget:
  476  0000153c  44000440	trap	#0x440
  477  00001540  4be00000	jr	r31
  478  00001544  54000000	nop
  479  00001548          	.endproc _shmget
  481  00001548          	.proc _shmat
  482  00001548          	.global _shmat
  483  00001548          	_shmat:
  484  00001548  44000441	trap	#0x441
  485  0000154c  4be00000	jr	r31
  486  00001550  54000000	nop
  487  00001554          	.endproc _shmat
  489  00001554          	.proc _sem_create
  490  00001554          	.global _sem_create
  491  00001554          	_sem_create:
  492  00001554  44000450	trap	#0x450
  493  00001558  4be00000	jr	r31
  494  0000155c  54000000	nop
  495  00001560          	.endproc _sem_create
  497  00001560          	.proc _sem_wait
  498  00001560          	.global _sem_wait
  499  00001560          	_sem_wait:
  500  00001560  44000451	trap	#0x451
  501  00001564  4be00000	jr	r31
  502  00001568  54000000	nop
  503  0000156c          	.endproc _sem_wait
  505  0000156c          	.proc _sem_signal
  506  0000156c          	.global _sem_signal
  507  0000156c          	_sem_signal:
  508  0000156c  44000452	trap	#0x452
  509  00001570  4be00000	jr	r31
  510  00001574  54000000	nop
  511  00001578          	.endproc _sem_signal
  513  00001578          	.proc _lock_create
  514  00001578          	.global _lock_create
  515  00001578          	_lock_create:
  516  00001578  44000453	trap	#0x453
  517  0000157c  4be00000	jr	r31
  518  00001580  54000000	nop
  519  00001584          	.endproc _lock_create
  521  00001584          	.proc _lock_acquire
  522  00001584          	.global _lock_acquire
  523  00001584          	_lock_acquire:
  524  00001584  44000454	trap	#0x454
  525  00001588  4be00000	jr	r31
  526  0000158c  54000000	nop
  527  00001590          	.endproc _lock_acquire
  529  00001590          	.proc _lock_release
  530  00001590          	.global _lock_release
  531  00001590          	_lock_release:
  532  00001590  44000455	trap	#0x455
  533  00001594  4be00000	jr	r31
  534  00001598  54000000	nop
  535  0000159c          	.endproc _lock_release
  537  0000159c          	.proc _cond_create
  538  0000159c          	.global _cond_create
  539  0000159c          	_cond_create:
  540  0000159c  44000456	trap	#0x456
  541  000015a0  4be00000	jr	r31
  542  000015a4  54000000	nop
  543  000015a8          	.endproc _cond_create
  545  000015a8          	.proc _cond_wait
  546  000015a8          	.global _cond_wait
  547  000015a8          	_cond_wait:
  548  000015a8  44000457	trap	#0x457
  549  000015ac  4be00000	jr	r31
  550  000015b0  54000000	nop
  551  000015b4          	.endproc _cond_wait
  553  000015b4          	.proc _cond_signal
  554  000015b4          	.global _cond_signal
  555  000015b4          	_cond_signal:
  556  000015b4  44000458	trap	#0x458
  557  000015b8  4be00000	jr	r31
  558  000015bc  54000000	nop
  559  000015c0          	.endproc _cond_signal
  561  000015c0          	.proc _cond_broadcast
  562  000015c0          	.global _cond_broadcast
  563  000015c0          	_cond_broadcast:
  564  000015c0  44000459	trap	#0x459
  565  000015c4  4be00000	jr	r31
  566  000015c8  54000000	nop
  567  000015cc          	.endproc _cond_broadcast
  569  000015cc          	.proc _mbox_create
  570  000015cc          	.global _mbox_create
  571  000015cc          	_mbox_create:
  572  000015cc  44000460	trap	#0x460
  573  000015d0  4be00000	jr	r31
  574  000015d4  54000000	nop
  575  000015d8          	.endproc _mbox_create
  577  000015d8          	.proc _mbox_open
  578  000015d8          	.global _mbox_open
  579  000015d8          	_mbox_open:
  580  000015d8  44000461	trap	#0x461
  581  000015dc  4be00000	jr	r31
  582  000015e0  54000000	nop
  583  000015e4          	.endproc _mbox_open
  585  000015e4          	.proc _mbox_close
  586  000015e4          	.global _mbox_close
  587  000015e4          	_mbox_close:
  588  000015e4  44000462	trap	#0x462
  589  000015e8  4be00000	jr	r31
  590  000015ec  54000000	nop
  591  000015f0          	.endproc _mbox_close
  593  000015f0          	.proc _mbox_send
  594  000015f0          	.global _mbox_send
  595  000015f0          	_mbox_send:
  596  000015f0  44000463	trap	#0x463
  597  000015f4  4be00000	jr	r31
  598  000015f8  54000000	nop
  599  000015fc          	.endproc _mbox_send
  601  000015fc          	.proc _mbox_recv
  602  000015fc          	.global _mbox_recv
  603  000015fc          	_mbox_recv:
  604  000015fc  44000464	trap	#0x464
  605  00001600  4be00000	jr	r31
  606  00001604  54000000	nop
  607  00001608          	.endproc _mbox_recv
  609  00001608          	.proc _sleep
  610  00001608          	.global _sleep
  611  00001608          	_sleep:
  612  00001608  44000465	trap	#0x465
  613  0000160c  4be00000	jr	r31
  614  00001610  54000000	nop
  615  00001614          	.endproc _sleep
  617  00001614          	.proc _yield
  618  00001614          	.global _yield
  619  00001614          	_yield:
  620  00001614  44000466	trap	#0x466
  621  00001618  4be00000	jr	r31
  622  0000161c  54000000	nop
  623  00001620          	.endproc _yield
  626  00001620          	.proc _Exit
  627  00001620          	.global _Exit
  628  00001620          	_Exit:
  629  00001620  44000500	trap	#0x500
  630  00001624  4be00000	jr	r31
  631  00001628  54000000	nop
  632  0000162c          	.endproc _Exit
  633                      ; Compiled by GCC
  635  0000162c          	.align 2
  636  0000162c          	.proc _isspace
  637  0000162c          	.global _isspace
  638  0000162c          	_isspace:
  639                      ;  Function 'isspace'; 0 bytes of locals, 3 regs to save.
  640  0000162c  afbefffc	sw	-4(r29),r30; push fp
  641  00001630  001df020	add	r30,r0,r29; fp = sp
  642  00001634  afbffff8	sw	-8(r29),r31; push ret addr
  643  00001638  2fbd0018	subui	r29,r29,#24; alloc local storage
  644  0000163c  afa20000	sw	0(r29),r2
  645  00001640  afa30004	sw	4(r29),r3
  646  00001644  afa40008	sw	8(r29),r4
  647  00001648  83c20003	lb	r2,3(r30)
  648  0000164c  20010000	addi	r1,r0,#0
  649  00001650  304300ff	andi	r3,r2,#0x00ff
  650  00001654  60640020	seqi	r4,r3,#32
  651  00001658  1480002c	bnez	r4,L3_LF2
  652  0000165c  54000000	nop; delay slot nop
  653  00001660  304300ff	andi	r3,r2,#0x00ff
  654  00001664  60640009	seqi	r4,r3,#9
  655  00001668  1480001c	bnez	r4,L3_LF2
  656  0000166c  54000000	nop; delay slot nop
  657  00001670  304300ff	andi	r3,r2,#0x00ff
  658  00001674  6064000a	seqi	r4,r3,#10
  659  00001678  1480000c	bnez	r4,L3_LF2
  660  0000167c  54000000	nop; delay slot nop
  661  00001680  08000008	j	L2_LF2
  662  00001684  54000000	nop; delay slot nop
  663  00001688          	L3_LF2:
  664  00001688  20010001	addi	r1,r0,#1
  665  0000168c          	L2_LF2:
  666  0000168c  08000004	j	L1_LF2
  667  00001690  54000000	nop; delay slot nop
  668  00001694          	L1_LF2:
  669  00001694  8fa20000	lw	r2,0(r29)
  670  00001698  8fa30004	lw	r3,4(r29)
  671  0000169c  8fa40008	lw	r4,8(r29)
  672  000016a0  8fdffff8	lw	r31,-8(r30)
  673  000016a4  001ee820	add	r29,r0,r30
  674  000016a8  8fdefffc	lw	r30,-4(r30)
  675  000016ac  4be00000	jr	r31
  676  000016b0  54000000	nop
  677  000016b4          	.endproc _isspace
  678  000016b4          	.align 2
  679  000016b4          	.proc _isxdigit
  680  000016b4          	.global _isxdigit
  681  000016b4          	_isxdigit:
  682                      ;  Function 'isxdigit'; 0 bytes of locals, 3 regs to save.
  683  000016b4  afbefffc	sw	-4(r29),r30; push fp
  684  000016b8  001df020	add	r30,r0,r29; fp = sp
  685  000016bc  afbffff8	sw	-8(r29),r31; push ret addr
  686  000016c0  2fbd0018	subui	r29,r29,#24; alloc local storage
  687  000016c4  afa20000	sw	0(r29),r2
  688  000016c8  afa30004	sw	4(r29),r3
  689  000016cc  afa40008	sw	8(r29),r4
  690  000016d0  83c20003	lb	r2,3(r30)
  691  000016d4  20010000	addi	r1,r0,#0
  692  000016d8  304300ff	andi	r3,r2,#0x00ff
  693  000016dc  6c64002f	sgtui	r4,r3,#47
  694  000016e0  1080001c	beqz	r4,L7_LF2
  695  000016e4  54000000	nop; delay slot nop
  696  000016e8  304300ff	andi	r3,r2,#0x00ff
  697  000016ec  70640039	sleui	r4,r3,#57
  698  000016f0  1480005c	bnez	r4,L6_LF2
  699  000016f4  54000000	nop; delay slot nop
  700  000016f8  08000004	j	L7_LF2
  701  000016fc  54000000	nop; delay slot nop
  702  00001700          	L7_LF2:
  703  00001700  304300ff	andi	r3,r2,#0x00ff
  704  00001704  6c640060	sgtui	r4,r3,#96
  705  00001708  1080001c	beqz	r4,L8_LF2
  706  0000170c  54000000	nop; delay slot nop
  707  00001710  304300ff	andi	r3,r2,#0x00ff
  708  00001714  70640066	sleui	r4,r3,#102
  709  00001718  14800034	bnez	r4,L6_LF2
  710  0000171c  54000000	nop; delay slot nop
  711  00001720  08000004	j	L8_LF2
  712  00001724  54000000	nop; delay slot nop
  713  00001728          	L8_LF2:
  714  00001728  304300ff	andi	r3,r2,#0x00ff
  715  0000172c  6c640040	sgtui	r4,r3,#64
  716  00001730  10800020	beqz	r4,L5_LF2
  717  00001734  54000000	nop; delay slot nop
  718  00001738  304300ff	andi	r3,r2,#0x00ff
  719  0000173c  70640041	sleui	r4,r3,#65
  720  00001740  1480000c	bnez	r4,L6_LF2
  721  00001744  54000000	nop; delay slot nop
  722  00001748  08000008	j	L5_LF2
  723  0000174c  54000000	nop; delay slot nop
  724  00001750          	L6_LF2:
  725  00001750  20010001	addi	r1,r0,#1
  726  00001754          	L5_LF2:
  727  00001754  08000004	j	L4_LF2
  728  00001758  54000000	nop; delay slot nop
  729  0000175c          	L4_LF2:
  730  0000175c  8fa20000	lw	r2,0(r29)
  731  00001760  8fa30004	lw	r3,4(r29)
  732  00001764  8fa40008	lw	r4,8(r29)
  733  00001768  8fdffff8	lw	r31,-8(r30)
  734  0000176c  001ee820	add	r29,r0,r30
  735  00001770  8fdefffc	lw	r30,-4(r30)
  736  00001774  4be00000	jr	r31
  737  00001778  54000000	nop
  738  0000177c          	.endproc _isxdigit
  739  0000177c          	.align 2
  740  0000177c          	.proc _dstrcpy
  741  0000177c          	.global _dstrcpy
  742  0000177c          	_dstrcpy:
  743                      ;  Function 'dstrcpy'; 8 bytes of locals, 2 regs to save.
  744  0000177c  afbefffc	sw	-4(r29),r30; push fp
  745  00001780  001df020	add	r30,r0,r29; fp = sp
  746  00001784  afbffff8	sw	-8(r29),r31; push ret addr
  747  00001788  2fbd0018	subui	r29,r29,#24; alloc local storage
  748  0000178c  afa20000	sw	0(r29),r2
  749  00001790  afa30004	sw	4(r29),r3
  750  00001794  8fc10000	lw	r1,(r30)
  751  00001798  afc1fff4	sw	-12(r30),r1
  752  0000179c          	L10_LF2:
  753  0000179c  8fc10000	lw	r1,(r30)
  754  000017a0  20220001	addi	r2,r1,#1
  755  000017a4  afc20000	sw	(r30),r2
  756  000017a8  8fc20004	lw	r2,4(r30)
  757  000017ac  20430001	addi	r3,r2,#1
  758  000017b0  afc30004	sw	4(r30),r3
  759  000017b4  80420000	lb	r2,(r2)
  760  000017b8  a0220000	sb	(r1),r2
  761  000017bc  a3c2fff3	sb	-13(r30),r2
  762  000017c0          	L12_LF2:
  763  000017c0  93c1fff3	lbu	r1,-13(r30)
  764  000017c4  64220000	snei	r2,r1,#0
  765  000017c8  1440000c	bnez	r2,L13_LF2
  766  000017cc  54000000	nop; delay slot nop
  767  000017d0  0800000c	j	L11_LF2
  768  000017d4  54000000	nop; delay slot nop
  769  000017d8          	L13_LF2:
  770  000017d8  0bffffc0	j	L10_LF2
  771  000017dc  54000000	nop; delay slot nop
  772  000017e0          	L11_LF2:
  773  000017e0  8fc1fff4	lw	r1,-12(r30)
  774  000017e4  08000004	j	L9_LF2
  775  000017e8  54000000	nop; delay slot nop
  776  000017ec          	L9_LF2:
  777  000017ec  8fa20000	lw	r2,0(r29)
  778  000017f0  8fa30004	lw	r3,4(r29)
  779  000017f4  8fdffff8	lw	r31,-8(r30)
  780  000017f8  001ee820	add	r29,r0,r30
  781  000017fc  8fdefffc	lw	r30,-4(r30)
  782  00001800  4be00000	jr	r31
  783  00001804  54000000	nop
  784  00001808          	.endproc _dstrcpy
  785  00001808          	.align 2
  786  00001808          	.proc _dstrncpy
  787  00001808          	.global _dstrncpy
  788  00001808          	_dstrncpy:
  789                      ;  Function 'dstrncpy'; 8 bytes of locals, 2 regs to save.
  790  00001808  afbefffc	sw	-4(r29),r30; push fp
  791  0000180c  001df020	add	r30,r0,r29; fp = sp
  792  00001810  afbffff8	sw	-8(r29),r31; push ret addr
  793  00001814  2fbd0018	subui	r29,r29,#24; alloc local storage
  794  00001818  afa20000	sw	0(r29),r2
  795  0000181c  afa30004	sw	4(r29),r3
  796  00001820  8fc10000	lw	r1,(r30)
  797  00001824  afc1fff4	sw	-12(r30),r1
  798  00001828          	L15_LF2:
  799  00001828  8fc10008	lw	r1,8(r30)
  800  0000182c  2022ffff	addi	r2,r1,#-1
  801  00001830  afc20008	sw	8(r30),r2
  802  00001834  70210000	slei	r1,r1,#0
  803  00001838  1020000c	beqz	r1,L18_LF2
  804  0000183c  54000000	nop; delay slot nop
  805  00001840  08000048	j	L16_LF2
  806  00001844  54000000	nop; delay slot nop
  807  00001848          	L18_LF2:
  808  00001848  8fc10000	lw	r1,(r30)
  809  0000184c  20220001	addi	r2,r1,#1
  810  00001850  afc20000	sw	(r30),r2
  811  00001854  8fc20004	lw	r2,4(r30)
  812  00001858  20430001	addi	r3,r2,#1
  813  0000185c  afc30004	sw	4(r30),r3
  814  00001860  80420000	lb	r2,(r2)
  815  00001864  a0220000	sb	(r1),r2
  816  00001868  a3c2fff3	sb	-13(r30),r2
  817  0000186c          	L17_LF2:
  818  0000186c  93c1fff3	lbu	r1,-13(r30)
  819  00001870  64220000	snei	r2,r1,#0
  820  00001874  1440000c	bnez	r2,L19_LF2
  821  00001878  54000000	nop; delay slot nop
  822  0000187c  0800000c	j	L16_LF2
  823  00001880  54000000	nop; delay slot nop
  824  00001884          	L19_LF2:
  825  00001884  0bffffa0	j	L15_LF2
  826  00001888  54000000	nop; delay slot nop
  827  0000188c          	L16_LF2:
  828  0000188c  8fc1fff4	lw	r1,-12(r30)
  829  00001890  08000004	j	L14_LF2
  830  00001894  54000000	nop; delay slot nop
  831  00001898          	L14_LF2:
  832  00001898  8fa20000	lw	r2,0(r29)
  833  0000189c  8fa30004	lw	r3,4(r29)
  834  000018a0  8fdffff8	lw	r31,-8(r30)
  835  000018a4  001ee820	add	r29,r0,r30
  836  000018a8  8fdefffc	lw	r30,-4(r30)
  837  000018ac  4be00000	jr	r31
  838  000018b0  54000000	nop
  839  000018b4          	.endproc _dstrncpy
  840  000018b4          	.align 2
  841  000018b4          	.proc _dstrcat
  842  000018b4          	.global _dstrcat
  843  000018b4          	_dstrcat:
  844                      ;  Function 'dstrcat'; 8 bytes of locals, 1 regs to save.
  845  000018b4  afbefffc	sw	-4(r29),r30; push fp
  846  000018b8  001df020	add	r30,r0,r29; fp = sp
  847  000018bc  afbffff8	sw	-8(r29),r31; push ret addr
  848  000018c0  2fbd0018	subui	r29,r29,#24; alloc local storage
  849  000018c4  afa20000	sw	0(r29),r2
  850  000018c8  8fc10000	lw	r1,(r30)
  851  000018cc  afc1fff4	sw	-12(r30),r1
  852  000018d0          	L21_LF2:
  853  000018d0  8fc10000	lw	r1,(r30)
  854  000018d4  90220000	lbu	r2,(r1)
  855  000018d8  64410000	snei	r1,r2,#0
  856  000018dc  1420000c	bnez	r1,L23_LF2
  857  000018e0  54000000	nop; delay slot nop
  858  000018e4  0800001c	j	L22_LF2
  859  000018e8  54000000	nop; delay slot nop
  860  000018ec          	L23_LF2:
  861  000018ec  8fc20000	lw	r2,(r30)
  862  000018f0  20410001	addi	r1,r2,#1
  863  000018f4  00011020	add	r2,r0,r1
  864  000018f8  afc20000	sw	(r30),r2
  865  000018fc  0bffffd0	j	L21_LF2
  866  00001900  54000000	nop; delay slot nop
  867  00001904          	L22_LF2:
  868  00001904  23bdfff8	addi	r29,r29,#-8
  869  00001908  001d0820	add	r1,r0,r29
  870  0000190c  8fc20000	lw	r2,(r30)
  871  00001910  ac220000	sw	(r1),r2
  872  00001914  8fc20004	lw	r2,4(r30)
  873  00001918  ac220004	sw	4(r1),r2
  874  0000191c  0ffffe5c	jal	_dstrcpy
  875  00001920  54000000	nop; delay slot nop
  876  00001924  23bd0008	addi	r29,r29,#8
  877  00001928  8fc1fff4	lw	r1,-12(r30)
  878  0000192c  08000004	j	L20_LF2
  879  00001930  54000000	nop; delay slot nop
  880  00001934          	L20_LF2:
  881  00001934  8fa20000	lw	r2,0(r29)
  882  00001938  8fdffff8	lw	r31,-8(r30)
  883  0000193c  001ee820	add	r29,r0,r30
  884  00001940  8fdefffc	lw	r30,-4(r30)
  885  00001944  4be00000	jr	r31
  886  00001948  54000000	nop
  887  0000194c          	.endproc _dstrcat
  888  0000194c          	.align 2
  889  0000194c          	.proc _dstrncmp
  890  0000194c          	.global _dstrncmp
  891  0000194c          	_dstrncmp:
  892                      ;  Function 'dstrncmp'; 8 bytes of locals, 2 regs to save.
  893  0000194c  afbefffc	sw	-4(r29),r30; push fp
  894  00001950  001df020	add	r30,r0,r29; fp = sp
  895  00001954  afbffff8	sw	-8(r29),r31; push ret addr
  896  00001958  2fbd0018	subui	r29,r29,#24; alloc local storage
  897  0000195c  afa20000	sw	0(r29),r2
  898  00001960  afa30004	sw	4(r29),r3
  899  00001964  54000000	nop
  900  00001968  20010000	addi	r1,r0,#0
  901  0000196c  afc1fff4	sw	-12(r30),r1
  902  00001970          	L25_LF2:
  903  00001970  8fc1fff4	lw	r1,-12(r30)
  904  00001974  8fc20008	lw	r2,8(r30)
  905  00001978  0022082a	slt	r1,r1,r2
  906  0000197c  1420000c	bnez	r1,L28_LF2
  907  00001980  54000000	nop; delay slot nop
  908  00001984  08000088	j	L26_LF2
  909  00001988  54000000	nop; delay slot nop
  910  0000198c          	L28_LF2:
  911  0000198c  8fc10004	lw	r1,4(r30)
  912  00001990  90220000	lbu	r2,(r1)
  913  00001994  64410000	snei	r1,r2,#0
  914  00001998  14200018	bnez	r1,L29_LF2
  915  0000199c  54000000	nop; delay slot nop
  916  000019a0  20010000	addi	r1,r0,#0
  917  000019a4  080000d8	j	L24_LF2
  918  000019a8  54000000	nop; delay slot nop
  919  000019ac  08000028	j	L30_LF2
  920  000019b0  54000000	nop; delay slot nop
  921  000019b4          	L29_LF2:
  922  000019b4  8fc10000	lw	r1,(r30)
  923  000019b8  8fc20004	lw	r2,4(r30)
  924  000019bc  90210000	lbu	r1,(r1)
  925  000019c0  90420000	lbu	r2,(r2)
  926  000019c4  00220829	sne	r1,r1,r2
  927  000019c8  1020000c	beqz	r1,L30_LF2
  928  000019cc  54000000	nop; delay slot nop
  929  000019d0  0800003c	j	L26_LF2
  930  000019d4  54000000	nop; delay slot nop
  931  000019d8          	L31_LF2:
  932  000019d8          	L30_LF2:
  933  000019d8  8fc20000	lw	r2,(r30)
  934  000019dc  20410001	addi	r1,r2,#1
  935  000019e0  00011020	add	r2,r0,r1
  936  000019e4  afc20000	sw	(r30),r2
  937  000019e8  8fc20004	lw	r2,4(r30)
  938  000019ec  20410001	addi	r1,r2,#1
  939  000019f0  00011020	add	r2,r0,r1
  940  000019f4  afc20004	sw	4(r30),r2
  941  000019f8          	L27_LF2:
  942  000019f8  8fc2fff4	lw	r2,-12(r30)
  943  000019fc  20410001	addi	r1,r2,#1
  944  00001a00  00011020	add	r2,r0,r1
  945  00001a04  afc2fff4	sw	-12(r30),r2
  946  00001a08  0bffff64	j	L25_LF2
  947  00001a0c  54000000	nop; delay slot nop
  948  00001a10          	L26_LF2:
  949  00001a10  8fc1fff4	lw	r1,-12(r30)
  950  00001a14  8fc20008	lw	r2,8(r30)
  951  00001a18  00220828	seq	r1,r1,r2
  952  00001a1c  10200018	beqz	r1,L32_LF2
  953  00001a20  54000000	nop; delay slot nop
  954  00001a24  20010000	addi	r1,r0,#0
  955  00001a28  08000054	j	L24_LF2
  956  00001a2c  54000000	nop; delay slot nop
  957  00001a30  0800004c	j	L33_LF2
  958  00001a34  54000000	nop; delay slot nop
  959  00001a38          	L32_LF2:
  960  00001a38  8fc20000	lw	r2,(r30)
  961  00001a3c  90410000	lbu	r1,(r2)
  962  00001a40  8fc20004	lw	r2,4(r30)
  963  00001a44  90430000	lbu	r3,(r2)
  964  00001a48  00230822	sub	r1,r1,r3
  965  00001a4c  74220000	sgei	r2,r1,#0
  966  00001a50  10400020	beqz	r2,L34_LF2
  967  00001a54  54000000	nop; delay slot nop
  968  00001a58  8fc10000	lw	r1,(r30)
  969  00001a5c  8fc20004	lw	r2,4(r30)
  970  00001a60  90210000	lbu	r1,(r1)
  971  00001a64  90420000	lbu	r2,(r2)
  972  00001a68  00220829	sne	r1,r1,r2
  973  00001a6c  08000008	j	L35_LF2
  974  00001a70  54000000	nop; delay slot nop
  975  00001a74          	L34_LF2:
  976  00001a74  2001ffff	addi	r1,r0,#-1
  977  00001a78          	L35_LF2:
  978  00001a78  08000004	j	L24_LF2
  979  00001a7c  54000000	nop; delay slot nop
  980  00001a80          	L33_LF2:
  981  00001a80          	L24_LF2:
  982  00001a80  8fa20000	lw	r2,0(r29)
  983  00001a84  8fa30004	lw	r3,4(r29)
  984  00001a88  8fdffff8	lw	r31,-8(r30)
  985  00001a8c  001ee820	add	r29,r0,r30
  986  00001a90  8fdefffc	lw	r30,-4(r30)
  987  00001a94  4be00000	jr	r31
  988  00001a98  54000000	nop
  989  00001a9c          	.endproc _dstrncmp
  990  00001a9c          	.align 2
  991  00001a9c          	.proc _dstrlen
  992  00001a9c          	.global _dstrlen
  993  00001a9c          	_dstrlen:
  994                      ;  Function 'dstrlen'; 8 bytes of locals, 1 regs to save.
  995  00001a9c  afbefffc	sw	-4(r29),r30; push fp
  996  00001aa0  001df020	add	r30,r0,r29; fp = sp
  997  00001aa4  afbffff8	sw	-8(r29),r31; push ret addr
  998  00001aa8  2fbd0018	subui	r29,r29,#24; alloc local storage
  999  00001aac  afa20000	sw	0(r29),r2
 1000  00001ab0  20010000	addi	r1,r0,#0
 1001  00001ab4  afc1fff4	sw	-12(r30),r1
 1002  00001ab8          	L37_LF2:
 1003  00001ab8  8fc10000	lw	r1,(r30)
 1004  00001abc  20220001	addi	r2,r1,#1
 1005  00001ac0  afc20000	sw	(r30),r2
 1006  00001ac4  90210000	lbu	r1,(r1)
 1007  00001ac8  64220000	snei	r2,r1,#0
 1008  00001acc  1440000c	bnez	r2,L39_LF2
 1009  00001ad0  54000000	nop; delay slot nop
 1010  00001ad4  0800001c	j	L38_LF2
 1011  00001ad8  54000000	nop; delay slot nop
 1012  00001adc          	L39_LF2:
 1013  00001adc  8fc2fff4	lw	r2,-12(r30)
 1014  00001ae0  20410001	addi	r1,r2,#1
 1015  00001ae4  00011020	add	r2,r0,r1
 1016  00001ae8  afc2fff4	sw	-12(r30),r2
 1017  00001aec  0bffffc8	j	L37_LF2
 1018  00001af0  54000000	nop; delay slot nop
 1019  00001af4          	L38_LF2:
 1020  00001af4  8fc1fff4	lw	r1,-12(r30)
 1021  00001af8  08000004	j	L36_LF2
 1022  00001afc  54000000	nop; delay slot nop
 1023  00001b00          	L36_LF2:
 1024  00001b00  8fa20000	lw	r2,0(r29)
 1025  00001b04  8fdffff8	lw	r31,-8(r30)
 1026  00001b08  001ee820	add	r29,r0,r30
 1027  00001b0c  8fdefffc	lw	r30,-4(r30)
 1028  00001b10  4be00000	jr	r31
 1029  00001b14  54000000	nop
 1030  00001b18          	.endproc _dstrlen
 1031  00001b18          	.align 2
 1032  00001b18          	.proc _dstrstr
 1033  00001b18          	.global _dstrstr
 1034  00001b18          	_dstrstr:
 1035                      ;  Function 'dstrstr'; 8 bytes of locals, 1 regs to save.
 1036  00001b18  afbefffc	sw	-4(r29),r30; push fp
 1037  00001b1c  001df020	add	r30,r0,r29; fp = sp
 1038  00001b20  afbffff8	sw	-8(r29),r31; push ret addr
 1039  00001b24  2fbd0018	subui	r29,r29,#24; alloc local storage
 1040  00001b28  afa20000	sw	0(r29),r2
 1041  00001b2c  23bdfff8	addi	r29,r29,#-8
 1042  00001b30  001d0820	add	r1,r0,r29
 1043  00001b34  8fc20004	lw	r2,4(r30)
 1044  00001b38  ac220000	sw	(r1),r2
 1045  00001b3c  0fffff5c	jal	_dstrlen
 1046  00001b40  54000000	nop; delay slot nop
 1047  00001b44  23bd0008	addi	r29,r29,#8
 1048  00001b48  afc1fff4	sw	-12(r30),r1
 1049  00001b4c          	L41_LF2:
 1050  00001b4c  8fc10000	lw	r1,(r30)
 1051  00001b50  90220000	lbu	r2,(r1)
 1052  00001b54  64410000	snei	r1,r2,#0
 1053  00001b58  1420000c	bnez	r1,L43_LF2
 1054  00001b5c  54000000	nop; delay slot nop
 1055  00001b60  08000060	j	L42_LF2
 1056  00001b64  54000000	nop; delay slot nop
 1057  00001b68          	L43_LF2:
 1058  00001b68  23bdfff0	addi	r29,r29,#-16
 1059  00001b6c  001d0820	add	r1,r0,r29
 1060  00001b70  8fc20000	lw	r2,(r30)
 1061  00001b74  ac220000	sw	(r1),r2
 1062  00001b78  8fc20004	lw	r2,4(r30)
 1063  00001b7c  ac220004	sw	4(r1),r2
 1064  00001b80  8fc2fff4	lw	r2,-12(r30)
 1065  00001b84  ac220008	sw	8(r1),r2
 1066  00001b88  0ffffdc0	jal	_dstrncmp
 1067  00001b8c  54000000	nop; delay slot nop
 1068  00001b90  23bd0010	addi	r29,r29,#16
 1069  00001b94  64220000	snei	r2,r1,#0
 1070  00001b98  14400010	bnez	r2,L44_LF2
 1071  00001b9c  54000000	nop; delay slot nop
 1072  00001ba0  8fc10000	lw	r1,(r30)
 1073  00001ba4  08000028	j	L40_LF2
 1074  00001ba8  54000000	nop; delay slot nop
 1075  00001bac          	L44_LF2:
 1076  00001bac  8fc20000	lw	r2,(r30)
 1077  00001bb0  20410001	addi	r1,r2,#1
 1078  00001bb4  00011020	add	r2,r0,r1
 1079  00001bb8  afc20000	sw	(r30),r2
 1080  00001bbc  0bffff8c	j	L41_LF2
 1081  00001bc0  54000000	nop; delay slot nop
 1082  00001bc4          	L42_LF2:
 1083  00001bc4  20010000	addi	r1,r0,#0
 1084  00001bc8  08000004	j	L40_LF2
 1085  00001bcc  54000000	nop; delay slot nop
 1086  00001bd0          	L40_LF2:
 1087  00001bd0  8fa20000	lw	r2,0(r29)
 1088  00001bd4  8fdffff8	lw	r31,-8(r30)
 1089  00001bd8  001ee820	add	r29,r0,r30
 1090  00001bdc  8fdefffc	lw	r30,-4(r30)
 1091  00001be0  4be00000	jr	r31
 1092  00001be4  54000000	nop
 1093  00001be8          	.endproc _dstrstr
 1094  00001be8          	.align 2
 1095  00001be8          	.proc _dmindex
 1096  00001be8          	.global _dmindex
 1097  00001be8          	_dmindex:
 1098                      ;  Function 'dmindex'; 8 bytes of locals, 1 regs to save.
 1099  00001be8  afbefffc	sw	-4(r29),r30; push fp
 1100  00001bec  001df020	add	r30,r0,r29; fp = sp
 1101  00001bf0  afbffff8	sw	-8(r29),r31; push ret addr
 1102  00001bf4  2fbd0018	subui	r29,r29,#24; alloc local storage
 1103  00001bf8  afa20000	sw	0(r29),r2
 1104  00001bfc  54000000	nop
 1105  00001c00          	L46_LF2:
 1106  00001c00  8fc10000	lw	r1,(r30)
 1107  00001c04  90220000	lbu	r2,(r1)
 1108  00001c08  64410000	snei	r1,r2,#0
 1109  00001c0c  1420000c	bnez	r1,L48_LF2
 1110  00001c10  54000000	nop; delay slot nop
 1111  00001c14  08000070	j	L47_LF2
 1112  00001c18  54000000	nop; delay slot nop
 1113  00001c1c          	L48_LF2:
 1114  00001c1c  8fc10004	lw	r1,4(r30)
 1115  00001c20  afc1fff4	sw	-12(r30),r1
 1116  00001c24          	L49_LF2:
 1117  00001c24  8fc1fff4	lw	r1,-12(r30)
 1118  00001c28  90220000	lbu	r2,(r1)
 1119  00001c2c  64410000	snei	r1,r2,#0
 1120  00001c30  1420000c	bnez	r1,L52_LF2
 1121  00001c34  54000000	nop; delay slot nop
 1122  00001c38  08000044	j	L50_LF2
 1123  00001c3c  54000000	nop; delay slot nop
 1124  00001c40          	L52_LF2:
 1125  00001c40  8fc10000	lw	r1,(r30)
 1126  00001c44  8fc2fff4	lw	r2,-12(r30)
 1127  00001c48  90210000	lbu	r1,(r1)
 1128  00001c4c  90420000	lbu	r2,(r2)
 1129  00001c50  00220828	seq	r1,r1,r2
 1130  00001c54  10200010	beqz	r1,L51_LF2
 1131  00001c58  54000000	nop; delay slot nop
 1132  00001c5c  8fc10000	lw	r1,(r30)
 1133  00001c60  08000030	j	L45_LF2
 1134  00001c64  54000000	nop; delay slot nop
 1135  00001c68          	L53_LF2:
 1136  00001c68          	L51_LF2:
 1137  00001c68  8fc2fff4	lw	r2,-12(r30)
 1138  00001c6c  20410001	addi	r1,r2,#1
 1139  00001c70  00011020	add	r2,r0,r1
 1140  00001c74  afc2fff4	sw	-12(r30),r2
 1141  00001c78  0bffffa8	j	L49_LF2
 1142  00001c7c  54000000	nop; delay slot nop
 1143  00001c80          	L50_LF2:
 1144  00001c80  0bffff7c	j	L46_LF2
 1145  00001c84  54000000	nop; delay slot nop
 1146  00001c88          	L47_LF2:
 1147  00001c88  20010000	addi	r1,r0,#0
 1148  00001c8c  08000004	j	L45_LF2
 1149  00001c90  54000000	nop; delay slot nop
 1150  00001c94          	L45_LF2:
 1151  00001c94  8fa20000	lw	r2,0(r29)
 1152  00001c98  8fdffff8	lw	r31,-8(r30)
 1153  00001c9c  001ee820	add	r29,r0,r30
 1154  00001ca0  8fdefffc	lw	r30,-4(r30)
 1155  00001ca4  4be00000	jr	r31
 1156  00001ca8  54000000	nop
 1157  00001cac          	.endproc _dmindex
 1158  00001cac          	.align 2
 1159  00001cac          	.proc _dindex
 1160  00001cac          	.global _dindex
 1161  00001cac          	_dindex:
 1162                      ;  Function 'dindex'; 0 bytes of locals, 1 regs to save.
 1163  00001cac  afbefffc	sw	-4(r29),r30; push fp
 1164  00001cb0  001df020	add	r30,r0,r29; fp = sp
 1165  00001cb4  afbffff8	sw	-8(r29),r31; push ret addr
 1166  00001cb8  2fbd0010	subui	r29,r29,#16; alloc local storage
 1167  00001cbc  afa20000	sw	0(r29),r2
 1168  00001cc0  54000000	nop
 1169  00001cc4          	L55_LF2:
 1170  00001cc4  8fc10000	lw	r1,(r30)
 1171  00001cc8  90220000	lbu	r2,(r1)
 1172  00001ccc  64410000	snei	r1,r2,#0
 1173  00001cd0  1420000c	bnez	r1,L57_LF2
 1174  00001cd4  54000000	nop; delay slot nop
 1175  00001cd8  08000040	j	L56_LF2
 1176  00001cdc  54000000	nop; delay slot nop
 1177  00001ce0          	L57_LF2:
 1178  00001ce0  8fc10000	lw	r1,(r30)
 1179  00001ce4  90220000	lbu	r2,(r1)
 1180  00001ce8  8fc10004	lw	r1,4(r30)
 1181  00001cec  00411028	seq	r2,r2,r1
 1182  00001cf0  10400010	beqz	r2,L58_LF2
 1183  00001cf4  54000000	nop; delay slot nop
 1184  00001cf8  8fc10000	lw	r1,(r30)
 1185  00001cfc  08000028	j	L54_LF2
 1186  00001d00  54000000	nop; delay slot nop
 1187  00001d04          	L58_LF2:
 1188  00001d04  8fc20000	lw	r2,(r30)
 1189  00001d08  20410001	addi	r1,r2,#1
 1190  00001d0c  00011020	add	r2,r0,r1
 1191  00001d10  afc20000	sw	(r30),r2
 1192  00001d14  0bffffac	j	L55_LF2
 1193  00001d18  54000000	nop; delay slot nop
 1194  00001d1c          	L56_LF2:
 1195  00001d1c  20010000	addi	r1,r0,#0
 1196  00001d20  08000004	j	L54_LF2
 1197  00001d24  54000000	nop; delay slot nop
 1198  00001d28          	L54_LF2:
 1199  00001d28  8fa20000	lw	r2,0(r29)
 1200  00001d2c  8fdffff8	lw	r31,-8(r30)
 1201  00001d30  001ee820	add	r29,r0,r30
 1202  00001d34  8fdefffc	lw	r30,-4(r30)
 1203  00001d38  4be00000	jr	r31
 1204  00001d3c  54000000	nop
 1205  00001d40          	.endproc _dindex
 1206  00001d40          	.align 2
 1207  00001d40          	.proc _ditoa
 1208  00001d40          	.global _ditoa
 1209  00001d40          	_ditoa:
 1210                      ;  Function 'ditoa'; 8 bytes of locals, 2 regs to save.
 1211  00001d40  afbefffc	sw	-4(r29),r30; push fp
 1212  00001d44  001df020	add	r30,r0,r29; fp = sp
 1213  00001d48  afbffff8	sw	-8(r29),r31; push ret addr
 1214  00001d4c  2fbd0018	subui	r29,r29,#24; alloc local storage
 1215  00001d50  afa20000	sw	0(r29),r2
 1216  00001d54  afa30004	sw	4(r29),r3
 1217  00001d58  8fc10000	lw	r1,(r30)
 1218  00001d5c  68220000	slti	r2,r1,#0
 1219  00001d60  1040002c	beqz	r2,L60_LF2
 1220  00001d64  54000000	nop; delay slot nop
 1221  00001d68  8fc10004	lw	r1,4(r30)
 1222  00001d6c  20220001	addi	r2,r1,#1
 1223  00001d70  afc20004	sw	4(r30),r2
 1224  00001d74  2002002d	addi	r2,r0,(#0x2d)&0xff
 1225  00001d78  a0220000	sb	(r1),r2
 1226  00001d7c  8fc10000	lw	r1,(r30)
 1227  00001d80  00011022	sub	r2,r0,r1
 1228  00001d84  afc20000	sw	(r30),r2
 1229  00001d88  08000118	j	L61_LF2
 1230  00001d8c  54000000	nop; delay slot nop
 1231  00001d90          	L60_LF2:
 1232  00001d90  8fc10000	lw	r1,(r30)
 1233  00001d94  64220000	snei	r2,r1,#0
 1234  00001d98  14400020	bnez	r2,L62_LF2
 1235  00001d9c  54000000	nop; delay slot nop
 1236  00001da0  8fc10004	lw	r1,4(r30)
 1237  00001da4  20220001	addi	r2,r1,#1
 1238  00001da8  afc20004	sw	4(r30),r2
 1239  00001dac  20020030	addi	r2,r0,(#0x30)&0xff
 1240  00001db0  a0220000	sb	(r1),r2
 1241  00001db4  080000ec	j	L61_LF2
 1242  00001db8  54000000	nop; delay slot nop
 1243  00001dbc          	L62_LF2:
 1244  00001dbc  20010001	addi	r1,r0,#1
 1245  00001dc0  afc1fff4	sw	-12(r30),r1
 1246  00001dc4          	L64_LF2:
 1247  00001dc4  8fc1fff4	lw	r1,-12(r30)
 1248  00001dc8  8fc20000	lw	r2,(r30)
 1249  00001dcc  0022082c	sle	r1,r1,r2
 1250  00001dd0  1420000c	bnez	r1,L66_LF2
 1251  00001dd4  54000000	nop; delay slot nop
 1252  00001dd8  08000024	j	L65_LF2
 1253  00001ddc  54000000	nop; delay slot nop
 1254  00001de0          	L67_LF2:
 1255  00001de0          	L66_LF2:
 1256  00001de0  8fc1fff4	lw	r1,-12(r30)
 1257  00001de4  00011820	add	r3,r0,r1
 1258  00001de8  50620002	slli	r2,r3,#0x2
 1259  00001dec  00411020	add	r2,r2,r1
 1260  00001df0  50410001	slli	r1,r2,#0x1
 1261  00001df4  afc1fff4	sw	-12(r30),r1
 1262  00001df8  0bffffc8	j	L64_LF2
 1263  00001dfc  54000000	nop; delay slot nop
 1264  00001e00          	L65_LF2:
 1265  00001e00  54000000	nop
 1266  00001e04          	L68_LF2:
 1267  00001e04  8fc1fff4	lw	r1,-12(r30)
 1268  00001e08  2002000a	addi	r2,r0,#10
 1269  00001e0c  00200035	movi2fp	f0,r1
 1270  00001e10  00400835	movi2fp	f1,r2
 1271  00001e14  0401000f	div	f0,f0,f1
 1272  00001e18  00000834	movfp2i	r1,f0
 1273  00001e1c  afc1fff4	sw	-12(r30),r1
 1274  00001e20  8fc10004	lw	r1,4(r30)
 1275  00001e24  20220001	addi	r2,r1,#1
 1276  00001e28  afc20004	sw	4(r30),r2
 1277  00001e2c  8fc20000	lw	r2,(r30)
 1278  00001e30  8fc3fff4	lw	r3,-12(r30)
 1279  00001e34  00400035	movi2fp	f0,r2
 1280  00001e38  00600835	movi2fp	f1,r3
 1281  00001e3c  0401000f	div	f0,f0,f1
 1282  00001e40  00001034	movfp2i	r2,f0
 1283  00001e44  00021820	add	r3,r0,r2
 1284  00001e48  20620030	addi	r2,r3,#48
 1285  00001e4c  a0220000	sb	(r1),r2
 1286  00001e50  8fc10000	lw	r1,(r30)
 1287  00001e54  8fc3fff4	lw	r3,-12(r30)
 1288  00001e58  00200035	movi2fp	f0,r1
 1289  00001e5c  00600835	movi2fp	f1,r3
 1290  00001e60  0401000f	div	f0,f0,f1
 1291  00001e64  00001034	movfp2i	r2,f0
 1292  00001e68  8fc3fff4	lw	r3,-12(r30)
 1293  00001e6c  00400035	movi2fp	f0,r2
 1294  00001e70  00600835	movi2fp	f1,r3
 1295  00001e74  0401000e	mult	f0,f0,f1
 1296  00001e78  00001034	movfp2i	r2,f0
 1297  00001e7c  00220822	sub	r1,r1,r2
 1298  00001e80  afc10000	sw	(r30),r1
 1299  00001e84          	L70_LF2:
 1300  00001e84  8fc1fff4	lw	r1,-12(r30)
 1301  00001e88  6c220001	sgti	r2,r1,#1
 1302  00001e8c  1440000c	bnez	r2,L71_LF2
 1303  00001e90  54000000	nop; delay slot nop
 1304  00001e94  0800000c	j	L61_LF2
 1305  00001e98  54000000	nop; delay slot nop
 1306  00001e9c          	L71_LF2:
 1307  00001e9c  0bffff64	j	L68_LF2
 1308  00001ea0  54000000	nop; delay slot nop
 1309  00001ea4          	L69_LF2:
 1310  00001ea4          	L63_LF2:
 1311  00001ea4          	L61_LF2:
 1312  00001ea4  8fc10004	lw	r1,4(r30)
 1313  00001ea8  20020000	addi	r2,r0,(#0x0)&0xff
 1314  00001eac  a0220000	sb	(r1),r2
 1315  00001eb0          	L59_LF2:
 1316  00001eb0  8fa20000	lw	r2,0(r29)
 1317  00001eb4  8fa30004	lw	r3,4(r29)
 1318  00001eb8  8fdffff8	lw	r31,-8(r30)
 1319  00001ebc  001ee820	add	r29,r0,r30
 1320  00001ec0  8fdefffc	lw	r30,-4(r30)
 1321  00001ec4  4be00000	jr	r31
 1322  00001ec8  54000000	nop
 1323  00001ecc          	.endproc _ditoa
 1324  00001ecc          	.align 2
 1325  00001ecc          	.proc _dstrtol
 1326  00001ecc          	.global _dstrtol
 1327  00001ecc          	_dstrtol:
 1328                      ;  Function 'dstrtol'; 16 bytes of locals, 1 regs to save.
 1329  00001ecc  afbefffc	sw	-4(r29),r30; push fp
 1330  00001ed0  001df020	add	r30,r0,r29; fp = sp
 1331  00001ed4  afbffff8	sw	-8(r29),r31; push ret addr
 1332  00001ed8  2fbd0020	subui	r29,r29,#32; alloc local storage
 1333  00001edc  afa20000	sw	0(r29),r2
 1334  00001ee0  20010000	addi	r1,r0,#0
 1335  00001ee4  afc1fff4	sw	-12(r30),r1
 1336  00001ee8          	L73_LF2:
 1337  00001ee8  8fc10000	lw	r1,(r30)
 1338  00001eec  90220000	lbu	r2,(r1)
 1339  00001ef0  60410020	seqi	r1,r2,#32
 1340  00001ef4  14200034	bnez	r1,L75_LF2
 1341  00001ef8  54000000	nop; delay slot nop
 1342  00001efc  8fc10000	lw	r1,(r30)
 1343  00001f00  90220000	lbu	r2,(r1)
 1344  00001f04  60410009	seqi	r1,r2,#9
 1345  00001f08  14200020	bnez	r1,L75_LF2
 1346  00001f0c  54000000	nop; delay slot nop
 1347  00001f10  8fc10000	lw	r1,(r30)
 1348  00001f14  90220000	lbu	r2,(r1)
 1349  00001f18  6041000a	seqi	r1,r2,#10
 1350  00001f1c  1420000c	bnez	r1,L75_LF2
 1351  00001f20  54000000	nop; delay slot nop
 1352  00001f24  0800001c	j	L74_LF2
 1353  00001f28  54000000	nop; delay slot nop
 1354  00001f2c          	L75_LF2:
 1355  00001f2c  8fc20000	lw	r2,(r30)
 1356  00001f30  20410001	addi	r1,r2,#1
 1357  00001f34  00011020	add	r2,r0,r1
 1358  00001f38  afc20000	sw	(r30),r2
 1359  00001f3c  0bffffa8	j	L73_LF2
 1360  00001f40  54000000	nop; delay slot nop
 1361  00001f44          	L74_LF2:
 1362  00001f44  8fc10004	lw	r1,4(r30)
 1363  00001f48  64220000	snei	r2,r1,#0
 1364  00001f4c  10400010	beqz	r2,L76_LF2
 1365  00001f50  54000000	nop; delay slot nop
 1366  00001f54  8fc10004	lw	r1,4(r30)
 1367  00001f58  8fc20000	lw	r2,(r30)
 1368  00001f5c  ac220000	sw	(r1),r2
 1369  00001f60          	L76_LF2:
 1370  00001f60  8fc10000	lw	r1,(r30)
 1371  00001f64  90220000	lbu	r2,(r1)
 1372  00001f68  64410000	snei	r1,r2,#0
 1373  00001f6c  14200010	bnez	r1,L77_LF2
 1374  00001f70  54000000	nop; delay slot nop
 1375  00001f74  8fc1fff4	lw	r1,-12(r30)
 1376  00001f78  08000294	j	L72_LF2
 1377  00001f7c  54000000	nop; delay slot nop
 1378  00001f80          	L77_LF2:
 1379  00001f80  8fc10000	lw	r1,(r30)
 1380  00001f84  90220000	lbu	r2,(r1)
 1381  00001f88  6041002d	seqi	r1,r2,#45
 1382  00001f8c  10200024	beqz	r1,L78_LF2
 1383  00001f90  54000000	nop; delay slot nop
 1384  00001f94  2001ffff	addi	r1,r0,#-1
 1385  00001f98  afc1ffec	sw	-20(r30),r1
 1386  00001f9c  8fc20000	lw	r2,(r30)
 1387  00001fa0  20410001	addi	r1,r2,#1
 1388  00001fa4  00011020	add	r2,r0,r1
 1389  00001fa8  afc20000	sw	(r30),r2
 1390  00001fac  0800000c	j	L79_LF2
 1391  00001fb0  54000000	nop; delay slot nop
 1392  00001fb4          	L78_LF2:
 1393  00001fb4  20010001	addi	r1,r0,#1
 1394  00001fb8  afc1ffec	sw	-20(r30),r1
 1395  00001fbc          	L79_LF2:
 1396  00001fbc  8fc10008	lw	r1,8(r30)
 1397  00001fc0  64220000	snei	r2,r1,#0
 1398  00001fc4  14400090	bnez	r2,L80_LF2
 1399  00001fc8  54000000	nop; delay slot nop
 1400  00001fcc  8fc10000	lw	r1,(r30)
 1401  00001fd0  90220000	lbu	r2,(r1)
 1402  00001fd4  60410030	seqi	r1,r2,#48
 1403  00001fd8  10200074	beqz	r1,L81_LF2
 1404  00001fdc  54000000	nop; delay slot nop
 1405  00001fe0  8fc20000	lw	r2,(r30)
 1406  00001fe4  20410001	addi	r1,r2,#1
 1407  00001fe8  00011020	add	r2,r0,r1
 1408  00001fec  afc20000	sw	(r30),r2
 1409  00001ff0  8fc10000	lw	r1,(r30)
 1410  00001ff4  90220000	lbu	r2,(r1)
 1411  00001ff8  60410078	seqi	r1,r2,#120
 1412  00001ffc  14200020	bnez	r1,L83_LF2
 1413  00002000  54000000	nop; delay slot nop
 1414  00002004  8fc10000	lw	r1,(r30)
 1415  00002008  90220000	lbu	r2,(r1)
 1416  0000200c  60410058	seqi	r1,r2,#88
 1417  00002010  1420000c	bnez	r1,L83_LF2
 1418  00002014  54000000	nop; delay slot nop
 1419  00002018  08000024	j	L82_LF2
 1420  0000201c  54000000	nop; delay slot nop
 1421  00002020          	L83_LF2:
 1422  00002020  20010010	addi	r1,r0,#16
 1423  00002024  afc10008	sw	8(r30),r1
 1424  00002028  8fc20000	lw	r2,(r30)
 1425  0000202c  20410001	addi	r1,r2,#1
 1426  00002030  00011020	add	r2,r0,r1
 1427  00002034  afc20000	sw	(r30),r2
 1428  00002038  0800000c	j	L84_LF2
 1429  0000203c  54000000	nop; delay slot nop
 1430  00002040          	L82_LF2:
 1431  00002040  20010008	addi	r1,r0,#8
 1432  00002044  afc10008	sw	8(r30),r1
 1433  00002048          	L84_LF2:
 1434  00002048  0800000c	j	L80_LF2
 1435  0000204c  54000000	nop; delay slot nop
 1436  00002050          	L81_LF2:
 1437  00002050  2001000a	addi	r1,r0,#10
 1438  00002054  afc10008	sw	8(r30),r1
 1439  00002058          	L85_LF2:
 1440  00002058          	L80_LF2:
 1441  00002058  8fc10008	lw	r1,8(r30)
 1442  0000205c  70220000	slei	r2,r1,#0
 1443  00002060  1440001c	bnez	r2,L87_LF2
 1444  00002064  54000000	nop; delay slot nop
 1445  00002068  8fc10008	lw	r1,8(r30)
 1446  0000206c  6c220010	sgti	r2,r1,#16
 1447  00002070  1440000c	bnez	r2,L87_LF2
 1448  00002074  54000000	nop; delay slot nop
 1449  00002078  08000010	j	L86_LF2
 1450  0000207c  54000000	nop; delay slot nop
 1451  00002080          	L87_LF2:
 1452  00002080  8fc1fff4	lw	r1,-12(r30)
 1453  00002084  08000188	j	L72_LF2
 1454  00002088  54000000	nop; delay slot nop
 1455  0000208c          	L86_LF2:
 1456  0000208c  54000000	nop
 1457  00002090          	L88_LF2:
 1458  00002090  8fc10000	lw	r1,(r30)
 1459  00002094  90220000	lbu	r2,(r1)
 1460  00002098  6c41002f	sgtui	r1,r2,#47
 1461  0000209c  10200030	beqz	r1,L91_LF2
 1462  000020a0  54000000	nop; delay slot nop
 1463  000020a4  8fc10000	lw	r1,(r30)
 1464  000020a8  90220000	lbu	r2,(r1)
 1465  000020ac  70410039	sleui	r1,r2,#57
 1466  000020b0  1020001c	beqz	r1,L91_LF2
 1467  000020b4  54000000	nop; delay slot nop
 1468  000020b8  8fc10000	lw	r1,(r30)
 1469  000020bc  90220000	lbu	r2,(r1)
 1470  000020c0  2041ffd0	addi	r1,r2,#-48
 1471  000020c4  afc1fff0	sw	-16(r30),r1
 1472  000020c8  0800008c	j	L92_LF2
 1473  000020cc  54000000	nop; delay slot nop
 1474  000020d0          	L91_LF2:
 1475  000020d0  8fc10000	lw	r1,(r30)
 1476  000020d4  90220000	lbu	r2,(r1)
 1477  000020d8  6c410060	sgtui	r1,r2,#96
 1478  000020dc  10200030	beqz	r1,L93_LF2
 1479  000020e0  54000000	nop; delay slot nop
 1480  000020e4  8fc10000	lw	r1,(r30)
 1481  000020e8  90220000	lbu	r2,(r1)
 1482  000020ec  7041007a	sleui	r1,r2,#122
 1483  000020f0  1020001c	beqz	r1,L93_LF2
 1484  000020f4  54000000	nop; delay slot nop
 1485  000020f8  8fc10000	lw	r1,(r30)
 1486  000020fc  90220000	lbu	r2,(r1)
 1487  00002100  2041ffa9	addi	r1,r2,#-87
 1488  00002104  afc1fff0	sw	-16(r30),r1
 1489  00002108  0800004c	j	L92_LF2
 1490  0000210c  54000000	nop; delay slot nop
 1491  00002110          	L93_LF2:
 1492  00002110  8fc10000	lw	r1,(r30)
 1493  00002114  90220000	lbu	r2,(r1)
 1494  00002118  6c410040	sgtui	r1,r2,#64
 1495  0000211c  10200030	beqz	r1,L95_LF2
 1496  00002120  54000000	nop; delay slot nop
 1497  00002124  8fc10000	lw	r1,(r30)
 1498  00002128  90220000	lbu	r2,(r1)
 1499  0000212c  7041005a	sleui	r1,r2,#90
 1500  00002130  1020001c	beqz	r1,L95_LF2
 1501  00002134  54000000	nop; delay slot nop
 1502  00002138  8fc10000	lw	r1,(r30)
 1503  0000213c  90220000	lbu	r2,(r1)
 1504  00002140  2041ffc9	addi	r1,r2,#-55
 1505  00002144  afc1fff0	sw	-16(r30),r1
 1506  00002148  0800000c	j	L92_LF2
 1507  0000214c  54000000	nop; delay slot nop
 1508  00002150          	L95_LF2:
 1509  00002150  200103e8	addi	r1,r0,#1000
 1510  00002154  afc1fff0	sw	-16(r30),r1
 1511  00002158          	L96_LF2:
 1512  00002158          	L94_LF2:
 1513  00002158          	L92_LF2:
 1514  00002158  8fc1fff0	lw	r1,-16(r30)
 1515  0000215c  8fc20008	lw	r2,8(r30)
 1516  00002160  0022082a	slt	r1,r1,r2
 1517  00002164  10200040	beqz	r1,L90_LF2
 1518  00002168  54000000	nop; delay slot nop
 1519  0000216c  8fc1fff4	lw	r1,-12(r30)
 1520  00002170  8fc20008	lw	r2,8(r30)
 1521  00002174  00200035	movi2fp	f0,r1
 1522  00002178  00400835	movi2fp	f1,r2
 1523  0000217c  0401000e	mult	f0,f0,f1
 1524  00002180  00000834	movfp2i	r1,f0
 1525  00002184  afc1fff4	sw	-12(r30),r1
 1526  00002188  8fc1fff4	lw	r1,-12(r30)
 1527  0000218c  8fc2fff0	lw	r2,-16(r30)
 1528  00002190  00220820	add	r1,r1,r2
 1529  00002194  afc1fff4	sw	-12(r30),r1
 1530  00002198  8fc20000	lw	r2,(r30)
 1531  0000219c  20410001	addi	r1,r2,#1
 1532  000021a0  00011020	add	r2,r0,r1
 1533  000021a4  afc20000	sw	(r30),r2
 1534  000021a8          	L97_LF2:
 1535  000021a8          	L90_LF2:
 1536  000021a8  8fc1fff0	lw	r1,-16(r30)
 1537  000021ac  8fc20008	lw	r2,8(r30)
 1538  000021b0  0022082a	slt	r1,r1,r2
 1539  000021b4  1420000c	bnez	r1,L98_LF2
 1540  000021b8  54000000	nop; delay slot nop
 1541  000021bc  0800000c	j	L89_LF2
 1542  000021c0  54000000	nop; delay slot nop
 1543  000021c4          	L98_LF2:
 1544  000021c4  0bfffec8	j	L88_LF2
 1545  000021c8  54000000	nop; delay slot nop
 1546  000021cc          	L89_LF2:
 1547  000021cc  8fc10004	lw	r1,4(r30)
 1548  000021d0  64220000	snei	r2,r1,#0
 1549  000021d4  10400010	beqz	r2,L99_LF2
 1550  000021d8  54000000	nop; delay slot nop
 1551  000021dc  8fc10004	lw	r1,4(r30)
 1552  000021e0  8fc20000	lw	r2,(r30)
 1553  000021e4  ac220000	sw	(r1),r2
 1554  000021e8          	L99_LF2:
 1555  000021e8  8fc1fff4	lw	r1,-12(r30)
 1556  000021ec  8fc2ffec	lw	r2,-20(r30)
 1557  000021f0  00200035	movi2fp	f0,r1
 1558  000021f4  00400835	movi2fp	f1,r2
 1559  000021f8  0401000e	mult	f0,f0,f1
 1560  000021fc  00000834	movfp2i	r1,f0
 1561  00002200  afc1fff4	sw	-12(r30),r1
 1562  00002204  8fc1fff4	lw	r1,-12(r30)
 1563  00002208  08000004	j	L72_LF2
 1564  0000220c  54000000	nop; delay slot nop
 1565  00002210          	L72_LF2:
 1566  00002210  8fa20000	lw	r2,0(r29)
 1567  00002214  8fdffff8	lw	r31,-8(r30)
 1568  00002218  001ee820	add	r29,r0,r30
 1569  0000221c  8fdefffc	lw	r30,-4(r30)
 1570  00002220  4be00000	jr	r31
 1571  00002224  54000000	nop
 1572  00002228          	.endproc _dstrtol
 1573  00002228          	.align 2
 1574  00002228          	.proc _bcopy
 1575  00002228          	.global _bcopy
 1576  00002228          	_bcopy:
 1577                      ;  Function 'bcopy'; 0 bytes of locals, 2 regs to save.
 1578  00002228  afbefffc	sw	-4(r29),r30; push fp
 1579  0000222c  001df020	add	r30,r0,r29; fp = sp
 1580  00002230  afbffff8	sw	-8(r29),r31; push ret addr
 1581  00002234  2fbd0010	subui	r29,r29,#16; alloc local storage
 1582  00002238  afa20000	sw	0(r29),r2
 1583  0000223c  afa30004	sw	4(r29),r3
 1584  00002240  54000000	nop
 1585  00002244          	L101_LF2:
 1586  00002244  8fc10008	lw	r1,8(r30)
 1587  00002248  2022ffff	addi	r2,r1,#-1
 1588  0000224c  afc20008	sw	8(r30),r2
 1589  00002250  6c210000	sgti	r1,r1,#0
 1590  00002254  1420000c	bnez	r1,L103_LF2
 1591  00002258  54000000	nop; delay slot nop
 1592  0000225c  0800002c	j	L102_LF2
 1593  00002260  54000000	nop; delay slot nop
 1594  00002264          	L103_LF2:
 1595  00002264  8fc10004	lw	r1,4(r30)
 1596  00002268  20220001	addi	r2,r1,#1
 1597  0000226c  afc20004	sw	4(r30),r2
 1598  00002270  8fc20000	lw	r2,(r30)
 1599  00002274  20430001	addi	r3,r2,#1
 1600  00002278  afc30000	sw	(r30),r3
 1601  0000227c  80420000	lb	r2,(r2)
 1602  00002280  a0220000	sb	(r1),r2
 1603  00002284  0bffffbc	j	L101_LF2
 1604  00002288  54000000	nop; delay slot nop
 1605  0000228c          	L102_LF2:
 1606  0000228c          	L100_LF2:
 1607  0000228c  8fa20000	lw	r2,0(r29)
 1608  00002290  8fa30004	lw	r3,4(r29)
 1609  00002294  8fdffff8	lw	r31,-8(r30)
 1610  00002298  001ee820	add	r29,r0,r30
 1611  0000229c  8fdefffc	lw	r30,-4(r30)
 1612  000022a0  4be00000	jr	r31
 1613  000022a4  54000000	nop
 1614  000022a8          	.endproc _bcopy
 1615  000022a8          	.align 2
 1616  000022a8          	.proc _bzero
 1617  000022a8          	.global _bzero
 1618  000022a8          	_bzero:
 1619                      ;  Function 'bzero'; 0 bytes of locals, 1 regs to save.
 1620  000022a8  afbefffc	sw	-4(r29),r30; push fp
 1621  000022ac  001df020	add	r30,r0,r29; fp = sp
 1622  000022b0  afbffff8	sw	-8(r29),r31; push ret addr
 1623  000022b4  2fbd0010	subui	r29,r29,#16; alloc local storage
 1624  000022b8  afa20000	sw	0(r29),r2
 1625  000022bc  54000000	nop
 1626  000022c0          	L105_LF2:
 1627  000022c0  8fc10004	lw	r1,4(r30)
 1628  000022c4  2022ffff	addi	r2,r1,#-1
 1629  000022c8  afc20004	sw	4(r30),r2
 1630  000022cc  6c210000	sgti	r1,r1,#0
 1631  000022d0  1420000c	bnez	r1,L107_LF2
 1632  000022d4  54000000	nop; delay slot nop
 1633  000022d8  08000020	j	L106_LF2
 1634  000022dc  54000000	nop; delay slot nop
 1635  000022e0          	L107_LF2:
 1636  000022e0  8fc10000	lw	r1,(r30)
 1637  000022e4  20220001	addi	r2,r1,#1
 1638  000022e8  afc20000	sw	(r30),r2
 1639  000022ec  20020000	addi	r2,r0,(#0x0)&0xff
 1640  000022f0  a0220000	sb	(r1),r2
 1641  000022f4  0bffffc8	j	L105_LF2
 1642  000022f8  54000000	nop; delay slot nop
 1643  000022fc          	L106_LF2:
 1644  000022fc          	L104_LF2:
 1645  000022fc  8fa20000	lw	r2,0(r29)
 1646  00002300  8fdffff8	lw	r31,-8(r30)
 1647  00002304  001ee820	add	r29,r0,r30
 1648  00002308  8fdefffc	lw	r30,-4(r30)
 1649  0000230c  4be00000	jr	r31
 1650  00002310  54000000	nop
 1651  00002314          	.endproc _bzero
 1652  00002314          	.align 2
 1653  00002314          	.proc _min
 1654  00002314          	.global _min
 1655  00002314          	_min:
 1656                      ;  Function 'min'; 0 bytes of locals, 2 regs to save.
 1657  00002314  afbefffc	sw	-4(r29),r30; push fp
 1658  00002318  001df020	add	r30,r0,r29; fp = sp
 1659  0000231c  afbffff8	sw	-8(r29),r31; push ret addr
 1660  00002320  2fbd0010	subui	r29,r29,#16; alloc local storage
 1661  00002324  afa20000	sw	0(r29),r2
 1662  00002328  afa30004	sw	4(r29),r3
 1663  0000232c  8fc10000	lw	r1,(r30)
 1664  00002330  8fc20004	lw	r2,4(r30)
 1665  00002334  0022182c	sle	r3,r1,r2
 1666  00002338  14600008	bnez	r3,L109_LF2
 1667  0000233c  54000000	nop; delay slot nop
 1668  00002340  8fc10004	lw	r1,4(r30)
 1669  00002344          	L109_LF2:
 1670  00002344  08000004	j	L108_LF2
 1671  00002348  54000000	nop; delay slot nop
 1672  0000234c          	L108_LF2:
 1673  0000234c  8fa20000	lw	r2,0(r29)
 1674  00002350  8fa30004	lw	r3,4(r29)
 1675  00002354  8fdffff8	lw	r31,-8(r30)
 1676  00002358  001ee820	add	r29,r0,r30
 1677  0000235c  8fdefffc	lw	r30,-4(r30)
 1678  00002360  4be00000	jr	r31
 1679  00002364  54000000	nop
 1680  00002368          	.endproc _min
 1681  00002368          	.align 2
 1682  00002368          	.proc _max
 1683  00002368          	.global _max
 1684  00002368          	_max:
 1685                      ;  Function 'max'; 0 bytes of locals, 2 regs to save.
 1686  00002368  afbefffc	sw	-4(r29),r30; push fp
 1687  0000236c  001df020	add	r30,r0,r29; fp = sp
 1688  00002370  afbffff8	sw	-8(r29),r31; push ret addr
 1689  00002374  2fbd0010	subui	r29,r29,#16; alloc local storage
 1690  00002378  afa20000	sw	0(r29),r2
 1691  0000237c  afa30004	sw	4(r29),r3
 1692  00002380  8fc10000	lw	r1,(r30)
 1693  00002384  8fc20004	lw	r2,4(r30)
 1694  00002388  0022182d	sge	r3,r1,r2
 1695  0000238c  14600008	bnez	r3,L111_LF2
 1696  00002390  54000000	nop; delay slot nop
 1697  00002394  8fc10004	lw	r1,4(r30)
 1698  00002398          	L111_LF2:
 1699  00002398  08000004	j	L110_LF2
 1700  0000239c  54000000	nop; delay slot nop
 1701  000023a0          	L110_LF2:
 1702  000023a0  8fa20000	lw	r2,0(r29)
 1703  000023a4  8fa30004	lw	r3,4(r29)
 1704  000023a8  8fdffff8	lw	r31,-8(r30)
 1705  000023ac  001ee820	add	r29,r0,r30
 1706  000023b0  8fdefffc	lw	r30,-4(r30)
 1707  000023b4  4be00000	jr	r31
 1708  000023b8  54000000	nop
 1709  000023bc          	.endproc _max
 1710                      ;;; Ethan L. Miller, 1999.  Released to the public domain
 1711                      ;;;
 1712                      ;;; Most of the traps are called in files from libtraps.
 1715  000023bc          	.align 2
 1716  000023bc          	.proc _exit
 1717  000023bc          	.global _exit
 1718  000023bc          	_exit:
 1719  000023bc  44000300	trap	#0x300
 1720  000023c0  4be00000	jr	r31
 1721  000023c4  54000000	nop
 1722  000023c8          	.endproc _exit
 1724                      ; for the benefit of gcc.
 1725  000023c8          	.proc ___main
 1726  000023c8          	.global ___main
 1727  000023c8          	___main:
 1728  000023c8  4be00000	jr	r31
 1729  000023cc  54000000	nop
 1730  000023d0          	.endproc ___main
 1731  000023d0          	.text
 1732  000023d0          	.global _etext
 1733  000023d0          	_etext:
 1734  000023d0          	.align 3
 1735  000023d0          	.data
 1736  00003132          	.global _edata
 1737  00003132          	_edata:
