 line   address	contents
    1                      ; Linked by DLX-LD.
    2                      ; MemSize 24576
    3                      ; Data size: 490
    4                      ; Text size: 7060
    5                      ; Stack size: 8192
    6  00000000          	.text 0x1000
    7  00001000          	.data 0x3000
    8                      ; Compiled by GCC
    9  00003000          	.text
   10  00001000          	.align 2
   11  00001000          	.proc _isspace
   12  00001000          	.global _isspace
   13  00001000          	_isspace:
   14                      ;  Function 'isspace'; 0 bytes of locals, 1 regs to save.
   15  00001000  afbefffc	sw	-4(r29),r30; push fp
   16  00001004  001df020	add	r30,r0,r29; fp = sp
   17  00001008  afbffff8	sw	-8(r29),r31; push ret addr
   18  0000100c  2fbd0010	subui	r29,r29,#16; alloc local storage
   19  00001010  afa20000	sw	0(r29),r2
   20  00001014  83c20003	lb	r2,3(r30)
   21  00001018  201f0000	addi	r31,r0,#0
   22  0000101c  304100ff	andi	r1,r2,#0x00ff
   23  00001020  60210020	seqi	r1,r1,#32
   24  00001024  14200018	bnez	r1,L6_LF0
   25  00001028  54000000	nop; not filled.
   26  0000102c  2041fff7	addi	r1,r2,#-9
   27  00001030  302100ff	andi	r1,r1,#0x00ff
   28  00001034  70210001	sleui	r1,r1,#1
   29  00001038  10200008	beqz	r1,L5_LF0
   30  0000103c  54000000	nop; not filled.
   31  00001040          	L6_LF0:
   32  00001040  201f0001	addi	r31,r0,#1
   33  00001044          	L5_LF0:
   34  00001044  001f0820	add	r1,r0,r31
   35  00001048  8fa20000	lw	r2,0(r29)
   36  0000104c  8fdffff8	lw	r31,-8(r30)
   37  00001050  001ee820	add	r29,r0,r30
   38  00001054  8fdefffc	lw	r30,-4(r30)
   39  00001058  4be00000	jr	r31
   40  0000105c  54000000	nop
   41  00001060          	.endproc _isspace
   42  00001060          	.align 2
   43  00001060          	.proc _isxdigit
   44  00001060          	.global _isxdigit
   45  00001060          	_isxdigit:
   46                      ;  Function 'isxdigit'; 0 bytes of locals, 1 regs to save.
   47  00001060  afbefffc	sw	-4(r29),r30; push fp
   48  00001064  001df020	add	r30,r0,r29; fp = sp
   49  00001068  afbffff8	sw	-8(r29),r31; push ret addr
   50  0000106c  2fbd0010	subui	r29,r29,#16; alloc local storage
   51  00001070  afa20000	sw	0(r29),r2
   52  00001074  83df0003	lb	r31,3(r30)
   53  00001078  20020000	addi	r2,r0,#0
   54  0000107c  23e1ffd0	addi	r1,r31,#-48
   55  00001080  302100ff	andi	r1,r1,#0x00ff
   56  00001084  70210009	sleui	r1,r1,#9
   57  00001088  14200028	bnez	r1,L12_LF0
   58  0000108c  54000000	nop; not filled.
   59  00001090  23e1ff9f	addi	r1,r31,#-97
   60  00001094  302100ff	andi	r1,r1,#0x00ff
   61  00001098  70210005	sleui	r1,r1,#5
   62  0000109c  14200014	bnez	r1,L12_LF0
   63  000010a0  54000000	nop; not filled.
   64  000010a4  33e100ff	andi	r1,r31,#0x00ff
   65  000010a8  64210041	snei	r1,r1,#65
   66  000010ac  14200008	bnez	r1,L11_LF0
   67  000010b0  54000000	nop; not filled.
   68  000010b4          	L12_LF0:
   69  000010b4  20020001	addi	r2,r0,#1
   70  000010b8          	L11_LF0:
   71  000010b8  00020820	add	r1,r0,r2
   72  000010bc  8fa20000	lw	r2,0(r29)
   73  000010c0  8fdffff8	lw	r31,-8(r30)
   74  000010c4  001ee820	add	r29,r0,r30
   75  000010c8  8fdefffc	lw	r30,-4(r30)
   76  000010cc  4be00000	jr	r31
   77  000010d0  54000000	nop
   78  000010d4          	.endproc _isxdigit
   79  000010d4          	.data
   80  00003000          	.align 2
   81  00003000          	LC0_LF0:
   82  00003000  55736167	.ascii "Usage: \000"
   82  00003004  653a2000	
   83  00003008          	.align 2
   84  00003008          	LC1_LF0:
   85  00003008  203c6e75	.ascii " <number of processes to create>\n\000"
   85  0000300c  6d626572	
   85  00003010  206f6620	
   85  00003014  70726f63	
   85  00003018  65737365	
   85  0000301c  7320746f	
   85  00003020  20637265	
   85  00003024  6174653e	
   85  00003028  0a00    	
   86  0000302a          	.align 2
   87  0000302c          	LC2_LF0:
   88  0000302c  4e756d62	.ascii "Number of s2 molecules: %d\n\000"
   88  00003030  6572206f	
   88  00003034  66207332	
   88  00003038  206d6f6c	
   88  0000303c  6563756c	
   88  00003040  65733a20	
   88  00003044  25640a00	
   89  00003048          	.align 2
   90  00003048          	LC3_LF0:
   91  00003048  4e756d62	.ascii "Number of CO molecules: %d\n\000"
   91  0000304c  6572206f	
   91  00003050  6620434f	
   91  00003054  206d6f6c	
   91  00003058  6563756c	
   91  0000305c  65733a20	
   91  00003060  25640a00	
   92  00003064          	.align 2
   93  00003064          	LC4_LF0:
   94  00003064  4e756d62	.ascii "Number of SO4 molecules: %d\n\000"
   94  00003068  6572206f	
   94  0000306c  6620534f	
   94  00003070  34206d6f	
   94  00003074  6c656375	
   94  00003078  6c65733a	
   94  0000307c  2025640a	
   94  00003080  00      	
   95  00003081          	.align 2
   96  00003084          	LC5_LF0:
   97  00003084  4e756d62	.ascii "Number of Processes: %d\n\000"
   97  00003088  6572206f	
   97  0000308c  66205072	
   97  00003090  6f636573	
   97  00003094  7365733a	
   97  00003098  2025640a	
   97  0000309c  00      	
   98  0000309d          	.align 2
   99  000030a0          	LC6_LF0:
  100  000030a0  42616420	.ascii "Bad sem_create in \000"
  100  000030a4  73656d5f	
  100  000030a8  63726561	
  100  000030ac  74652069	
  100  000030b0  6e2000  	
  101  000030b3          	.align 2
  102  000030b4          	LC7_LF0:
  103  000030b4  0a00    	.ascii "\n\000"
  104  000030b6          	.align 2
  105  000030b8          	LC8_LF0:
  106  000030b8  42616420	.ascii "Bad mbox_create in \000"
  106  000030bc  6d626f78	
  106  000030c0  5f637265	
  106  000030c4  61746520	
  106  000030c8  696e2000	
  107  000030cc          	.align 2
  108  000030cc          	LC9_LF0:
  109  000030cc  42616420	.ascii "Bad mbox_open in \000"
  109  000030d0  6d626f78	
  109  000030d4  5f6f7065	
  109  000030d8  6e20696e	
  109  000030dc  2000    	
  110  000030de          	.align 2
  111  000030e0          	LC10_LF0:
  112  000030e0  696e6a5f	.ascii "inj_s2.dlx.obj\000"
  112  000030e4  73322e64	
  112  000030e8  6c782e6f	
  112  000030ec  626a00  	
  113  000030ef          	.align 2
  114  000030f0          	LC11_LF0:
  115  000030f0  6d616b65	.ascii "makeprocs (%d): Process %d created\n\000"
  115  000030f4  70726f63	
  115  000030f8  73202825	
  115  000030fc  64293a20	
  115  00003100  50726f63	
  115  00003104  65737320	
  115  00003108  25642063	
  115  0000310c  72656174	
  115  00003110  65640a00	
  116  00003114          	.align 2
  117  00003114          	LC12_LF0:
  118  00003114  696e6a5f	.ascii "inj_co.dlx.obj\000"
  118  00003118  636f2e64	
  118  0000311c  6c782e6f	
  118  00003120  626a00  	
  119  00003123          	.align 2
  120  00003124          	LC13_LF0:
  121  00003124  72656163	.ascii "reaction_s2.dlx.obj\000"
  121  00003128  74696f6e	
  121  0000312c  5f73322e	
  121  00003130  646c782e	
  121  00003134  6f626a00	
  122  00003138          	.align 2
  123  00003138          	LC14_LF0:
  124  00003138  72656163	.ascii "reaction_co.dlx.obj\000"
  124  0000313c  74696f6e	
  124  00003140  5f636f2e	
  124  00003144  646c782e	
  124  00003148  6f626a00	
  125  0000314c          	.align 2
  126  0000314c          	LC15_LF0:
  127  0000314c  72656163	.ascii "reaction_so4.dlx.obj\000"
  127  00003150  74696f6e	
  127  00003154  5f736f34	
  127  00003158  2e646c78	
  127  0000315c  2e6f626a	
  127  00003160  00      	
  128  00003161          	.align 2
  129  00003164          	LC16_LF0:
  130  00003164  42616420	.ascii "Bad semaphore s_procs_completed (%d) in \000"
  130  00003168  73656d61	
  130  0000316c  70686f72	
  130  00003170  6520735f	
  130  00003174  70726f63	
  130  00003178  735f636f	
  130  0000317c  6d706c65	
  130  00003180  74656420	
  130  00003184  28256429	
  130  00003188  20696e20	
  130  0000318c  00      	
  131  0000318d          	.align 2
  132  00003190          	LC17_LF0:
  133  00003190  42616420	.ascii "Bad mbox_close in \000"
  133  00003194  6d626f78	
  133  00003198  5f636c6f	
  133  0000319c  73652069	
  133  000031a0  6e2000  	
  134  000031a3          	.align 2
  135  000031a4          	LC18_LF0:
  136  000031a4  6d616b65	.ascii "makeprocs (%d): All other processes completed, exiting main process.\n"
  136  000031a8  70726f63	
  136  000031ac  73202825	
  136  000031b0  64293a20	
  136  000031b4  416c6c20	
  136  000031b8  6f746865	
  136  000031bc  72207072	
  136  000031c0  6f636573	
  136  000031c4  73657320	
  136  000031c8  636f6d70	
  136  000031cc  6c657465	
  136  000031d0  642c2065	
  136  000031d4  78697469	
  136  000031d8  6e67206d	
  136  000031dc  61696e20	
  136  000031e0  70726f63	
  136  000031e4  6573732e	
  136  000031e8  0a      	
  137  000031e9  00      	.ascii "\000"
  138  000031ea          	.text
  139  000010d4          	.align 2
  140  000010d4          	.proc _main
  141  000010d4          	.global _main
  142  000010d4          	_main:
  143                      ;  Function 'main'; 96 bytes of locals, 0 regs to save.
  144  000010d4  afbefffc	sw	-4(r29),r30; push fp
  145  000010d8  001df020	add	r30,r0,r29; fp = sp
  146  000010dc  afbffff8	sw	-8(r29),r31; push ret addr
  147  000010e0  2fbd0068	subui	r29,r29,#104; alloc local storage
  148  000010e4  8fc20000	lw	r2,(r30)
  149  000010e8  8fca0004	lw	r10,4(r30)
  150  000010ec  0c001a9c	jal	___main
  151  000010f0  54000000	nop; not filled.
  152  000010f4  64410003	snei	r1,r2,#3
  153  000010f8  1020004c	beqz	r1,L14_LF0
  154  000010fc  54000000	nop; not filled.
  155  00001100  23bdfff8	addi	r29,r29,#-8
  156  00001104  3c140000	lhi	r20,((LC0_LF0)>>16)&0xffff
  157  00001108  26943000	addui	r20,r20,(LC0_LF0)&0xffff
  158  0000110c  afb40000	sw	(r29),r20
  159  00001110  0c000bc8	jal	_Printf
  160  00001114  54000000	nop; not filled.
  161  00001118  8d540000	lw	r20,(r10)
  162  0000111c  afb40000	sw	(r29),r20
  163  00001120  0c000bb8	jal	_Printf
  164  00001124  54000000	nop; not filled.
  165  00001128  3c140000	lhi	r20,((LC1_LF0)>>16)&0xffff
  166  0000112c  26943008	addui	r20,r20,(LC1_LF0)&0xffff
  167  00001130  afb40000	sw	(r29),r20
  168  00001134  0c000ba4	jal	_Printf
  169  00001138  54000000	nop; not filled.
  170  0000113c  0c000ca4	jal	_Exit
  171  00001140  54000000	nop; not filled.
  172  00001144  23bd0008	addi	r29,r29,#8
  173  00001148          	L14_LF0:
  174  00001148  23bdfff0	addi	r29,r29,#-16
  175  0000114c  8d540004	lw	r20,4(r10)
  176  00001150  afb40000	sw	(r29),r20
  177  00001154  20140000	addi	r20,r0,#0
  178  00001158  afb40004	sw	4(r29),r20
  179  0000115c  2014000a	addi	r20,r0,#10
  180  00001160  afb40008	sw	8(r29),r20
  181  00001164  0c001528	jal	_dstrtol
  182  00001168  54000000	nop; not filled.
  183  0000116c  00016820	add	r13,r0,r1
  184  00001170  3c140000	lhi	r20,((LC2_LF0)>>16)&0xffff
  185  00001174  2694302c	addui	r20,r20,(LC2_LF0)&0xffff
  186  00001178  afb40000	sw	(r29),r20
  187  0000117c  afad0004	sw	4(r29),r13
  188  00001180  0c000b58	jal	_Printf
  189  00001184  54000000	nop; not filled.
  190  00001188  8d540008	lw	r20,8(r10)
  191  0000118c  afb40000	sw	(r29),r20
  192  00001190  20140000	addi	r20,r0,#0
  193  00001194  afb40004	sw	4(r29),r20
  194  00001198  2014000a	addi	r20,r0,#10
  195  0000119c  afb40008	sw	8(r29),r20
  196  000011a0  0c0014ec	jal	_dstrtol
  197  000011a4  54000000	nop; not filled.
  198  000011a8  00014020	add	r8,r0,r1
  199  000011ac  3c140000	lhi	r20,((LC3_LF0)>>16)&0xffff
  200  000011b0  26943048	addui	r20,r20,(LC3_LF0)&0xffff
  201  000011b4  afb40000	sw	(r29),r20
  202  000011b8  afa80004	sw	4(r29),r8
  203  000011bc  0c000b1c	jal	_Printf
  204  000011c0  54000000	nop; not filled.
  205  000011c4  51a30001	slli	r3,r13,#0x1
  206  000011c8  23bd0010	addi	r29,r29,#16
  207  000011cc  6d010003	sgti	r1,r8,#3
  208  000011d0  10200018	beqz	r1,L15_LF0
  209  000011d4  54000000	nop; not filled.
  210  000011d8  5901001f	srli	r1,r8,#0x1f
  211  000011dc  01010820	add	r1,r8,r1
  212  000011e0  5c220001	srai	r2,r1,#0x1
  213  000011e4  08000008	j	L16_LF0
  214  000011e8  54000000	nop; not filled.
  215  000011ec          	L15_LF0:
  216  000011ec  20020000	addi	r2,r0,#0
  217  000011f0          	L16_LF0:
  218  000011f0  64610000	snei	r1,r3,#0
  219  000011f4  10200010	beqz	r1,L18_LF0
  220  000011f8  54000000	nop; not filled.
  221  000011fc  65010000	snei	r1,r8,#0
  222  00001200  14200010	bnez	r1,L17_LF0
  223  00001204  54000000	nop; not filled.
  224  00001208          	L18_LF0:
  225  00001208  200b0000	addi	r11,r0,#0
  226  0000120c  0800002c	j	L19_LF0
  227  00001210  54000000	nop; not filled.
  228  00001214          	L17_LF0:
  229  00001214  5841001f	srli	r1,r2,#0x1f
  230  00001218  00410820	add	r1,r2,r1
  231  0000121c  5c220001	srai	r2,r1,#0x1
  232  00001220  0062082a	slt	r1,r3,r2
  233  00001224  10200010	beqz	r1,L20_LF0
  234  00001228  54000000	nop; not filled.
  235  0000122c  00035820	add	r11,r0,r3
  236  00001230  08000008	j	L19_LF0
  237  00001234  54000000	nop; not filled.
  238  00001238          	L20_LF0:
  239  00001238  00025820	add	r11,r0,r2
  240  0000123c          	L19_LF0:
  241  0000123c  23bdfff8	addi	r29,r29,#-8
  242  00001240  3c140000	lhi	r20,((LC4_LF0)>>16)&0xffff
  243  00001244  26943064	addui	r20,r20,(LC4_LF0)&0xffff
  244  00001248  afb40000	sw	(r29),r20
  245  0000124c  afab0004	sw	4(r29),r11
  246  00001250  0c000a88	jal	_Printf
  247  00001254  54000000	nop; not filled.
  248  00001258  51a10001	slli	r1,r13,#0x1
  249  0000125c  00281820	add	r3,r1,r8
  250  00001260  00081020	add	r2,r0,r8
  251  00001264  75010000	sgei	r1,r8,#0
  252  00001268  14200008	bnez	r1,L22_LF0
  253  0000126c  54000000	nop; not filled.
  254  00001270  21020003	addi	r2,r8,#3
  255  00001274          	L22_LF0:
  256  00001274  5c410002	srai	r1,r2,#0x2
  257  00001278  00610820	add	r1,r3,r1
  258  0000127c  002b6020	add	r12,r1,r11
  259  00001280  3c140000	lhi	r20,((LC5_LF0)>>16)&0xffff
  260  00001284  26943084	addui	r20,r20,(LC5_LF0)&0xffff
  261  00001288  afb40000	sw	(r29),r20
  262  0000128c  afac0004	sw	4(r29),r12
  263  00001290  0c000a48	jal	_Printf
  264  00001294  54000000	nop; not filled.
  265  00001298  20010001	addi	r1,r0,#1
  266  0000129c  002c0822	sub	r1,r1,r12
  267  000012a0  afa10000	sw	(r29),r1
  268  000012a4  0c000a70	jal	_sem_create
  269  000012a8  54000000	nop; not filled.
  270  000012ac  00018020	add	r16,r0,r1
  271  000012b0  23bd0008	addi	r29,r29,#8
  272  000012b4  6201ffff	seqi	r1,r16,#-1
  273  000012b8  1020004c	beqz	r1,L23_LF0
  274  000012bc  54000000	nop; not filled.
  275  000012c0  23bdfff8	addi	r29,r29,#-8
  276  000012c4  3c140000	lhi	r20,((LC6_LF0)>>16)&0xffff
  277  000012c8  269430a0	addui	r20,r20,(LC6_LF0)&0xffff
  278  000012cc  afb40000	sw	(r29),r20
  279  000012d0  0c000a08	jal	_Printf
  280  000012d4  54000000	nop; not filled.
  281  000012d8  8d540000	lw	r20,(r10)
  282  000012dc  afb40000	sw	(r29),r20
  283  000012e0  0c0009f8	jal	_Printf
  284  000012e4  54000000	nop; not filled.
  285  000012e8  3c140000	lhi	r20,((LC7_LF0)>>16)&0xffff
  286  000012ec  269430b4	addui	r20,r20,(LC7_LF0)&0xffff
  287  000012f0  afb40000	sw	(r29),r20
  288  000012f4  0c0009e4	jal	_Printf
  289  000012f8  54000000	nop; not filled.
  290  000012fc  0c000ae4	jal	_Exit
  291  00001300  54000000	nop; not filled.
  292  00001304  23bd0008	addi	r29,r29,#8
  293  00001308          	L23_LF0:
  294  00001308  0c000a84	jal	_mbox_create
  295  0000130c  54000000	nop; not filled.
  296  00001310  00017020	add	r14,r0,r1
  297  00001314  61c1ffff	seqi	r1,r14,#-1
  298  00001318  1020004c	beqz	r1,L24_LF0
  299  0000131c  54000000	nop; not filled.
  300  00001320  23bdfff8	addi	r29,r29,#-8
  301  00001324  3c140000	lhi	r20,((LC8_LF0)>>16)&0xffff
  302  00001328  269430b8	addui	r20,r20,(LC8_LF0)&0xffff
  303  0000132c  afb40000	sw	(r29),r20
  304  00001330  0c0009a8	jal	_Printf
  305  00001334  54000000	nop; not filled.
  306  00001338  8d540000	lw	r20,(r10)
  307  0000133c  afb40000	sw	(r29),r20
  308  00001340  0c000998	jal	_Printf
  309  00001344  54000000	nop; not filled.
  310  00001348  3c140000	lhi	r20,((LC7_LF0)>>16)&0xffff
  311  0000134c  269430b4	addui	r20,r20,(LC7_LF0)&0xffff
  312  00001350  afb40000	sw	(r29),r20
  313  00001354  0c000984	jal	_Printf
  314  00001358  54000000	nop; not filled.
  315  0000135c  0c000a84	jal	_Exit
  316  00001360  54000000	nop; not filled.
  317  00001364  23bd0008	addi	r29,r29,#8
  318  00001368          	L24_LF0:
  319  00001368  0c000a24	jal	_mbox_create
  320  0000136c  54000000	nop; not filled.
  321  00001370  00017820	add	r15,r0,r1
  322  00001374  61e1ffff	seqi	r1,r15,#-1
  323  00001378  1020004c	beqz	r1,L25_LF0
  324  0000137c  54000000	nop; not filled.
  325  00001380  23bdfff8	addi	r29,r29,#-8
  326  00001384  3c140000	lhi	r20,((LC8_LF0)>>16)&0xffff
  327  00001388  269430b8	addui	r20,r20,(LC8_LF0)&0xffff
  328  0000138c  afb40000	sw	(r29),r20
  329  00001390  0c000948	jal	_Printf
  330  00001394  54000000	nop; not filled.
  331  00001398  8d540000	lw	r20,(r10)
  332  0000139c  afb40000	sw	(r29),r20
  333  000013a0  0c000938	jal	_Printf
  334  000013a4  54000000	nop; not filled.
  335  000013a8  3c140000	lhi	r20,((LC7_LF0)>>16)&0xffff
  336  000013ac  269430b4	addui	r20,r20,(LC7_LF0)&0xffff
  337  000013b0  afb40000	sw	(r29),r20
  338  000013b4  0c000924	jal	_Printf
  339  000013b8  54000000	nop; not filled.
  340  000013bc  0c000a24	jal	_Exit
  341  000013c0  54000000	nop; not filled.
  342  000013c4  23bd0008	addi	r29,r29,#8
  343  000013c8          	L25_LF0:
  344  000013c8  0c0009c4	jal	_mbox_create
  345  000013cc  54000000	nop; not filled.
  346  000013d0  00018820	add	r17,r0,r1
  347  000013d4  6221ffff	seqi	r1,r17,#-1
  348  000013d8  1020004c	beqz	r1,L26_LF0
  349  000013dc  54000000	nop; not filled.
  350  000013e0  23bdfff8	addi	r29,r29,#-8
  351  000013e4  3c140000	lhi	r20,((LC8_LF0)>>16)&0xffff
  352  000013e8  269430b8	addui	r20,r20,(LC8_LF0)&0xffff
  353  000013ec  afb40000	sw	(r29),r20
  354  000013f0  0c0008e8	jal	_Printf
  355  000013f4  54000000	nop; not filled.
  356  000013f8  8d540000	lw	r20,(r10)
  357  000013fc  afb40000	sw	(r29),r20
  358  00001400  0c0008d8	jal	_Printf
  359  00001404  54000000	nop; not filled.
  360  00001408  3c140000	lhi	r20,((LC7_LF0)>>16)&0xffff
  361  0000140c  269430b4	addui	r20,r20,(LC7_LF0)&0xffff
  362  00001410  afb40000	sw	(r29),r20
  363  00001414  0c0008c4	jal	_Printf
  364  00001418  54000000	nop; not filled.
  365  0000141c  0c0009c4	jal	_Exit
  366  00001420  54000000	nop; not filled.
  367  00001424  23bd0008	addi	r29,r29,#8
  368  00001428          	L26_LF0:
  369  00001428  0c000964	jal	_mbox_create
  370  0000142c  54000000	nop; not filled.
  371  00001430  00019020	add	r18,r0,r1
  372  00001434  6241ffff	seqi	r1,r18,#-1
  373  00001438  1020004c	beqz	r1,L27_LF0
  374  0000143c  54000000	nop; not filled.
  375  00001440  23bdfff8	addi	r29,r29,#-8
  376  00001444  3c140000	lhi	r20,((LC8_LF0)>>16)&0xffff
  377  00001448  269430b8	addui	r20,r20,(LC8_LF0)&0xffff
  378  0000144c  afb40000	sw	(r29),r20
  379  00001450  0c000888	jal	_Printf
  380  00001454  54000000	nop; not filled.
  381  00001458  8d540000	lw	r20,(r10)
  382  0000145c  afb40000	sw	(r29),r20
  383  00001460  0c000878	jal	_Printf
  384  00001464  54000000	nop; not filled.
  385  00001468  3c140000	lhi	r20,((LC7_LF0)>>16)&0xffff
  386  0000146c  269430b4	addui	r20,r20,(LC7_LF0)&0xffff
  387  00001470  afb40000	sw	(r29),r20
  388  00001474  0c000864	jal	_Printf
  389  00001478  54000000	nop; not filled.
  390  0000147c  0c000964	jal	_Exit
  391  00001480  54000000	nop; not filled.
  392  00001484  23bd0008	addi	r29,r29,#8
  393  00001488          	L27_LF0:
  394  00001488  0c000904	jal	_mbox_create
  395  0000148c  54000000	nop; not filled.
  396  00001490  00019820	add	r19,r0,r1
  397  00001494  6261ffff	seqi	r1,r19,#-1
  398  00001498  1020004c	beqz	r1,L28_LF0
  399  0000149c  54000000	nop; not filled.
  400  000014a0  23bdfff8	addi	r29,r29,#-8
  401  000014a4  3c140000	lhi	r20,((LC8_LF0)>>16)&0xffff
  402  000014a8  269430b8	addui	r20,r20,(LC8_LF0)&0xffff
  403  000014ac  afb40000	sw	(r29),r20
  404  000014b0  0c000828	jal	_Printf
  405  000014b4  54000000	nop; not filled.
  406  000014b8  8d540000	lw	r20,(r10)
  407  000014bc  afb40000	sw	(r29),r20
  408  000014c0  0c000818	jal	_Printf
  409  000014c4  54000000	nop; not filled.
  410  000014c8  3c140000	lhi	r20,((LC7_LF0)>>16)&0xffff
  411  000014cc  269430b4	addui	r20,r20,(LC7_LF0)&0xffff
  412  000014d0  afb40000	sw	(r29),r20
  413  000014d4  0c000804	jal	_Printf
  414  000014d8  54000000	nop; not filled.
  415  000014dc  0c000904	jal	_Exit
  416  000014e0  54000000	nop; not filled.
  417  000014e4  23bd0008	addi	r29,r29,#8
  418  000014e8          	L28_LF0:
  419  000014e8  23bdfff8	addi	r29,r29,#-8
  420  000014ec  afae0000	sw	(r29),r14
  421  000014f0  0c0008a8	jal	_mbox_open
  422  000014f4  54000000	nop; not filled.
  423  000014f8  23bd0008	addi	r29,r29,#8
  424  000014fc  6021ffff	seqi	r1,r1,#-1
  425  00001500  1020004c	beqz	r1,L29_LF0
  426  00001504  54000000	nop; not filled.
  427  00001508  23bdfff8	addi	r29,r29,#-8
  428  0000150c  3c140000	lhi	r20,((LC9_LF0)>>16)&0xffff
  429  00001510  269430cc	addui	r20,r20,(LC9_LF0)&0xffff
  430  00001514  afb40000	sw	(r29),r20
  431  00001518  0c0007c0	jal	_Printf
  432  0000151c  54000000	nop; not filled.
  433  00001520  8d540000	lw	r20,(r10)
  434  00001524  afb40000	sw	(r29),r20
  435  00001528  0c0007b0	jal	_Printf
  436  0000152c  54000000	nop; not filled.
  437  00001530  3c140000	lhi	r20,((LC7_LF0)>>16)&0xffff
  438  00001534  269430b4	addui	r20,r20,(LC7_LF0)&0xffff
  439  00001538  afb40000	sw	(r29),r20
  440  0000153c  0c00079c	jal	_Printf
  441  00001540  54000000	nop; not filled.
  442  00001544  0c00089c	jal	_Exit
  443  00001548  54000000	nop; not filled.
  444  0000154c  23bd0008	addi	r29,r29,#8
  445  00001550          	L29_LF0:
  446  00001550  23bdfff8	addi	r29,r29,#-8
  447  00001554  afaf0000	sw	(r29),r15
  448  00001558  0c000840	jal	_mbox_open
  449  0000155c  54000000	nop; not filled.
  450  00001560  23bd0008	addi	r29,r29,#8
  451  00001564  6021ffff	seqi	r1,r1,#-1
  452  00001568  1020004c	beqz	r1,L30_LF0
  453  0000156c  54000000	nop; not filled.
  454  00001570  23bdfff8	addi	r29,r29,#-8
  455  00001574  3c140000	lhi	r20,((LC9_LF0)>>16)&0xffff
  456  00001578  269430cc	addui	r20,r20,(LC9_LF0)&0xffff
  457  0000157c  afb40000	sw	(r29),r20
  458  00001580  0c000758	jal	_Printf
  459  00001584  54000000	nop; not filled.
  460  00001588  8d540000	lw	r20,(r10)
  461  0000158c  afb40000	sw	(r29),r20
  462  00001590  0c000748	jal	_Printf
  463  00001594  54000000	nop; not filled.
  464  00001598  3c140000	lhi	r20,((LC7_LF0)>>16)&0xffff
  465  0000159c  269430b4	addui	r20,r20,(LC7_LF0)&0xffff
  466  000015a0  afb40000	sw	(r29),r20
  467  000015a4  0c000734	jal	_Printf
  468  000015a8  54000000	nop; not filled.
  469  000015ac  0c000834	jal	_Exit
  470  000015b0  54000000	nop; not filled.
  471  000015b4  23bd0008	addi	r29,r29,#8
  472  000015b8          	L30_LF0:
  473  000015b8  23bdfff8	addi	r29,r29,#-8
  474  000015bc  afb10000	sw	(r29),r17
  475  000015c0  0c0007d8	jal	_mbox_open
  476  000015c4  54000000	nop; not filled.
  477  000015c8  23bd0008	addi	r29,r29,#8
  478  000015cc  6021ffff	seqi	r1,r1,#-1
  479  000015d0  1020004c	beqz	r1,L31_LF0
  480  000015d4  54000000	nop; not filled.
  481  000015d8  23bdfff8	addi	r29,r29,#-8
  482  000015dc  3c140000	lhi	r20,((LC9_LF0)>>16)&0xffff
  483  000015e0  269430cc	addui	r20,r20,(LC9_LF0)&0xffff
  484  000015e4  afb40000	sw	(r29),r20
  485  000015e8  0c0006f0	jal	_Printf
  486  000015ec  54000000	nop; not filled.
  487  000015f0  8d540000	lw	r20,(r10)
  488  000015f4  afb40000	sw	(r29),r20
  489  000015f8  0c0006e0	jal	_Printf
  490  000015fc  54000000	nop; not filled.
  491  00001600  3c140000	lhi	r20,((LC7_LF0)>>16)&0xffff
  492  00001604  269430b4	addui	r20,r20,(LC7_LF0)&0xffff
  493  00001608  afb40000	sw	(r29),r20
  494  0000160c  0c0006cc	jal	_Printf
  495  00001610  54000000	nop; not filled.
  496  00001614  0c0007cc	jal	_Exit
  497  00001618  54000000	nop; not filled.
  498  0000161c  23bd0008	addi	r29,r29,#8
  499  00001620          	L31_LF0:
  500  00001620  23bdfff8	addi	r29,r29,#-8
  501  00001624  afb20000	sw	(r29),r18
  502  00001628  0c000770	jal	_mbox_open
  503  0000162c  54000000	nop; not filled.
  504  00001630  23bd0008	addi	r29,r29,#8
  505  00001634  6021ffff	seqi	r1,r1,#-1
  506  00001638  1020004c	beqz	r1,L32_LF0
  507  0000163c  54000000	nop; not filled.
  508  00001640  23bdfff8	addi	r29,r29,#-8
  509  00001644  3c140000	lhi	r20,((LC9_LF0)>>16)&0xffff
  510  00001648  269430cc	addui	r20,r20,(LC9_LF0)&0xffff
  511  0000164c  afb40000	sw	(r29),r20
  512  00001650  0c000688	jal	_Printf
  513  00001654  54000000	nop; not filled.
  514  00001658  8d540000	lw	r20,(r10)
  515  0000165c  afb40000	sw	(r29),r20
  516  00001660  0c000678	jal	_Printf
  517  00001664  54000000	nop; not filled.
  518  00001668  3c140000	lhi	r20,((LC7_LF0)>>16)&0xffff
  519  0000166c  269430b4	addui	r20,r20,(LC7_LF0)&0xffff
  520  00001670  afb40000	sw	(r29),r20
  521  00001674  0c000664	jal	_Printf
  522  00001678  54000000	nop; not filled.
  523  0000167c  0c000764	jal	_Exit
  524  00001680  54000000	nop; not filled.
  525  00001684  23bd0008	addi	r29,r29,#8
  526  00001688          	L32_LF0:
  527  00001688  23bdfff8	addi	r29,r29,#-8
  528  0000168c  afb30000	sw	(r29),r19
  529  00001690  0c000708	jal	_mbox_open
  530  00001694  54000000	nop; not filled.
  531  00001698  23bd0008	addi	r29,r29,#8
  532  0000169c  6021ffff	seqi	r1,r1,#-1
  533  000016a0  1020004c	beqz	r1,L33_LF0
  534  000016a4  54000000	nop; not filled.
  535  000016a8  23bdfff8	addi	r29,r29,#-8
  536  000016ac  3c140000	lhi	r20,((LC9_LF0)>>16)&0xffff
  537  000016b0  269430cc	addui	r20,r20,(LC9_LF0)&0xffff
  538  000016b4  afb40000	sw	(r29),r20
  539  000016b8  0c000620	jal	_Printf
  540  000016bc  54000000	nop; not filled.
  541  000016c0  8d540000	lw	r20,(r10)
  542  000016c4  afb40000	sw	(r29),r20
  543  000016c8  0c000610	jal	_Printf
  544  000016cc  54000000	nop; not filled.
  545  000016d0  3c140000	lhi	r20,((LC7_LF0)>>16)&0xffff
  546  000016d4  269430b4	addui	r20,r20,(LC7_LF0)&0xffff
  547  000016d8  afb40000	sw	(r29),r20
  548  000016dc  0c0005fc	jal	_Printf
  549  000016e0  54000000	nop; not filled.
  550  000016e4  0c0006fc	jal	_Exit
  551  000016e8  54000000	nop; not filled.
  552  000016ec  23bd0008	addi	r29,r29,#8
  553  000016f0          	L33_LF0:
  554  000016f0  23bdfff8	addi	r29,r29,#-8
  555  000016f4  afb00000	sw	(r29),r16
  556  000016f8  23c4ffe8	addi	r4,r30,#-24
  557  000016fc  afa40004	sw	4(r29),r4
  558  00001700  0c000e00	jal	_ditoa
  559  00001704  54000000	nop; not filled.
  560  00001708  afae0000	sw	(r29),r14
  561  0000170c  23c7ffd8	addi	r7,r30,#-40
  562  00001710  afa70004	sw	4(r29),r7
  563  00001714  0c000dec	jal	_ditoa
  564  00001718  54000000	nop; not filled.
  565  0000171c  afb20000	sw	(r29),r18
  566  00001720  23c6ffb8	addi	r6,r30,#-72
  567  00001724  afa60004	sw	4(r29),r6
  568  00001728  0c000dd8	jal	_ditoa
  569  0000172c  54000000	nop; not filled.
  570  00001730  afb10000	sw	(r29),r17
  571  00001734  23c5ffa8	addi	r5,r30,#-88
  572  00001738  afa50004	sw	4(r29),r5
  573  0000173c  0c000dc4	jal	_ditoa
  574  00001740  54000000	nop; not filled.
  575  00001744  afaf0000	sw	(r29),r15
  576  00001748  23c2ffc8	addi	r2,r30,#-56
  577  0000174c  afa20004	sw	4(r29),r2
  578  00001750  0c000db0	jal	_ditoa
  579  00001754  54000000	nop; not filled.
  580  00001758  afb30000	sw	(r29),r19
  581  0000175c  23c1ff98	addi	r1,r30,#-104
  582  00001760  afa10004	sw	4(r29),r1
  583  00001764  0c000d9c	jal	_ditoa
  584  00001768  54000000	nop; not filled.
  585  0000176c  20030000	addi	r3,r0,#0
  586  00001770  23bd0008	addi	r29,r29,#8
  587  00001774  006c082a	slt	r1,r3,r12
  588  00001778  10200274	beqz	r1,L35_LF0
  589  0000177c  54000000	nop; not filled.
  590  00001780  00024820	add	r9,r0,r2
  591  00001784          	L37_LF0:
  592  00001784  006d102a	slt	r2,r3,r13
  593  00001788  10400064	beqz	r2,L38_LF0
  594  0000178c  54000000	nop; not filled.
  595  00001790  23bdffe8	addi	r29,r29,#-24
  596  00001794  3c140000	lhi	r20,((LC10_LF0)>>16)&0xffff
  597  00001798  269430e0	addui	r20,r20,(LC10_LF0)&0xffff
  598  0000179c  afb40000	sw	(r29),r20
  599  000017a0  20140000	addi	r20,r0,#0
  600  000017a4  afb40004	sw	4(r29),r20
  601  000017a8  20140001	addi	r20,r0,#1
  602  000017ac  afb40008	sw	8(r29),r20
  603  000017b0  afa4000c	sw	12(r29),r4
  604  000017b4  afa90010	sw	16(r29),r9
  605  000017b8  20140000	addi	r20,r0,#0
  606  000017bc  afb40014	sw	20(r29),r20
  607  000017c0  0c000530	jal	_process_create
  608  000017c4  54000000	nop; not filled.
  609  000017c8  0c00051c	jal	_getpid
  610  000017cc  54000000	nop; not filled.
  611  000017d0  3c140000	lhi	r20,((LC11_LF0)>>16)&0xffff
  612  000017d4  269430f0	addui	r20,r20,(LC11_LF0)&0xffff
  613  000017d8  afb40000	sw	(r29),r20
  614  000017dc  afa10004	sw	4(r29),r1
  615  000017e0  afa30008	sw	8(r29),r3
  616  000017e4  0c0004f4	jal	_Printf
  617  000017e8  54000000	nop; not filled.
  618  000017ec  23bd0018	addi	r29,r29,#24
  619  000017f0          	L38_LF0:
  620  000017f0  0068082a	slt	r1,r3,r8
  621  000017f4  10200064	beqz	r1,L39_LF0
  622  000017f8  54000000	nop; not filled.
  623  000017fc  23bdffe8	addi	r29,r29,#-24
  624  00001800  3c140000	lhi	r20,((LC12_LF0)>>16)&0xffff
  625  00001804  26943114	addui	r20,r20,(LC12_LF0)&0xffff
  626  00001808  afb40000	sw	(r29),r20
  627  0000180c  20140000	addi	r20,r0,#0
  628  00001810  afb40004	sw	4(r29),r20
  629  00001814  20140001	addi	r20,r0,#1
  630  00001818  afb40008	sw	8(r29),r20
  631  0000181c  afa4000c	sw	12(r29),r4
  632  00001820  afa70010	sw	16(r29),r7
  633  00001824  20140000	addi	r20,r0,#0
  634  00001828  afb40014	sw	20(r29),r20
  635  0000182c  0c0004c4	jal	_process_create
  636  00001830  54000000	nop; not filled.
  637  00001834  0c0004b0	jal	_getpid
  638  00001838  54000000	nop; not filled.
  639  0000183c  3c140000	lhi	r20,((LC11_LF0)>>16)&0xffff
  640  00001840  269430f0	addui	r20,r20,(LC11_LF0)&0xffff
  641  00001844  afb40000	sw	(r29),r20
  642  00001848  afa10004	sw	4(r29),r1
  643  0000184c  afa30008	sw	8(r29),r3
  644  00001850  0c000488	jal	_Printf
  645  00001854  54000000	nop; not filled.
  646  00001858  23bd0018	addi	r29,r29,#24
  647  0000185c          	L39_LF0:
  648  0000185c  10400070	beqz	r2,L40_LF0
  649  00001860  54000000	nop; not filled.
  650  00001864  23bdffe0	addi	r29,r29,#-32
  651  00001868  3c140000	lhi	r20,((LC13_LF0)>>16)&0xffff
  652  0000186c  26943124	addui	r20,r20,(LC13_LF0)&0xffff
  653  00001870  afb40000	sw	(r29),r20
  654  00001874  20140000	addi	r20,r0,#0
  655  00001878  afb40004	sw	4(r29),r20
  656  0000187c  20140001	addi	r20,r0,#1
  657  00001880  afb40008	sw	8(r29),r20
  658  00001884  afa4000c	sw	12(r29),r4
  659  00001888  afa90010	sw	16(r29),r9
  660  0000188c  afa60014	sw	20(r29),r6
  661  00001890  20140000	addi	r20,r0,#0
  662  00001894  afb40018	sw	24(r29),r20
  663  00001898  0c000458	jal	_process_create
  664  0000189c  54000000	nop; not filled.
  665  000018a0  23bd0020	addi	r29,r29,#32
  666  000018a4  0c000440	jal	_getpid
  667  000018a8  54000000	nop; not filled.
  668  000018ac  23bdfff0	addi	r29,r29,#-16
  669  000018b0  3c140000	lhi	r20,((LC11_LF0)>>16)&0xffff
  670  000018b4  269430f0	addui	r20,r20,(LC11_LF0)&0xffff
  671  000018b8  afb40000	sw	(r29),r20
  672  000018bc  afa10004	sw	4(r29),r1
  673  000018c0  afa30008	sw	8(r29),r3
  674  000018c4  0c000414	jal	_Printf
  675  000018c8  54000000	nop; not filled.
  676  000018cc  23bd0010	addi	r29,r29,#16
  677  000018d0          	L40_LF0:
  678  000018d0  00081020	add	r2,r0,r8
  679  000018d4  75010000	sgei	r1,r8,#0
  680  000018d8  14200008	bnez	r1,L42_LF0
  681  000018dc  54000000	nop; not filled.
  682  000018e0  20420003	addi	r2,r2,#3
  683  000018e4          	L42_LF0:
  684  000018e4  5c410002	srai	r1,r2,#0x2
  685  000018e8  0061082a	slt	r1,r3,r1
  686  000018ec  10200070	beqz	r1,L41_LF0
  687  000018f0  54000000	nop; not filled.
  688  000018f4  23bdffe0	addi	r29,r29,#-32
  689  000018f8  3c140000	lhi	r20,((LC14_LF0)>>16)&0xffff
  690  000018fc  26943138	addui	r20,r20,(LC14_LF0)&0xffff
  691  00001900  afb40000	sw	(r29),r20
  692  00001904  20140000	addi	r20,r0,#0
  693  00001908  afb40004	sw	4(r29),r20
  694  0000190c  20140001	addi	r20,r0,#1
  695  00001910  afb40008	sw	8(r29),r20
  696  00001914  afa4000c	sw	12(r29),r4
  697  00001918  afa70010	sw	16(r29),r7
  698  0000191c  afa50014	sw	20(r29),r5
  699  00001920  20140000	addi	r20,r0,#0
  700  00001924  afb40018	sw	24(r29),r20
  701  00001928  0c0003c8	jal	_process_create
  702  0000192c  54000000	nop; not filled.
  703  00001930  23bd0020	addi	r29,r29,#32
  704  00001934  0c0003b0	jal	_getpid
  705  00001938  54000000	nop; not filled.
  706  0000193c  23bdfff0	addi	r29,r29,#-16
  707  00001940  3c140000	lhi	r20,((LC11_LF0)>>16)&0xffff
  708  00001944  269430f0	addui	r20,r20,(LC11_LF0)&0xffff
  709  00001948  afb40000	sw	(r29),r20
  710  0000194c  afa10004	sw	4(r29),r1
  711  00001950  afa30008	sw	8(r29),r3
  712  00001954  0c000384	jal	_Printf
  713  00001958  54000000	nop; not filled.
  714  0000195c  23bd0010	addi	r29,r29,#16
  715  00001960          	L41_LF0:
  716  00001960  006b082a	slt	r1,r3,r11
  717  00001964  10200078	beqz	r1,L36_LF0
  718  00001968  54000000	nop; not filled.
  719  0000196c  23bdffe0	addi	r29,r29,#-32
  720  00001970  3c140000	lhi	r20,((LC15_LF0)>>16)&0xffff
  721  00001974  2694314c	addui	r20,r20,(LC15_LF0)&0xffff
  722  00001978  afb40000	sw	(r29),r20
  723  0000197c  20140000	addi	r20,r0,#0
  724  00001980  afb40004	sw	4(r29),r20
  725  00001984  20140001	addi	r20,r0,#1
  726  00001988  afb40008	sw	8(r29),r20
  727  0000198c  afa4000c	sw	12(r29),r4
  728  00001990  afa60010	sw	16(r29),r6
  729  00001994  afa50014	sw	20(r29),r5
  730  00001998  23c1ff98	addi	r1,r30,#-104
  731  0000199c  afa10018	sw	24(r29),r1
  732  000019a0  20140000	addi	r20,r0,#0
  733  000019a4  afb4001c	sw	28(r29),r20
  734  000019a8  0c000348	jal	_process_create
  735  000019ac  54000000	nop; not filled.
  736  000019b0  23bd0020	addi	r29,r29,#32
  737  000019b4  0c000330	jal	_getpid
  738  000019b8  54000000	nop; not filled.
  739  000019bc  23bdfff0	addi	r29,r29,#-16
  740  000019c0  3c140000	lhi	r20,((LC11_LF0)>>16)&0xffff
  741  000019c4  269430f0	addui	r20,r20,(LC11_LF0)&0xffff
  742  000019c8  afb40000	sw	(r29),r20
  743  000019cc  afa10004	sw	4(r29),r1
  744  000019d0  afa30008	sw	8(r29),r3
  745  000019d4  0c000304	jal	_Printf
  746  000019d8  54000000	nop; not filled.
  747  000019dc  23bd0010	addi	r29,r29,#16
  748  000019e0          	L36_LF0:
  749  000019e0  20630001	addi	r3,r3,#1
  750  000019e4  006c082a	slt	r1,r3,r12
  751  000019e8  1420fd98	bnez	r1,L37_LF0
  752  000019ec  54000000	nop; not filled.
  753  000019f0          	L35_LF0:
  754  000019f0  23bdfff8	addi	r29,r29,#-8
  755  000019f4  afb00000	sw	(r29),r16
  756  000019f8  0c000328	jal	_sem_wait
  757  000019fc  54000000	nop; not filled.
  758  00001a00  23bd0008	addi	r29,r29,#8
  759  00001a04  64210001	snei	r1,r1,#1
  760  00001a08  10200050	beqz	r1,L45_LF0
  761  00001a0c  54000000	nop; not filled.
  762  00001a10  23bdfff8	addi	r29,r29,#-8
  763  00001a14  3c140000	lhi	r20,((LC16_LF0)>>16)&0xffff
  764  00001a18  26943164	addui	r20,r20,(LC16_LF0)&0xffff
  765  00001a1c  afb40000	sw	(r29),r20
  766  00001a20  afb00004	sw	4(r29),r16
  767  00001a24  0c0002b4	jal	_Printf
  768  00001a28  54000000	nop; not filled.
  769  00001a2c  8d540000	lw	r20,(r10)
  770  00001a30  afb40000	sw	(r29),r20
  771  00001a34  0c0002a4	jal	_Printf
  772  00001a38  54000000	nop; not filled.
  773  00001a3c  3c140000	lhi	r20,((LC7_LF0)>>16)&0xffff
  774  00001a40  269430b4	addui	r20,r20,(LC7_LF0)&0xffff
  775  00001a44  afb40000	sw	(r29),r20
  776  00001a48  0c000290	jal	_Printf
  777  00001a4c  54000000	nop; not filled.
  778  00001a50  0c000390	jal	_Exit
  779  00001a54  54000000	nop; not filled.
  780  00001a58  23bd0008	addi	r29,r29,#8
  781  00001a5c          	L45_LF0:
  782  00001a5c  23bdfff8	addi	r29,r29,#-8
  783  00001a60  afae0000	sw	(r29),r14
  784  00001a64  0c000340	jal	_mbox_close
  785  00001a68  54000000	nop; not filled.
  786  00001a6c  23bd0008	addi	r29,r29,#8
  787  00001a70  6021ffff	seqi	r1,r1,#-1
  788  00001a74  1020004c	beqz	r1,L46_LF0
  789  00001a78  54000000	nop; not filled.
  790  00001a7c  23bdfff8	addi	r29,r29,#-8
  791  00001a80  3c140000	lhi	r20,((LC17_LF0)>>16)&0xffff
  792  00001a84  26943190	addui	r20,r20,(LC17_LF0)&0xffff
  793  00001a88  afb40000	sw	(r29),r20
  794  00001a8c  0c00024c	jal	_Printf
  795  00001a90  54000000	nop; not filled.
  796  00001a94  8d540000	lw	r20,(r10)
  797  00001a98  afb40000	sw	(r29),r20
  798  00001a9c  0c00023c	jal	_Printf
  799  00001aa0  54000000	nop; not filled.
  800  00001aa4  3c140000	lhi	r20,((LC7_LF0)>>16)&0xffff
  801  00001aa8  269430b4	addui	r20,r20,(LC7_LF0)&0xffff
  802  00001aac  afb40000	sw	(r29),r20
  803  00001ab0  0c000228	jal	_Printf
  804  00001ab4  54000000	nop; not filled.
  805  00001ab8  0c000328	jal	_Exit
  806  00001abc  54000000	nop; not filled.
  807  00001ac0  23bd0008	addi	r29,r29,#8
  808  00001ac4          	L46_LF0:
  809  00001ac4  23bdfff8	addi	r29,r29,#-8
  810  00001ac8  afaf0000	sw	(r29),r15
  811  00001acc  0c0002d8	jal	_mbox_close
  812  00001ad0  54000000	nop; not filled.
  813  00001ad4  23bd0008	addi	r29,r29,#8
  814  00001ad8  6021ffff	seqi	r1,r1,#-1
  815  00001adc  1020004c	beqz	r1,L47_LF0
  816  00001ae0  54000000	nop; not filled.
  817  00001ae4  23bdfff8	addi	r29,r29,#-8
  818  00001ae8  3c140000	lhi	r20,((LC17_LF0)>>16)&0xffff
  819  00001aec  26943190	addui	r20,r20,(LC17_LF0)&0xffff
  820  00001af0  afb40000	sw	(r29),r20
  821  00001af4  0c0001e4	jal	_Printf
  822  00001af8  54000000	nop; not filled.
  823  00001afc  8d540000	lw	r20,(r10)
  824  00001b00  afb40000	sw	(r29),r20
  825  00001b04  0c0001d4	jal	_Printf
  826  00001b08  54000000	nop; not filled.
  827  00001b0c  3c140000	lhi	r20,((LC7_LF0)>>16)&0xffff
  828  00001b10  269430b4	addui	r20,r20,(LC7_LF0)&0xffff
  829  00001b14  afb40000	sw	(r29),r20
  830  00001b18  0c0001c0	jal	_Printf
  831  00001b1c  54000000	nop; not filled.
  832  00001b20  0c0002c0	jal	_Exit
  833  00001b24  54000000	nop; not filled.
  834  00001b28  23bd0008	addi	r29,r29,#8
  835  00001b2c          	L47_LF0:
  836  00001b2c  23bdfff8	addi	r29,r29,#-8
  837  00001b30  afb10000	sw	(r29),r17
  838  00001b34  0c000270	jal	_mbox_close
  839  00001b38  54000000	nop; not filled.
  840  00001b3c  23bd0008	addi	r29,r29,#8
  841  00001b40  6021ffff	seqi	r1,r1,#-1
  842  00001b44  1020004c	beqz	r1,L48_LF0
  843  00001b48  54000000	nop; not filled.
  844  00001b4c  23bdfff8	addi	r29,r29,#-8
  845  00001b50  3c140000	lhi	r20,((LC17_LF0)>>16)&0xffff
  846  00001b54  26943190	addui	r20,r20,(LC17_LF0)&0xffff
  847  00001b58  afb40000	sw	(r29),r20
  848  00001b5c  0c00017c	jal	_Printf
  849  00001b60  54000000	nop; not filled.
  850  00001b64  8d540000	lw	r20,(r10)
  851  00001b68  afb40000	sw	(r29),r20
  852  00001b6c  0c00016c	jal	_Printf
  853  00001b70  54000000	nop; not filled.
  854  00001b74  3c140000	lhi	r20,((LC7_LF0)>>16)&0xffff
  855  00001b78  269430b4	addui	r20,r20,(LC7_LF0)&0xffff
  856  00001b7c  afb40000	sw	(r29),r20
  857  00001b80  0c000158	jal	_Printf
  858  00001b84  54000000	nop; not filled.
  859  00001b88  0c000258	jal	_Exit
  860  00001b8c  54000000	nop; not filled.
  861  00001b90  23bd0008	addi	r29,r29,#8
  862  00001b94          	L48_LF0:
  863  00001b94  23bdfff8	addi	r29,r29,#-8
  864  00001b98  afb20000	sw	(r29),r18
  865  00001b9c  0c000208	jal	_mbox_close
  866  00001ba0  54000000	nop; not filled.
  867  00001ba4  23bd0008	addi	r29,r29,#8
  868  00001ba8  6021ffff	seqi	r1,r1,#-1
  869  00001bac  1020004c	beqz	r1,L49_LF0
  870  00001bb0  54000000	nop; not filled.
  871  00001bb4  23bdfff8	addi	r29,r29,#-8
  872  00001bb8  3c140000	lhi	r20,((LC17_LF0)>>16)&0xffff
  873  00001bbc  26943190	addui	r20,r20,(LC17_LF0)&0xffff
  874  00001bc0  afb40000	sw	(r29),r20
  875  00001bc4  0c000114	jal	_Printf
  876  00001bc8  54000000	nop; not filled.
  877  00001bcc  8d540000	lw	r20,(r10)
  878  00001bd0  afb40000	sw	(r29),r20
  879  00001bd4  0c000104	jal	_Printf
  880  00001bd8  54000000	nop; not filled.
  881  00001bdc  3c140000	lhi	r20,((LC7_LF0)>>16)&0xffff
  882  00001be0  269430b4	addui	r20,r20,(LC7_LF0)&0xffff
  883  00001be4  afb40000	sw	(r29),r20
  884  00001be8  0c0000f0	jal	_Printf
  885  00001bec  54000000	nop; not filled.
  886  00001bf0  0c0001f0	jal	_Exit
  887  00001bf4  54000000	nop; not filled.
  888  00001bf8  23bd0008	addi	r29,r29,#8
  889  00001bfc          	L49_LF0:
  890  00001bfc  23bdfff8	addi	r29,r29,#-8
  891  00001c00  afb30000	sw	(r29),r19
  892  00001c04  0c0001a0	jal	_mbox_close
  893  00001c08  54000000	nop; not filled.
  894  00001c0c  23bd0008	addi	r29,r29,#8
  895  00001c10  6021ffff	seqi	r1,r1,#-1
  896  00001c14  1020004c	beqz	r1,L50_LF0
  897  00001c18  54000000	nop; not filled.
  898  00001c1c  23bdfff8	addi	r29,r29,#-8
  899  00001c20  3c140000	lhi	r20,((LC17_LF0)>>16)&0xffff
  900  00001c24  26943190	addui	r20,r20,(LC17_LF0)&0xffff
  901  00001c28  afb40000	sw	(r29),r20
  902  00001c2c  0c0000ac	jal	_Printf
  903  00001c30  54000000	nop; not filled.
  904  00001c34  8d4a0000	lw	r10,(r10)
  905  00001c38  afaa0000	sw	(r29),r10
  906  00001c3c  0c00009c	jal	_Printf
  907  00001c40  54000000	nop; not filled.
  908  00001c44  3c140000	lhi	r20,((LC7_LF0)>>16)&0xffff
  909  00001c48  269430b4	addui	r20,r20,(LC7_LF0)&0xffff
  910  00001c4c  afb40000	sw	(r29),r20
  911  00001c50  0c000088	jal	_Printf
  912  00001c54  54000000	nop; not filled.
  913  00001c58  0c000188	jal	_Exit
  914  00001c5c  54000000	nop; not filled.
  915  00001c60  23bd0008	addi	r29,r29,#8
  916  00001c64          	L50_LF0:
  917  00001c64  0c000080	jal	_getpid
  918  00001c68  54000000	nop; not filled.
  919  00001c6c  23bdfff8	addi	r29,r29,#-8
  920  00001c70  3c140000	lhi	r20,((LC18_LF0)>>16)&0xffff
  921  00001c74  269431a4	addui	r20,r20,(LC18_LF0)&0xffff
  922  00001c78  afb40000	sw	(r29),r20
  923  00001c7c  afa10004	sw	4(r29),r1
  924  00001c80  0c000058	jal	_Printf
  925  00001c84  54000000	nop; not filled.
  926  00001c88  23bd0008	addi	r29,r29,#8
  927  00001c8c  0c000ef0	jal	_exit
  928  00001c90  54000000	nop
  929  00001c94          	.endproc _main
  930                      ;;;
  931                      ;;; Stub functions for DLX traps.
  932                      ;;;
  933                      ;;; Ethan L. Miller, 1999.  Released to the public domain.
  934                      ;;;
  935                      ;;; The traps such as Open and Close
  936                      ;;; (note the capital letters) are for use by user programs.  The traps
  937                      ;;; with names such as open and close (lower case) are for use by the OS.
  938                      ;;;
  941  00001c94          	.align 2
  943                      ;;; The following are the traps to be used by user-level programs
  944                      ;;;
  946  00001c94          	.align 2
  947  00001c94          	.proc _Open
  948  00001c94          	.global _Open
  949  00001c94          	_Open:
  950                      ;;; Note that trap #0x213 actually causes a trap vector in the OS of
  951                      ;;; 0x1213.  The same is true for other user traps.  Thus, a user trap
  952                      ;;; with trap #0x240 will result in a trap vector of 0x1240 in the OS.
  953  00001c94  44000213	trap	#0x213
  954  00001c98  4be00000	jr	r31
  955  00001c9c  54000000	nop
  956  00001ca0          	.endproc _Open
  958  00001ca0          	.proc _Close
  959  00001ca0          	.global _Close
  960  00001ca0          	_Close:
  961  00001ca0  44000214	trap	#0x214
  962  00001ca4  4be00000	jr	r31
  963  00001ca8  54000000	nop
  964  00001cac          	.endproc _Close
  966  00001cac          	.proc _Read
  967  00001cac          	.global _Read
  968  00001cac          	_Read:
  969  00001cac  44000210	trap	#0x210
  970  00001cb0  4be00000	jr	r31
  971  00001cb4  54000000	nop
  972  00001cb8          	.endproc _Read
  974  00001cb8          	.proc _Write
  975  00001cb8          	.global _Write
  976  00001cb8          	_Write:
  977  00001cb8  44000211	trap	#0x211
  978  00001cbc  4be00000	jr	r31
  979  00001cc0  54000000	nop
  980  00001cc4          	.endproc _Write
  982  00001cc4          	.proc _Lseek
  983  00001cc4          	.global _Lseek
  984  00001cc4          	_Lseek:
  985  00001cc4  44000212	trap	#0x212
  986  00001cc8  4be00000	jr	r31
  987  00001ccc  54000000	nop
  988  00001cd0          	.endproc _Lseek
  990  00001cd0          	.proc _Putchar
  991  00001cd0          	.global _Putchar
  992  00001cd0          	_Putchar:
  993  00001cd0  44000280	trap	#0x280
  994  00001cd4  4be00000	jr	r31
  995  00001cd8  54000000	nop
  996  00001cdc          	.endproc _Putchar
  998  00001cdc          	.proc _Printf
  999  00001cdc          	.global _Printf
 1000  00001cdc          	_Printf:
 1001  00001cdc  44000201	trap	#0x201
 1002  00001ce0  4be00000	jr	r31
 1003  00001ce4  54000000	nop
 1004  00001ce8          	.endproc _Printf
 1006  00001ce8          	.proc _getpid
 1007  00001ce8          	.global _getpid
 1008  00001ce8          	_getpid:
 1009  00001ce8  44000431	trap	#0x431
 1010  00001cec  4be00000	jr	r31
 1011  00001cf0  54000000	nop
 1012  00001cf4          	.endproc _getpid
 1014  00001cf4          	.proc _process_create
 1015  00001cf4          	.global _process_create
 1016  00001cf4          	_process_create:
 1017  00001cf4  44000432	trap	#0x432
 1018  00001cf8  4be00000	jr	r31
 1019  00001cfc  54000000	nop
 1020  00001d00          	.endproc _process_create
 1022  00001d00          	.proc _shmget
 1023  00001d00          	.global _shmget
 1024  00001d00          	_shmget:
 1025  00001d00  44000440	trap	#0x440
 1026  00001d04  4be00000	jr	r31
 1027  00001d08  54000000	nop
 1028  00001d0c          	.endproc _shmget
 1030  00001d0c          	.proc _shmat
 1031  00001d0c          	.global _shmat
 1032  00001d0c          	_shmat:
 1033  00001d0c  44000441	trap	#0x441
 1034  00001d10  4be00000	jr	r31
 1035  00001d14  54000000	nop
 1036  00001d18          	.endproc _shmat
 1038  00001d18          	.proc _sem_create
 1039  00001d18          	.global _sem_create
 1040  00001d18          	_sem_create:
 1041  00001d18  44000450	trap	#0x450
 1042  00001d1c  4be00000	jr	r31
 1043  00001d20  54000000	nop
 1044  00001d24          	.endproc _sem_create
 1046  00001d24          	.proc _sem_wait
 1047  00001d24          	.global _sem_wait
 1048  00001d24          	_sem_wait:
 1049  00001d24  44000451	trap	#0x451
 1050  00001d28  4be00000	jr	r31
 1051  00001d2c  54000000	nop
 1052  00001d30          	.endproc _sem_wait
 1054  00001d30          	.proc _sem_signal
 1055  00001d30          	.global _sem_signal
 1056  00001d30          	_sem_signal:
 1057  00001d30  44000452	trap	#0x452
 1058  00001d34  4be00000	jr	r31
 1059  00001d38  54000000	nop
 1060  00001d3c          	.endproc _sem_signal
 1062  00001d3c          	.proc _lock_create
 1063  00001d3c          	.global _lock_create
 1064  00001d3c          	_lock_create:
 1065  00001d3c  44000453	trap	#0x453
 1066  00001d40  4be00000	jr	r31
 1067  00001d44  54000000	nop
 1068  00001d48          	.endproc _lock_create
 1070  00001d48          	.proc _lock_acquire
 1071  00001d48          	.global _lock_acquire
 1072  00001d48          	_lock_acquire:
 1073  00001d48  44000454	trap	#0x454
 1074  00001d4c  4be00000	jr	r31
 1075  00001d50  54000000	nop
 1076  00001d54          	.endproc _lock_acquire
 1078  00001d54          	.proc _lock_release
 1079  00001d54          	.global _lock_release
 1080  00001d54          	_lock_release:
 1081  00001d54  44000455	trap	#0x455
 1082  00001d58  4be00000	jr	r31
 1083  00001d5c  54000000	nop
 1084  00001d60          	.endproc _lock_release
 1086  00001d60          	.proc _cond_create
 1087  00001d60          	.global _cond_create
 1088  00001d60          	_cond_create:
 1089  00001d60  44000456	trap	#0x456
 1090  00001d64  4be00000	jr	r31
 1091  00001d68  54000000	nop
 1092  00001d6c          	.endproc _cond_create
 1094  00001d6c          	.proc _cond_wait
 1095  00001d6c          	.global _cond_wait
 1096  00001d6c          	_cond_wait:
 1097  00001d6c  44000457	trap	#0x457
 1098  00001d70  4be00000	jr	r31
 1099  00001d74  54000000	nop
 1100  00001d78          	.endproc _cond_wait
 1102  00001d78          	.proc _cond_signal
 1103  00001d78          	.global _cond_signal
 1104  00001d78          	_cond_signal:
 1105  00001d78  44000458	trap	#0x458
 1106  00001d7c  4be00000	jr	r31
 1107  00001d80  54000000	nop
 1108  00001d84          	.endproc _cond_signal
 1110  00001d84          	.proc _cond_broadcast
 1111  00001d84          	.global _cond_broadcast
 1112  00001d84          	_cond_broadcast:
 1113  00001d84  44000459	trap	#0x459
 1114  00001d88  4be00000	jr	r31
 1115  00001d8c  54000000	nop
 1116  00001d90          	.endproc _cond_broadcast
 1118  00001d90          	.proc _mbox_create
 1119  00001d90          	.global _mbox_create
 1120  00001d90          	_mbox_create:
 1121  00001d90  44000460	trap	#0x460
 1122  00001d94  4be00000	jr	r31
 1123  00001d98  54000000	nop
 1124  00001d9c          	.endproc _mbox_create
 1126  00001d9c          	.proc _mbox_open
 1127  00001d9c          	.global _mbox_open
 1128  00001d9c          	_mbox_open:
 1129  00001d9c  44000461	trap	#0x461
 1130  00001da0  4be00000	jr	r31
 1131  00001da4  54000000	nop
 1132  00001da8          	.endproc _mbox_open
 1134  00001da8          	.proc _mbox_close
 1135  00001da8          	.global _mbox_close
 1136  00001da8          	_mbox_close:
 1137  00001da8  44000462	trap	#0x462
 1138  00001dac  4be00000	jr	r31
 1139  00001db0  54000000	nop
 1140  00001db4          	.endproc _mbox_close
 1142  00001db4          	.proc _mbox_send
 1143  00001db4          	.global _mbox_send
 1144  00001db4          	_mbox_send:
 1145  00001db4  44000463	trap	#0x463
 1146  00001db8  4be00000	jr	r31
 1147  00001dbc  54000000	nop
 1148  00001dc0          	.endproc _mbox_send
 1150  00001dc0          	.proc _mbox_recv
 1151  00001dc0          	.global _mbox_recv
 1152  00001dc0          	_mbox_recv:
 1153  00001dc0  44000464	trap	#0x464
 1154  00001dc4  4be00000	jr	r31
 1155  00001dc8  54000000	nop
 1156  00001dcc          	.endproc _mbox_recv
 1158  00001dcc          	.proc _sleep
 1159  00001dcc          	.global _sleep
 1160  00001dcc          	_sleep:
 1161  00001dcc  44000465	trap	#0x465
 1162  00001dd0  4be00000	jr	r31
 1163  00001dd4  54000000	nop
 1164  00001dd8          	.endproc _sleep
 1166  00001dd8          	.proc _yield
 1167  00001dd8          	.global _yield
 1168  00001dd8          	_yield:
 1169  00001dd8  44000466	trap	#0x466
 1170  00001ddc  4be00000	jr	r31
 1171  00001de0  54000000	nop
 1172  00001de4          	.endproc _yield
 1175  00001de4          	.proc _Exit
 1176  00001de4          	.global _Exit
 1177  00001de4          	_Exit:
 1178  00001de4  44000500	trap	#0x500
 1179  00001de8  4be00000	jr	r31
 1180  00001dec  54000000	nop
 1181  00001df0          	.endproc _Exit
 1182                      ; Compiled by GCC
 1184  00001df0          	.align 2
 1185  00001df0          	.proc _isspace
 1186  00001df0          	.global _isspace
 1187  00001df0          	_isspace:
 1188                      ;  Function 'isspace'; 0 bytes of locals, 3 regs to save.
 1189  00001df0  afbefffc	sw	-4(r29),r30; push fp
 1190  00001df4  001df020	add	r30,r0,r29; fp = sp
 1191  00001df8  afbffff8	sw	-8(r29),r31; push ret addr
 1192  00001dfc  2fbd0018	subui	r29,r29,#24; alloc local storage
 1193  00001e00  afa20000	sw	0(r29),r2
 1194  00001e04  afa30004	sw	4(r29),r3
 1195  00001e08  afa40008	sw	8(r29),r4
 1196  00001e0c  83c20003	lb	r2,3(r30)
 1197  00001e10  20010000	addi	r1,r0,#0
 1198  00001e14  304300ff	andi	r3,r2,#0x00ff
 1199  00001e18  60640020	seqi	r4,r3,#32
 1200  00001e1c  1480002c	bnez	r4,L3_LF2
 1201  00001e20  54000000	nop; delay slot nop
 1202  00001e24  304300ff	andi	r3,r2,#0x00ff
 1203  00001e28  60640009	seqi	r4,r3,#9
 1204  00001e2c  1480001c	bnez	r4,L3_LF2
 1205  00001e30  54000000	nop; delay slot nop
 1206  00001e34  304300ff	andi	r3,r2,#0x00ff
 1207  00001e38  6064000a	seqi	r4,r3,#10
 1208  00001e3c  1480000c	bnez	r4,L3_LF2
 1209  00001e40  54000000	nop; delay slot nop
 1210  00001e44  08000008	j	L2_LF2
 1211  00001e48  54000000	nop; delay slot nop
 1212  00001e4c          	L3_LF2:
 1213  00001e4c  20010001	addi	r1,r0,#1
 1214  00001e50          	L2_LF2:
 1215  00001e50  08000004	j	L1_LF2
 1216  00001e54  54000000	nop; delay slot nop
 1217  00001e58          	L1_LF2:
 1218  00001e58  8fa20000	lw	r2,0(r29)
 1219  00001e5c  8fa30004	lw	r3,4(r29)
 1220  00001e60  8fa40008	lw	r4,8(r29)
 1221  00001e64  8fdffff8	lw	r31,-8(r30)
 1222  00001e68  001ee820	add	r29,r0,r30
 1223  00001e6c  8fdefffc	lw	r30,-4(r30)
 1224  00001e70  4be00000	jr	r31
 1225  00001e74  54000000	nop
 1226  00001e78          	.endproc _isspace
 1227  00001e78          	.align 2
 1228  00001e78          	.proc _isxdigit
 1229  00001e78          	.global _isxdigit
 1230  00001e78          	_isxdigit:
 1231                      ;  Function 'isxdigit'; 0 bytes of locals, 3 regs to save.
 1232  00001e78  afbefffc	sw	-4(r29),r30; push fp
 1233  00001e7c  001df020	add	r30,r0,r29; fp = sp
 1234  00001e80  afbffff8	sw	-8(r29),r31; push ret addr
 1235  00001e84  2fbd0018	subui	r29,r29,#24; alloc local storage
 1236  00001e88  afa20000	sw	0(r29),r2
 1237  00001e8c  afa30004	sw	4(r29),r3
 1238  00001e90  afa40008	sw	8(r29),r4
 1239  00001e94  83c20003	lb	r2,3(r30)
 1240  00001e98  20010000	addi	r1,r0,#0
 1241  00001e9c  304300ff	andi	r3,r2,#0x00ff
 1242  00001ea0  6c64002f	sgtui	r4,r3,#47
 1243  00001ea4  1080001c	beqz	r4,L7_LF2
 1244  00001ea8  54000000	nop; delay slot nop
 1245  00001eac  304300ff	andi	r3,r2,#0x00ff
 1246  00001eb0  70640039	sleui	r4,r3,#57
 1247  00001eb4  1480005c	bnez	r4,L6_LF2
 1248  00001eb8  54000000	nop; delay slot nop
 1249  00001ebc  08000004	j	L7_LF2
 1250  00001ec0  54000000	nop; delay slot nop
 1251  00001ec4          	L7_LF2:
 1252  00001ec4  304300ff	andi	r3,r2,#0x00ff
 1253  00001ec8  6c640060	sgtui	r4,r3,#96
 1254  00001ecc  1080001c	beqz	r4,L8_LF2
 1255  00001ed0  54000000	nop; delay slot nop
 1256  00001ed4  304300ff	andi	r3,r2,#0x00ff
 1257  00001ed8  70640066	sleui	r4,r3,#102
 1258  00001edc  14800034	bnez	r4,L6_LF2
 1259  00001ee0  54000000	nop; delay slot nop
 1260  00001ee4  08000004	j	L8_LF2
 1261  00001ee8  54000000	nop; delay slot nop
 1262  00001eec          	L8_LF2:
 1263  00001eec  304300ff	andi	r3,r2,#0x00ff
 1264  00001ef0  6c640040	sgtui	r4,r3,#64
 1265  00001ef4  10800020	beqz	r4,L5_LF2
 1266  00001ef8  54000000	nop; delay slot nop
 1267  00001efc  304300ff	andi	r3,r2,#0x00ff
 1268  00001f00  70640041	sleui	r4,r3,#65
 1269  00001f04  1480000c	bnez	r4,L6_LF2
 1270  00001f08  54000000	nop; delay slot nop
 1271  00001f0c  08000008	j	L5_LF2
 1272  00001f10  54000000	nop; delay slot nop
 1273  00001f14          	L6_LF2:
 1274  00001f14  20010001	addi	r1,r0,#1
 1275  00001f18          	L5_LF2:
 1276  00001f18  08000004	j	L4_LF2
 1277  00001f1c  54000000	nop; delay slot nop
 1278  00001f20          	L4_LF2:
 1279  00001f20  8fa20000	lw	r2,0(r29)
 1280  00001f24  8fa30004	lw	r3,4(r29)
 1281  00001f28  8fa40008	lw	r4,8(r29)
 1282  00001f2c  8fdffff8	lw	r31,-8(r30)
 1283  00001f30  001ee820	add	r29,r0,r30
 1284  00001f34  8fdefffc	lw	r30,-4(r30)
 1285  00001f38  4be00000	jr	r31
 1286  00001f3c  54000000	nop
 1287  00001f40          	.endproc _isxdigit
 1288  00001f40          	.align 2
 1289  00001f40          	.proc _dstrcpy
 1290  00001f40          	.global _dstrcpy
 1291  00001f40          	_dstrcpy:
 1292                      ;  Function 'dstrcpy'; 8 bytes of locals, 2 regs to save.
 1293  00001f40  afbefffc	sw	-4(r29),r30; push fp
 1294  00001f44  001df020	add	r30,r0,r29; fp = sp
 1295  00001f48  afbffff8	sw	-8(r29),r31; push ret addr
 1296  00001f4c  2fbd0018	subui	r29,r29,#24; alloc local storage
 1297  00001f50  afa20000	sw	0(r29),r2
 1298  00001f54  afa30004	sw	4(r29),r3
 1299  00001f58  8fc10000	lw	r1,(r30)
 1300  00001f5c  afc1fff4	sw	-12(r30),r1
 1301  00001f60          	L10_LF2:
 1302  00001f60  8fc10000	lw	r1,(r30)
 1303  00001f64  20220001	addi	r2,r1,#1
 1304  00001f68  afc20000	sw	(r30),r2
 1305  00001f6c  8fc20004	lw	r2,4(r30)
 1306  00001f70  20430001	addi	r3,r2,#1
 1307  00001f74  afc30004	sw	4(r30),r3
 1308  00001f78  80420000	lb	r2,(r2)
 1309  00001f7c  a0220000	sb	(r1),r2
 1310  00001f80  a3c2fff3	sb	-13(r30),r2
 1311  00001f84          	L12_LF2:
 1312  00001f84  93c1fff3	lbu	r1,-13(r30)
 1313  00001f88  64220000	snei	r2,r1,#0
 1314  00001f8c  1440000c	bnez	r2,L13_LF2
 1315  00001f90  54000000	nop; delay slot nop
 1316  00001f94  0800000c	j	L11_LF2
 1317  00001f98  54000000	nop; delay slot nop
 1318  00001f9c          	L13_LF2:
 1319  00001f9c  0bffffc0	j	L10_LF2
 1320  00001fa0  54000000	nop; delay slot nop
 1321  00001fa4          	L11_LF2:
 1322  00001fa4  8fc1fff4	lw	r1,-12(r30)
 1323  00001fa8  08000004	j	L9_LF2
 1324  00001fac  54000000	nop; delay slot nop
 1325  00001fb0          	L9_LF2:
 1326  00001fb0  8fa20000	lw	r2,0(r29)
 1327  00001fb4  8fa30004	lw	r3,4(r29)
 1328  00001fb8  8fdffff8	lw	r31,-8(r30)
 1329  00001fbc  001ee820	add	r29,r0,r30
 1330  00001fc0  8fdefffc	lw	r30,-4(r30)
 1331  00001fc4  4be00000	jr	r31
 1332  00001fc8  54000000	nop
 1333  00001fcc          	.endproc _dstrcpy
 1334  00001fcc          	.align 2
 1335  00001fcc          	.proc _dstrncpy
 1336  00001fcc          	.global _dstrncpy
 1337  00001fcc          	_dstrncpy:
 1338                      ;  Function 'dstrncpy'; 8 bytes of locals, 2 regs to save.
 1339  00001fcc  afbefffc	sw	-4(r29),r30; push fp
 1340  00001fd0  001df020	add	r30,r0,r29; fp = sp
 1341  00001fd4  afbffff8	sw	-8(r29),r31; push ret addr
 1342  00001fd8  2fbd0018	subui	r29,r29,#24; alloc local storage
 1343  00001fdc  afa20000	sw	0(r29),r2
 1344  00001fe0  afa30004	sw	4(r29),r3
 1345  00001fe4  8fc10000	lw	r1,(r30)
 1346  00001fe8  afc1fff4	sw	-12(r30),r1
 1347  00001fec          	L15_LF2:
 1348  00001fec  8fc10008	lw	r1,8(r30)
 1349  00001ff0  2022ffff	addi	r2,r1,#-1
 1350  00001ff4  afc20008	sw	8(r30),r2
 1351  00001ff8  70210000	slei	r1,r1,#0
 1352  00001ffc  1020000c	beqz	r1,L18_LF2
 1353  00002000  54000000	nop; delay slot nop
 1354  00002004  08000048	j	L16_LF2
 1355  00002008  54000000	nop; delay slot nop
 1356  0000200c          	L18_LF2:
 1357  0000200c  8fc10000	lw	r1,(r30)
 1358  00002010  20220001	addi	r2,r1,#1
 1359  00002014  afc20000	sw	(r30),r2
 1360  00002018  8fc20004	lw	r2,4(r30)
 1361  0000201c  20430001	addi	r3,r2,#1
 1362  00002020  afc30004	sw	4(r30),r3
 1363  00002024  80420000	lb	r2,(r2)
 1364  00002028  a0220000	sb	(r1),r2
 1365  0000202c  a3c2fff3	sb	-13(r30),r2
 1366  00002030          	L17_LF2:
 1367  00002030  93c1fff3	lbu	r1,-13(r30)
 1368  00002034  64220000	snei	r2,r1,#0
 1369  00002038  1440000c	bnez	r2,L19_LF2
 1370  0000203c  54000000	nop; delay slot nop
 1371  00002040  0800000c	j	L16_LF2
 1372  00002044  54000000	nop; delay slot nop
 1373  00002048          	L19_LF2:
 1374  00002048  0bffffa0	j	L15_LF2
 1375  0000204c  54000000	nop; delay slot nop
 1376  00002050          	L16_LF2:
 1377  00002050  8fc1fff4	lw	r1,-12(r30)
 1378  00002054  08000004	j	L14_LF2
 1379  00002058  54000000	nop; delay slot nop
 1380  0000205c          	L14_LF2:
 1381  0000205c  8fa20000	lw	r2,0(r29)
 1382  00002060  8fa30004	lw	r3,4(r29)
 1383  00002064  8fdffff8	lw	r31,-8(r30)
 1384  00002068  001ee820	add	r29,r0,r30
 1385  0000206c  8fdefffc	lw	r30,-4(r30)
 1386  00002070  4be00000	jr	r31
 1387  00002074  54000000	nop
 1388  00002078          	.endproc _dstrncpy
 1389  00002078          	.align 2
 1390  00002078          	.proc _dstrcat
 1391  00002078          	.global _dstrcat
 1392  00002078          	_dstrcat:
 1393                      ;  Function 'dstrcat'; 8 bytes of locals, 1 regs to save.
 1394  00002078  afbefffc	sw	-4(r29),r30; push fp
 1395  0000207c  001df020	add	r30,r0,r29; fp = sp
 1396  00002080  afbffff8	sw	-8(r29),r31; push ret addr
 1397  00002084  2fbd0018	subui	r29,r29,#24; alloc local storage
 1398  00002088  afa20000	sw	0(r29),r2
 1399  0000208c  8fc10000	lw	r1,(r30)
 1400  00002090  afc1fff4	sw	-12(r30),r1
 1401  00002094          	L21_LF2:
 1402  00002094  8fc10000	lw	r1,(r30)
 1403  00002098  90220000	lbu	r2,(r1)
 1404  0000209c  64410000	snei	r1,r2,#0
 1405  000020a0  1420000c	bnez	r1,L23_LF2
 1406  000020a4  54000000	nop; delay slot nop
 1407  000020a8  0800001c	j	L22_LF2
 1408  000020ac  54000000	nop; delay slot nop
 1409  000020b0          	L23_LF2:
 1410  000020b0  8fc20000	lw	r2,(r30)
 1411  000020b4  20410001	addi	r1,r2,#1
 1412  000020b8  00011020	add	r2,r0,r1
 1413  000020bc  afc20000	sw	(r30),r2
 1414  000020c0  0bffffd0	j	L21_LF2
 1415  000020c4  54000000	nop; delay slot nop
 1416  000020c8          	L22_LF2:
 1417  000020c8  23bdfff8	addi	r29,r29,#-8
 1418  000020cc  001d0820	add	r1,r0,r29
 1419  000020d0  8fc20000	lw	r2,(r30)
 1420  000020d4  ac220000	sw	(r1),r2
 1421  000020d8  8fc20004	lw	r2,4(r30)
 1422  000020dc  ac220004	sw	4(r1),r2
 1423  000020e0  0ffffe5c	jal	_dstrcpy
 1424  000020e4  54000000	nop; delay slot nop
 1425  000020e8  23bd0008	addi	r29,r29,#8
 1426  000020ec  8fc1fff4	lw	r1,-12(r30)
 1427  000020f0  08000004	j	L20_LF2
 1428  000020f4  54000000	nop; delay slot nop
 1429  000020f8          	L20_LF2:
 1430  000020f8  8fa20000	lw	r2,0(r29)
 1431  000020fc  8fdffff8	lw	r31,-8(r30)
 1432  00002100  001ee820	add	r29,r0,r30
 1433  00002104  8fdefffc	lw	r30,-4(r30)
 1434  00002108  4be00000	jr	r31
 1435  0000210c  54000000	nop
 1436  00002110          	.endproc _dstrcat
 1437  00002110          	.align 2
 1438  00002110          	.proc _dstrncmp
 1439  00002110          	.global _dstrncmp
 1440  00002110          	_dstrncmp:
 1441                      ;  Function 'dstrncmp'; 8 bytes of locals, 2 regs to save.
 1442  00002110  afbefffc	sw	-4(r29),r30; push fp
 1443  00002114  001df020	add	r30,r0,r29; fp = sp
 1444  00002118  afbffff8	sw	-8(r29),r31; push ret addr
 1445  0000211c  2fbd0018	subui	r29,r29,#24; alloc local storage
 1446  00002120  afa20000	sw	0(r29),r2
 1447  00002124  afa30004	sw	4(r29),r3
 1448  00002128  54000000	nop
 1449  0000212c  20010000	addi	r1,r0,#0
 1450  00002130  afc1fff4	sw	-12(r30),r1
 1451  00002134          	L25_LF2:
 1452  00002134  8fc1fff4	lw	r1,-12(r30)
 1453  00002138  8fc20008	lw	r2,8(r30)
 1454  0000213c  0022082a	slt	r1,r1,r2
 1455  00002140  1420000c	bnez	r1,L28_LF2
 1456  00002144  54000000	nop; delay slot nop
 1457  00002148  08000088	j	L26_LF2
 1458  0000214c  54000000	nop; delay slot nop
 1459  00002150          	L28_LF2:
 1460  00002150  8fc10004	lw	r1,4(r30)
 1461  00002154  90220000	lbu	r2,(r1)
 1462  00002158  64410000	snei	r1,r2,#0
 1463  0000215c  14200018	bnez	r1,L29_LF2
 1464  00002160  54000000	nop; delay slot nop
 1465  00002164  20010000	addi	r1,r0,#0
 1466  00002168  080000d8	j	L24_LF2
 1467  0000216c  54000000	nop; delay slot nop
 1468  00002170  08000028	j	L30_LF2
 1469  00002174  54000000	nop; delay slot nop
 1470  00002178          	L29_LF2:
 1471  00002178  8fc10000	lw	r1,(r30)
 1472  0000217c  8fc20004	lw	r2,4(r30)
 1473  00002180  90210000	lbu	r1,(r1)
 1474  00002184  90420000	lbu	r2,(r2)
 1475  00002188  00220829	sne	r1,r1,r2
 1476  0000218c  1020000c	beqz	r1,L30_LF2
 1477  00002190  54000000	nop; delay slot nop
 1478  00002194  0800003c	j	L26_LF2
 1479  00002198  54000000	nop; delay slot nop
 1480  0000219c          	L31_LF2:
 1481  0000219c          	L30_LF2:
 1482  0000219c  8fc20000	lw	r2,(r30)
 1483  000021a0  20410001	addi	r1,r2,#1
 1484  000021a4  00011020	add	r2,r0,r1
 1485  000021a8  afc20000	sw	(r30),r2
 1486  000021ac  8fc20004	lw	r2,4(r30)
 1487  000021b0  20410001	addi	r1,r2,#1
 1488  000021b4  00011020	add	r2,r0,r1
 1489  000021b8  afc20004	sw	4(r30),r2
 1490  000021bc          	L27_LF2:
 1491  000021bc  8fc2fff4	lw	r2,-12(r30)
 1492  000021c0  20410001	addi	r1,r2,#1
 1493  000021c4  00011020	add	r2,r0,r1
 1494  000021c8  afc2fff4	sw	-12(r30),r2
 1495  000021cc  0bffff64	j	L25_LF2
 1496  000021d0  54000000	nop; delay slot nop
 1497  000021d4          	L26_LF2:
 1498  000021d4  8fc1fff4	lw	r1,-12(r30)
 1499  000021d8  8fc20008	lw	r2,8(r30)
 1500  000021dc  00220828	seq	r1,r1,r2
 1501  000021e0  10200018	beqz	r1,L32_LF2
 1502  000021e4  54000000	nop; delay slot nop
 1503  000021e8  20010000	addi	r1,r0,#0
 1504  000021ec  08000054	j	L24_LF2
 1505  000021f0  54000000	nop; delay slot nop
 1506  000021f4  0800004c	j	L33_LF2
 1507  000021f8  54000000	nop; delay slot nop
 1508  000021fc          	L32_LF2:
 1509  000021fc  8fc20000	lw	r2,(r30)
 1510  00002200  90410000	lbu	r1,(r2)
 1511  00002204  8fc20004	lw	r2,4(r30)
 1512  00002208  90430000	lbu	r3,(r2)
 1513  0000220c  00230822	sub	r1,r1,r3
 1514  00002210  74220000	sgei	r2,r1,#0
 1515  00002214  10400020	beqz	r2,L34_LF2
 1516  00002218  54000000	nop; delay slot nop
 1517  0000221c  8fc10000	lw	r1,(r30)
 1518  00002220  8fc20004	lw	r2,4(r30)
 1519  00002224  90210000	lbu	r1,(r1)
 1520  00002228  90420000	lbu	r2,(r2)
 1521  0000222c  00220829	sne	r1,r1,r2
 1522  00002230  08000008	j	L35_LF2
 1523  00002234  54000000	nop; delay slot nop
 1524  00002238          	L34_LF2:
 1525  00002238  2001ffff	addi	r1,r0,#-1
 1526  0000223c          	L35_LF2:
 1527  0000223c  08000004	j	L24_LF2
 1528  00002240  54000000	nop; delay slot nop
 1529  00002244          	L33_LF2:
 1530  00002244          	L24_LF2:
 1531  00002244  8fa20000	lw	r2,0(r29)
 1532  00002248  8fa30004	lw	r3,4(r29)
 1533  0000224c  8fdffff8	lw	r31,-8(r30)
 1534  00002250  001ee820	add	r29,r0,r30
 1535  00002254  8fdefffc	lw	r30,-4(r30)
 1536  00002258  4be00000	jr	r31
 1537  0000225c  54000000	nop
 1538  00002260          	.endproc _dstrncmp
 1539  00002260          	.align 2
 1540  00002260          	.proc _dstrlen
 1541  00002260          	.global _dstrlen
 1542  00002260          	_dstrlen:
 1543                      ;  Function 'dstrlen'; 8 bytes of locals, 1 regs to save.
 1544  00002260  afbefffc	sw	-4(r29),r30; push fp
 1545  00002264  001df020	add	r30,r0,r29; fp = sp
 1546  00002268  afbffff8	sw	-8(r29),r31; push ret addr
 1547  0000226c  2fbd0018	subui	r29,r29,#24; alloc local storage
 1548  00002270  afa20000	sw	0(r29),r2
 1549  00002274  20010000	addi	r1,r0,#0
 1550  00002278  afc1fff4	sw	-12(r30),r1
 1551  0000227c          	L37_LF2:
 1552  0000227c  8fc10000	lw	r1,(r30)
 1553  00002280  20220001	addi	r2,r1,#1
 1554  00002284  afc20000	sw	(r30),r2
 1555  00002288  90210000	lbu	r1,(r1)
 1556  0000228c  64220000	snei	r2,r1,#0
 1557  00002290  1440000c	bnez	r2,L39_LF2
 1558  00002294  54000000	nop; delay slot nop
 1559  00002298  0800001c	j	L38_LF2
 1560  0000229c  54000000	nop; delay slot nop
 1561  000022a0          	L39_LF2:
 1562  000022a0  8fc2fff4	lw	r2,-12(r30)
 1563  000022a4  20410001	addi	r1,r2,#1
 1564  000022a8  00011020	add	r2,r0,r1
 1565  000022ac  afc2fff4	sw	-12(r30),r2
 1566  000022b0  0bffffc8	j	L37_LF2
 1567  000022b4  54000000	nop; delay slot nop
 1568  000022b8          	L38_LF2:
 1569  000022b8  8fc1fff4	lw	r1,-12(r30)
 1570  000022bc  08000004	j	L36_LF2
 1571  000022c0  54000000	nop; delay slot nop
 1572  000022c4          	L36_LF2:
 1573  000022c4  8fa20000	lw	r2,0(r29)
 1574  000022c8  8fdffff8	lw	r31,-8(r30)
 1575  000022cc  001ee820	add	r29,r0,r30
 1576  000022d0  8fdefffc	lw	r30,-4(r30)
 1577  000022d4  4be00000	jr	r31
 1578  000022d8  54000000	nop
 1579  000022dc          	.endproc _dstrlen
 1580  000022dc          	.align 2
 1581  000022dc          	.proc _dstrstr
 1582  000022dc          	.global _dstrstr
 1583  000022dc          	_dstrstr:
 1584                      ;  Function 'dstrstr'; 8 bytes of locals, 1 regs to save.
 1585  000022dc  afbefffc	sw	-4(r29),r30; push fp
 1586  000022e0  001df020	add	r30,r0,r29; fp = sp
 1587  000022e4  afbffff8	sw	-8(r29),r31; push ret addr
 1588  000022e8  2fbd0018	subui	r29,r29,#24; alloc local storage
 1589  000022ec  afa20000	sw	0(r29),r2
 1590  000022f0  23bdfff8	addi	r29,r29,#-8
 1591  000022f4  001d0820	add	r1,r0,r29
 1592  000022f8  8fc20004	lw	r2,4(r30)
 1593  000022fc  ac220000	sw	(r1),r2
 1594  00002300  0fffff5c	jal	_dstrlen
 1595  00002304  54000000	nop; delay slot nop
 1596  00002308  23bd0008	addi	r29,r29,#8
 1597  0000230c  afc1fff4	sw	-12(r30),r1
 1598  00002310          	L41_LF2:
 1599  00002310  8fc10000	lw	r1,(r30)
 1600  00002314  90220000	lbu	r2,(r1)
 1601  00002318  64410000	snei	r1,r2,#0
 1602  0000231c  1420000c	bnez	r1,L43_LF2
 1603  00002320  54000000	nop; delay slot nop
 1604  00002324  08000060	j	L42_LF2
 1605  00002328  54000000	nop; delay slot nop
 1606  0000232c          	L43_LF2:
 1607  0000232c  23bdfff0	addi	r29,r29,#-16
 1608  00002330  001d0820	add	r1,r0,r29
 1609  00002334  8fc20000	lw	r2,(r30)
 1610  00002338  ac220000	sw	(r1),r2
 1611  0000233c  8fc20004	lw	r2,4(r30)
 1612  00002340  ac220004	sw	4(r1),r2
 1613  00002344  8fc2fff4	lw	r2,-12(r30)
 1614  00002348  ac220008	sw	8(r1),r2
 1615  0000234c  0ffffdc0	jal	_dstrncmp
 1616  00002350  54000000	nop; delay slot nop
 1617  00002354  23bd0010	addi	r29,r29,#16
 1618  00002358  64220000	snei	r2,r1,#0
 1619  0000235c  14400010	bnez	r2,L44_LF2
 1620  00002360  54000000	nop; delay slot nop
 1621  00002364  8fc10000	lw	r1,(r30)
 1622  00002368  08000028	j	L40_LF2
 1623  0000236c  54000000	nop; delay slot nop
 1624  00002370          	L44_LF2:
 1625  00002370  8fc20000	lw	r2,(r30)
 1626  00002374  20410001	addi	r1,r2,#1
 1627  00002378  00011020	add	r2,r0,r1
 1628  0000237c  afc20000	sw	(r30),r2
 1629  00002380  0bffff8c	j	L41_LF2
 1630  00002384  54000000	nop; delay slot nop
 1631  00002388          	L42_LF2:
 1632  00002388  20010000	addi	r1,r0,#0
 1633  0000238c  08000004	j	L40_LF2
 1634  00002390  54000000	nop; delay slot nop
 1635  00002394          	L40_LF2:
 1636  00002394  8fa20000	lw	r2,0(r29)
 1637  00002398  8fdffff8	lw	r31,-8(r30)
 1638  0000239c  001ee820	add	r29,r0,r30
 1639  000023a0  8fdefffc	lw	r30,-4(r30)
 1640  000023a4  4be00000	jr	r31
 1641  000023a8  54000000	nop
 1642  000023ac          	.endproc _dstrstr
 1643  000023ac          	.align 2
 1644  000023ac          	.proc _dmindex
 1645  000023ac          	.global _dmindex
 1646  000023ac          	_dmindex:
 1647                      ;  Function 'dmindex'; 8 bytes of locals, 1 regs to save.
 1648  000023ac  afbefffc	sw	-4(r29),r30; push fp
 1649  000023b0  001df020	add	r30,r0,r29; fp = sp
 1650  000023b4  afbffff8	sw	-8(r29),r31; push ret addr
 1651  000023b8  2fbd0018	subui	r29,r29,#24; alloc local storage
 1652  000023bc  afa20000	sw	0(r29),r2
 1653  000023c0  54000000	nop
 1654  000023c4          	L46_LF2:
 1655  000023c4  8fc10000	lw	r1,(r30)
 1656  000023c8  90220000	lbu	r2,(r1)
 1657  000023cc  64410000	snei	r1,r2,#0
 1658  000023d0  1420000c	bnez	r1,L48_LF2
 1659  000023d4  54000000	nop; delay slot nop
 1660  000023d8  08000070	j	L47_LF2
 1661  000023dc  54000000	nop; delay slot nop
 1662  000023e0          	L48_LF2:
 1663  000023e0  8fc10004	lw	r1,4(r30)
 1664  000023e4  afc1fff4	sw	-12(r30),r1
 1665  000023e8          	L49_LF2:
 1666  000023e8  8fc1fff4	lw	r1,-12(r30)
 1667  000023ec  90220000	lbu	r2,(r1)
 1668  000023f0  64410000	snei	r1,r2,#0
 1669  000023f4  1420000c	bnez	r1,L52_LF2
 1670  000023f8  54000000	nop; delay slot nop
 1671  000023fc  08000044	j	L50_LF2
 1672  00002400  54000000	nop; delay slot nop
 1673  00002404          	L52_LF2:
 1674  00002404  8fc10000	lw	r1,(r30)
 1675  00002408  8fc2fff4	lw	r2,-12(r30)
 1676  0000240c  90210000	lbu	r1,(r1)
 1677  00002410  90420000	lbu	r2,(r2)
 1678  00002414  00220828	seq	r1,r1,r2
 1679  00002418  10200010	beqz	r1,L51_LF2
 1680  0000241c  54000000	nop; delay slot nop
 1681  00002420  8fc10000	lw	r1,(r30)
 1682  00002424  08000030	j	L45_LF2
 1683  00002428  54000000	nop; delay slot nop
 1684  0000242c          	L53_LF2:
 1685  0000242c          	L51_LF2:
 1686  0000242c  8fc2fff4	lw	r2,-12(r30)
 1687  00002430  20410001	addi	r1,r2,#1
 1688  00002434  00011020	add	r2,r0,r1
 1689  00002438  afc2fff4	sw	-12(r30),r2
 1690  0000243c  0bffffa8	j	L49_LF2
 1691  00002440  54000000	nop; delay slot nop
 1692  00002444          	L50_LF2:
 1693  00002444  0bffff7c	j	L46_LF2
 1694  00002448  54000000	nop; delay slot nop
 1695  0000244c          	L47_LF2:
 1696  0000244c  20010000	addi	r1,r0,#0
 1697  00002450  08000004	j	L45_LF2
 1698  00002454  54000000	nop; delay slot nop
 1699  00002458          	L45_LF2:
 1700  00002458  8fa20000	lw	r2,0(r29)
 1701  0000245c  8fdffff8	lw	r31,-8(r30)
 1702  00002460  001ee820	add	r29,r0,r30
 1703  00002464  8fdefffc	lw	r30,-4(r30)
 1704  00002468  4be00000	jr	r31
 1705  0000246c  54000000	nop
 1706  00002470          	.endproc _dmindex
 1707  00002470          	.align 2
 1708  00002470          	.proc _dindex
 1709  00002470          	.global _dindex
 1710  00002470          	_dindex:
 1711                      ;  Function 'dindex'; 0 bytes of locals, 1 regs to save.
 1712  00002470  afbefffc	sw	-4(r29),r30; push fp
 1713  00002474  001df020	add	r30,r0,r29; fp = sp
 1714  00002478  afbffff8	sw	-8(r29),r31; push ret addr
 1715  0000247c  2fbd0010	subui	r29,r29,#16; alloc local storage
 1716  00002480  afa20000	sw	0(r29),r2
 1717  00002484  54000000	nop
 1718  00002488          	L55_LF2:
 1719  00002488  8fc10000	lw	r1,(r30)
 1720  0000248c  90220000	lbu	r2,(r1)
 1721  00002490  64410000	snei	r1,r2,#0
 1722  00002494  1420000c	bnez	r1,L57_LF2
 1723  00002498  54000000	nop; delay slot nop
 1724  0000249c  08000040	j	L56_LF2
 1725  000024a0  54000000	nop; delay slot nop
 1726  000024a4          	L57_LF2:
 1727  000024a4  8fc10000	lw	r1,(r30)
 1728  000024a8  90220000	lbu	r2,(r1)
 1729  000024ac  8fc10004	lw	r1,4(r30)
 1730  000024b0  00411028	seq	r2,r2,r1
 1731  000024b4  10400010	beqz	r2,L58_LF2
 1732  000024b8  54000000	nop; delay slot nop
 1733  000024bc  8fc10000	lw	r1,(r30)
 1734  000024c0  08000028	j	L54_LF2
 1735  000024c4  54000000	nop; delay slot nop
 1736  000024c8          	L58_LF2:
 1737  000024c8  8fc20000	lw	r2,(r30)
 1738  000024cc  20410001	addi	r1,r2,#1
 1739  000024d0  00011020	add	r2,r0,r1
 1740  000024d4  afc20000	sw	(r30),r2
 1741  000024d8  0bffffac	j	L55_LF2
 1742  000024dc  54000000	nop; delay slot nop
 1743  000024e0          	L56_LF2:
 1744  000024e0  20010000	addi	r1,r0,#0
 1745  000024e4  08000004	j	L54_LF2
 1746  000024e8  54000000	nop; delay slot nop
 1747  000024ec          	L54_LF2:
 1748  000024ec  8fa20000	lw	r2,0(r29)
 1749  000024f0  8fdffff8	lw	r31,-8(r30)
 1750  000024f4  001ee820	add	r29,r0,r30
 1751  000024f8  8fdefffc	lw	r30,-4(r30)
 1752  000024fc  4be00000	jr	r31
 1753  00002500  54000000	nop
 1754  00002504          	.endproc _dindex
 1755  00002504          	.align 2
 1756  00002504          	.proc _ditoa
 1757  00002504          	.global _ditoa
 1758  00002504          	_ditoa:
 1759                      ;  Function 'ditoa'; 8 bytes of locals, 2 regs to save.
 1760  00002504  afbefffc	sw	-4(r29),r30; push fp
 1761  00002508  001df020	add	r30,r0,r29; fp = sp
 1762  0000250c  afbffff8	sw	-8(r29),r31; push ret addr
 1763  00002510  2fbd0018	subui	r29,r29,#24; alloc local storage
 1764  00002514  afa20000	sw	0(r29),r2
 1765  00002518  afa30004	sw	4(r29),r3
 1766  0000251c  8fc10000	lw	r1,(r30)
 1767  00002520  68220000	slti	r2,r1,#0
 1768  00002524  1040002c	beqz	r2,L60_LF2
 1769  00002528  54000000	nop; delay slot nop
 1770  0000252c  8fc10004	lw	r1,4(r30)
 1771  00002530  20220001	addi	r2,r1,#1
 1772  00002534  afc20004	sw	4(r30),r2
 1773  00002538  2002002d	addi	r2,r0,(#0x2d)&0xff
 1774  0000253c  a0220000	sb	(r1),r2
 1775  00002540  8fc10000	lw	r1,(r30)
 1776  00002544  00011022	sub	r2,r0,r1
 1777  00002548  afc20000	sw	(r30),r2
 1778  0000254c  08000118	j	L61_LF2
 1779  00002550  54000000	nop; delay slot nop
 1780  00002554          	L60_LF2:
 1781  00002554  8fc10000	lw	r1,(r30)
 1782  00002558  64220000	snei	r2,r1,#0
 1783  0000255c  14400020	bnez	r2,L62_LF2
 1784  00002560  54000000	nop; delay slot nop
 1785  00002564  8fc10004	lw	r1,4(r30)
 1786  00002568  20220001	addi	r2,r1,#1
 1787  0000256c  afc20004	sw	4(r30),r2
 1788  00002570  20020030	addi	r2,r0,(#0x30)&0xff
 1789  00002574  a0220000	sb	(r1),r2
 1790  00002578  080000ec	j	L61_LF2
 1791  0000257c  54000000	nop; delay slot nop
 1792  00002580          	L62_LF2:
 1793  00002580  20010001	addi	r1,r0,#1
 1794  00002584  afc1fff4	sw	-12(r30),r1
 1795  00002588          	L64_LF2:
 1796  00002588  8fc1fff4	lw	r1,-12(r30)
 1797  0000258c  8fc20000	lw	r2,(r30)
 1798  00002590  0022082c	sle	r1,r1,r2
 1799  00002594  1420000c	bnez	r1,L66_LF2
 1800  00002598  54000000	nop; delay slot nop
 1801  0000259c  08000024	j	L65_LF2
 1802  000025a0  54000000	nop; delay slot nop
 1803  000025a4          	L67_LF2:
 1804  000025a4          	L66_LF2:
 1805  000025a4  8fc1fff4	lw	r1,-12(r30)
 1806  000025a8  00011820	add	r3,r0,r1
 1807  000025ac  50620002	slli	r2,r3,#0x2
 1808  000025b0  00411020	add	r2,r2,r1
 1809  000025b4  50410001	slli	r1,r2,#0x1
 1810  000025b8  afc1fff4	sw	-12(r30),r1
 1811  000025bc  0bffffc8	j	L64_LF2
 1812  000025c0  54000000	nop; delay slot nop
 1813  000025c4          	L65_LF2:
 1814  000025c4  54000000	nop
 1815  000025c8          	L68_LF2:
 1816  000025c8  8fc1fff4	lw	r1,-12(r30)
 1817  000025cc  2002000a	addi	r2,r0,#10
 1818  000025d0  00200035	movi2fp	f0,r1
 1819  000025d4  00400835	movi2fp	f1,r2
 1820  000025d8  0401000f	div	f0,f0,f1
 1821  000025dc  00000834	movfp2i	r1,f0
 1822  000025e0  afc1fff4	sw	-12(r30),r1
 1823  000025e4  8fc10004	lw	r1,4(r30)
 1824  000025e8  20220001	addi	r2,r1,#1
 1825  000025ec  afc20004	sw	4(r30),r2
 1826  000025f0  8fc20000	lw	r2,(r30)
 1827  000025f4  8fc3fff4	lw	r3,-12(r30)
 1828  000025f8  00400035	movi2fp	f0,r2
 1829  000025fc  00600835	movi2fp	f1,r3
 1830  00002600  0401000f	div	f0,f0,f1
 1831  00002604  00001034	movfp2i	r2,f0
 1832  00002608  00021820	add	r3,r0,r2
 1833  0000260c  20620030	addi	r2,r3,#48
 1834  00002610  a0220000	sb	(r1),r2
 1835  00002614  8fc10000	lw	r1,(r30)
 1836  00002618  8fc3fff4	lw	r3,-12(r30)
 1837  0000261c  00200035	movi2fp	f0,r1
 1838  00002620  00600835	movi2fp	f1,r3
 1839  00002624  0401000f	div	f0,f0,f1
 1840  00002628  00001034	movfp2i	r2,f0
 1841  0000262c  8fc3fff4	lw	r3,-12(r30)
 1842  00002630  00400035	movi2fp	f0,r2
 1843  00002634  00600835	movi2fp	f1,r3
 1844  00002638  0401000e	mult	f0,f0,f1
 1845  0000263c  00001034	movfp2i	r2,f0
 1846  00002640  00220822	sub	r1,r1,r2
 1847  00002644  afc10000	sw	(r30),r1
 1848  00002648          	L70_LF2:
 1849  00002648  8fc1fff4	lw	r1,-12(r30)
 1850  0000264c  6c220001	sgti	r2,r1,#1
 1851  00002650  1440000c	bnez	r2,L71_LF2
 1852  00002654  54000000	nop; delay slot nop
 1853  00002658  0800000c	j	L61_LF2
 1854  0000265c  54000000	nop; delay slot nop
 1855  00002660          	L71_LF2:
 1856  00002660  0bffff64	j	L68_LF2
 1857  00002664  54000000	nop; delay slot nop
 1858  00002668          	L69_LF2:
 1859  00002668          	L63_LF2:
 1860  00002668          	L61_LF2:
 1861  00002668  8fc10004	lw	r1,4(r30)
 1862  0000266c  20020000	addi	r2,r0,(#0x0)&0xff
 1863  00002670  a0220000	sb	(r1),r2
 1864  00002674          	L59_LF2:
 1865  00002674  8fa20000	lw	r2,0(r29)
 1866  00002678  8fa30004	lw	r3,4(r29)
 1867  0000267c  8fdffff8	lw	r31,-8(r30)
 1868  00002680  001ee820	add	r29,r0,r30
 1869  00002684  8fdefffc	lw	r30,-4(r30)
 1870  00002688  4be00000	jr	r31
 1871  0000268c  54000000	nop
 1872  00002690          	.endproc _ditoa
 1873  00002690          	.align 2
 1874  00002690          	.proc _dstrtol
 1875  00002690          	.global _dstrtol
 1876  00002690          	_dstrtol:
 1877                      ;  Function 'dstrtol'; 16 bytes of locals, 1 regs to save.
 1878  00002690  afbefffc	sw	-4(r29),r30; push fp
 1879  00002694  001df020	add	r30,r0,r29; fp = sp
 1880  00002698  afbffff8	sw	-8(r29),r31; push ret addr
 1881  0000269c  2fbd0020	subui	r29,r29,#32; alloc local storage
 1882  000026a0  afa20000	sw	0(r29),r2
 1883  000026a4  20010000	addi	r1,r0,#0
 1884  000026a8  afc1fff4	sw	-12(r30),r1
 1885  000026ac          	L73_LF2:
 1886  000026ac  8fc10000	lw	r1,(r30)
 1887  000026b0  90220000	lbu	r2,(r1)
 1888  000026b4  60410020	seqi	r1,r2,#32
 1889  000026b8  14200034	bnez	r1,L75_LF2
 1890  000026bc  54000000	nop; delay slot nop
 1891  000026c0  8fc10000	lw	r1,(r30)
 1892  000026c4  90220000	lbu	r2,(r1)
 1893  000026c8  60410009	seqi	r1,r2,#9
 1894  000026cc  14200020	bnez	r1,L75_LF2
 1895  000026d0  54000000	nop; delay slot nop
 1896  000026d4  8fc10000	lw	r1,(r30)
 1897  000026d8  90220000	lbu	r2,(r1)
 1898  000026dc  6041000a	seqi	r1,r2,#10
 1899  000026e0  1420000c	bnez	r1,L75_LF2
 1900  000026e4  54000000	nop; delay slot nop
 1901  000026e8  0800001c	j	L74_LF2
 1902  000026ec  54000000	nop; delay slot nop
 1903  000026f0          	L75_LF2:
 1904  000026f0  8fc20000	lw	r2,(r30)
 1905  000026f4  20410001	addi	r1,r2,#1
 1906  000026f8  00011020	add	r2,r0,r1
 1907  000026fc  afc20000	sw	(r30),r2
 1908  00002700  0bffffa8	j	L73_LF2
 1909  00002704  54000000	nop; delay slot nop
 1910  00002708          	L74_LF2:
 1911  00002708  8fc10004	lw	r1,4(r30)
 1912  0000270c  64220000	snei	r2,r1,#0
 1913  00002710  10400010	beqz	r2,L76_LF2
 1914  00002714  54000000	nop; delay slot nop
 1915  00002718  8fc10004	lw	r1,4(r30)
 1916  0000271c  8fc20000	lw	r2,(r30)
 1917  00002720  ac220000	sw	(r1),r2
 1918  00002724          	L76_LF2:
 1919  00002724  8fc10000	lw	r1,(r30)
 1920  00002728  90220000	lbu	r2,(r1)
 1921  0000272c  64410000	snei	r1,r2,#0
 1922  00002730  14200010	bnez	r1,L77_LF2
 1923  00002734  54000000	nop; delay slot nop
 1924  00002738  8fc1fff4	lw	r1,-12(r30)
 1925  0000273c  08000294	j	L72_LF2
 1926  00002740  54000000	nop; delay slot nop
 1927  00002744          	L77_LF2:
 1928  00002744  8fc10000	lw	r1,(r30)
 1929  00002748  90220000	lbu	r2,(r1)
 1930  0000274c  6041002d	seqi	r1,r2,#45
 1931  00002750  10200024	beqz	r1,L78_LF2
 1932  00002754  54000000	nop; delay slot nop
 1933  00002758  2001ffff	addi	r1,r0,#-1
 1934  0000275c  afc1ffec	sw	-20(r30),r1
 1935  00002760  8fc20000	lw	r2,(r30)
 1936  00002764  20410001	addi	r1,r2,#1
 1937  00002768  00011020	add	r2,r0,r1
 1938  0000276c  afc20000	sw	(r30),r2
 1939  00002770  0800000c	j	L79_LF2
 1940  00002774  54000000	nop; delay slot nop
 1941  00002778          	L78_LF2:
 1942  00002778  20010001	addi	r1,r0,#1
 1943  0000277c  afc1ffec	sw	-20(r30),r1
 1944  00002780          	L79_LF2:
 1945  00002780  8fc10008	lw	r1,8(r30)
 1946  00002784  64220000	snei	r2,r1,#0
 1947  00002788  14400090	bnez	r2,L80_LF2
 1948  0000278c  54000000	nop; delay slot nop
 1949  00002790  8fc10000	lw	r1,(r30)
 1950  00002794  90220000	lbu	r2,(r1)
 1951  00002798  60410030	seqi	r1,r2,#48
 1952  0000279c  10200074	beqz	r1,L81_LF2
 1953  000027a0  54000000	nop; delay slot nop
 1954  000027a4  8fc20000	lw	r2,(r30)
 1955  000027a8  20410001	addi	r1,r2,#1
 1956  000027ac  00011020	add	r2,r0,r1
 1957  000027b0  afc20000	sw	(r30),r2
 1958  000027b4  8fc10000	lw	r1,(r30)
 1959  000027b8  90220000	lbu	r2,(r1)
 1960  000027bc  60410078	seqi	r1,r2,#120
 1961  000027c0  14200020	bnez	r1,L83_LF2
 1962  000027c4  54000000	nop; delay slot nop
 1963  000027c8  8fc10000	lw	r1,(r30)
 1964  000027cc  90220000	lbu	r2,(r1)
 1965  000027d0  60410058	seqi	r1,r2,#88
 1966  000027d4  1420000c	bnez	r1,L83_LF2
 1967  000027d8  54000000	nop; delay slot nop
 1968  000027dc  08000024	j	L82_LF2
 1969  000027e0  54000000	nop; delay slot nop
 1970  000027e4          	L83_LF2:
 1971  000027e4  20010010	addi	r1,r0,#16
 1972  000027e8  afc10008	sw	8(r30),r1
 1973  000027ec  8fc20000	lw	r2,(r30)
 1974  000027f0  20410001	addi	r1,r2,#1
 1975  000027f4  00011020	add	r2,r0,r1
 1976  000027f8  afc20000	sw	(r30),r2
 1977  000027fc  0800000c	j	L84_LF2
 1978  00002800  54000000	nop; delay slot nop
 1979  00002804          	L82_LF2:
 1980  00002804  20010008	addi	r1,r0,#8
 1981  00002808  afc10008	sw	8(r30),r1
 1982  0000280c          	L84_LF2:
 1983  0000280c  0800000c	j	L80_LF2
 1984  00002810  54000000	nop; delay slot nop
 1985  00002814          	L81_LF2:
 1986  00002814  2001000a	addi	r1,r0,#10
 1987  00002818  afc10008	sw	8(r30),r1
 1988  0000281c          	L85_LF2:
 1989  0000281c          	L80_LF2:
 1990  0000281c  8fc10008	lw	r1,8(r30)
 1991  00002820  70220000	slei	r2,r1,#0
 1992  00002824  1440001c	bnez	r2,L87_LF2
 1993  00002828  54000000	nop; delay slot nop
 1994  0000282c  8fc10008	lw	r1,8(r30)
 1995  00002830  6c220010	sgti	r2,r1,#16
 1996  00002834  1440000c	bnez	r2,L87_LF2
 1997  00002838  54000000	nop; delay slot nop
 1998  0000283c  08000010	j	L86_LF2
 1999  00002840  54000000	nop; delay slot nop
 2000  00002844          	L87_LF2:
 2001  00002844  8fc1fff4	lw	r1,-12(r30)
 2002  00002848  08000188	j	L72_LF2
 2003  0000284c  54000000	nop; delay slot nop
 2004  00002850          	L86_LF2:
 2005  00002850  54000000	nop
 2006  00002854          	L88_LF2:
 2007  00002854  8fc10000	lw	r1,(r30)
 2008  00002858  90220000	lbu	r2,(r1)
 2009  0000285c  6c41002f	sgtui	r1,r2,#47
 2010  00002860  10200030	beqz	r1,L91_LF2
 2011  00002864  54000000	nop; delay slot nop
 2012  00002868  8fc10000	lw	r1,(r30)
 2013  0000286c  90220000	lbu	r2,(r1)
 2014  00002870  70410039	sleui	r1,r2,#57
 2015  00002874  1020001c	beqz	r1,L91_LF2
 2016  00002878  54000000	nop; delay slot nop
 2017  0000287c  8fc10000	lw	r1,(r30)
 2018  00002880  90220000	lbu	r2,(r1)
 2019  00002884  2041ffd0	addi	r1,r2,#-48
 2020  00002888  afc1fff0	sw	-16(r30),r1
 2021  0000288c  0800008c	j	L92_LF2
 2022  00002890  54000000	nop; delay slot nop
 2023  00002894          	L91_LF2:
 2024  00002894  8fc10000	lw	r1,(r30)
 2025  00002898  90220000	lbu	r2,(r1)
 2026  0000289c  6c410060	sgtui	r1,r2,#96
 2027  000028a0  10200030	beqz	r1,L93_LF2
 2028  000028a4  54000000	nop; delay slot nop
 2029  000028a8  8fc10000	lw	r1,(r30)
 2030  000028ac  90220000	lbu	r2,(r1)
 2031  000028b0  7041007a	sleui	r1,r2,#122
 2032  000028b4  1020001c	beqz	r1,L93_LF2
 2033  000028b8  54000000	nop; delay slot nop
 2034  000028bc  8fc10000	lw	r1,(r30)
 2035  000028c0  90220000	lbu	r2,(r1)
 2036  000028c4  2041ffa9	addi	r1,r2,#-87
 2037  000028c8  afc1fff0	sw	-16(r30),r1
 2038  000028cc  0800004c	j	L92_LF2
 2039  000028d0  54000000	nop; delay slot nop
 2040  000028d4          	L93_LF2:
 2041  000028d4  8fc10000	lw	r1,(r30)
 2042  000028d8  90220000	lbu	r2,(r1)
 2043  000028dc  6c410040	sgtui	r1,r2,#64
 2044  000028e0  10200030	beqz	r1,L95_LF2
 2045  000028e4  54000000	nop; delay slot nop
 2046  000028e8  8fc10000	lw	r1,(r30)
 2047  000028ec  90220000	lbu	r2,(r1)
 2048  000028f0  7041005a	sleui	r1,r2,#90
 2049  000028f4  1020001c	beqz	r1,L95_LF2
 2050  000028f8  54000000	nop; delay slot nop
 2051  000028fc  8fc10000	lw	r1,(r30)
 2052  00002900  90220000	lbu	r2,(r1)
 2053  00002904  2041ffc9	addi	r1,r2,#-55
 2054  00002908  afc1fff0	sw	-16(r30),r1
 2055  0000290c  0800000c	j	L92_LF2
 2056  00002910  54000000	nop; delay slot nop
 2057  00002914          	L95_LF2:
 2058  00002914  200103e8	addi	r1,r0,#1000
 2059  00002918  afc1fff0	sw	-16(r30),r1
 2060  0000291c          	L96_LF2:
 2061  0000291c          	L94_LF2:
 2062  0000291c          	L92_LF2:
 2063  0000291c  8fc1fff0	lw	r1,-16(r30)
 2064  00002920  8fc20008	lw	r2,8(r30)
 2065  00002924  0022082a	slt	r1,r1,r2
 2066  00002928  10200040	beqz	r1,L90_LF2
 2067  0000292c  54000000	nop; delay slot nop
 2068  00002930  8fc1fff4	lw	r1,-12(r30)
 2069  00002934  8fc20008	lw	r2,8(r30)
 2070  00002938  00200035	movi2fp	f0,r1
 2071  0000293c  00400835	movi2fp	f1,r2
 2072  00002940  0401000e	mult	f0,f0,f1
 2073  00002944  00000834	movfp2i	r1,f0
 2074  00002948  afc1fff4	sw	-12(r30),r1
 2075  0000294c  8fc1fff4	lw	r1,-12(r30)
 2076  00002950  8fc2fff0	lw	r2,-16(r30)
 2077  00002954  00220820	add	r1,r1,r2
 2078  00002958  afc1fff4	sw	-12(r30),r1
 2079  0000295c  8fc20000	lw	r2,(r30)
 2080  00002960  20410001	addi	r1,r2,#1
 2081  00002964  00011020	add	r2,r0,r1
 2082  00002968  afc20000	sw	(r30),r2
 2083  0000296c          	L97_LF2:
 2084  0000296c          	L90_LF2:
 2085  0000296c  8fc1fff0	lw	r1,-16(r30)
 2086  00002970  8fc20008	lw	r2,8(r30)
 2087  00002974  0022082a	slt	r1,r1,r2
 2088  00002978  1420000c	bnez	r1,L98_LF2
 2089  0000297c  54000000	nop; delay slot nop
 2090  00002980  0800000c	j	L89_LF2
 2091  00002984  54000000	nop; delay slot nop
 2092  00002988          	L98_LF2:
 2093  00002988  0bfffec8	j	L88_LF2
 2094  0000298c  54000000	nop; delay slot nop
 2095  00002990          	L89_LF2:
 2096  00002990  8fc10004	lw	r1,4(r30)
 2097  00002994  64220000	snei	r2,r1,#0
 2098  00002998  10400010	beqz	r2,L99_LF2
 2099  0000299c  54000000	nop; delay slot nop
 2100  000029a0  8fc10004	lw	r1,4(r30)
 2101  000029a4  8fc20000	lw	r2,(r30)
 2102  000029a8  ac220000	sw	(r1),r2
 2103  000029ac          	L99_LF2:
 2104  000029ac  8fc1fff4	lw	r1,-12(r30)
 2105  000029b0  8fc2ffec	lw	r2,-20(r30)
 2106  000029b4  00200035	movi2fp	f0,r1
 2107  000029b8  00400835	movi2fp	f1,r2
 2108  000029bc  0401000e	mult	f0,f0,f1
 2109  000029c0  00000834	movfp2i	r1,f0
 2110  000029c4  afc1fff4	sw	-12(r30),r1
 2111  000029c8  8fc1fff4	lw	r1,-12(r30)
 2112  000029cc  08000004	j	L72_LF2
 2113  000029d0  54000000	nop; delay slot nop
 2114  000029d4          	L72_LF2:
 2115  000029d4  8fa20000	lw	r2,0(r29)
 2116  000029d8  8fdffff8	lw	r31,-8(r30)
 2117  000029dc  001ee820	add	r29,r0,r30
 2118  000029e0  8fdefffc	lw	r30,-4(r30)
 2119  000029e4  4be00000	jr	r31
 2120  000029e8  54000000	nop
 2121  000029ec          	.endproc _dstrtol
 2122  000029ec          	.align 2
 2123  000029ec          	.proc _bcopy
 2124  000029ec          	.global _bcopy
 2125  000029ec          	_bcopy:
 2126                      ;  Function 'bcopy'; 0 bytes of locals, 2 regs to save.
 2127  000029ec  afbefffc	sw	-4(r29),r30; push fp
 2128  000029f0  001df020	add	r30,r0,r29; fp = sp
 2129  000029f4  afbffff8	sw	-8(r29),r31; push ret addr
 2130  000029f8  2fbd0010	subui	r29,r29,#16; alloc local storage
 2131  000029fc  afa20000	sw	0(r29),r2
 2132  00002a00  afa30004	sw	4(r29),r3
 2133  00002a04  54000000	nop
 2134  00002a08          	L101_LF2:
 2135  00002a08  8fc10008	lw	r1,8(r30)
 2136  00002a0c  2022ffff	addi	r2,r1,#-1
 2137  00002a10  afc20008	sw	8(r30),r2
 2138  00002a14  6c210000	sgti	r1,r1,#0
 2139  00002a18  1420000c	bnez	r1,L103_LF2
 2140  00002a1c  54000000	nop; delay slot nop
 2141  00002a20  0800002c	j	L102_LF2
 2142  00002a24  54000000	nop; delay slot nop
 2143  00002a28          	L103_LF2:
 2144  00002a28  8fc10004	lw	r1,4(r30)
 2145  00002a2c  20220001	addi	r2,r1,#1
 2146  00002a30  afc20004	sw	4(r30),r2
 2147  00002a34  8fc20000	lw	r2,(r30)
 2148  00002a38  20430001	addi	r3,r2,#1
 2149  00002a3c  afc30000	sw	(r30),r3
 2150  00002a40  80420000	lb	r2,(r2)
 2151  00002a44  a0220000	sb	(r1),r2
 2152  00002a48  0bffffbc	j	L101_LF2
 2153  00002a4c  54000000	nop; delay slot nop
 2154  00002a50          	L102_LF2:
 2155  00002a50          	L100_LF2:
 2156  00002a50  8fa20000	lw	r2,0(r29)
 2157  00002a54  8fa30004	lw	r3,4(r29)
 2158  00002a58  8fdffff8	lw	r31,-8(r30)
 2159  00002a5c  001ee820	add	r29,r0,r30
 2160  00002a60  8fdefffc	lw	r30,-4(r30)
 2161  00002a64  4be00000	jr	r31
 2162  00002a68  54000000	nop
 2163  00002a6c          	.endproc _bcopy
 2164  00002a6c          	.align 2
 2165  00002a6c          	.proc _bzero
 2166  00002a6c          	.global _bzero
 2167  00002a6c          	_bzero:
 2168                      ;  Function 'bzero'; 0 bytes of locals, 1 regs to save.
 2169  00002a6c  afbefffc	sw	-4(r29),r30; push fp
 2170  00002a70  001df020	add	r30,r0,r29; fp = sp
 2171  00002a74  afbffff8	sw	-8(r29),r31; push ret addr
 2172  00002a78  2fbd0010	subui	r29,r29,#16; alloc local storage
 2173  00002a7c  afa20000	sw	0(r29),r2
 2174  00002a80  54000000	nop
 2175  00002a84          	L105_LF2:
 2176  00002a84  8fc10004	lw	r1,4(r30)
 2177  00002a88  2022ffff	addi	r2,r1,#-1
 2178  00002a8c  afc20004	sw	4(r30),r2
 2179  00002a90  6c210000	sgti	r1,r1,#0
 2180  00002a94  1420000c	bnez	r1,L107_LF2
 2181  00002a98  54000000	nop; delay slot nop
 2182  00002a9c  08000020	j	L106_LF2
 2183  00002aa0  54000000	nop; delay slot nop
 2184  00002aa4          	L107_LF2:
 2185  00002aa4  8fc10000	lw	r1,(r30)
 2186  00002aa8  20220001	addi	r2,r1,#1
 2187  00002aac  afc20000	sw	(r30),r2
 2188  00002ab0  20020000	addi	r2,r0,(#0x0)&0xff
 2189  00002ab4  a0220000	sb	(r1),r2
 2190  00002ab8  0bffffc8	j	L105_LF2
 2191  00002abc  54000000	nop; delay slot nop
 2192  00002ac0          	L106_LF2:
 2193  00002ac0          	L104_LF2:
 2194  00002ac0  8fa20000	lw	r2,0(r29)
 2195  00002ac4  8fdffff8	lw	r31,-8(r30)
 2196  00002ac8  001ee820	add	r29,r0,r30
 2197  00002acc  8fdefffc	lw	r30,-4(r30)
 2198  00002ad0  4be00000	jr	r31
 2199  00002ad4  54000000	nop
 2200  00002ad8          	.endproc _bzero
 2201  00002ad8          	.align 2
 2202  00002ad8          	.proc _min
 2203  00002ad8          	.global _min
 2204  00002ad8          	_min:
 2205                      ;  Function 'min'; 0 bytes of locals, 2 regs to save.
 2206  00002ad8  afbefffc	sw	-4(r29),r30; push fp
 2207  00002adc  001df020	add	r30,r0,r29; fp = sp
 2208  00002ae0  afbffff8	sw	-8(r29),r31; push ret addr
 2209  00002ae4  2fbd0010	subui	r29,r29,#16; alloc local storage
 2210  00002ae8  afa20000	sw	0(r29),r2
 2211  00002aec  afa30004	sw	4(r29),r3
 2212  00002af0  8fc10000	lw	r1,(r30)
 2213  00002af4  8fc20004	lw	r2,4(r30)
 2214  00002af8  0022182c	sle	r3,r1,r2
 2215  00002afc  14600008	bnez	r3,L109_LF2
 2216  00002b00  54000000	nop; delay slot nop
 2217  00002b04  8fc10004	lw	r1,4(r30)
 2218  00002b08          	L109_LF2:
 2219  00002b08  08000004	j	L108_LF2
 2220  00002b0c  54000000	nop; delay slot nop
 2221  00002b10          	L108_LF2:
 2222  00002b10  8fa20000	lw	r2,0(r29)
 2223  00002b14  8fa30004	lw	r3,4(r29)
 2224  00002b18  8fdffff8	lw	r31,-8(r30)
 2225  00002b1c  001ee820	add	r29,r0,r30
 2226  00002b20  8fdefffc	lw	r30,-4(r30)
 2227  00002b24  4be00000	jr	r31
 2228  00002b28  54000000	nop
 2229  00002b2c          	.endproc _min
 2230  00002b2c          	.align 2
 2231  00002b2c          	.proc _max
 2232  00002b2c          	.global _max
 2233  00002b2c          	_max:
 2234                      ;  Function 'max'; 0 bytes of locals, 2 regs to save.
 2235  00002b2c  afbefffc	sw	-4(r29),r30; push fp
 2236  00002b30  001df020	add	r30,r0,r29; fp = sp
 2237  00002b34  afbffff8	sw	-8(r29),r31; push ret addr
 2238  00002b38  2fbd0010	subui	r29,r29,#16; alloc local storage
 2239  00002b3c  afa20000	sw	0(r29),r2
 2240  00002b40  afa30004	sw	4(r29),r3
 2241  00002b44  8fc10000	lw	r1,(r30)
 2242  00002b48  8fc20004	lw	r2,4(r30)
 2243  00002b4c  0022182d	sge	r3,r1,r2
 2244  00002b50  14600008	bnez	r3,L111_LF2
 2245  00002b54  54000000	nop; delay slot nop
 2246  00002b58  8fc10004	lw	r1,4(r30)
 2247  00002b5c          	L111_LF2:
 2248  00002b5c  08000004	j	L110_LF2
 2249  00002b60  54000000	nop; delay slot nop
 2250  00002b64          	L110_LF2:
 2251  00002b64  8fa20000	lw	r2,0(r29)
 2252  00002b68  8fa30004	lw	r3,4(r29)
 2253  00002b6c  8fdffff8	lw	r31,-8(r30)
 2254  00002b70  001ee820	add	r29,r0,r30
 2255  00002b74  8fdefffc	lw	r30,-4(r30)
 2256  00002b78  4be00000	jr	r31
 2257  00002b7c  54000000	nop
 2258  00002b80          	.endproc _max
 2259                      ;;; Ethan L. Miller, 1999.  Released to the public domain
 2260                      ;;;
 2261                      ;;; Most of the traps are called in files from libtraps.
 2264  00002b80          	.align 2
 2265  00002b80          	.proc _exit
 2266  00002b80          	.global _exit
 2267  00002b80          	_exit:
 2268  00002b80  44000300	trap	#0x300
 2269  00002b84  4be00000	jr	r31
 2270  00002b88  54000000	nop
 2271  00002b8c          	.endproc _exit
 2273                      ; for the benefit of gcc.
 2274  00002b8c          	.proc ___main
 2275  00002b8c          	.global ___main
 2276  00002b8c          	___main:
 2277  00002b8c  4be00000	jr	r31
 2278  00002b90  54000000	nop
 2279  00002b94          	.endproc ___main
 2280  00002b94          	.text
 2281  00002b94          	.global _etext
 2282  00002b94          	_etext:
 2283  00002b94          	.align 3
 2284  00002b98          	.data
 2285  000031ea          	.global _edata
 2286  000031ea          	_edata:
