 line   address	contents
    1                      ; Linked by DLX-LD.
    2                      ; MemSize 24576
    3                      ; Data size: 218
    4                      ; Text size: 4592
    5                      ; Stack size: 8192
    6  00000000          	.text 0x1000
    7  00001000          	.data 0x3000
    8                      ; Compiled by GCC
    9  00003000          	.text
   10  00001000          	.align 2
   11  00001000          	.proc _isspace
   12  00001000          	.global _isspace
   13  00001000          	_isspace:
   14                      ;  Function 'isspace'; 0 bytes of locals, 1 regs to save.
   15  00001000  afbefffc	sw	-4(r29),r30; push fp
   16  00001004  001df020	add	r30,r0,r29; fp = sp
   17  00001008  afbffff8	sw	-8(r29),r31; push ret addr
   18  0000100c  2fbd0010	subui	r29,r29,#16; alloc local storage
   19  00001010  afa20000	sw	0(r29),r2
   20  00001014  83c20003	lb	r2,3(r30)
   21  00001018  201f0000	addi	r31,r0,#0
   22  0000101c  304100ff	andi	r1,r2,#0x00ff
   23  00001020  60210020	seqi	r1,r1,#32
   24  00001024  14200018	bnez	r1,L6_LF0
   25  00001028  54000000	nop; not filled.
   26  0000102c  2041fff7	addi	r1,r2,#-9
   27  00001030  302100ff	andi	r1,r1,#0x00ff
   28  00001034  70210001	sleui	r1,r1,#1
   29  00001038  10200008	beqz	r1,L5_LF0
   30  0000103c  54000000	nop; not filled.
   31  00001040          	L6_LF0:
   32  00001040  201f0001	addi	r31,r0,#1
   33  00001044          	L5_LF0:
   34  00001044  001f0820	add	r1,r0,r31
   35  00001048  8fa20000	lw	r2,0(r29)
   36  0000104c  8fdffff8	lw	r31,-8(r30)
   37  00001050  001ee820	add	r29,r0,r30
   38  00001054  8fdefffc	lw	r30,-4(r30)
   39  00001058  4be00000	jr	r31
   40  0000105c  54000000	nop
   41  00001060          	.endproc _isspace
   42  00001060          	.align 2
   43  00001060          	.proc _isxdigit
   44  00001060          	.global _isxdigit
   45  00001060          	_isxdigit:
   46                      ;  Function 'isxdigit'; 0 bytes of locals, 1 regs to save.
   47  00001060  afbefffc	sw	-4(r29),r30; push fp
   48  00001064  001df020	add	r30,r0,r29; fp = sp
   49  00001068  afbffff8	sw	-8(r29),r31; push ret addr
   50  0000106c  2fbd0010	subui	r29,r29,#16; alloc local storage
   51  00001070  afa20000	sw	0(r29),r2
   52  00001074  83df0003	lb	r31,3(r30)
   53  00001078  20020000	addi	r2,r0,#0
   54  0000107c  23e1ffd0	addi	r1,r31,#-48
   55  00001080  302100ff	andi	r1,r1,#0x00ff
   56  00001084  70210009	sleui	r1,r1,#9
   57  00001088  14200028	bnez	r1,L12_LF0
   58  0000108c  54000000	nop; not filled.
   59  00001090  23e1ff9f	addi	r1,r31,#-97
   60  00001094  302100ff	andi	r1,r1,#0x00ff
   61  00001098  70210005	sleui	r1,r1,#5
   62  0000109c  14200014	bnez	r1,L12_LF0
   63  000010a0  54000000	nop; not filled.
   64  000010a4  33e100ff	andi	r1,r31,#0x00ff
   65  000010a8  64210041	snei	r1,r1,#65
   66  000010ac  14200008	bnez	r1,L11_LF0
   67  000010b0  54000000	nop; not filled.
   68  000010b4          	L12_LF0:
   69  000010b4  20020001	addi	r2,r0,#1
   70  000010b8          	L11_LF0:
   71  000010b8  00020820	add	r1,r0,r2
   72  000010bc  8fa20000	lw	r2,0(r29)
   73  000010c0  8fdffff8	lw	r31,-8(r30)
   74  000010c4  001ee820	add	r29,r0,r30
   75  000010c8  8fdefffc	lw	r30,-4(r30)
   76  000010cc  4be00000	jr	r31
   77  000010d0  54000000	nop
   78  000010d4          	.endproc _isxdigit
   79  000010d4          	.data
   80  00003000          	.align 2
   81  00003000          	LC0_LF0:
   82  00003000  55736167	.ascii "Usage: \000"
   82  00003004  653a2000	
   83  00003008          	.align 2
   84  00003008          	LC1_LF0:
   85  00003008  20457272	.ascii " Error in reaction so4\n\000"
   85  0000300c  6f722069	
   85  00003010  6e207265	
   85  00003014  61637469	
   85  00003018  6f6e2073	
   85  0000301c  6f340a00	
   86  00003020          	.align 2
   87  00003020          	LC2_LF0:
   88  00003020  534f3420	.ascii "SO4 sem wait fail, pid: %d\n\000"
   88  00003024  73656d20	
   88  00003028  77616974	
   88  0000302c  20666169	
   88  00003030  6c2c2070	
   88  00003034  69643a20	
   88  00003038  25640a00	
   89  0000303c          	.align 2
   90  0000303c          	LC3_LF0:
   91  0000303c  48322073	.ascii "H2 sem signal fail, pid: %d\n\000"
   91  00003040  656d2073	
   91  00003044  69676e61	
   91  00003048  6c206661	
   91  0000304c  696c2c20	
   91  00003050  7069643a	
   91  00003054  2025640a	
   91  00003058  00      	
   92  00003059          	.align 2
   93  0000305c          	LC4_LF0:
   94  0000305c  4f322073	.ascii "O2 sem signal fail, pid: %d\n\000"
   94  00003060  656d2073	
   94  00003064  69676e61	
   94  00003068  6c206661	
   94  0000306c  696c2c20	
   94  00003070  7069643a	
   94  00003074  2025640a	
   94  00003078  00      	
   95  00003079          	.align 2
   96  0000307c          	LC5_LF0:
   97  0000307c  534f3420	.ascii "SO4 -> SO2 + O2 reacted, PID: %d\n\000"
   97  00003080  2d3e2053	
   97  00003084  4f32202b	
   97  00003088  204f3220	
   97  0000308c  72656163	
   97  00003090  7465642c	
   97  00003094  20504944	
   97  00003098  3a202564	
   97  0000309c  0a00    	
   98  0000309e          	.align 2
   99  000030a0          	LC6_LF0:
  100  000030a0  42616420	.ascii "Bad semaphore s_procs_completed (%d) in \000"
  100  000030a4  73656d61	
  100  000030a8  70686f72	
  100  000030ac  6520735f	
  100  000030b0  70726f63	
  100  000030b4  735f636f	
  100  000030b8  6d706c65	
  100  000030bc  74656420	
  100  000030c0  28256429	
  100  000030c4  20696e20	
  100  000030c8  00      	
  101  000030c9          	.align 2
  102  000030cc          	LC7_LF0:
  103  000030cc  2c206578	.ascii ", exiting...\n\000"
  103  000030d0  6974696e	
  103  000030d4  672e2e2e	
  103  000030d8  0a00    	
  104  000030da          	.text
  105  000010d4          	.align 2
  106  000010d4          	.proc _main
  107  000010d4          	.global _main
  108  000010d4          	_main:
  109                      ;  Function 'main'; 0 bytes of locals, 0 regs to save.
  110  000010d4  afbefffc	sw	-4(r29),r30; push fp
  111  000010d8  001df020	add	r30,r0,r29; fp = sp
  112  000010dc  afbffff8	sw	-8(r29),r31; push ret addr
  113  000010e0  2fbd0008	subui	r29,r29,#8; alloc local storage
  114  000010e4  8fc20000	lw	r2,(r30)
  115  000010e8  8fc40004	lw	r4,4(r30)
  116  000010ec  0c0010f8	jal	___main
  117  000010f0  54000000	nop; not filled.
  118  000010f4  64410006	snei	r1,r2,#6
  119  000010f8  1020004c	beqz	r1,L14_LF0
  120  000010fc  54000000	nop; not filled.
  121  00001100  23bdfff8	addi	r29,r29,#-8
  122  00001104  3c090000	lhi	r9,((LC0_LF0)>>16)&0xffff
  123  00001108  25293000	addui	r9,r9,(LC0_LF0)&0xffff
  124  0000110c  afa90000	sw	(r29),r9
  125  00001110  0c0002cc	jal	_Printf
  126  00001114  54000000	nop; not filled.
  127  00001118  8c890000	lw	r9,(r4)
  128  0000111c  afa90000	sw	(r29),r9
  129  00001120  0c0002bc	jal	_Printf
  130  00001124  54000000	nop; not filled.
  131  00001128  3c090000	lhi	r9,((LC1_LF0)>>16)&0xffff
  132  0000112c  25293008	addui	r9,r9,(LC1_LF0)&0xffff
  133  00001130  afa90000	sw	(r29),r9
  134  00001134  0c0002a8	jal	_Printf
  135  00001138  54000000	nop; not filled.
  136  0000113c  0c000354	jal	_Exit
  137  00001140  54000000	nop; not filled.
  138  00001144  23bd0008	addi	r29,r29,#8
  139  00001148          	L14_LF0:
  140  00001148  23bdfff0	addi	r29,r29,#-16
  141  0000114c  8c890004	lw	r9,4(r4)
  142  00001150  afa90000	sw	(r29),r9
  143  00001154  20090000	addi	r9,r0,#0
  144  00001158  afa90004	sw	4(r29),r9
  145  0000115c  2009000a	addi	r9,r0,#10
  146  00001160  afa90008	sw	8(r29),r9
  147  00001164  0c000bd8	jal	_dstrtol
  148  00001168  54000000	nop; not filled.
  149  0000116c  00014020	add	r8,r0,r1
  150  00001170  8c890008	lw	r9,8(r4)
  151  00001174  afa90000	sw	(r29),r9
  152  00001178  20090000	addi	r9,r0,#0
  153  0000117c  afa90004	sw	4(r29),r9
  154  00001180  2009000a	addi	r9,r0,#10
  155  00001184  afa90008	sw	8(r29),r9
  156  00001188  0c000bb4	jal	_dstrtol
  157  0000118c  54000000	nop; not filled.
  158  00001190  00013820	add	r7,r0,r1
  159  00001194  8c89000c	lw	r9,12(r4)
  160  00001198  afa90000	sw	(r29),r9
  161  0000119c  20090000	addi	r9,r0,#0
  162  000011a0  afa90004	sw	4(r29),r9
  163  000011a4  2009000a	addi	r9,r0,#10
  164  000011a8  afa90008	sw	8(r29),r9
  165  000011ac  0c000b90	jal	_dstrtol
  166  000011b0  54000000	nop; not filled.
  167  000011b4  00013020	add	r6,r0,r1
  168  000011b8  8c890010	lw	r9,16(r4)
  169  000011bc  afa90000	sw	(r29),r9
  170  000011c0  20090000	addi	r9,r0,#0
  171  000011c4  afa90004	sw	4(r29),r9
  172  000011c8  2009000a	addi	r9,r0,#10
  173  000011cc  afa90008	sw	8(r29),r9
  174  000011d0  0c000b6c	jal	_dstrtol
  175  000011d4  54000000	nop; not filled.
  176  000011d8  00012820	add	r5,r0,r1
  177  000011dc  8c890014	lw	r9,20(r4)
  178  000011e0  afa90000	sw	(r29),r9
  179  000011e4  20090000	addi	r9,r0,#0
  180  000011e8  afa90004	sw	4(r29),r9
  181  000011ec  2009000a	addi	r9,r0,#10
  182  000011f0  afa90008	sw	8(r29),r9
  183  000011f4  0c000b48	jal	_dstrtol
  184  000011f8  54000000	nop; not filled.
  185  000011fc  00011820	add	r3,r0,r1
  186  00001200  20020000	addi	r2,r0,#0
  187  00001204  23bd0010	addi	r29,r29,#16
  188  00001208  0043082a	slt	r1,r2,r3
  189  0000120c  10200114	beqz	r1,L16_LF0
  190  00001210  54000000	nop; not filled.
  191  00001214          	L18_LF0:
  192  00001214  23bdfff8	addi	r29,r29,#-8
  193  00001218  afa70000	sw	(r29),r7
  194  0000121c  0c000208	jal	_sem_wait
  195  00001220  54000000	nop; not filled.
  196  00001224  23bd0008	addi	r29,r29,#8
  197  00001228  64210001	snei	r1,r1,#1
  198  0000122c  1020002c	beqz	r1,L19_LF0
  199  00001230  54000000	nop; not filled.
  200  00001234  0c0001b4	jal	_getpid
  201  00001238  54000000	nop; not filled.
  202  0000123c  23bdfff8	addi	r29,r29,#-8
  203  00001240  3c090000	lhi	r9,((LC2_LF0)>>16)&0xffff
  204  00001244  25293020	addui	r9,r9,(LC2_LF0)&0xffff
  205  00001248  afa90000	sw	(r29),r9
  206  0000124c  afa10004	sw	4(r29),r1
  207  00001250  0c00018c	jal	_Printf
  208  00001254  54000000	nop; not filled.
  209  00001258  23bd0008	addi	r29,r29,#8
  210  0000125c          	L19_LF0:
  211  0000125c  23bdfff8	addi	r29,r29,#-8
  212  00001260  afa60000	sw	(r29),r6
  213  00001264  0c0001cc	jal	_sem_signal
  214  00001268  54000000	nop; not filled.
  215  0000126c  23bd0008	addi	r29,r29,#8
  216  00001270  64210001	snei	r1,r1,#1
  217  00001274  1020002c	beqz	r1,L20_LF0
  218  00001278  54000000	nop; not filled.
  219  0000127c  0c00016c	jal	_getpid
  220  00001280  54000000	nop; not filled.
  221  00001284  23bdfff8	addi	r29,r29,#-8
  222  00001288  3c090000	lhi	r9,((LC3_LF0)>>16)&0xffff
  223  0000128c  2529303c	addui	r9,r9,(LC3_LF0)&0xffff
  224  00001290  afa90000	sw	(r29),r9
  225  00001294  afa10004	sw	4(r29),r1
  226  00001298  0c000144	jal	_Printf
  227  0000129c  54000000	nop; not filled.
  228  000012a0  23bd0008	addi	r29,r29,#8
  229  000012a4          	L20_LF0:
  230  000012a4  23bdfff8	addi	r29,r29,#-8
  231  000012a8  afa50000	sw	(r29),r5
  232  000012ac  0c000184	jal	_sem_signal
  233  000012b0  54000000	nop; not filled.
  234  000012b4  23bd0008	addi	r29,r29,#8
  235  000012b8  64210001	snei	r1,r1,#1
  236  000012bc  1020002c	beqz	r1,L21_LF0
  237  000012c0  54000000	nop; not filled.
  238  000012c4  0c000124	jal	_getpid
  239  000012c8  54000000	nop; not filled.
  240  000012cc  23bdfff8	addi	r29,r29,#-8
  241  000012d0  3c090000	lhi	r9,((LC4_LF0)>>16)&0xffff
  242  000012d4  2529305c	addui	r9,r9,(LC4_LF0)&0xffff
  243  000012d8  afa90000	sw	(r29),r9
  244  000012dc  afa10004	sw	4(r29),r1
  245  000012e0  0c0000fc	jal	_Printf
  246  000012e4  54000000	nop; not filled.
  247  000012e8  23bd0008	addi	r29,r29,#8
  248  000012ec          	L21_LF0:
  249  000012ec  0c0000fc	jal	_getpid
  250  000012f0  54000000	nop; not filled.
  251  000012f4  23bdfff8	addi	r29,r29,#-8
  252  000012f8  3c090000	lhi	r9,((LC5_LF0)>>16)&0xffff
  253  000012fc  2529307c	addui	r9,r9,(LC5_LF0)&0xffff
  254  00001300  afa90000	sw	(r29),r9
  255  00001304  afa10004	sw	4(r29),r1
  256  00001308  0c0000d4	jal	_Printf
  257  0000130c  54000000	nop; not filled.
  258  00001310  23bd0008	addi	r29,r29,#8
  259  00001314  20420001	addi	r2,r2,#1
  260  00001318  0043082a	slt	r1,r2,r3
  261  0000131c  1420fef4	bnez	r1,L18_LF0
  262  00001320  54000000	nop; not filled.
  263  00001324          	L16_LF0:
  264  00001324  23bdfff8	addi	r29,r29,#-8
  265  00001328  afa80000	sw	(r29),r8
  266  0000132c  0c000104	jal	_sem_signal
  267  00001330  54000000	nop; not filled.
  268  00001334  23bd0008	addi	r29,r29,#8
  269  00001338  64210001	snei	r1,r1,#1
  270  0000133c  10200050	beqz	r1,L23_LF0
  271  00001340  54000000	nop; not filled.
  272  00001344  23bdfff8	addi	r29,r29,#-8
  273  00001348  3c090000	lhi	r9,((LC6_LF0)>>16)&0xffff
  274  0000134c  252930a0	addui	r9,r9,(LC6_LF0)&0xffff
  275  00001350  afa90000	sw	(r29),r9
  276  00001354  afa80004	sw	4(r29),r8
  277  00001358  0c000084	jal	_Printf
  278  0000135c  54000000	nop; not filled.
  279  00001360  8c840000	lw	r4,(r4)
  280  00001364  afa40000	sw	(r29),r4
  281  00001368  0c000074	jal	_Printf
  282  0000136c  54000000	nop; not filled.
  283  00001370  3c090000	lhi	r9,((LC7_LF0)>>16)&0xffff
  284  00001374  252930cc	addui	r9,r9,(LC7_LF0)&0xffff
  285  00001378  afa90000	sw	(r29),r9
  286  0000137c  0c000060	jal	_Printf
  287  00001380  54000000	nop; not filled.
  288  00001384  0c00010c	jal	_Exit
  289  00001388  54000000	nop; not filled.
  290  0000138c  23bd0008	addi	r29,r29,#8
  291  00001390          	L23_LF0:
  292  00001390  0c000e48	jal	_exit
  293  00001394  54000000	nop
  294  00001398          	.endproc _main
  295                      ;;;
  296                      ;;; Stub functions for DLX traps.
  297                      ;;;
  298                      ;;; Ethan L. Miller, 1999.  Released to the public domain.
  299                      ;;;
  300                      ;;; The traps such as Open and Close
  301                      ;;; (note the capital letters) are for use by user programs.  The traps
  302                      ;;; with names such as open and close (lower case) are for use by the OS.
  303                      ;;;
  306  00001398          	.align 2
  308                      ;;; The following are the traps to be used by user-level programs
  309                      ;;;
  311  00001398          	.align 2
  312  00001398          	.proc _Open
  313  00001398          	.global _Open
  314  00001398          	_Open:
  315                      ;;; Note that trap #0x213 actually causes a trap vector in the OS of
  316                      ;;; 0x1213.  The same is true for other user traps.  Thus, a user trap
  317                      ;;; with trap #0x240 will result in a trap vector of 0x1240 in the OS.
  318  00001398  44000213	trap	#0x213
  319  0000139c  4be00000	jr	r31
  320  000013a0  54000000	nop
  321  000013a4          	.endproc _Open
  323  000013a4          	.proc _Close
  324  000013a4          	.global _Close
  325  000013a4          	_Close:
  326  000013a4  44000214	trap	#0x214
  327  000013a8  4be00000	jr	r31
  328  000013ac  54000000	nop
  329  000013b0          	.endproc _Close
  331  000013b0          	.proc _Read
  332  000013b0          	.global _Read
  333  000013b0          	_Read:
  334  000013b0  44000210	trap	#0x210
  335  000013b4  4be00000	jr	r31
  336  000013b8  54000000	nop
  337  000013bc          	.endproc _Read
  339  000013bc          	.proc _Write
  340  000013bc          	.global _Write
  341  000013bc          	_Write:
  342  000013bc  44000211	trap	#0x211
  343  000013c0  4be00000	jr	r31
  344  000013c4  54000000	nop
  345  000013c8          	.endproc _Write
  347  000013c8          	.proc _Lseek
  348  000013c8          	.global _Lseek
  349  000013c8          	_Lseek:
  350  000013c8  44000212	trap	#0x212
  351  000013cc  4be00000	jr	r31
  352  000013d0  54000000	nop
  353  000013d4          	.endproc _Lseek
  355  000013d4          	.proc _Putchar
  356  000013d4          	.global _Putchar
  357  000013d4          	_Putchar:
  358  000013d4  44000280	trap	#0x280
  359  000013d8  4be00000	jr	r31
  360  000013dc  54000000	nop
  361  000013e0          	.endproc _Putchar
  363  000013e0          	.proc _Printf
  364  000013e0          	.global _Printf
  365  000013e0          	_Printf:
  366  000013e0  44000201	trap	#0x201
  367  000013e4  4be00000	jr	r31
  368  000013e8  54000000	nop
  369  000013ec          	.endproc _Printf
  371  000013ec          	.proc _getpid
  372  000013ec          	.global _getpid
  373  000013ec          	_getpid:
  374  000013ec  44000431	trap	#0x431
  375  000013f0  4be00000	jr	r31
  376  000013f4  54000000	nop
  377  000013f8          	.endproc _getpid
  379  000013f8          	.proc _process_create
  380  000013f8          	.global _process_create
  381  000013f8          	_process_create:
  382  000013f8  44000432	trap	#0x432
  383  000013fc  4be00000	jr	r31
  384  00001400  54000000	nop
  385  00001404          	.endproc _process_create
  387  00001404          	.proc _shmget
  388  00001404          	.global _shmget
  389  00001404          	_shmget:
  390  00001404  44000440	trap	#0x440
  391  00001408  4be00000	jr	r31
  392  0000140c  54000000	nop
  393  00001410          	.endproc _shmget
  395  00001410          	.proc _shmat
  396  00001410          	.global _shmat
  397  00001410          	_shmat:
  398  00001410  44000441	trap	#0x441
  399  00001414  4be00000	jr	r31
  400  00001418  54000000	nop
  401  0000141c          	.endproc _shmat
  403  0000141c          	.proc _sem_create
  404  0000141c          	.global _sem_create
  405  0000141c          	_sem_create:
  406  0000141c  44000450	trap	#0x450
  407  00001420  4be00000	jr	r31
  408  00001424  54000000	nop
  409  00001428          	.endproc _sem_create
  411  00001428          	.proc _sem_wait
  412  00001428          	.global _sem_wait
  413  00001428          	_sem_wait:
  414  00001428  44000451	trap	#0x451
  415  0000142c  4be00000	jr	r31
  416  00001430  54000000	nop
  417  00001434          	.endproc _sem_wait
  419  00001434          	.proc _sem_signal
  420  00001434          	.global _sem_signal
  421  00001434          	_sem_signal:
  422  00001434  44000452	trap	#0x452
  423  00001438  4be00000	jr	r31
  424  0000143c  54000000	nop
  425  00001440          	.endproc _sem_signal
  427  00001440          	.proc _lock_create
  428  00001440          	.global _lock_create
  429  00001440          	_lock_create:
  430  00001440  44000453	trap	#0x453
  431  00001444  4be00000	jr	r31
  432  00001448  54000000	nop
  433  0000144c          	.endproc _lock_create
  435  0000144c          	.proc _lock_acquire
  436  0000144c          	.global _lock_acquire
  437  0000144c          	_lock_acquire:
  438  0000144c  44000454	trap	#0x454
  439  00001450  4be00000	jr	r31
  440  00001454  54000000	nop
  441  00001458          	.endproc _lock_acquire
  443  00001458          	.proc _lock_release
  444  00001458          	.global _lock_release
  445  00001458          	_lock_release:
  446  00001458  44000455	trap	#0x455
  447  0000145c  4be00000	jr	r31
  448  00001460  54000000	nop
  449  00001464          	.endproc _lock_release
  451  00001464          	.proc _cond_create
  452  00001464          	.global _cond_create
  453  00001464          	_cond_create:
  454  00001464  44000456	trap	#0x456
  455  00001468  4be00000	jr	r31
  456  0000146c  54000000	nop
  457  00001470          	.endproc _cond_create
  459  00001470          	.proc _cond_wait
  460  00001470          	.global _cond_wait
  461  00001470          	_cond_wait:
  462  00001470  44000457	trap	#0x457
  463  00001474  4be00000	jr	r31
  464  00001478  54000000	nop
  465  0000147c          	.endproc _cond_wait
  467  0000147c          	.proc _cond_signal
  468  0000147c          	.global _cond_signal
  469  0000147c          	_cond_signal:
  470  0000147c  44000458	trap	#0x458
  471  00001480  4be00000	jr	r31
  472  00001484  54000000	nop
  473  00001488          	.endproc _cond_signal
  475  00001488          	.proc _cond_broadcast
  476  00001488          	.global _cond_broadcast
  477  00001488          	_cond_broadcast:
  478  00001488  44000459	trap	#0x459
  479  0000148c  4be00000	jr	r31
  480  00001490  54000000	nop
  481  00001494          	.endproc _cond_broadcast
  483  00001494          	.proc _Exit
  484  00001494          	.global _Exit
  485  00001494          	_Exit:
  486  00001494  44000500	trap	#0x500
  487  00001498  4be00000	jr	r31
  488  0000149c  54000000	nop
  489  000014a0          	.endproc _Exit
  490                      ; Compiled by GCC
  492  000014a0          	.align 2
  493  000014a0          	.proc _isspace
  494  000014a0          	.global _isspace
  495  000014a0          	_isspace:
  496                      ;  Function 'isspace'; 0 bytes of locals, 3 regs to save.
  497  000014a0  afbefffc	sw	-4(r29),r30; push fp
  498  000014a4  001df020	add	r30,r0,r29; fp = sp
  499  000014a8  afbffff8	sw	-8(r29),r31; push ret addr
  500  000014ac  2fbd0018	subui	r29,r29,#24; alloc local storage
  501  000014b0  afa20000	sw	0(r29),r2
  502  000014b4  afa30004	sw	4(r29),r3
  503  000014b8  afa40008	sw	8(r29),r4
  504  000014bc  83c20003	lb	r2,3(r30)
  505  000014c0  20010000	addi	r1,r0,#0
  506  000014c4  304300ff	andi	r3,r2,#0x00ff
  507  000014c8  60640020	seqi	r4,r3,#32
  508  000014cc  1480002c	bnez	r4,L3_LF2
  509  000014d0  54000000	nop; delay slot nop
  510  000014d4  304300ff	andi	r3,r2,#0x00ff
  511  000014d8  60640009	seqi	r4,r3,#9
  512  000014dc  1480001c	bnez	r4,L3_LF2
  513  000014e0  54000000	nop; delay slot nop
  514  000014e4  304300ff	andi	r3,r2,#0x00ff
  515  000014e8  6064000a	seqi	r4,r3,#10
  516  000014ec  1480000c	bnez	r4,L3_LF2
  517  000014f0  54000000	nop; delay slot nop
  518  000014f4  08000008	j	L2_LF2
  519  000014f8  54000000	nop; delay slot nop
  520  000014fc          	L3_LF2:
  521  000014fc  20010001	addi	r1,r0,#1
  522  00001500          	L2_LF2:
  523  00001500  08000004	j	L1_LF2
  524  00001504  54000000	nop; delay slot nop
  525  00001508          	L1_LF2:
  526  00001508  8fa20000	lw	r2,0(r29)
  527  0000150c  8fa30004	lw	r3,4(r29)
  528  00001510  8fa40008	lw	r4,8(r29)
  529  00001514  8fdffff8	lw	r31,-8(r30)
  530  00001518  001ee820	add	r29,r0,r30
  531  0000151c  8fdefffc	lw	r30,-4(r30)
  532  00001520  4be00000	jr	r31
  533  00001524  54000000	nop
  534  00001528          	.endproc _isspace
  535  00001528          	.align 2
  536  00001528          	.proc _isxdigit
  537  00001528          	.global _isxdigit
  538  00001528          	_isxdigit:
  539                      ;  Function 'isxdigit'; 0 bytes of locals, 3 regs to save.
  540  00001528  afbefffc	sw	-4(r29),r30; push fp
  541  0000152c  001df020	add	r30,r0,r29; fp = sp
  542  00001530  afbffff8	sw	-8(r29),r31; push ret addr
  543  00001534  2fbd0018	subui	r29,r29,#24; alloc local storage
  544  00001538  afa20000	sw	0(r29),r2
  545  0000153c  afa30004	sw	4(r29),r3
  546  00001540  afa40008	sw	8(r29),r4
  547  00001544  83c20003	lb	r2,3(r30)
  548  00001548  20010000	addi	r1,r0,#0
  549  0000154c  304300ff	andi	r3,r2,#0x00ff
  550  00001550  6c64002f	sgtui	r4,r3,#47
  551  00001554  1080001c	beqz	r4,L7_LF2
  552  00001558  54000000	nop; delay slot nop
  553  0000155c  304300ff	andi	r3,r2,#0x00ff
  554  00001560  70640039	sleui	r4,r3,#57
  555  00001564  1480005c	bnez	r4,L6_LF2
  556  00001568  54000000	nop; delay slot nop
  557  0000156c  08000004	j	L7_LF2
  558  00001570  54000000	nop; delay slot nop
  559  00001574          	L7_LF2:
  560  00001574  304300ff	andi	r3,r2,#0x00ff
  561  00001578  6c640060	sgtui	r4,r3,#96
  562  0000157c  1080001c	beqz	r4,L8_LF2
  563  00001580  54000000	nop; delay slot nop
  564  00001584  304300ff	andi	r3,r2,#0x00ff
  565  00001588  70640066	sleui	r4,r3,#102
  566  0000158c  14800034	bnez	r4,L6_LF2
  567  00001590  54000000	nop; delay slot nop
  568  00001594  08000004	j	L8_LF2
  569  00001598  54000000	nop; delay slot nop
  570  0000159c          	L8_LF2:
  571  0000159c  304300ff	andi	r3,r2,#0x00ff
  572  000015a0  6c640040	sgtui	r4,r3,#64
  573  000015a4  10800020	beqz	r4,L5_LF2
  574  000015a8  54000000	nop; delay slot nop
  575  000015ac  304300ff	andi	r3,r2,#0x00ff
  576  000015b0  70640041	sleui	r4,r3,#65
  577  000015b4  1480000c	bnez	r4,L6_LF2
  578  000015b8  54000000	nop; delay slot nop
  579  000015bc  08000008	j	L5_LF2
  580  000015c0  54000000	nop; delay slot nop
  581  000015c4          	L6_LF2:
  582  000015c4  20010001	addi	r1,r0,#1
  583  000015c8          	L5_LF2:
  584  000015c8  08000004	j	L4_LF2
  585  000015cc  54000000	nop; delay slot nop
  586  000015d0          	L4_LF2:
  587  000015d0  8fa20000	lw	r2,0(r29)
  588  000015d4  8fa30004	lw	r3,4(r29)
  589  000015d8  8fa40008	lw	r4,8(r29)
  590  000015dc  8fdffff8	lw	r31,-8(r30)
  591  000015e0  001ee820	add	r29,r0,r30
  592  000015e4  8fdefffc	lw	r30,-4(r30)
  593  000015e8  4be00000	jr	r31
  594  000015ec  54000000	nop
  595  000015f0          	.endproc _isxdigit
  596  000015f0          	.align 2
  597  000015f0          	.proc _dstrcpy
  598  000015f0          	.global _dstrcpy
  599  000015f0          	_dstrcpy:
  600                      ;  Function 'dstrcpy'; 8 bytes of locals, 2 regs to save.
  601  000015f0  afbefffc	sw	-4(r29),r30; push fp
  602  000015f4  001df020	add	r30,r0,r29; fp = sp
  603  000015f8  afbffff8	sw	-8(r29),r31; push ret addr
  604  000015fc  2fbd0018	subui	r29,r29,#24; alloc local storage
  605  00001600  afa20000	sw	0(r29),r2
  606  00001604  afa30004	sw	4(r29),r3
  607  00001608  8fc10000	lw	r1,(r30)
  608  0000160c  afc1fff4	sw	-12(r30),r1
  609  00001610          	L10_LF2:
  610  00001610  8fc10000	lw	r1,(r30)
  611  00001614  20220001	addi	r2,r1,#1
  612  00001618  afc20000	sw	(r30),r2
  613  0000161c  8fc20004	lw	r2,4(r30)
  614  00001620  20430001	addi	r3,r2,#1
  615  00001624  afc30004	sw	4(r30),r3
  616  00001628  80420000	lb	r2,(r2)
  617  0000162c  a0220000	sb	(r1),r2
  618  00001630  a3c2fff3	sb	-13(r30),r2
  619  00001634          	L12_LF2:
  620  00001634  93c1fff3	lbu	r1,-13(r30)
  621  00001638  64220000	snei	r2,r1,#0
  622  0000163c  1440000c	bnez	r2,L13_LF2
  623  00001640  54000000	nop; delay slot nop
  624  00001644  0800000c	j	L11_LF2
  625  00001648  54000000	nop; delay slot nop
  626  0000164c          	L13_LF2:
  627  0000164c  0bffffc0	j	L10_LF2
  628  00001650  54000000	nop; delay slot nop
  629  00001654          	L11_LF2:
  630  00001654  8fc1fff4	lw	r1,-12(r30)
  631  00001658  08000004	j	L9_LF2
  632  0000165c  54000000	nop; delay slot nop
  633  00001660          	L9_LF2:
  634  00001660  8fa20000	lw	r2,0(r29)
  635  00001664  8fa30004	lw	r3,4(r29)
  636  00001668  8fdffff8	lw	r31,-8(r30)
  637  0000166c  001ee820	add	r29,r0,r30
  638  00001670  8fdefffc	lw	r30,-4(r30)
  639  00001674  4be00000	jr	r31
  640  00001678  54000000	nop
  641  0000167c          	.endproc _dstrcpy
  642  0000167c          	.align 2
  643  0000167c          	.proc _dstrncpy
  644  0000167c          	.global _dstrncpy
  645  0000167c          	_dstrncpy:
  646                      ;  Function 'dstrncpy'; 8 bytes of locals, 2 regs to save.
  647  0000167c  afbefffc	sw	-4(r29),r30; push fp
  648  00001680  001df020	add	r30,r0,r29; fp = sp
  649  00001684  afbffff8	sw	-8(r29),r31; push ret addr
  650  00001688  2fbd0018	subui	r29,r29,#24; alloc local storage
  651  0000168c  afa20000	sw	0(r29),r2
  652  00001690  afa30004	sw	4(r29),r3
  653  00001694  8fc10000	lw	r1,(r30)
  654  00001698  afc1fff4	sw	-12(r30),r1
  655  0000169c          	L15_LF2:
  656  0000169c  8fc10008	lw	r1,8(r30)
  657  000016a0  2022ffff	addi	r2,r1,#-1
  658  000016a4  afc20008	sw	8(r30),r2
  659  000016a8  70210000	slei	r1,r1,#0
  660  000016ac  1020000c	beqz	r1,L18_LF2
  661  000016b0  54000000	nop; delay slot nop
  662  000016b4  08000048	j	L16_LF2
  663  000016b8  54000000	nop; delay slot nop
  664  000016bc          	L18_LF2:
  665  000016bc  8fc10000	lw	r1,(r30)
  666  000016c0  20220001	addi	r2,r1,#1
  667  000016c4  afc20000	sw	(r30),r2
  668  000016c8  8fc20004	lw	r2,4(r30)
  669  000016cc  20430001	addi	r3,r2,#1
  670  000016d0  afc30004	sw	4(r30),r3
  671  000016d4  80420000	lb	r2,(r2)
  672  000016d8  a0220000	sb	(r1),r2
  673  000016dc  a3c2fff3	sb	-13(r30),r2
  674  000016e0          	L17_LF2:
  675  000016e0  93c1fff3	lbu	r1,-13(r30)
  676  000016e4  64220000	snei	r2,r1,#0
  677  000016e8  1440000c	bnez	r2,L19_LF2
  678  000016ec  54000000	nop; delay slot nop
  679  000016f0  0800000c	j	L16_LF2
  680  000016f4  54000000	nop; delay slot nop
  681  000016f8          	L19_LF2:
  682  000016f8  0bffffa0	j	L15_LF2
  683  000016fc  54000000	nop; delay slot nop
  684  00001700          	L16_LF2:
  685  00001700  8fc1fff4	lw	r1,-12(r30)
  686  00001704  08000004	j	L14_LF2
  687  00001708  54000000	nop; delay slot nop
  688  0000170c          	L14_LF2:
  689  0000170c  8fa20000	lw	r2,0(r29)
  690  00001710  8fa30004	lw	r3,4(r29)
  691  00001714  8fdffff8	lw	r31,-8(r30)
  692  00001718  001ee820	add	r29,r0,r30
  693  0000171c  8fdefffc	lw	r30,-4(r30)
  694  00001720  4be00000	jr	r31
  695  00001724  54000000	nop
  696  00001728          	.endproc _dstrncpy
  697  00001728          	.align 2
  698  00001728          	.proc _dstrcat
  699  00001728          	.global _dstrcat
  700  00001728          	_dstrcat:
  701                      ;  Function 'dstrcat'; 8 bytes of locals, 1 regs to save.
  702  00001728  afbefffc	sw	-4(r29),r30; push fp
  703  0000172c  001df020	add	r30,r0,r29; fp = sp
  704  00001730  afbffff8	sw	-8(r29),r31; push ret addr
  705  00001734  2fbd0018	subui	r29,r29,#24; alloc local storage
  706  00001738  afa20000	sw	0(r29),r2
  707  0000173c  8fc10000	lw	r1,(r30)
  708  00001740  afc1fff4	sw	-12(r30),r1
  709  00001744          	L21_LF2:
  710  00001744  8fc10000	lw	r1,(r30)
  711  00001748  90220000	lbu	r2,(r1)
  712  0000174c  64410000	snei	r1,r2,#0
  713  00001750  1420000c	bnez	r1,L23_LF2
  714  00001754  54000000	nop; delay slot nop
  715  00001758  0800001c	j	L22_LF2
  716  0000175c  54000000	nop; delay slot nop
  717  00001760          	L23_LF2:
  718  00001760  8fc20000	lw	r2,(r30)
  719  00001764  20410001	addi	r1,r2,#1
  720  00001768  00011020	add	r2,r0,r1
  721  0000176c  afc20000	sw	(r30),r2
  722  00001770  0bffffd0	j	L21_LF2
  723  00001774  54000000	nop; delay slot nop
  724  00001778          	L22_LF2:
  725  00001778  23bdfff8	addi	r29,r29,#-8
  726  0000177c  001d0820	add	r1,r0,r29
  727  00001780  8fc20000	lw	r2,(r30)
  728  00001784  ac220000	sw	(r1),r2
  729  00001788  8fc20004	lw	r2,4(r30)
  730  0000178c  ac220004	sw	4(r1),r2
  731  00001790  0ffffe5c	jal	_dstrcpy
  732  00001794  54000000	nop; delay slot nop
  733  00001798  23bd0008	addi	r29,r29,#8
  734  0000179c  8fc1fff4	lw	r1,-12(r30)
  735  000017a0  08000004	j	L20_LF2
  736  000017a4  54000000	nop; delay slot nop
  737  000017a8          	L20_LF2:
  738  000017a8  8fa20000	lw	r2,0(r29)
  739  000017ac  8fdffff8	lw	r31,-8(r30)
  740  000017b0  001ee820	add	r29,r0,r30
  741  000017b4  8fdefffc	lw	r30,-4(r30)
  742  000017b8  4be00000	jr	r31
  743  000017bc  54000000	nop
  744  000017c0          	.endproc _dstrcat
  745  000017c0          	.align 2
  746  000017c0          	.proc _dstrncmp
  747  000017c0          	.global _dstrncmp
  748  000017c0          	_dstrncmp:
  749                      ;  Function 'dstrncmp'; 8 bytes of locals, 2 regs to save.
  750  000017c0  afbefffc	sw	-4(r29),r30; push fp
  751  000017c4  001df020	add	r30,r0,r29; fp = sp
  752  000017c8  afbffff8	sw	-8(r29),r31; push ret addr
  753  000017cc  2fbd0018	subui	r29,r29,#24; alloc local storage
  754  000017d0  afa20000	sw	0(r29),r2
  755  000017d4  afa30004	sw	4(r29),r3
  756  000017d8  54000000	nop
  757  000017dc  20010000	addi	r1,r0,#0
  758  000017e0  afc1fff4	sw	-12(r30),r1
  759  000017e4          	L25_LF2:
  760  000017e4  8fc1fff4	lw	r1,-12(r30)
  761  000017e8  8fc20008	lw	r2,8(r30)
  762  000017ec  0022082a	slt	r1,r1,r2
  763  000017f0  1420000c	bnez	r1,L28_LF2
  764  000017f4  54000000	nop; delay slot nop
  765  000017f8  08000088	j	L26_LF2
  766  000017fc  54000000	nop; delay slot nop
  767  00001800          	L28_LF2:
  768  00001800  8fc10004	lw	r1,4(r30)
  769  00001804  90220000	lbu	r2,(r1)
  770  00001808  64410000	snei	r1,r2,#0
  771  0000180c  14200018	bnez	r1,L29_LF2
  772  00001810  54000000	nop; delay slot nop
  773  00001814  20010000	addi	r1,r0,#0
  774  00001818  080000d8	j	L24_LF2
  775  0000181c  54000000	nop; delay slot nop
  776  00001820  08000028	j	L30_LF2
  777  00001824  54000000	nop; delay slot nop
  778  00001828          	L29_LF2:
  779  00001828  8fc10000	lw	r1,(r30)
  780  0000182c  8fc20004	lw	r2,4(r30)
  781  00001830  90210000	lbu	r1,(r1)
  782  00001834  90420000	lbu	r2,(r2)
  783  00001838  00220829	sne	r1,r1,r2
  784  0000183c  1020000c	beqz	r1,L30_LF2
  785  00001840  54000000	nop; delay slot nop
  786  00001844  0800003c	j	L26_LF2
  787  00001848  54000000	nop; delay slot nop
  788  0000184c          	L31_LF2:
  789  0000184c          	L30_LF2:
  790  0000184c  8fc20000	lw	r2,(r30)
  791  00001850  20410001	addi	r1,r2,#1
  792  00001854  00011020	add	r2,r0,r1
  793  00001858  afc20000	sw	(r30),r2
  794  0000185c  8fc20004	lw	r2,4(r30)
  795  00001860  20410001	addi	r1,r2,#1
  796  00001864  00011020	add	r2,r0,r1
  797  00001868  afc20004	sw	4(r30),r2
  798  0000186c          	L27_LF2:
  799  0000186c  8fc2fff4	lw	r2,-12(r30)
  800  00001870  20410001	addi	r1,r2,#1
  801  00001874  00011020	add	r2,r0,r1
  802  00001878  afc2fff4	sw	-12(r30),r2
  803  0000187c  0bffff64	j	L25_LF2
  804  00001880  54000000	nop; delay slot nop
  805  00001884          	L26_LF2:
  806  00001884  8fc1fff4	lw	r1,-12(r30)
  807  00001888  8fc20008	lw	r2,8(r30)
  808  0000188c  00220828	seq	r1,r1,r2
  809  00001890  10200018	beqz	r1,L32_LF2
  810  00001894  54000000	nop; delay slot nop
  811  00001898  20010000	addi	r1,r0,#0
  812  0000189c  08000054	j	L24_LF2
  813  000018a0  54000000	nop; delay slot nop
  814  000018a4  0800004c	j	L33_LF2
  815  000018a8  54000000	nop; delay slot nop
  816  000018ac          	L32_LF2:
  817  000018ac  8fc20000	lw	r2,(r30)
  818  000018b0  90410000	lbu	r1,(r2)
  819  000018b4  8fc20004	lw	r2,4(r30)
  820  000018b8  90430000	lbu	r3,(r2)
  821  000018bc  00230822	sub	r1,r1,r3
  822  000018c0  74220000	sgei	r2,r1,#0
  823  000018c4  10400020	beqz	r2,L34_LF2
  824  000018c8  54000000	nop; delay slot nop
  825  000018cc  8fc10000	lw	r1,(r30)
  826  000018d0  8fc20004	lw	r2,4(r30)
  827  000018d4  90210000	lbu	r1,(r1)
  828  000018d8  90420000	lbu	r2,(r2)
  829  000018dc  00220829	sne	r1,r1,r2
  830  000018e0  08000008	j	L35_LF2
  831  000018e4  54000000	nop; delay slot nop
  832  000018e8          	L34_LF2:
  833  000018e8  2001ffff	addi	r1,r0,#-1
  834  000018ec          	L35_LF2:
  835  000018ec  08000004	j	L24_LF2
  836  000018f0  54000000	nop; delay slot nop
  837  000018f4          	L33_LF2:
  838  000018f4          	L24_LF2:
  839  000018f4  8fa20000	lw	r2,0(r29)
  840  000018f8  8fa30004	lw	r3,4(r29)
  841  000018fc  8fdffff8	lw	r31,-8(r30)
  842  00001900  001ee820	add	r29,r0,r30
  843  00001904  8fdefffc	lw	r30,-4(r30)
  844  00001908  4be00000	jr	r31
  845  0000190c  54000000	nop
  846  00001910          	.endproc _dstrncmp
  847  00001910          	.align 2
  848  00001910          	.proc _dstrlen
  849  00001910          	.global _dstrlen
  850  00001910          	_dstrlen:
  851                      ;  Function 'dstrlen'; 8 bytes of locals, 1 regs to save.
  852  00001910  afbefffc	sw	-4(r29),r30; push fp
  853  00001914  001df020	add	r30,r0,r29; fp = sp
  854  00001918  afbffff8	sw	-8(r29),r31; push ret addr
  855  0000191c  2fbd0018	subui	r29,r29,#24; alloc local storage
  856  00001920  afa20000	sw	0(r29),r2
  857  00001924  20010000	addi	r1,r0,#0
  858  00001928  afc1fff4	sw	-12(r30),r1
  859  0000192c          	L37_LF2:
  860  0000192c  8fc10000	lw	r1,(r30)
  861  00001930  20220001	addi	r2,r1,#1
  862  00001934  afc20000	sw	(r30),r2
  863  00001938  90210000	lbu	r1,(r1)
  864  0000193c  64220000	snei	r2,r1,#0
  865  00001940  1440000c	bnez	r2,L39_LF2
  866  00001944  54000000	nop; delay slot nop
  867  00001948  0800001c	j	L38_LF2
  868  0000194c  54000000	nop; delay slot nop
  869  00001950          	L39_LF2:
  870  00001950  8fc2fff4	lw	r2,-12(r30)
  871  00001954  20410001	addi	r1,r2,#1
  872  00001958  00011020	add	r2,r0,r1
  873  0000195c  afc2fff4	sw	-12(r30),r2
  874  00001960  0bffffc8	j	L37_LF2
  875  00001964  54000000	nop; delay slot nop
  876  00001968          	L38_LF2:
  877  00001968  8fc1fff4	lw	r1,-12(r30)
  878  0000196c  08000004	j	L36_LF2
  879  00001970  54000000	nop; delay slot nop
  880  00001974          	L36_LF2:
  881  00001974  8fa20000	lw	r2,0(r29)
  882  00001978  8fdffff8	lw	r31,-8(r30)
  883  0000197c  001ee820	add	r29,r0,r30
  884  00001980  8fdefffc	lw	r30,-4(r30)
  885  00001984  4be00000	jr	r31
  886  00001988  54000000	nop
  887  0000198c          	.endproc _dstrlen
  888  0000198c          	.align 2
  889  0000198c          	.proc _dstrstr
  890  0000198c          	.global _dstrstr
  891  0000198c          	_dstrstr:
  892                      ;  Function 'dstrstr'; 8 bytes of locals, 1 regs to save.
  893  0000198c  afbefffc	sw	-4(r29),r30; push fp
  894  00001990  001df020	add	r30,r0,r29; fp = sp
  895  00001994  afbffff8	sw	-8(r29),r31; push ret addr
  896  00001998  2fbd0018	subui	r29,r29,#24; alloc local storage
  897  0000199c  afa20000	sw	0(r29),r2
  898  000019a0  23bdfff8	addi	r29,r29,#-8
  899  000019a4  001d0820	add	r1,r0,r29
  900  000019a8  8fc20004	lw	r2,4(r30)
  901  000019ac  ac220000	sw	(r1),r2
  902  000019b0  0fffff5c	jal	_dstrlen
  903  000019b4  54000000	nop; delay slot nop
  904  000019b8  23bd0008	addi	r29,r29,#8
  905  000019bc  afc1fff4	sw	-12(r30),r1
  906  000019c0          	L41_LF2:
  907  000019c0  8fc10000	lw	r1,(r30)
  908  000019c4  90220000	lbu	r2,(r1)
  909  000019c8  64410000	snei	r1,r2,#0
  910  000019cc  1420000c	bnez	r1,L43_LF2
  911  000019d0  54000000	nop; delay slot nop
  912  000019d4  08000060	j	L42_LF2
  913  000019d8  54000000	nop; delay slot nop
  914  000019dc          	L43_LF2:
  915  000019dc  23bdfff0	addi	r29,r29,#-16
  916  000019e0  001d0820	add	r1,r0,r29
  917  000019e4  8fc20000	lw	r2,(r30)
  918  000019e8  ac220000	sw	(r1),r2
  919  000019ec  8fc20004	lw	r2,4(r30)
  920  000019f0  ac220004	sw	4(r1),r2
  921  000019f4  8fc2fff4	lw	r2,-12(r30)
  922  000019f8  ac220008	sw	8(r1),r2
  923  000019fc  0ffffdc0	jal	_dstrncmp
  924  00001a00  54000000	nop; delay slot nop
  925  00001a04  23bd0010	addi	r29,r29,#16
  926  00001a08  64220000	snei	r2,r1,#0
  927  00001a0c  14400010	bnez	r2,L44_LF2
  928  00001a10  54000000	nop; delay slot nop
  929  00001a14  8fc10000	lw	r1,(r30)
  930  00001a18  08000028	j	L40_LF2
  931  00001a1c  54000000	nop; delay slot nop
  932  00001a20          	L44_LF2:
  933  00001a20  8fc20000	lw	r2,(r30)
  934  00001a24  20410001	addi	r1,r2,#1
  935  00001a28  00011020	add	r2,r0,r1
  936  00001a2c  afc20000	sw	(r30),r2
  937  00001a30  0bffff8c	j	L41_LF2
  938  00001a34  54000000	nop; delay slot nop
  939  00001a38          	L42_LF2:
  940  00001a38  20010000	addi	r1,r0,#0
  941  00001a3c  08000004	j	L40_LF2
  942  00001a40  54000000	nop; delay slot nop
  943  00001a44          	L40_LF2:
  944  00001a44  8fa20000	lw	r2,0(r29)
  945  00001a48  8fdffff8	lw	r31,-8(r30)
  946  00001a4c  001ee820	add	r29,r0,r30
  947  00001a50  8fdefffc	lw	r30,-4(r30)
  948  00001a54  4be00000	jr	r31
  949  00001a58  54000000	nop
  950  00001a5c          	.endproc _dstrstr
  951  00001a5c          	.align 2
  952  00001a5c          	.proc _dmindex
  953  00001a5c          	.global _dmindex
  954  00001a5c          	_dmindex:
  955                      ;  Function 'dmindex'; 8 bytes of locals, 1 regs to save.
  956  00001a5c  afbefffc	sw	-4(r29),r30; push fp
  957  00001a60  001df020	add	r30,r0,r29; fp = sp
  958  00001a64  afbffff8	sw	-8(r29),r31; push ret addr
  959  00001a68  2fbd0018	subui	r29,r29,#24; alloc local storage
  960  00001a6c  afa20000	sw	0(r29),r2
  961  00001a70  54000000	nop
  962  00001a74          	L46_LF2:
  963  00001a74  8fc10000	lw	r1,(r30)
  964  00001a78  90220000	lbu	r2,(r1)
  965  00001a7c  64410000	snei	r1,r2,#0
  966  00001a80  1420000c	bnez	r1,L48_LF2
  967  00001a84  54000000	nop; delay slot nop
  968  00001a88  08000070	j	L47_LF2
  969  00001a8c  54000000	nop; delay slot nop
  970  00001a90          	L48_LF2:
  971  00001a90  8fc10004	lw	r1,4(r30)
  972  00001a94  afc1fff4	sw	-12(r30),r1
  973  00001a98          	L49_LF2:
  974  00001a98  8fc1fff4	lw	r1,-12(r30)
  975  00001a9c  90220000	lbu	r2,(r1)
  976  00001aa0  64410000	snei	r1,r2,#0
  977  00001aa4  1420000c	bnez	r1,L52_LF2
  978  00001aa8  54000000	nop; delay slot nop
  979  00001aac  08000044	j	L50_LF2
  980  00001ab0  54000000	nop; delay slot nop
  981  00001ab4          	L52_LF2:
  982  00001ab4  8fc10000	lw	r1,(r30)
  983  00001ab8  8fc2fff4	lw	r2,-12(r30)
  984  00001abc  90210000	lbu	r1,(r1)
  985  00001ac0  90420000	lbu	r2,(r2)
  986  00001ac4  00220828	seq	r1,r1,r2
  987  00001ac8  10200010	beqz	r1,L51_LF2
  988  00001acc  54000000	nop; delay slot nop
  989  00001ad0  8fc10000	lw	r1,(r30)
  990  00001ad4  08000030	j	L45_LF2
  991  00001ad8  54000000	nop; delay slot nop
  992  00001adc          	L53_LF2:
  993  00001adc          	L51_LF2:
  994  00001adc  8fc2fff4	lw	r2,-12(r30)
  995  00001ae0  20410001	addi	r1,r2,#1
  996  00001ae4  00011020	add	r2,r0,r1
  997  00001ae8  afc2fff4	sw	-12(r30),r2
  998  00001aec  0bffffa8	j	L49_LF2
  999  00001af0  54000000	nop; delay slot nop
 1000  00001af4          	L50_LF2:
 1001  00001af4  0bffff7c	j	L46_LF2
 1002  00001af8  54000000	nop; delay slot nop
 1003  00001afc          	L47_LF2:
 1004  00001afc  20010000	addi	r1,r0,#0
 1005  00001b00  08000004	j	L45_LF2
 1006  00001b04  54000000	nop; delay slot nop
 1007  00001b08          	L45_LF2:
 1008  00001b08  8fa20000	lw	r2,0(r29)
 1009  00001b0c  8fdffff8	lw	r31,-8(r30)
 1010  00001b10  001ee820	add	r29,r0,r30
 1011  00001b14  8fdefffc	lw	r30,-4(r30)
 1012  00001b18  4be00000	jr	r31
 1013  00001b1c  54000000	nop
 1014  00001b20          	.endproc _dmindex
 1015  00001b20          	.align 2
 1016  00001b20          	.proc _dindex
 1017  00001b20          	.global _dindex
 1018  00001b20          	_dindex:
 1019                      ;  Function 'dindex'; 0 bytes of locals, 1 regs to save.
 1020  00001b20  afbefffc	sw	-4(r29),r30; push fp
 1021  00001b24  001df020	add	r30,r0,r29; fp = sp
 1022  00001b28  afbffff8	sw	-8(r29),r31; push ret addr
 1023  00001b2c  2fbd0010	subui	r29,r29,#16; alloc local storage
 1024  00001b30  afa20000	sw	0(r29),r2
 1025  00001b34  54000000	nop
 1026  00001b38          	L55_LF2:
 1027  00001b38  8fc10000	lw	r1,(r30)
 1028  00001b3c  90220000	lbu	r2,(r1)
 1029  00001b40  64410000	snei	r1,r2,#0
 1030  00001b44  1420000c	bnez	r1,L57_LF2
 1031  00001b48  54000000	nop; delay slot nop
 1032  00001b4c  08000040	j	L56_LF2
 1033  00001b50  54000000	nop; delay slot nop
 1034  00001b54          	L57_LF2:
 1035  00001b54  8fc10000	lw	r1,(r30)
 1036  00001b58  90220000	lbu	r2,(r1)
 1037  00001b5c  8fc10004	lw	r1,4(r30)
 1038  00001b60  00411028	seq	r2,r2,r1
 1039  00001b64  10400010	beqz	r2,L58_LF2
 1040  00001b68  54000000	nop; delay slot nop
 1041  00001b6c  8fc10000	lw	r1,(r30)
 1042  00001b70  08000028	j	L54_LF2
 1043  00001b74  54000000	nop; delay slot nop
 1044  00001b78          	L58_LF2:
 1045  00001b78  8fc20000	lw	r2,(r30)
 1046  00001b7c  20410001	addi	r1,r2,#1
 1047  00001b80  00011020	add	r2,r0,r1
 1048  00001b84  afc20000	sw	(r30),r2
 1049  00001b88  0bffffac	j	L55_LF2
 1050  00001b8c  54000000	nop; delay slot nop
 1051  00001b90          	L56_LF2:
 1052  00001b90  20010000	addi	r1,r0,#0
 1053  00001b94  08000004	j	L54_LF2
 1054  00001b98  54000000	nop; delay slot nop
 1055  00001b9c          	L54_LF2:
 1056  00001b9c  8fa20000	lw	r2,0(r29)
 1057  00001ba0  8fdffff8	lw	r31,-8(r30)
 1058  00001ba4  001ee820	add	r29,r0,r30
 1059  00001ba8  8fdefffc	lw	r30,-4(r30)
 1060  00001bac  4be00000	jr	r31
 1061  00001bb0  54000000	nop
 1062  00001bb4          	.endproc _dindex
 1063  00001bb4          	.align 2
 1064  00001bb4          	.proc _ditoa
 1065  00001bb4          	.global _ditoa
 1066  00001bb4          	_ditoa:
 1067                      ;  Function 'ditoa'; 8 bytes of locals, 2 regs to save.
 1068  00001bb4  afbefffc	sw	-4(r29),r30; push fp
 1069  00001bb8  001df020	add	r30,r0,r29; fp = sp
 1070  00001bbc  afbffff8	sw	-8(r29),r31; push ret addr
 1071  00001bc0  2fbd0018	subui	r29,r29,#24; alloc local storage
 1072  00001bc4  afa20000	sw	0(r29),r2
 1073  00001bc8  afa30004	sw	4(r29),r3
 1074  00001bcc  8fc10000	lw	r1,(r30)
 1075  00001bd0  68220000	slti	r2,r1,#0
 1076  00001bd4  1040002c	beqz	r2,L60_LF2
 1077  00001bd8  54000000	nop; delay slot nop
 1078  00001bdc  8fc10004	lw	r1,4(r30)
 1079  00001be0  20220001	addi	r2,r1,#1
 1080  00001be4  afc20004	sw	4(r30),r2
 1081  00001be8  2002002d	addi	r2,r0,(#0x2d)&0xff
 1082  00001bec  a0220000	sb	(r1),r2
 1083  00001bf0  8fc10000	lw	r1,(r30)
 1084  00001bf4  00011022	sub	r2,r0,r1
 1085  00001bf8  afc20000	sw	(r30),r2
 1086  00001bfc  08000118	j	L61_LF2
 1087  00001c00  54000000	nop; delay slot nop
 1088  00001c04          	L60_LF2:
 1089  00001c04  8fc10000	lw	r1,(r30)
 1090  00001c08  64220000	snei	r2,r1,#0
 1091  00001c0c  14400020	bnez	r2,L62_LF2
 1092  00001c10  54000000	nop; delay slot nop
 1093  00001c14  8fc10004	lw	r1,4(r30)
 1094  00001c18  20220001	addi	r2,r1,#1
 1095  00001c1c  afc20004	sw	4(r30),r2
 1096  00001c20  20020030	addi	r2,r0,(#0x30)&0xff
 1097  00001c24  a0220000	sb	(r1),r2
 1098  00001c28  080000ec	j	L61_LF2
 1099  00001c2c  54000000	nop; delay slot nop
 1100  00001c30          	L62_LF2:
 1101  00001c30  20010001	addi	r1,r0,#1
 1102  00001c34  afc1fff4	sw	-12(r30),r1
 1103  00001c38          	L64_LF2:
 1104  00001c38  8fc1fff4	lw	r1,-12(r30)
 1105  00001c3c  8fc20000	lw	r2,(r30)
 1106  00001c40  0022082c	sle	r1,r1,r2
 1107  00001c44  1420000c	bnez	r1,L66_LF2
 1108  00001c48  54000000	nop; delay slot nop
 1109  00001c4c  08000024	j	L65_LF2
 1110  00001c50  54000000	nop; delay slot nop
 1111  00001c54          	L67_LF2:
 1112  00001c54          	L66_LF2:
 1113  00001c54  8fc1fff4	lw	r1,-12(r30)
 1114  00001c58  00011820	add	r3,r0,r1
 1115  00001c5c  50620002	slli	r2,r3,#0x2
 1116  00001c60  00411020	add	r2,r2,r1
 1117  00001c64  50410001	slli	r1,r2,#0x1
 1118  00001c68  afc1fff4	sw	-12(r30),r1
 1119  00001c6c  0bffffc8	j	L64_LF2
 1120  00001c70  54000000	nop; delay slot nop
 1121  00001c74          	L65_LF2:
 1122  00001c74  54000000	nop
 1123  00001c78          	L68_LF2:
 1124  00001c78  8fc1fff4	lw	r1,-12(r30)
 1125  00001c7c  2002000a	addi	r2,r0,#10
 1126  00001c80  00200035	movi2fp	f0,r1
 1127  00001c84  00400835	movi2fp	f1,r2
 1128  00001c88  0401000f	div	f0,f0,f1
 1129  00001c8c  00000834	movfp2i	r1,f0
 1130  00001c90  afc1fff4	sw	-12(r30),r1
 1131  00001c94  8fc10004	lw	r1,4(r30)
 1132  00001c98  20220001	addi	r2,r1,#1
 1133  00001c9c  afc20004	sw	4(r30),r2
 1134  00001ca0  8fc20000	lw	r2,(r30)
 1135  00001ca4  8fc3fff4	lw	r3,-12(r30)
 1136  00001ca8  00400035	movi2fp	f0,r2
 1137  00001cac  00600835	movi2fp	f1,r3
 1138  00001cb0  0401000f	div	f0,f0,f1
 1139  00001cb4  00001034	movfp2i	r2,f0
 1140  00001cb8  00021820	add	r3,r0,r2
 1141  00001cbc  20620030	addi	r2,r3,#48
 1142  00001cc0  a0220000	sb	(r1),r2
 1143  00001cc4  8fc10000	lw	r1,(r30)
 1144  00001cc8  8fc3fff4	lw	r3,-12(r30)
 1145  00001ccc  00200035	movi2fp	f0,r1
 1146  00001cd0  00600835	movi2fp	f1,r3
 1147  00001cd4  0401000f	div	f0,f0,f1
 1148  00001cd8  00001034	movfp2i	r2,f0
 1149  00001cdc  8fc3fff4	lw	r3,-12(r30)
 1150  00001ce0  00400035	movi2fp	f0,r2
 1151  00001ce4  00600835	movi2fp	f1,r3
 1152  00001ce8  0401000e	mult	f0,f0,f1
 1153  00001cec  00001034	movfp2i	r2,f0
 1154  00001cf0  00220822	sub	r1,r1,r2
 1155  00001cf4  afc10000	sw	(r30),r1
 1156  00001cf8          	L70_LF2:
 1157  00001cf8  8fc1fff4	lw	r1,-12(r30)
 1158  00001cfc  6c220001	sgti	r2,r1,#1
 1159  00001d00  1440000c	bnez	r2,L71_LF2
 1160  00001d04  54000000	nop; delay slot nop
 1161  00001d08  0800000c	j	L61_LF2
 1162  00001d0c  54000000	nop; delay slot nop
 1163  00001d10          	L71_LF2:
 1164  00001d10  0bffff64	j	L68_LF2
 1165  00001d14  54000000	nop; delay slot nop
 1166  00001d18          	L69_LF2:
 1167  00001d18          	L63_LF2:
 1168  00001d18          	L61_LF2:
 1169  00001d18  8fc10004	lw	r1,4(r30)
 1170  00001d1c  20020000	addi	r2,r0,(#0x0)&0xff
 1171  00001d20  a0220000	sb	(r1),r2
 1172  00001d24          	L59_LF2:
 1173  00001d24  8fa20000	lw	r2,0(r29)
 1174  00001d28  8fa30004	lw	r3,4(r29)
 1175  00001d2c  8fdffff8	lw	r31,-8(r30)
 1176  00001d30  001ee820	add	r29,r0,r30
 1177  00001d34  8fdefffc	lw	r30,-4(r30)
 1178  00001d38  4be00000	jr	r31
 1179  00001d3c  54000000	nop
 1180  00001d40          	.endproc _ditoa
 1181  00001d40          	.align 2
 1182  00001d40          	.proc _dstrtol
 1183  00001d40          	.global _dstrtol
 1184  00001d40          	_dstrtol:
 1185                      ;  Function 'dstrtol'; 16 bytes of locals, 1 regs to save.
 1186  00001d40  afbefffc	sw	-4(r29),r30; push fp
 1187  00001d44  001df020	add	r30,r0,r29; fp = sp
 1188  00001d48  afbffff8	sw	-8(r29),r31; push ret addr
 1189  00001d4c  2fbd0020	subui	r29,r29,#32; alloc local storage
 1190  00001d50  afa20000	sw	0(r29),r2
 1191  00001d54  20010000	addi	r1,r0,#0
 1192  00001d58  afc1fff4	sw	-12(r30),r1
 1193  00001d5c          	L73_LF2:
 1194  00001d5c  8fc10000	lw	r1,(r30)
 1195  00001d60  90220000	lbu	r2,(r1)
 1196  00001d64  60410020	seqi	r1,r2,#32
 1197  00001d68  14200034	bnez	r1,L75_LF2
 1198  00001d6c  54000000	nop; delay slot nop
 1199  00001d70  8fc10000	lw	r1,(r30)
 1200  00001d74  90220000	lbu	r2,(r1)
 1201  00001d78  60410009	seqi	r1,r2,#9
 1202  00001d7c  14200020	bnez	r1,L75_LF2
 1203  00001d80  54000000	nop; delay slot nop
 1204  00001d84  8fc10000	lw	r1,(r30)
 1205  00001d88  90220000	lbu	r2,(r1)
 1206  00001d8c  6041000a	seqi	r1,r2,#10
 1207  00001d90  1420000c	bnez	r1,L75_LF2
 1208  00001d94  54000000	nop; delay slot nop
 1209  00001d98  0800001c	j	L74_LF2
 1210  00001d9c  54000000	nop; delay slot nop
 1211  00001da0          	L75_LF2:
 1212  00001da0  8fc20000	lw	r2,(r30)
 1213  00001da4  20410001	addi	r1,r2,#1
 1214  00001da8  00011020	add	r2,r0,r1
 1215  00001dac  afc20000	sw	(r30),r2
 1216  00001db0  0bffffa8	j	L73_LF2
 1217  00001db4  54000000	nop; delay slot nop
 1218  00001db8          	L74_LF2:
 1219  00001db8  8fc10004	lw	r1,4(r30)
 1220  00001dbc  64220000	snei	r2,r1,#0
 1221  00001dc0  10400010	beqz	r2,L76_LF2
 1222  00001dc4  54000000	nop; delay slot nop
 1223  00001dc8  8fc10004	lw	r1,4(r30)
 1224  00001dcc  8fc20000	lw	r2,(r30)
 1225  00001dd0  ac220000	sw	(r1),r2
 1226  00001dd4          	L76_LF2:
 1227  00001dd4  8fc10000	lw	r1,(r30)
 1228  00001dd8  90220000	lbu	r2,(r1)
 1229  00001ddc  64410000	snei	r1,r2,#0
 1230  00001de0  14200010	bnez	r1,L77_LF2
 1231  00001de4  54000000	nop; delay slot nop
 1232  00001de8  8fc1fff4	lw	r1,-12(r30)
 1233  00001dec  08000294	j	L72_LF2
 1234  00001df0  54000000	nop; delay slot nop
 1235  00001df4          	L77_LF2:
 1236  00001df4  8fc10000	lw	r1,(r30)
 1237  00001df8  90220000	lbu	r2,(r1)
 1238  00001dfc  6041002d	seqi	r1,r2,#45
 1239  00001e00  10200024	beqz	r1,L78_LF2
 1240  00001e04  54000000	nop; delay slot nop
 1241  00001e08  2001ffff	addi	r1,r0,#-1
 1242  00001e0c  afc1ffec	sw	-20(r30),r1
 1243  00001e10  8fc20000	lw	r2,(r30)
 1244  00001e14  20410001	addi	r1,r2,#1
 1245  00001e18  00011020	add	r2,r0,r1
 1246  00001e1c  afc20000	sw	(r30),r2
 1247  00001e20  0800000c	j	L79_LF2
 1248  00001e24  54000000	nop; delay slot nop
 1249  00001e28          	L78_LF2:
 1250  00001e28  20010001	addi	r1,r0,#1
 1251  00001e2c  afc1ffec	sw	-20(r30),r1
 1252  00001e30          	L79_LF2:
 1253  00001e30  8fc10008	lw	r1,8(r30)
 1254  00001e34  64220000	snei	r2,r1,#0
 1255  00001e38  14400090	bnez	r2,L80_LF2
 1256  00001e3c  54000000	nop; delay slot nop
 1257  00001e40  8fc10000	lw	r1,(r30)
 1258  00001e44  90220000	lbu	r2,(r1)
 1259  00001e48  60410030	seqi	r1,r2,#48
 1260  00001e4c  10200074	beqz	r1,L81_LF2
 1261  00001e50  54000000	nop; delay slot nop
 1262  00001e54  8fc20000	lw	r2,(r30)
 1263  00001e58  20410001	addi	r1,r2,#1
 1264  00001e5c  00011020	add	r2,r0,r1
 1265  00001e60  afc20000	sw	(r30),r2
 1266  00001e64  8fc10000	lw	r1,(r30)
 1267  00001e68  90220000	lbu	r2,(r1)
 1268  00001e6c  60410078	seqi	r1,r2,#120
 1269  00001e70  14200020	bnez	r1,L83_LF2
 1270  00001e74  54000000	nop; delay slot nop
 1271  00001e78  8fc10000	lw	r1,(r30)
 1272  00001e7c  90220000	lbu	r2,(r1)
 1273  00001e80  60410058	seqi	r1,r2,#88
 1274  00001e84  1420000c	bnez	r1,L83_LF2
 1275  00001e88  54000000	nop; delay slot nop
 1276  00001e8c  08000024	j	L82_LF2
 1277  00001e90  54000000	nop; delay slot nop
 1278  00001e94          	L83_LF2:
 1279  00001e94  20010010	addi	r1,r0,#16
 1280  00001e98  afc10008	sw	8(r30),r1
 1281  00001e9c  8fc20000	lw	r2,(r30)
 1282  00001ea0  20410001	addi	r1,r2,#1
 1283  00001ea4  00011020	add	r2,r0,r1
 1284  00001ea8  afc20000	sw	(r30),r2
 1285  00001eac  0800000c	j	L84_LF2
 1286  00001eb0  54000000	nop; delay slot nop
 1287  00001eb4          	L82_LF2:
 1288  00001eb4  20010008	addi	r1,r0,#8
 1289  00001eb8  afc10008	sw	8(r30),r1
 1290  00001ebc          	L84_LF2:
 1291  00001ebc  0800000c	j	L80_LF2
 1292  00001ec0  54000000	nop; delay slot nop
 1293  00001ec4          	L81_LF2:
 1294  00001ec4  2001000a	addi	r1,r0,#10
 1295  00001ec8  afc10008	sw	8(r30),r1
 1296  00001ecc          	L85_LF2:
 1297  00001ecc          	L80_LF2:
 1298  00001ecc  8fc10008	lw	r1,8(r30)
 1299  00001ed0  70220000	slei	r2,r1,#0
 1300  00001ed4  1440001c	bnez	r2,L87_LF2
 1301  00001ed8  54000000	nop; delay slot nop
 1302  00001edc  8fc10008	lw	r1,8(r30)
 1303  00001ee0  6c220010	sgti	r2,r1,#16
 1304  00001ee4  1440000c	bnez	r2,L87_LF2
 1305  00001ee8  54000000	nop; delay slot nop
 1306  00001eec  08000010	j	L86_LF2
 1307  00001ef0  54000000	nop; delay slot nop
 1308  00001ef4          	L87_LF2:
 1309  00001ef4  8fc1fff4	lw	r1,-12(r30)
 1310  00001ef8  08000188	j	L72_LF2
 1311  00001efc  54000000	nop; delay slot nop
 1312  00001f00          	L86_LF2:
 1313  00001f00  54000000	nop
 1314  00001f04          	L88_LF2:
 1315  00001f04  8fc10000	lw	r1,(r30)
 1316  00001f08  90220000	lbu	r2,(r1)
 1317  00001f0c  6c41002f	sgtui	r1,r2,#47
 1318  00001f10  10200030	beqz	r1,L91_LF2
 1319  00001f14  54000000	nop; delay slot nop
 1320  00001f18  8fc10000	lw	r1,(r30)
 1321  00001f1c  90220000	lbu	r2,(r1)
 1322  00001f20  70410039	sleui	r1,r2,#57
 1323  00001f24  1020001c	beqz	r1,L91_LF2
 1324  00001f28  54000000	nop; delay slot nop
 1325  00001f2c  8fc10000	lw	r1,(r30)
 1326  00001f30  90220000	lbu	r2,(r1)
 1327  00001f34  2041ffd0	addi	r1,r2,#-48
 1328  00001f38  afc1fff0	sw	-16(r30),r1
 1329  00001f3c  0800008c	j	L92_LF2
 1330  00001f40  54000000	nop; delay slot nop
 1331  00001f44          	L91_LF2:
 1332  00001f44  8fc10000	lw	r1,(r30)
 1333  00001f48  90220000	lbu	r2,(r1)
 1334  00001f4c  6c410060	sgtui	r1,r2,#96
 1335  00001f50  10200030	beqz	r1,L93_LF2
 1336  00001f54  54000000	nop; delay slot nop
 1337  00001f58  8fc10000	lw	r1,(r30)
 1338  00001f5c  90220000	lbu	r2,(r1)
 1339  00001f60  7041007a	sleui	r1,r2,#122
 1340  00001f64  1020001c	beqz	r1,L93_LF2
 1341  00001f68  54000000	nop; delay slot nop
 1342  00001f6c  8fc10000	lw	r1,(r30)
 1343  00001f70  90220000	lbu	r2,(r1)
 1344  00001f74  2041ffa9	addi	r1,r2,#-87
 1345  00001f78  afc1fff0	sw	-16(r30),r1
 1346  00001f7c  0800004c	j	L92_LF2
 1347  00001f80  54000000	nop; delay slot nop
 1348  00001f84          	L93_LF2:
 1349  00001f84  8fc10000	lw	r1,(r30)
 1350  00001f88  90220000	lbu	r2,(r1)
 1351  00001f8c  6c410040	sgtui	r1,r2,#64
 1352  00001f90  10200030	beqz	r1,L95_LF2
 1353  00001f94  54000000	nop; delay slot nop
 1354  00001f98  8fc10000	lw	r1,(r30)
 1355  00001f9c  90220000	lbu	r2,(r1)
 1356  00001fa0  7041005a	sleui	r1,r2,#90
 1357  00001fa4  1020001c	beqz	r1,L95_LF2
 1358  00001fa8  54000000	nop; delay slot nop
 1359  00001fac  8fc10000	lw	r1,(r30)
 1360  00001fb0  90220000	lbu	r2,(r1)
 1361  00001fb4  2041ffc9	addi	r1,r2,#-55
 1362  00001fb8  afc1fff0	sw	-16(r30),r1
 1363  00001fbc  0800000c	j	L92_LF2
 1364  00001fc0  54000000	nop; delay slot nop
 1365  00001fc4          	L95_LF2:
 1366  00001fc4  200103e8	addi	r1,r0,#1000
 1367  00001fc8  afc1fff0	sw	-16(r30),r1
 1368  00001fcc          	L96_LF2:
 1369  00001fcc          	L94_LF2:
 1370  00001fcc          	L92_LF2:
 1371  00001fcc  8fc1fff0	lw	r1,-16(r30)
 1372  00001fd0  8fc20008	lw	r2,8(r30)
 1373  00001fd4  0022082a	slt	r1,r1,r2
 1374  00001fd8  10200040	beqz	r1,L90_LF2
 1375  00001fdc  54000000	nop; delay slot nop
 1376  00001fe0  8fc1fff4	lw	r1,-12(r30)
 1377  00001fe4  8fc20008	lw	r2,8(r30)
 1378  00001fe8  00200035	movi2fp	f0,r1
 1379  00001fec  00400835	movi2fp	f1,r2
 1380  00001ff0  0401000e	mult	f0,f0,f1
 1381  00001ff4  00000834	movfp2i	r1,f0
 1382  00001ff8  afc1fff4	sw	-12(r30),r1
 1383  00001ffc  8fc1fff4	lw	r1,-12(r30)
 1384  00002000  8fc2fff0	lw	r2,-16(r30)
 1385  00002004  00220820	add	r1,r1,r2
 1386  00002008  afc1fff4	sw	-12(r30),r1
 1387  0000200c  8fc20000	lw	r2,(r30)
 1388  00002010  20410001	addi	r1,r2,#1
 1389  00002014  00011020	add	r2,r0,r1
 1390  00002018  afc20000	sw	(r30),r2
 1391  0000201c          	L97_LF2:
 1392  0000201c          	L90_LF2:
 1393  0000201c  8fc1fff0	lw	r1,-16(r30)
 1394  00002020  8fc20008	lw	r2,8(r30)
 1395  00002024  0022082a	slt	r1,r1,r2
 1396  00002028  1420000c	bnez	r1,L98_LF2
 1397  0000202c  54000000	nop; delay slot nop
 1398  00002030  0800000c	j	L89_LF2
 1399  00002034  54000000	nop; delay slot nop
 1400  00002038          	L98_LF2:
 1401  00002038  0bfffec8	j	L88_LF2
 1402  0000203c  54000000	nop; delay slot nop
 1403  00002040          	L89_LF2:
 1404  00002040  8fc10004	lw	r1,4(r30)
 1405  00002044  64220000	snei	r2,r1,#0
 1406  00002048  10400010	beqz	r2,L99_LF2
 1407  0000204c  54000000	nop; delay slot nop
 1408  00002050  8fc10004	lw	r1,4(r30)
 1409  00002054  8fc20000	lw	r2,(r30)
 1410  00002058  ac220000	sw	(r1),r2
 1411  0000205c          	L99_LF2:
 1412  0000205c  8fc1fff4	lw	r1,-12(r30)
 1413  00002060  8fc2ffec	lw	r2,-20(r30)
 1414  00002064  00200035	movi2fp	f0,r1
 1415  00002068  00400835	movi2fp	f1,r2
 1416  0000206c  0401000e	mult	f0,f0,f1
 1417  00002070  00000834	movfp2i	r1,f0
 1418  00002074  afc1fff4	sw	-12(r30),r1
 1419  00002078  8fc1fff4	lw	r1,-12(r30)
 1420  0000207c  08000004	j	L72_LF2
 1421  00002080  54000000	nop; delay slot nop
 1422  00002084          	L72_LF2:
 1423  00002084  8fa20000	lw	r2,0(r29)
 1424  00002088  8fdffff8	lw	r31,-8(r30)
 1425  0000208c  001ee820	add	r29,r0,r30
 1426  00002090  8fdefffc	lw	r30,-4(r30)
 1427  00002094  4be00000	jr	r31
 1428  00002098  54000000	nop
 1429  0000209c          	.endproc _dstrtol
 1430  0000209c          	.align 2
 1431  0000209c          	.proc _bcopy
 1432  0000209c          	.global _bcopy
 1433  0000209c          	_bcopy:
 1434                      ;  Function 'bcopy'; 0 bytes of locals, 2 regs to save.
 1435  0000209c  afbefffc	sw	-4(r29),r30; push fp
 1436  000020a0  001df020	add	r30,r0,r29; fp = sp
 1437  000020a4  afbffff8	sw	-8(r29),r31; push ret addr
 1438  000020a8  2fbd0010	subui	r29,r29,#16; alloc local storage
 1439  000020ac  afa20000	sw	0(r29),r2
 1440  000020b0  afa30004	sw	4(r29),r3
 1441  000020b4  54000000	nop
 1442  000020b8          	L101_LF2:
 1443  000020b8  8fc10008	lw	r1,8(r30)
 1444  000020bc  2022ffff	addi	r2,r1,#-1
 1445  000020c0  afc20008	sw	8(r30),r2
 1446  000020c4  6c210000	sgti	r1,r1,#0
 1447  000020c8  1420000c	bnez	r1,L103_LF2
 1448  000020cc  54000000	nop; delay slot nop
 1449  000020d0  0800002c	j	L102_LF2
 1450  000020d4  54000000	nop; delay slot nop
 1451  000020d8          	L103_LF2:
 1452  000020d8  8fc10004	lw	r1,4(r30)
 1453  000020dc  20220001	addi	r2,r1,#1
 1454  000020e0  afc20004	sw	4(r30),r2
 1455  000020e4  8fc20000	lw	r2,(r30)
 1456  000020e8  20430001	addi	r3,r2,#1
 1457  000020ec  afc30000	sw	(r30),r3
 1458  000020f0  80420000	lb	r2,(r2)
 1459  000020f4  a0220000	sb	(r1),r2
 1460  000020f8  0bffffbc	j	L101_LF2
 1461  000020fc  54000000	nop; delay slot nop
 1462  00002100          	L102_LF2:
 1463  00002100          	L100_LF2:
 1464  00002100  8fa20000	lw	r2,0(r29)
 1465  00002104  8fa30004	lw	r3,4(r29)
 1466  00002108  8fdffff8	lw	r31,-8(r30)
 1467  0000210c  001ee820	add	r29,r0,r30
 1468  00002110  8fdefffc	lw	r30,-4(r30)
 1469  00002114  4be00000	jr	r31
 1470  00002118  54000000	nop
 1471  0000211c          	.endproc _bcopy
 1472  0000211c          	.align 2
 1473  0000211c          	.proc _bzero
 1474  0000211c          	.global _bzero
 1475  0000211c          	_bzero:
 1476                      ;  Function 'bzero'; 0 bytes of locals, 1 regs to save.
 1477  0000211c  afbefffc	sw	-4(r29),r30; push fp
 1478  00002120  001df020	add	r30,r0,r29; fp = sp
 1479  00002124  afbffff8	sw	-8(r29),r31; push ret addr
 1480  00002128  2fbd0010	subui	r29,r29,#16; alloc local storage
 1481  0000212c  afa20000	sw	0(r29),r2
 1482  00002130  54000000	nop
 1483  00002134          	L105_LF2:
 1484  00002134  8fc10004	lw	r1,4(r30)
 1485  00002138  2022ffff	addi	r2,r1,#-1
 1486  0000213c  afc20004	sw	4(r30),r2
 1487  00002140  6c210000	sgti	r1,r1,#0
 1488  00002144  1420000c	bnez	r1,L107_LF2
 1489  00002148  54000000	nop; delay slot nop
 1490  0000214c  08000020	j	L106_LF2
 1491  00002150  54000000	nop; delay slot nop
 1492  00002154          	L107_LF2:
 1493  00002154  8fc10000	lw	r1,(r30)
 1494  00002158  20220001	addi	r2,r1,#1
 1495  0000215c  afc20000	sw	(r30),r2
 1496  00002160  20020000	addi	r2,r0,(#0x0)&0xff
 1497  00002164  a0220000	sb	(r1),r2
 1498  00002168  0bffffc8	j	L105_LF2
 1499  0000216c  54000000	nop; delay slot nop
 1500  00002170          	L106_LF2:
 1501  00002170          	L104_LF2:
 1502  00002170  8fa20000	lw	r2,0(r29)
 1503  00002174  8fdffff8	lw	r31,-8(r30)
 1504  00002178  001ee820	add	r29,r0,r30
 1505  0000217c  8fdefffc	lw	r30,-4(r30)
 1506  00002180  4be00000	jr	r31
 1507  00002184  54000000	nop
 1508  00002188          	.endproc _bzero
 1509  00002188          	.align 2
 1510  00002188          	.proc _min
 1511  00002188          	.global _min
 1512  00002188          	_min:
 1513                      ;  Function 'min'; 0 bytes of locals, 2 regs to save.
 1514  00002188  afbefffc	sw	-4(r29),r30; push fp
 1515  0000218c  001df020	add	r30,r0,r29; fp = sp
 1516  00002190  afbffff8	sw	-8(r29),r31; push ret addr
 1517  00002194  2fbd0010	subui	r29,r29,#16; alloc local storage
 1518  00002198  afa20000	sw	0(r29),r2
 1519  0000219c  afa30004	sw	4(r29),r3
 1520  000021a0  8fc10000	lw	r1,(r30)
 1521  000021a4  8fc20004	lw	r2,4(r30)
 1522  000021a8  0022182c	sle	r3,r1,r2
 1523  000021ac  14600008	bnez	r3,L109_LF2
 1524  000021b0  54000000	nop; delay slot nop
 1525  000021b4  8fc10004	lw	r1,4(r30)
 1526  000021b8          	L109_LF2:
 1527  000021b8  08000004	j	L108_LF2
 1528  000021bc  54000000	nop; delay slot nop
 1529  000021c0          	L108_LF2:
 1530  000021c0  8fa20000	lw	r2,0(r29)
 1531  000021c4  8fa30004	lw	r3,4(r29)
 1532  000021c8  8fdffff8	lw	r31,-8(r30)
 1533  000021cc  001ee820	add	r29,r0,r30
 1534  000021d0  8fdefffc	lw	r30,-4(r30)
 1535  000021d4  4be00000	jr	r31
 1536  000021d8  54000000	nop
 1537  000021dc          	.endproc _min
 1538                      ;;; Ethan L. Miller, 1999.  Released to the public domain
 1539                      ;;;
 1540                      ;;; Most of the traps are called in files from libtraps.
 1543  000021dc          	.align 2
 1544  000021dc          	.proc _exit
 1545  000021dc          	.global _exit
 1546  000021dc          	_exit:
 1547  000021dc  44000300	trap	#0x300
 1548  000021e0  4be00000	jr	r31
 1549  000021e4  54000000	nop
 1550  000021e8          	.endproc _exit
 1552                      ; for the benefit of gcc.
 1553  000021e8          	.proc ___main
 1554  000021e8          	.global ___main
 1555  000021e8          	___main:
 1556  000021e8  4be00000	jr	r31
 1557  000021ec  54000000	nop
 1558  000021f0          	.endproc ___main
 1559  000021f0          	.text
 1560  000021f0          	.global _etext
 1561  000021f0          	_etext:
 1562  000021f0          	.align 3
 1563  000021f0          	.data
 1564  000030da          	.global _edata
 1565  000030da          	_edata:
