 line   address	contents
    1                      ; Linked by DLX-LD.
    2                      ; MemSize 24576
    3                      ; Data size: 318
    4                      ; Text size: 5356
    5                      ; Stack size: 8192
    6  00000000          	.text 0x1000
    7  00001000          	.data 0x3000
    8                      ; Compiled by GCC
    9  00003000          	.text
   10  00001000          	.align 2
   11  00001000          	.proc _isspace
   12  00001000          	.global _isspace
   13  00001000          	_isspace:
   14                      ;  Function 'isspace'; 0 bytes of locals, 1 regs to save.
   15  00001000  afbefffc	sw	-4(r29),r30; push fp
   16  00001004  001df020	add	r30,r0,r29; fp = sp
   17  00001008  afbffff8	sw	-8(r29),r31; push ret addr
   18  0000100c  2fbd0010	subui	r29,r29,#16; alloc local storage
   19  00001010  afa20000	sw	0(r29),r2
   20  00001014  83c20003	lb	r2,3(r30)
   21  00001018  201f0000	addi	r31,r0,#0
   22  0000101c  304100ff	andi	r1,r2,#0x00ff
   23  00001020  60210020	seqi	r1,r1,#32
   24  00001024  14200018	bnez	r1,L6_LF0
   25  00001028  54000000	nop; not filled.
   26  0000102c  2041fff7	addi	r1,r2,#-9
   27  00001030  302100ff	andi	r1,r1,#0x00ff
   28  00001034  70210001	sleui	r1,r1,#1
   29  00001038  10200008	beqz	r1,L5_LF0
   30  0000103c  54000000	nop; not filled.
   31  00001040          	L6_LF0:
   32  00001040  201f0001	addi	r31,r0,#1
   33  00001044          	L5_LF0:
   34  00001044  001f0820	add	r1,r0,r31
   35  00001048  8fa20000	lw	r2,0(r29)
   36  0000104c  8fdffff8	lw	r31,-8(r30)
   37  00001050  001ee820	add	r29,r0,r30
   38  00001054  8fdefffc	lw	r30,-4(r30)
   39  00001058  4be00000	jr	r31
   40  0000105c  54000000	nop
   41  00001060          	.endproc _isspace
   42  00001060          	.align 2
   43  00001060          	.proc _isxdigit
   44  00001060          	.global _isxdigit
   45  00001060          	_isxdigit:
   46                      ;  Function 'isxdigit'; 0 bytes of locals, 1 regs to save.
   47  00001060  afbefffc	sw	-4(r29),r30; push fp
   48  00001064  001df020	add	r30,r0,r29; fp = sp
   49  00001068  afbffff8	sw	-8(r29),r31; push ret addr
   50  0000106c  2fbd0010	subui	r29,r29,#16; alloc local storage
   51  00001070  afa20000	sw	0(r29),r2
   52  00001074  83df0003	lb	r31,3(r30)
   53  00001078  20020000	addi	r2,r0,#0
   54  0000107c  23e1ffd0	addi	r1,r31,#-48
   55  00001080  302100ff	andi	r1,r1,#0x00ff
   56  00001084  70210009	sleui	r1,r1,#9
   57  00001088  14200028	bnez	r1,L12_LF0
   58  0000108c  54000000	nop; not filled.
   59  00001090  23e1ff9f	addi	r1,r31,#-97
   60  00001094  302100ff	andi	r1,r1,#0x00ff
   61  00001098  70210005	sleui	r1,r1,#5
   62  0000109c  14200014	bnez	r1,L12_LF0
   63  000010a0  54000000	nop; not filled.
   64  000010a4  33e100ff	andi	r1,r31,#0x00ff
   65  000010a8  64210041	snei	r1,r1,#65
   66  000010ac  14200008	bnez	r1,L11_LF0
   67  000010b0  54000000	nop; not filled.
   68  000010b4          	L12_LF0:
   69  000010b4  20020001	addi	r2,r0,#1
   70  000010b8          	L11_LF0:
   71  000010b8  00020820	add	r1,r0,r2
   72  000010bc  8fa20000	lw	r2,0(r29)
   73  000010c0  8fdffff8	lw	r31,-8(r30)
   74  000010c4  001ee820	add	r29,r0,r30
   75  000010c8  8fdefffc	lw	r30,-4(r30)
   76  000010cc  4be00000	jr	r31
   77  000010d0  54000000	nop
   78  000010d4          	.endproc _isxdigit
   79  000010d4          	.data
   80  00003000          	.align 2
   81  00003000          	LC0_LF0:
   82  00003000  55736167	.ascii "Usage: \000"
   82  00003004  653a2000	
   83  00003008          	.align 2
   84  00003008          	LC1_LF0:
   85  00003008  20457272	.ascii " Error in reaction so4\n\000"
   85  0000300c  6f722069	
   85  00003010  6e207265	
   85  00003014  61637469	
   85  00003018  6f6e2073	
   85  0000301c  6f340a00	
   86  00003020          	.align 2
   87  00003020          	LC2_LF0:
   88  00003020  4661696c	.ascii "Failed to open mailbox: Make SO4 (%d)\000"
   88  00003024  65642074	
   88  00003028  6f206f70	
   88  0000302c  656e206d	
   88  00003030  61696c62	
   88  00003034  6f783a20	
   88  00003038  4d616b65	
   88  0000303c  20534f34	
   88  00003040  20282564	
   88  00003044  2900    	
   89  00003046          	.align 2
   90  00003048          	LC3_LF0:
   91  00003048  4661696c	.ascii "Failed to receive to mailbox 1: Make SO4 (%d)\000"
   91  0000304c  65642074	
   91  00003050  6f207265	
   91  00003054  63656976	
   91  00003058  6520746f	
   91  0000305c  206d6169	
   91  00003060  6c626f78	
   91  00003064  20313a20	
   91  00003068  4d616b65	
   91  0000306c  20534f34	
   91  00003070  20282564	
   91  00003074  2900    	
   92  00003076          	.align 2
   93  00003078          	LC4_LF0:
   94  00003078  534f3400	.ascii "SO4\000"
   95  0000307c          	.align 2
   96  0000307c          	LC5_LF0:
   97  0000307c  4661696c	.ascii "Failed to send to mailbox: Make SO4 (%d)\000"
   97  00003080  65642074	
   97  00003084  6f207365	
   97  00003088  6e642074	
   97  0000308c  6f206d61	
   97  00003090  696c626f	
   97  00003094  783a204d	
   97  00003098  616b6520	
   97  0000309c  534f3420	
   97  000030a0  28256429	
   97  000030a4  00      	
   98  000030a5          	.align 2
   99  000030a8          	LC6_LF0:
  100  000030a8  28256429	.ascii "(%d) Created SO4 Molecule\n\000"
  100  000030ac  20437265	
  100  000030b0  61746564	
  100  000030b4  20534f34	
  100  000030b8  204d6f6c	
  100  000030bc  6563756c	
  100  000030c0  650a00  	
  101  000030c3          	.align 2
  102  000030c4          	LC7_LF0:
  103  000030c4  4661696c	.ascii "Failed to close mailbox: Make SO4 (%d)\000"
  103  000030c8  65642074	
  103  000030cc  6f20636c	
  103  000030d0  6f736520	
  103  000030d4  6d61696c	
  103  000030d8  626f783a	
  103  000030dc  204d616b	
  103  000030e0  6520534f	
  103  000030e4  34202825	
  103  000030e8  642900  	
  104  000030eb          	.align 2
  105  000030ec          	LC8_LF0:
  106  000030ec  50494420	.ascii "PID %d is complete.\n\000"
  106  000030f0  25642069	
  106  000030f4  7320636f	
  106  000030f8  6d706c65	
  106  000030fc  74652e0a	
  106  00003100  00      	
  107  00003101          	.align 2
  108  00003104          	LC9_LF0:
  109  00003104  42616420	.ascii "Bad semaphore s_procs_completed (%d) in \000"
  109  00003108  73656d61	
  109  0000310c  70686f72	
  109  00003110  6520735f	
  109  00003114  70726f63	
  109  00003118  735f636f	
  109  0000311c  6d706c65	
  109  00003120  74656420	
  109  00003124  28256429	
  109  00003128  20696e20	
  109  0000312c  00      	
  110  0000312d          	.align 2
  111  00003130          	LC10_LF0:
  112  00003130  2c206578	.ascii ", exiting...\n\000"
  112  00003134  6974696e	
  112  00003138  672e2e2e	
  112  0000313c  0a00    	
  113  0000313e          	.text
  114  000010d4          	.align 2
  115  000010d4          	.proc _main
  116  000010d4          	.global _main
  117  000010d4          	_main:
  118                      ;  Function 'main'; 16 bytes of locals, 0 regs to save.
  119  000010d4  afbefffc	sw	-4(r29),r30; push fp
  120  000010d8  001df020	add	r30,r0,r29; fp = sp
  121  000010dc  afbffff8	sw	-8(r29),r31; push ret addr
  122  000010e0  2fbd0018	subui	r29,r29,#24; alloc local storage
  123  000010e4  8fc20000	lw	r2,(r30)
  124  000010e8  8fc60004	lw	r6,4(r30)
  125  000010ec  0c0013f4	jal	___main
  126  000010f0  54000000	nop; not filled.
  127  000010f4  64410005	snei	r1,r2,#5
  128  000010f8  1020004c	beqz	r1,L14_LF0
  129  000010fc  54000000	nop; not filled.
  130  00001100  23bdfff8	addi	r29,r29,#-8
  131  00001104  3c080000	lhi	r8,((LC0_LF0)>>16)&0xffff
  132  00001108  25083000	addui	r8,r8,(LC0_LF0)&0xffff
  133  0000110c  afa80000	sw	(r29),r8
  134  00001110  0c000520	jal	_Printf
  135  00001114  54000000	nop; not filled.
  136  00001118  8cc80000	lw	r8,(r6)
  137  0000111c  afa80000	sw	(r29),r8
  138  00001120  0c000510	jal	_Printf
  139  00001124  54000000	nop; not filled.
  140  00001128  3c080000	lhi	r8,((LC1_LF0)>>16)&0xffff
  141  0000112c  25083008	addui	r8,r8,(LC1_LF0)&0xffff
  142  00001130  afa80000	sw	(r29),r8
  143  00001134  0c0004fc	jal	_Printf
  144  00001138  54000000	nop; not filled.
  145  0000113c  0c0005fc	jal	_Exit
  146  00001140  54000000	nop; not filled.
  147  00001144  23bd0008	addi	r29,r29,#8
  148  00001148          	L14_LF0:
  149  00001148  23bdfff0	addi	r29,r29,#-16
  150  0000114c  8cc80004	lw	r8,4(r6)
  151  00001150  afa80000	sw	(r29),r8
  152  00001154  20080000	addi	r8,r0,#0
  153  00001158  afa80004	sw	4(r29),r8
  154  0000115c  2008000a	addi	r8,r0,#10
  155  00001160  afa80008	sw	8(r29),r8
  156  00001164  0c000e80	jal	_dstrtol
  157  00001168  54000000	nop; not filled.
  158  0000116c  00013820	add	r7,r0,r1
  159  00001170  8cc80008	lw	r8,8(r6)
  160  00001174  afa80000	sw	(r29),r8
  161  00001178  20080000	addi	r8,r0,#0
  162  0000117c  afa80004	sw	4(r29),r8
  163  00001180  2008000a	addi	r8,r0,#10
  164  00001184  afa80008	sw	8(r29),r8
  165  00001188  0c000e5c	jal	_dstrtol
  166  0000118c  54000000	nop; not filled.
  167  00001190  00012020	add	r4,r0,r1
  168  00001194  8cc8000c	lw	r8,12(r6)
  169  00001198  afa80000	sw	(r29),r8
  170  0000119c  20080000	addi	r8,r0,#0
  171  000011a0  afa80004	sw	4(r29),r8
  172  000011a4  2008000a	addi	r8,r0,#10
  173  000011a8  afa80008	sw	8(r29),r8
  174  000011ac  0c000e38	jal	_dstrtol
  175  000011b0  54000000	nop; not filled.
  176  000011b4  00011820	add	r3,r0,r1
  177  000011b8  8cc80010	lw	r8,16(r6)
  178  000011bc  afa80000	sw	(r29),r8
  179  000011c0  20080000	addi	r8,r0,#0
  180  000011c4  afa80004	sw	4(r29),r8
  181  000011c8  2008000a	addi	r8,r0,#10
  182  000011cc  afa80008	sw	8(r29),r8
  183  000011d0  0c000e14	jal	_dstrtol
  184  000011d4  54000000	nop; not filled.
  185  000011d8  00012820	add	r5,r0,r1
  186  000011dc  afa40000	sw	(r29),r4
  187  000011e0  0c000510	jal	_mbox_open
  188  000011e4  54000000	nop; not filled.
  189  000011e8  23bd0010	addi	r29,r29,#16
  190  000011ec  64210001	snei	r1,r1,#1
  191  000011f0  10200034	beqz	r1,L15_LF0
  192  000011f4  54000000	nop; not filled.
  193  000011f8  0c000444	jal	_getpid
  194  000011fc  54000000	nop; not filled.
  195  00001200  23bdfff8	addi	r29,r29,#-8
  196  00001204  3c080000	lhi	r8,((LC2_LF0)>>16)&0xffff
  197  00001208  25083020	addui	r8,r8,(LC2_LF0)&0xffff
  198  0000120c  afa80000	sw	(r29),r8
  199  00001210  afa10004	sw	4(r29),r1
  200  00001214  0c00041c	jal	_Printf
  201  00001218  54000000	nop; not filled.
  202  0000121c  0c00051c	jal	_Exit
  203  00001220  54000000	nop; not filled.
  204  00001224  23bd0008	addi	r29,r29,#8
  205  00001228          	L15_LF0:
  206  00001228  23bdfff8	addi	r29,r29,#-8
  207  0000122c  afa30000	sw	(r29),r3
  208  00001230  0c0004c0	jal	_mbox_open
  209  00001234  54000000	nop; not filled.
  210  00001238  23bd0008	addi	r29,r29,#8
  211  0000123c  64210001	snei	r1,r1,#1
  212  00001240  10200034	beqz	r1,L16_LF0
  213  00001244  54000000	nop; not filled.
  214  00001248  0c0003f4	jal	_getpid
  215  0000124c  54000000	nop; not filled.
  216  00001250  23bdfff8	addi	r29,r29,#-8
  217  00001254  3c080000	lhi	r8,((LC2_LF0)>>16)&0xffff
  218  00001258  25083020	addui	r8,r8,(LC2_LF0)&0xffff
  219  0000125c  afa80000	sw	(r29),r8
  220  00001260  afa10004	sw	4(r29),r1
  221  00001264  0c0003cc	jal	_Printf
  222  00001268  54000000	nop; not filled.
  223  0000126c  0c0004cc	jal	_Exit
  224  00001270  54000000	nop; not filled.
  225  00001274  23bd0008	addi	r29,r29,#8
  226  00001278          	L16_LF0:
  227  00001278  23bdfff8	addi	r29,r29,#-8
  228  0000127c  afa50000	sw	(r29),r5
  229  00001280  0c000470	jal	_mbox_open
  230  00001284  54000000	nop; not filled.
  231  00001288  23bd0008	addi	r29,r29,#8
  232  0000128c  64210001	snei	r1,r1,#1
  233  00001290  10200034	beqz	r1,L17_LF0
  234  00001294  54000000	nop; not filled.
  235  00001298  0c0003a4	jal	_getpid
  236  0000129c  54000000	nop; not filled.
  237  000012a0  23bdfff8	addi	r29,r29,#-8
  238  000012a4  3c080000	lhi	r8,((LC2_LF0)>>16)&0xffff
  239  000012a8  25083020	addui	r8,r8,(LC2_LF0)&0xffff
  240  000012ac  afa80000	sw	(r29),r8
  241  000012b0  afa10004	sw	4(r29),r1
  242  000012b4  0c00037c	jal	_Printf
  243  000012b8  54000000	nop; not filled.
  244  000012bc  0c00047c	jal	_Exit
  245  000012c0  54000000	nop; not filled.
  246  000012c4  23bd0008	addi	r29,r29,#8
  247  000012c8          	L17_LF0:
  248  000012c8  23bdfff0	addi	r29,r29,#-16
  249  000012cc  afa40000	sw	(r29),r4
  250  000012d0  20080001	addi	r8,r0,#1
  251  000012d4  afa80004	sw	4(r29),r8
  252  000012d8  23c1ffef	addi	r1,r30,#-17
  253  000012dc  afa10008	sw	8(r29),r1
  254  000012e0  0c000434	jal	_mbox_recv
  255  000012e4  54000000	nop; not filled.
  256  000012e8  23bd0010	addi	r29,r29,#16
  257  000012ec  64210001	snei	r1,r1,#1
  258  000012f0  10200034	beqz	r1,L18_LF0
  259  000012f4  54000000	nop; not filled.
  260  000012f8  0c000344	jal	_getpid
  261  000012fc  54000000	nop; not filled.
  262  00001300  23bdfff8	addi	r29,r29,#-8
  263  00001304  3c080000	lhi	r8,((LC3_LF0)>>16)&0xffff
  264  00001308  25083048	addui	r8,r8,(LC3_LF0)&0xffff
  265  0000130c  afa80000	sw	(r29),r8
  266  00001310  afa10004	sw	4(r29),r1
  267  00001314  0c00031c	jal	_Printf
  268  00001318  54000000	nop; not filled.
  269  0000131c  0c00041c	jal	_Exit
  270  00001320  54000000	nop; not filled.
  271  00001324  23bd0008	addi	r29,r29,#8
  272  00001328          	L18_LF0:
  273  00001328  23bdfff0	addi	r29,r29,#-16
  274  0000132c  afa30000	sw	(r29),r3
  275  00001330  20080002	addi	r8,r0,#2
  276  00001334  afa80004	sw	4(r29),r8
  277  00001338  23c2fff0	addi	r2,r30,#-16
  278  0000133c  afa20008	sw	8(r29),r2
  279  00001340  0c0003d4	jal	_mbox_recv
  280  00001344  54000000	nop; not filled.
  281  00001348  23bd0010	addi	r29,r29,#16
  282  0000134c  64210002	snei	r1,r1,#2
  283  00001350  10200034	beqz	r1,L19_LF0
  284  00001354  54000000	nop; not filled.
  285  00001358  0c0002e4	jal	_getpid
  286  0000135c  54000000	nop; not filled.
  287  00001360  23bdfff8	addi	r29,r29,#-8
  288  00001364  3c080000	lhi	r8,((LC3_LF0)>>16)&0xffff
  289  00001368  25083048	addui	r8,r8,(LC3_LF0)&0xffff
  290  0000136c  afa80000	sw	(r29),r8
  291  00001370  afa10004	sw	4(r29),r1
  292  00001374  0c0002bc	jal	_Printf
  293  00001378  54000000	nop; not filled.
  294  0000137c  0c0003bc	jal	_Exit
  295  00001380  54000000	nop; not filled.
  296  00001384  23bd0008	addi	r29,r29,#8
  297  00001388          	L19_LF0:
  298  00001388  23bdfff0	addi	r29,r29,#-16
  299  0000138c  afa30000	sw	(r29),r3
  300  00001390  20080002	addi	r8,r0,#2
  301  00001394  afa80004	sw	4(r29),r8
  302  00001398  afa20008	sw	8(r29),r2
  303  0000139c  0c000378	jal	_mbox_recv
  304  000013a0  54000000	nop; not filled.
  305  000013a4  23bd0010	addi	r29,r29,#16
  306  000013a8  64210002	snei	r1,r1,#2
  307  000013ac  10200034	beqz	r1,L20_LF0
  308  000013b0  54000000	nop; not filled.
  309  000013b4  0c000288	jal	_getpid
  310  000013b8  54000000	nop; not filled.
  311  000013bc  23bdfff8	addi	r29,r29,#-8
  312  000013c0  3c080000	lhi	r8,((LC3_LF0)>>16)&0xffff
  313  000013c4  25083048	addui	r8,r8,(LC3_LF0)&0xffff
  314  000013c8  afa80000	sw	(r29),r8
  315  000013cc  afa10004	sw	4(r29),r1
  316  000013d0  0c000260	jal	_Printf
  317  000013d4  54000000	nop; not filled.
  318  000013d8  0c000360	jal	_Exit
  319  000013dc  54000000	nop; not filled.
  320  000013e0  23bd0008	addi	r29,r29,#8
  321  000013e4          	L20_LF0:
  322  000013e4  23bdfff0	addi	r29,r29,#-16
  323  000013e8  afa50000	sw	(r29),r5
  324  000013ec  20080003	addi	r8,r0,#3
  325  000013f0  afa80004	sw	4(r29),r8
  326  000013f4  3c080000	lhi	r8,((LC4_LF0)>>16)&0xffff
  327  000013f8  25083078	addui	r8,r8,(LC4_LF0)&0xffff
  328  000013fc  afa80008	sw	8(r29),r8
  329  00001400  0c000308	jal	_mbox_send
  330  00001404  54000000	nop; not filled.
  331  00001408  23bd0010	addi	r29,r29,#16
  332  0000140c  64210001	snei	r1,r1,#1
  333  00001410  10200034	beqz	r1,L21_LF0
  334  00001414  54000000	nop; not filled.
  335  00001418  0c000224	jal	_getpid
  336  0000141c  54000000	nop; not filled.
  337  00001420  23bdfff8	addi	r29,r29,#-8
  338  00001424  3c080000	lhi	r8,((LC5_LF0)>>16)&0xffff
  339  00001428  2508307c	addui	r8,r8,(LC5_LF0)&0xffff
  340  0000142c  afa80000	sw	(r29),r8
  341  00001430  afa10004	sw	4(r29),r1
  342  00001434  0c0001fc	jal	_Printf
  343  00001438  54000000	nop; not filled.
  344  0000143c  0c0002fc	jal	_Exit
  345  00001440  54000000	nop; not filled.
  346  00001444  23bd0008	addi	r29,r29,#8
  347  00001448          	L21_LF0:
  348  00001448  0c0001f4	jal	_getpid
  349  0000144c  54000000	nop; not filled.
  350  00001450  23bdfff8	addi	r29,r29,#-8
  351  00001454  3c080000	lhi	r8,((LC6_LF0)>>16)&0xffff
  352  00001458  250830a8	addui	r8,r8,(LC6_LF0)&0xffff
  353  0000145c  afa80000	sw	(r29),r8
  354  00001460  afa10004	sw	4(r29),r1
  355  00001464  0c0001cc	jal	_Printf
  356  00001468  54000000	nop; not filled.
  357  0000146c  afa40000	sw	(r29),r4
  358  00001470  0c00028c	jal	_mbox_close
  359  00001474  54000000	nop; not filled.
  360  00001478  23bd0008	addi	r29,r29,#8
  361  0000147c  64210001	snei	r1,r1,#1
  362  00001480  10200034	beqz	r1,L22_LF0
  363  00001484  54000000	nop; not filled.
  364  00001488  0c0001b4	jal	_getpid
  365  0000148c  54000000	nop; not filled.
  366  00001490  23bdfff8	addi	r29,r29,#-8
  367  00001494  3c080000	lhi	r8,((LC7_LF0)>>16)&0xffff
  368  00001498  250830c4	addui	r8,r8,(LC7_LF0)&0xffff
  369  0000149c  afa80000	sw	(r29),r8
  370  000014a0  afa10004	sw	4(r29),r1
  371  000014a4  0c00018c	jal	_Printf
  372  000014a8  54000000	nop; not filled.
  373  000014ac  0c00028c	jal	_Exit
  374  000014b0  54000000	nop; not filled.
  375  000014b4  23bd0008	addi	r29,r29,#8
  376  000014b8          	L22_LF0:
  377  000014b8  23bdfff8	addi	r29,r29,#-8
  378  000014bc  afa30000	sw	(r29),r3
  379  000014c0  0c00023c	jal	_mbox_close
  380  000014c4  54000000	nop; not filled.
  381  000014c8  23bd0008	addi	r29,r29,#8
  382  000014cc  64210001	snei	r1,r1,#1
  383  000014d0  10200034	beqz	r1,L23_LF0
  384  000014d4  54000000	nop; not filled.
  385  000014d8  0c000164	jal	_getpid
  386  000014dc  54000000	nop; not filled.
  387  000014e0  23bdfff8	addi	r29,r29,#-8
  388  000014e4  3c080000	lhi	r8,((LC7_LF0)>>16)&0xffff
  389  000014e8  250830c4	addui	r8,r8,(LC7_LF0)&0xffff
  390  000014ec  afa80000	sw	(r29),r8
  391  000014f0  afa10004	sw	4(r29),r1
  392  000014f4  0c00013c	jal	_Printf
  393  000014f8  54000000	nop; not filled.
  394  000014fc  0c00023c	jal	_Exit
  395  00001500  54000000	nop; not filled.
  396  00001504  23bd0008	addi	r29,r29,#8
  397  00001508          	L23_LF0:
  398  00001508  23bdfff8	addi	r29,r29,#-8
  399  0000150c  afa50000	sw	(r29),r5
  400  00001510  0c0001ec	jal	_mbox_close
  401  00001514  54000000	nop; not filled.
  402  00001518  23bd0008	addi	r29,r29,#8
  403  0000151c  64210001	snei	r1,r1,#1
  404  00001520  10200034	beqz	r1,L24_LF0
  405  00001524  54000000	nop; not filled.
  406  00001528  0c000114	jal	_getpid
  407  0000152c  54000000	nop; not filled.
  408  00001530  23bdfff8	addi	r29,r29,#-8
  409  00001534  3c080000	lhi	r8,((LC7_LF0)>>16)&0xffff
  410  00001538  250830c4	addui	r8,r8,(LC7_LF0)&0xffff
  411  0000153c  afa80000	sw	(r29),r8
  412  00001540  afa10004	sw	4(r29),r1
  413  00001544  0c0000ec	jal	_Printf
  414  00001548  54000000	nop; not filled.
  415  0000154c  0c0001ec	jal	_Exit
  416  00001550  54000000	nop; not filled.
  417  00001554  23bd0008	addi	r29,r29,#8
  418  00001558          	L24_LF0:
  419  00001558  0c0000e4	jal	_getpid
  420  0000155c  54000000	nop; not filled.
  421  00001560  23bdfff8	addi	r29,r29,#-8
  422  00001564  3c080000	lhi	r8,((LC8_LF0)>>16)&0xffff
  423  00001568  250830ec	addui	r8,r8,(LC8_LF0)&0xffff
  424  0000156c  afa80000	sw	(r29),r8
  425  00001570  afa10004	sw	4(r29),r1
  426  00001574  0c0000bc	jal	_Printf
  427  00001578  54000000	nop; not filled.
  428  0000157c  afa70000	sw	(r29),r7
  429  00001580  0c000104	jal	_sem_signal
  430  00001584  54000000	nop; not filled.
  431  00001588  23bd0008	addi	r29,r29,#8
  432  0000158c  64210001	snei	r1,r1,#1
  433  00001590  10200050	beqz	r1,L25_LF0
  434  00001594  54000000	nop; not filled.
  435  00001598  23bdfff8	addi	r29,r29,#-8
  436  0000159c  3c080000	lhi	r8,((LC9_LF0)>>16)&0xffff
  437  000015a0  25083104	addui	r8,r8,(LC9_LF0)&0xffff
  438  000015a4  afa80000	sw	(r29),r8
  439  000015a8  afa70004	sw	4(r29),r7
  440  000015ac  0c000084	jal	_Printf
  441  000015b0  54000000	nop; not filled.
  442  000015b4  8cc60000	lw	r6,(r6)
  443  000015b8  afa60000	sw	(r29),r6
  444  000015bc  0c000074	jal	_Printf
  445  000015c0  54000000	nop; not filled.
  446  000015c4  3c080000	lhi	r8,((LC10_LF0)>>16)&0xffff
  447  000015c8  25083130	addui	r8,r8,(LC10_LF0)&0xffff
  448  000015cc  afa80000	sw	(r29),r8
  449  000015d0  0c000060	jal	_Printf
  450  000015d4  54000000	nop; not filled.
  451  000015d8  0c000160	jal	_Exit
  452  000015dc  54000000	nop; not filled.
  453  000015e0  23bd0008	addi	r29,r29,#8
  454  000015e4          	L25_LF0:
  455  000015e4  0c000ef0	jal	_exit
  456  000015e8  54000000	nop
  457  000015ec          	.endproc _main
  458                      ;;;
  459                      ;;; Stub functions for DLX traps.
  460                      ;;;
  461                      ;;; Ethan L. Miller, 1999.  Released to the public domain.
  462                      ;;;
  463                      ;;; The traps such as Open and Close
  464                      ;;; (note the capital letters) are for use by user programs.  The traps
  465                      ;;; with names such as open and close (lower case) are for use by the OS.
  466                      ;;;
  469  000015ec          	.align 2
  471                      ;;; The following are the traps to be used by user-level programs
  472                      ;;;
  474  000015ec          	.align 2
  475  000015ec          	.proc _Open
  476  000015ec          	.global _Open
  477  000015ec          	_Open:
  478                      ;;; Note that trap #0x213 actually causes a trap vector in the OS of
  479                      ;;; 0x1213.  The same is true for other user traps.  Thus, a user trap
  480                      ;;; with trap #0x240 will result in a trap vector of 0x1240 in the OS.
  481  000015ec  44000213	trap	#0x213
  482  000015f0  4be00000	jr	r31
  483  000015f4  54000000	nop
  484  000015f8          	.endproc _Open
  486  000015f8          	.proc _Close
  487  000015f8          	.global _Close
  488  000015f8          	_Close:
  489  000015f8  44000214	trap	#0x214
  490  000015fc  4be00000	jr	r31
  491  00001600  54000000	nop
  492  00001604          	.endproc _Close
  494  00001604          	.proc _Read
  495  00001604          	.global _Read
  496  00001604          	_Read:
  497  00001604  44000210	trap	#0x210
  498  00001608  4be00000	jr	r31
  499  0000160c  54000000	nop
  500  00001610          	.endproc _Read
  502  00001610          	.proc _Write
  503  00001610          	.global _Write
  504  00001610          	_Write:
  505  00001610  44000211	trap	#0x211
  506  00001614  4be00000	jr	r31
  507  00001618  54000000	nop
  508  0000161c          	.endproc _Write
  510  0000161c          	.proc _Lseek
  511  0000161c          	.global _Lseek
  512  0000161c          	_Lseek:
  513  0000161c  44000212	trap	#0x212
  514  00001620  4be00000	jr	r31
  515  00001624  54000000	nop
  516  00001628          	.endproc _Lseek
  518  00001628          	.proc _Putchar
  519  00001628          	.global _Putchar
  520  00001628          	_Putchar:
  521  00001628  44000280	trap	#0x280
  522  0000162c  4be00000	jr	r31
  523  00001630  54000000	nop
  524  00001634          	.endproc _Putchar
  526  00001634          	.proc _Printf
  527  00001634          	.global _Printf
  528  00001634          	_Printf:
  529  00001634  44000201	trap	#0x201
  530  00001638  4be00000	jr	r31
  531  0000163c  54000000	nop
  532  00001640          	.endproc _Printf
  534  00001640          	.proc _getpid
  535  00001640          	.global _getpid
  536  00001640          	_getpid:
  537  00001640  44000431	trap	#0x431
  538  00001644  4be00000	jr	r31
  539  00001648  54000000	nop
  540  0000164c          	.endproc _getpid
  542  0000164c          	.proc _process_create
  543  0000164c          	.global _process_create
  544  0000164c          	_process_create:
  545  0000164c  44000432	trap	#0x432
  546  00001650  4be00000	jr	r31
  547  00001654  54000000	nop
  548  00001658          	.endproc _process_create
  550  00001658          	.proc _shmget
  551  00001658          	.global _shmget
  552  00001658          	_shmget:
  553  00001658  44000440	trap	#0x440
  554  0000165c  4be00000	jr	r31
  555  00001660  54000000	nop
  556  00001664          	.endproc _shmget
  558  00001664          	.proc _shmat
  559  00001664          	.global _shmat
  560  00001664          	_shmat:
  561  00001664  44000441	trap	#0x441
  562  00001668  4be00000	jr	r31
  563  0000166c  54000000	nop
  564  00001670          	.endproc _shmat
  566  00001670          	.proc _sem_create
  567  00001670          	.global _sem_create
  568  00001670          	_sem_create:
  569  00001670  44000450	trap	#0x450
  570  00001674  4be00000	jr	r31
  571  00001678  54000000	nop
  572  0000167c          	.endproc _sem_create
  574  0000167c          	.proc _sem_wait
  575  0000167c          	.global _sem_wait
  576  0000167c          	_sem_wait:
  577  0000167c  44000451	trap	#0x451
  578  00001680  4be00000	jr	r31
  579  00001684  54000000	nop
  580  00001688          	.endproc _sem_wait
  582  00001688          	.proc _sem_signal
  583  00001688          	.global _sem_signal
  584  00001688          	_sem_signal:
  585  00001688  44000452	trap	#0x452
  586  0000168c  4be00000	jr	r31
  587  00001690  54000000	nop
  588  00001694          	.endproc _sem_signal
  590  00001694          	.proc _lock_create
  591  00001694          	.global _lock_create
  592  00001694          	_lock_create:
  593  00001694  44000453	trap	#0x453
  594  00001698  4be00000	jr	r31
  595  0000169c  54000000	nop
  596  000016a0          	.endproc _lock_create
  598  000016a0          	.proc _lock_acquire
  599  000016a0          	.global _lock_acquire
  600  000016a0          	_lock_acquire:
  601  000016a0  44000454	trap	#0x454
  602  000016a4  4be00000	jr	r31
  603  000016a8  54000000	nop
  604  000016ac          	.endproc _lock_acquire
  606  000016ac          	.proc _lock_release
  607  000016ac          	.global _lock_release
  608  000016ac          	_lock_release:
  609  000016ac  44000455	trap	#0x455
  610  000016b0  4be00000	jr	r31
  611  000016b4  54000000	nop
  612  000016b8          	.endproc _lock_release
  614  000016b8          	.proc _cond_create
  615  000016b8          	.global _cond_create
  616  000016b8          	_cond_create:
  617  000016b8  44000456	trap	#0x456
  618  000016bc  4be00000	jr	r31
  619  000016c0  54000000	nop
  620  000016c4          	.endproc _cond_create
  622  000016c4          	.proc _cond_wait
  623  000016c4          	.global _cond_wait
  624  000016c4          	_cond_wait:
  625  000016c4  44000457	trap	#0x457
  626  000016c8  4be00000	jr	r31
  627  000016cc  54000000	nop
  628  000016d0          	.endproc _cond_wait
  630  000016d0          	.proc _cond_signal
  631  000016d0          	.global _cond_signal
  632  000016d0          	_cond_signal:
  633  000016d0  44000458	trap	#0x458
  634  000016d4  4be00000	jr	r31
  635  000016d8  54000000	nop
  636  000016dc          	.endproc _cond_signal
  638  000016dc          	.proc _cond_broadcast
  639  000016dc          	.global _cond_broadcast
  640  000016dc          	_cond_broadcast:
  641  000016dc  44000459	trap	#0x459
  642  000016e0  4be00000	jr	r31
  643  000016e4  54000000	nop
  644  000016e8          	.endproc _cond_broadcast
  646  000016e8          	.proc _mbox_create
  647  000016e8          	.global _mbox_create
  648  000016e8          	_mbox_create:
  649  000016e8  44000460	trap	#0x460
  650  000016ec  4be00000	jr	r31
  651  000016f0  54000000	nop
  652  000016f4          	.endproc _mbox_create
  654  000016f4          	.proc _mbox_open
  655  000016f4          	.global _mbox_open
  656  000016f4          	_mbox_open:
  657  000016f4  44000461	trap	#0x461
  658  000016f8  4be00000	jr	r31
  659  000016fc  54000000	nop
  660  00001700          	.endproc _mbox_open
  662  00001700          	.proc _mbox_close
  663  00001700          	.global _mbox_close
  664  00001700          	_mbox_close:
  665  00001700  44000462	trap	#0x462
  666  00001704  4be00000	jr	r31
  667  00001708  54000000	nop
  668  0000170c          	.endproc _mbox_close
  670  0000170c          	.proc _mbox_send
  671  0000170c          	.global _mbox_send
  672  0000170c          	_mbox_send:
  673  0000170c  44000463	trap	#0x463
  674  00001710  4be00000	jr	r31
  675  00001714  54000000	nop
  676  00001718          	.endproc _mbox_send
  678  00001718          	.proc _mbox_recv
  679  00001718          	.global _mbox_recv
  680  00001718          	_mbox_recv:
  681  00001718  44000464	trap	#0x464
  682  0000171c  4be00000	jr	r31
  683  00001720  54000000	nop
  684  00001724          	.endproc _mbox_recv
  686  00001724          	.proc _sleep
  687  00001724          	.global _sleep
  688  00001724          	_sleep:
  689  00001724  44000465	trap	#0x465
  690  00001728  4be00000	jr	r31
  691  0000172c  54000000	nop
  692  00001730          	.endproc _sleep
  694  00001730          	.proc _yield
  695  00001730          	.global _yield
  696  00001730          	_yield:
  697  00001730  44000466	trap	#0x466
  698  00001734  4be00000	jr	r31
  699  00001738  54000000	nop
  700  0000173c          	.endproc _yield
  703  0000173c          	.proc _Exit
  704  0000173c          	.global _Exit
  705  0000173c          	_Exit:
  706  0000173c  44000500	trap	#0x500
  707  00001740  4be00000	jr	r31
  708  00001744  54000000	nop
  709  00001748          	.endproc _Exit
  710                      ; Compiled by GCC
  712  00001748          	.align 2
  713  00001748          	.proc _isspace
  714  00001748          	.global _isspace
  715  00001748          	_isspace:
  716                      ;  Function 'isspace'; 0 bytes of locals, 3 regs to save.
  717  00001748  afbefffc	sw	-4(r29),r30; push fp
  718  0000174c  001df020	add	r30,r0,r29; fp = sp
  719  00001750  afbffff8	sw	-8(r29),r31; push ret addr
  720  00001754  2fbd0018	subui	r29,r29,#24; alloc local storage
  721  00001758  afa20000	sw	0(r29),r2
  722  0000175c  afa30004	sw	4(r29),r3
  723  00001760  afa40008	sw	8(r29),r4
  724  00001764  83c20003	lb	r2,3(r30)
  725  00001768  20010000	addi	r1,r0,#0
  726  0000176c  304300ff	andi	r3,r2,#0x00ff
  727  00001770  60640020	seqi	r4,r3,#32
  728  00001774  1480002c	bnez	r4,L3_LF2
  729  00001778  54000000	nop; delay slot nop
  730  0000177c  304300ff	andi	r3,r2,#0x00ff
  731  00001780  60640009	seqi	r4,r3,#9
  732  00001784  1480001c	bnez	r4,L3_LF2
  733  00001788  54000000	nop; delay slot nop
  734  0000178c  304300ff	andi	r3,r2,#0x00ff
  735  00001790  6064000a	seqi	r4,r3,#10
  736  00001794  1480000c	bnez	r4,L3_LF2
  737  00001798  54000000	nop; delay slot nop
  738  0000179c  08000008	j	L2_LF2
  739  000017a0  54000000	nop; delay slot nop
  740  000017a4          	L3_LF2:
  741  000017a4  20010001	addi	r1,r0,#1
  742  000017a8          	L2_LF2:
  743  000017a8  08000004	j	L1_LF2
  744  000017ac  54000000	nop; delay slot nop
  745  000017b0          	L1_LF2:
  746  000017b0  8fa20000	lw	r2,0(r29)
  747  000017b4  8fa30004	lw	r3,4(r29)
  748  000017b8  8fa40008	lw	r4,8(r29)
  749  000017bc  8fdffff8	lw	r31,-8(r30)
  750  000017c0  001ee820	add	r29,r0,r30
  751  000017c4  8fdefffc	lw	r30,-4(r30)
  752  000017c8  4be00000	jr	r31
  753  000017cc  54000000	nop
  754  000017d0          	.endproc _isspace
  755  000017d0          	.align 2
  756  000017d0          	.proc _isxdigit
  757  000017d0          	.global _isxdigit
  758  000017d0          	_isxdigit:
  759                      ;  Function 'isxdigit'; 0 bytes of locals, 3 regs to save.
  760  000017d0  afbefffc	sw	-4(r29),r30; push fp
  761  000017d4  001df020	add	r30,r0,r29; fp = sp
  762  000017d8  afbffff8	sw	-8(r29),r31; push ret addr
  763  000017dc  2fbd0018	subui	r29,r29,#24; alloc local storage
  764  000017e0  afa20000	sw	0(r29),r2
  765  000017e4  afa30004	sw	4(r29),r3
  766  000017e8  afa40008	sw	8(r29),r4
  767  000017ec  83c20003	lb	r2,3(r30)
  768  000017f0  20010000	addi	r1,r0,#0
  769  000017f4  304300ff	andi	r3,r2,#0x00ff
  770  000017f8  6c64002f	sgtui	r4,r3,#47
  771  000017fc  1080001c	beqz	r4,L7_LF2
  772  00001800  54000000	nop; delay slot nop
  773  00001804  304300ff	andi	r3,r2,#0x00ff
  774  00001808  70640039	sleui	r4,r3,#57
  775  0000180c  1480005c	bnez	r4,L6_LF2
  776  00001810  54000000	nop; delay slot nop
  777  00001814  08000004	j	L7_LF2
  778  00001818  54000000	nop; delay slot nop
  779  0000181c          	L7_LF2:
  780  0000181c  304300ff	andi	r3,r2,#0x00ff
  781  00001820  6c640060	sgtui	r4,r3,#96
  782  00001824  1080001c	beqz	r4,L8_LF2
  783  00001828  54000000	nop; delay slot nop
  784  0000182c  304300ff	andi	r3,r2,#0x00ff
  785  00001830  70640066	sleui	r4,r3,#102
  786  00001834  14800034	bnez	r4,L6_LF2
  787  00001838  54000000	nop; delay slot nop
  788  0000183c  08000004	j	L8_LF2
  789  00001840  54000000	nop; delay slot nop
  790  00001844          	L8_LF2:
  791  00001844  304300ff	andi	r3,r2,#0x00ff
  792  00001848  6c640040	sgtui	r4,r3,#64
  793  0000184c  10800020	beqz	r4,L5_LF2
  794  00001850  54000000	nop; delay slot nop
  795  00001854  304300ff	andi	r3,r2,#0x00ff
  796  00001858  70640041	sleui	r4,r3,#65
  797  0000185c  1480000c	bnez	r4,L6_LF2
  798  00001860  54000000	nop; delay slot nop
  799  00001864  08000008	j	L5_LF2
  800  00001868  54000000	nop; delay slot nop
  801  0000186c          	L6_LF2:
  802  0000186c  20010001	addi	r1,r0,#1
  803  00001870          	L5_LF2:
  804  00001870  08000004	j	L4_LF2
  805  00001874  54000000	nop; delay slot nop
  806  00001878          	L4_LF2:
  807  00001878  8fa20000	lw	r2,0(r29)
  808  0000187c  8fa30004	lw	r3,4(r29)
  809  00001880  8fa40008	lw	r4,8(r29)
  810  00001884  8fdffff8	lw	r31,-8(r30)
  811  00001888  001ee820	add	r29,r0,r30
  812  0000188c  8fdefffc	lw	r30,-4(r30)
  813  00001890  4be00000	jr	r31
  814  00001894  54000000	nop
  815  00001898          	.endproc _isxdigit
  816  00001898          	.align 2
  817  00001898          	.proc _dstrcpy
  818  00001898          	.global _dstrcpy
  819  00001898          	_dstrcpy:
  820                      ;  Function 'dstrcpy'; 8 bytes of locals, 2 regs to save.
  821  00001898  afbefffc	sw	-4(r29),r30; push fp
  822  0000189c  001df020	add	r30,r0,r29; fp = sp
  823  000018a0  afbffff8	sw	-8(r29),r31; push ret addr
  824  000018a4  2fbd0018	subui	r29,r29,#24; alloc local storage
  825  000018a8  afa20000	sw	0(r29),r2
  826  000018ac  afa30004	sw	4(r29),r3
  827  000018b0  8fc10000	lw	r1,(r30)
  828  000018b4  afc1fff4	sw	-12(r30),r1
  829  000018b8          	L10_LF2:
  830  000018b8  8fc10000	lw	r1,(r30)
  831  000018bc  20220001	addi	r2,r1,#1
  832  000018c0  afc20000	sw	(r30),r2
  833  000018c4  8fc20004	lw	r2,4(r30)
  834  000018c8  20430001	addi	r3,r2,#1
  835  000018cc  afc30004	sw	4(r30),r3
  836  000018d0  80420000	lb	r2,(r2)
  837  000018d4  a0220000	sb	(r1),r2
  838  000018d8  a3c2fff3	sb	-13(r30),r2
  839  000018dc          	L12_LF2:
  840  000018dc  93c1fff3	lbu	r1,-13(r30)
  841  000018e0  64220000	snei	r2,r1,#0
  842  000018e4  1440000c	bnez	r2,L13_LF2
  843  000018e8  54000000	nop; delay slot nop
  844  000018ec  0800000c	j	L11_LF2
  845  000018f0  54000000	nop; delay slot nop
  846  000018f4          	L13_LF2:
  847  000018f4  0bffffc0	j	L10_LF2
  848  000018f8  54000000	nop; delay slot nop
  849  000018fc          	L11_LF2:
  850  000018fc  8fc1fff4	lw	r1,-12(r30)
  851  00001900  08000004	j	L9_LF2
  852  00001904  54000000	nop; delay slot nop
  853  00001908          	L9_LF2:
  854  00001908  8fa20000	lw	r2,0(r29)
  855  0000190c  8fa30004	lw	r3,4(r29)
  856  00001910  8fdffff8	lw	r31,-8(r30)
  857  00001914  001ee820	add	r29,r0,r30
  858  00001918  8fdefffc	lw	r30,-4(r30)
  859  0000191c  4be00000	jr	r31
  860  00001920  54000000	nop
  861  00001924          	.endproc _dstrcpy
  862  00001924          	.align 2
  863  00001924          	.proc _dstrncpy
  864  00001924          	.global _dstrncpy
  865  00001924          	_dstrncpy:
  866                      ;  Function 'dstrncpy'; 8 bytes of locals, 2 regs to save.
  867  00001924  afbefffc	sw	-4(r29),r30; push fp
  868  00001928  001df020	add	r30,r0,r29; fp = sp
  869  0000192c  afbffff8	sw	-8(r29),r31; push ret addr
  870  00001930  2fbd0018	subui	r29,r29,#24; alloc local storage
  871  00001934  afa20000	sw	0(r29),r2
  872  00001938  afa30004	sw	4(r29),r3
  873  0000193c  8fc10000	lw	r1,(r30)
  874  00001940  afc1fff4	sw	-12(r30),r1
  875  00001944          	L15_LF2:
  876  00001944  8fc10008	lw	r1,8(r30)
  877  00001948  2022ffff	addi	r2,r1,#-1
  878  0000194c  afc20008	sw	8(r30),r2
  879  00001950  70210000	slei	r1,r1,#0
  880  00001954  1020000c	beqz	r1,L18_LF2
  881  00001958  54000000	nop; delay slot nop
  882  0000195c  08000048	j	L16_LF2
  883  00001960  54000000	nop; delay slot nop
  884  00001964          	L18_LF2:
  885  00001964  8fc10000	lw	r1,(r30)
  886  00001968  20220001	addi	r2,r1,#1
  887  0000196c  afc20000	sw	(r30),r2
  888  00001970  8fc20004	lw	r2,4(r30)
  889  00001974  20430001	addi	r3,r2,#1
  890  00001978  afc30004	sw	4(r30),r3
  891  0000197c  80420000	lb	r2,(r2)
  892  00001980  a0220000	sb	(r1),r2
  893  00001984  a3c2fff3	sb	-13(r30),r2
  894  00001988          	L17_LF2:
  895  00001988  93c1fff3	lbu	r1,-13(r30)
  896  0000198c  64220000	snei	r2,r1,#0
  897  00001990  1440000c	bnez	r2,L19_LF2
  898  00001994  54000000	nop; delay slot nop
  899  00001998  0800000c	j	L16_LF2
  900  0000199c  54000000	nop; delay slot nop
  901  000019a0          	L19_LF2:
  902  000019a0  0bffffa0	j	L15_LF2
  903  000019a4  54000000	nop; delay slot nop
  904  000019a8          	L16_LF2:
  905  000019a8  8fc1fff4	lw	r1,-12(r30)
  906  000019ac  08000004	j	L14_LF2
  907  000019b0  54000000	nop; delay slot nop
  908  000019b4          	L14_LF2:
  909  000019b4  8fa20000	lw	r2,0(r29)
  910  000019b8  8fa30004	lw	r3,4(r29)
  911  000019bc  8fdffff8	lw	r31,-8(r30)
  912  000019c0  001ee820	add	r29,r0,r30
  913  000019c4  8fdefffc	lw	r30,-4(r30)
  914  000019c8  4be00000	jr	r31
  915  000019cc  54000000	nop
  916  000019d0          	.endproc _dstrncpy
  917  000019d0          	.align 2
  918  000019d0          	.proc _dstrcat
  919  000019d0          	.global _dstrcat
  920  000019d0          	_dstrcat:
  921                      ;  Function 'dstrcat'; 8 bytes of locals, 1 regs to save.
  922  000019d0  afbefffc	sw	-4(r29),r30; push fp
  923  000019d4  001df020	add	r30,r0,r29; fp = sp
  924  000019d8  afbffff8	sw	-8(r29),r31; push ret addr
  925  000019dc  2fbd0018	subui	r29,r29,#24; alloc local storage
  926  000019e0  afa20000	sw	0(r29),r2
  927  000019e4  8fc10000	lw	r1,(r30)
  928  000019e8  afc1fff4	sw	-12(r30),r1
  929  000019ec          	L21_LF2:
  930  000019ec  8fc10000	lw	r1,(r30)
  931  000019f0  90220000	lbu	r2,(r1)
  932  000019f4  64410000	snei	r1,r2,#0
  933  000019f8  1420000c	bnez	r1,L23_LF2
  934  000019fc  54000000	nop; delay slot nop
  935  00001a00  0800001c	j	L22_LF2
  936  00001a04  54000000	nop; delay slot nop
  937  00001a08          	L23_LF2:
  938  00001a08  8fc20000	lw	r2,(r30)
  939  00001a0c  20410001	addi	r1,r2,#1
  940  00001a10  00011020	add	r2,r0,r1
  941  00001a14  afc20000	sw	(r30),r2
  942  00001a18  0bffffd0	j	L21_LF2
  943  00001a1c  54000000	nop; delay slot nop
  944  00001a20          	L22_LF2:
  945  00001a20  23bdfff8	addi	r29,r29,#-8
  946  00001a24  001d0820	add	r1,r0,r29
  947  00001a28  8fc20000	lw	r2,(r30)
  948  00001a2c  ac220000	sw	(r1),r2
  949  00001a30  8fc20004	lw	r2,4(r30)
  950  00001a34  ac220004	sw	4(r1),r2
  951  00001a38  0ffffe5c	jal	_dstrcpy
  952  00001a3c  54000000	nop; delay slot nop
  953  00001a40  23bd0008	addi	r29,r29,#8
  954  00001a44  8fc1fff4	lw	r1,-12(r30)
  955  00001a48  08000004	j	L20_LF2
  956  00001a4c  54000000	nop; delay slot nop
  957  00001a50          	L20_LF2:
  958  00001a50  8fa20000	lw	r2,0(r29)
  959  00001a54  8fdffff8	lw	r31,-8(r30)
  960  00001a58  001ee820	add	r29,r0,r30
  961  00001a5c  8fdefffc	lw	r30,-4(r30)
  962  00001a60  4be00000	jr	r31
  963  00001a64  54000000	nop
  964  00001a68          	.endproc _dstrcat
  965  00001a68          	.align 2
  966  00001a68          	.proc _dstrncmp
  967  00001a68          	.global _dstrncmp
  968  00001a68          	_dstrncmp:
  969                      ;  Function 'dstrncmp'; 8 bytes of locals, 2 regs to save.
  970  00001a68  afbefffc	sw	-4(r29),r30; push fp
  971  00001a6c  001df020	add	r30,r0,r29; fp = sp
  972  00001a70  afbffff8	sw	-8(r29),r31; push ret addr
  973  00001a74  2fbd0018	subui	r29,r29,#24; alloc local storage
  974  00001a78  afa20000	sw	0(r29),r2
  975  00001a7c  afa30004	sw	4(r29),r3
  976  00001a80  54000000	nop
  977  00001a84  20010000	addi	r1,r0,#0
  978  00001a88  afc1fff4	sw	-12(r30),r1
  979  00001a8c          	L25_LF2:
  980  00001a8c  8fc1fff4	lw	r1,-12(r30)
  981  00001a90  8fc20008	lw	r2,8(r30)
  982  00001a94  0022082a	slt	r1,r1,r2
  983  00001a98  1420000c	bnez	r1,L28_LF2
  984  00001a9c  54000000	nop; delay slot nop
  985  00001aa0  08000088	j	L26_LF2
  986  00001aa4  54000000	nop; delay slot nop
  987  00001aa8          	L28_LF2:
  988  00001aa8  8fc10004	lw	r1,4(r30)
  989  00001aac  90220000	lbu	r2,(r1)
  990  00001ab0  64410000	snei	r1,r2,#0
  991  00001ab4  14200018	bnez	r1,L29_LF2
  992  00001ab8  54000000	nop; delay slot nop
  993  00001abc  20010000	addi	r1,r0,#0
  994  00001ac0  080000d8	j	L24_LF2
  995  00001ac4  54000000	nop; delay slot nop
  996  00001ac8  08000028	j	L30_LF2
  997  00001acc  54000000	nop; delay slot nop
  998  00001ad0          	L29_LF2:
  999  00001ad0  8fc10000	lw	r1,(r30)
 1000  00001ad4  8fc20004	lw	r2,4(r30)
 1001  00001ad8  90210000	lbu	r1,(r1)
 1002  00001adc  90420000	lbu	r2,(r2)
 1003  00001ae0  00220829	sne	r1,r1,r2
 1004  00001ae4  1020000c	beqz	r1,L30_LF2
 1005  00001ae8  54000000	nop; delay slot nop
 1006  00001aec  0800003c	j	L26_LF2
 1007  00001af0  54000000	nop; delay slot nop
 1008  00001af4          	L31_LF2:
 1009  00001af4          	L30_LF2:
 1010  00001af4  8fc20000	lw	r2,(r30)
 1011  00001af8  20410001	addi	r1,r2,#1
 1012  00001afc  00011020	add	r2,r0,r1
 1013  00001b00  afc20000	sw	(r30),r2
 1014  00001b04  8fc20004	lw	r2,4(r30)
 1015  00001b08  20410001	addi	r1,r2,#1
 1016  00001b0c  00011020	add	r2,r0,r1
 1017  00001b10  afc20004	sw	4(r30),r2
 1018  00001b14          	L27_LF2:
 1019  00001b14  8fc2fff4	lw	r2,-12(r30)
 1020  00001b18  20410001	addi	r1,r2,#1
 1021  00001b1c  00011020	add	r2,r0,r1
 1022  00001b20  afc2fff4	sw	-12(r30),r2
 1023  00001b24  0bffff64	j	L25_LF2
 1024  00001b28  54000000	nop; delay slot nop
 1025  00001b2c          	L26_LF2:
 1026  00001b2c  8fc1fff4	lw	r1,-12(r30)
 1027  00001b30  8fc20008	lw	r2,8(r30)
 1028  00001b34  00220828	seq	r1,r1,r2
 1029  00001b38  10200018	beqz	r1,L32_LF2
 1030  00001b3c  54000000	nop; delay slot nop
 1031  00001b40  20010000	addi	r1,r0,#0
 1032  00001b44  08000054	j	L24_LF2
 1033  00001b48  54000000	nop; delay slot nop
 1034  00001b4c  0800004c	j	L33_LF2
 1035  00001b50  54000000	nop; delay slot nop
 1036  00001b54          	L32_LF2:
 1037  00001b54  8fc20000	lw	r2,(r30)
 1038  00001b58  90410000	lbu	r1,(r2)
 1039  00001b5c  8fc20004	lw	r2,4(r30)
 1040  00001b60  90430000	lbu	r3,(r2)
 1041  00001b64  00230822	sub	r1,r1,r3
 1042  00001b68  74220000	sgei	r2,r1,#0
 1043  00001b6c  10400020	beqz	r2,L34_LF2
 1044  00001b70  54000000	nop; delay slot nop
 1045  00001b74  8fc10000	lw	r1,(r30)
 1046  00001b78  8fc20004	lw	r2,4(r30)
 1047  00001b7c  90210000	lbu	r1,(r1)
 1048  00001b80  90420000	lbu	r2,(r2)
 1049  00001b84  00220829	sne	r1,r1,r2
 1050  00001b88  08000008	j	L35_LF2
 1051  00001b8c  54000000	nop; delay slot nop
 1052  00001b90          	L34_LF2:
 1053  00001b90  2001ffff	addi	r1,r0,#-1
 1054  00001b94          	L35_LF2:
 1055  00001b94  08000004	j	L24_LF2
 1056  00001b98  54000000	nop; delay slot nop
 1057  00001b9c          	L33_LF2:
 1058  00001b9c          	L24_LF2:
 1059  00001b9c  8fa20000	lw	r2,0(r29)
 1060  00001ba0  8fa30004	lw	r3,4(r29)
 1061  00001ba4  8fdffff8	lw	r31,-8(r30)
 1062  00001ba8  001ee820	add	r29,r0,r30
 1063  00001bac  8fdefffc	lw	r30,-4(r30)
 1064  00001bb0  4be00000	jr	r31
 1065  00001bb4  54000000	nop
 1066  00001bb8          	.endproc _dstrncmp
 1067  00001bb8          	.align 2
 1068  00001bb8          	.proc _dstrlen
 1069  00001bb8          	.global _dstrlen
 1070  00001bb8          	_dstrlen:
 1071                      ;  Function 'dstrlen'; 8 bytes of locals, 1 regs to save.
 1072  00001bb8  afbefffc	sw	-4(r29),r30; push fp
 1073  00001bbc  001df020	add	r30,r0,r29; fp = sp
 1074  00001bc0  afbffff8	sw	-8(r29),r31; push ret addr
 1075  00001bc4  2fbd0018	subui	r29,r29,#24; alloc local storage
 1076  00001bc8  afa20000	sw	0(r29),r2
 1077  00001bcc  20010000	addi	r1,r0,#0
 1078  00001bd0  afc1fff4	sw	-12(r30),r1
 1079  00001bd4          	L37_LF2:
 1080  00001bd4  8fc10000	lw	r1,(r30)
 1081  00001bd8  20220001	addi	r2,r1,#1
 1082  00001bdc  afc20000	sw	(r30),r2
 1083  00001be0  90210000	lbu	r1,(r1)
 1084  00001be4  64220000	snei	r2,r1,#0
 1085  00001be8  1440000c	bnez	r2,L39_LF2
 1086  00001bec  54000000	nop; delay slot nop
 1087  00001bf0  0800001c	j	L38_LF2
 1088  00001bf4  54000000	nop; delay slot nop
 1089  00001bf8          	L39_LF2:
 1090  00001bf8  8fc2fff4	lw	r2,-12(r30)
 1091  00001bfc  20410001	addi	r1,r2,#1
 1092  00001c00  00011020	add	r2,r0,r1
 1093  00001c04  afc2fff4	sw	-12(r30),r2
 1094  00001c08  0bffffc8	j	L37_LF2
 1095  00001c0c  54000000	nop; delay slot nop
 1096  00001c10          	L38_LF2:
 1097  00001c10  8fc1fff4	lw	r1,-12(r30)
 1098  00001c14  08000004	j	L36_LF2
 1099  00001c18  54000000	nop; delay slot nop
 1100  00001c1c          	L36_LF2:
 1101  00001c1c  8fa20000	lw	r2,0(r29)
 1102  00001c20  8fdffff8	lw	r31,-8(r30)
 1103  00001c24  001ee820	add	r29,r0,r30
 1104  00001c28  8fdefffc	lw	r30,-4(r30)
 1105  00001c2c  4be00000	jr	r31
 1106  00001c30  54000000	nop
 1107  00001c34          	.endproc _dstrlen
 1108  00001c34          	.align 2
 1109  00001c34          	.proc _dstrstr
 1110  00001c34          	.global _dstrstr
 1111  00001c34          	_dstrstr:
 1112                      ;  Function 'dstrstr'; 8 bytes of locals, 1 regs to save.
 1113  00001c34  afbefffc	sw	-4(r29),r30; push fp
 1114  00001c38  001df020	add	r30,r0,r29; fp = sp
 1115  00001c3c  afbffff8	sw	-8(r29),r31; push ret addr
 1116  00001c40  2fbd0018	subui	r29,r29,#24; alloc local storage
 1117  00001c44  afa20000	sw	0(r29),r2
 1118  00001c48  23bdfff8	addi	r29,r29,#-8
 1119  00001c4c  001d0820	add	r1,r0,r29
 1120  00001c50  8fc20004	lw	r2,4(r30)
 1121  00001c54  ac220000	sw	(r1),r2
 1122  00001c58  0fffff5c	jal	_dstrlen
 1123  00001c5c  54000000	nop; delay slot nop
 1124  00001c60  23bd0008	addi	r29,r29,#8
 1125  00001c64  afc1fff4	sw	-12(r30),r1
 1126  00001c68          	L41_LF2:
 1127  00001c68  8fc10000	lw	r1,(r30)
 1128  00001c6c  90220000	lbu	r2,(r1)
 1129  00001c70  64410000	snei	r1,r2,#0
 1130  00001c74  1420000c	bnez	r1,L43_LF2
 1131  00001c78  54000000	nop; delay slot nop
 1132  00001c7c  08000060	j	L42_LF2
 1133  00001c80  54000000	nop; delay slot nop
 1134  00001c84          	L43_LF2:
 1135  00001c84  23bdfff0	addi	r29,r29,#-16
 1136  00001c88  001d0820	add	r1,r0,r29
 1137  00001c8c  8fc20000	lw	r2,(r30)
 1138  00001c90  ac220000	sw	(r1),r2
 1139  00001c94  8fc20004	lw	r2,4(r30)
 1140  00001c98  ac220004	sw	4(r1),r2
 1141  00001c9c  8fc2fff4	lw	r2,-12(r30)
 1142  00001ca0  ac220008	sw	8(r1),r2
 1143  00001ca4  0ffffdc0	jal	_dstrncmp
 1144  00001ca8  54000000	nop; delay slot nop
 1145  00001cac  23bd0010	addi	r29,r29,#16
 1146  00001cb0  64220000	snei	r2,r1,#0
 1147  00001cb4  14400010	bnez	r2,L44_LF2
 1148  00001cb8  54000000	nop; delay slot nop
 1149  00001cbc  8fc10000	lw	r1,(r30)
 1150  00001cc0  08000028	j	L40_LF2
 1151  00001cc4  54000000	nop; delay slot nop
 1152  00001cc8          	L44_LF2:
 1153  00001cc8  8fc20000	lw	r2,(r30)
 1154  00001ccc  20410001	addi	r1,r2,#1
 1155  00001cd0  00011020	add	r2,r0,r1
 1156  00001cd4  afc20000	sw	(r30),r2
 1157  00001cd8  0bffff8c	j	L41_LF2
 1158  00001cdc  54000000	nop; delay slot nop
 1159  00001ce0          	L42_LF2:
 1160  00001ce0  20010000	addi	r1,r0,#0
 1161  00001ce4  08000004	j	L40_LF2
 1162  00001ce8  54000000	nop; delay slot nop
 1163  00001cec          	L40_LF2:
 1164  00001cec  8fa20000	lw	r2,0(r29)
 1165  00001cf0  8fdffff8	lw	r31,-8(r30)
 1166  00001cf4  001ee820	add	r29,r0,r30
 1167  00001cf8  8fdefffc	lw	r30,-4(r30)
 1168  00001cfc  4be00000	jr	r31
 1169  00001d00  54000000	nop
 1170  00001d04          	.endproc _dstrstr
 1171  00001d04          	.align 2
 1172  00001d04          	.proc _dmindex
 1173  00001d04          	.global _dmindex
 1174  00001d04          	_dmindex:
 1175                      ;  Function 'dmindex'; 8 bytes of locals, 1 regs to save.
 1176  00001d04  afbefffc	sw	-4(r29),r30; push fp
 1177  00001d08  001df020	add	r30,r0,r29; fp = sp
 1178  00001d0c  afbffff8	sw	-8(r29),r31; push ret addr
 1179  00001d10  2fbd0018	subui	r29,r29,#24; alloc local storage
 1180  00001d14  afa20000	sw	0(r29),r2
 1181  00001d18  54000000	nop
 1182  00001d1c          	L46_LF2:
 1183  00001d1c  8fc10000	lw	r1,(r30)
 1184  00001d20  90220000	lbu	r2,(r1)
 1185  00001d24  64410000	snei	r1,r2,#0
 1186  00001d28  1420000c	bnez	r1,L48_LF2
 1187  00001d2c  54000000	nop; delay slot nop
 1188  00001d30  08000070	j	L47_LF2
 1189  00001d34  54000000	nop; delay slot nop
 1190  00001d38          	L48_LF2:
 1191  00001d38  8fc10004	lw	r1,4(r30)
 1192  00001d3c  afc1fff4	sw	-12(r30),r1
 1193  00001d40          	L49_LF2:
 1194  00001d40  8fc1fff4	lw	r1,-12(r30)
 1195  00001d44  90220000	lbu	r2,(r1)
 1196  00001d48  64410000	snei	r1,r2,#0
 1197  00001d4c  1420000c	bnez	r1,L52_LF2
 1198  00001d50  54000000	nop; delay slot nop
 1199  00001d54  08000044	j	L50_LF2
 1200  00001d58  54000000	nop; delay slot nop
 1201  00001d5c          	L52_LF2:
 1202  00001d5c  8fc10000	lw	r1,(r30)
 1203  00001d60  8fc2fff4	lw	r2,-12(r30)
 1204  00001d64  90210000	lbu	r1,(r1)
 1205  00001d68  90420000	lbu	r2,(r2)
 1206  00001d6c  00220828	seq	r1,r1,r2
 1207  00001d70  10200010	beqz	r1,L51_LF2
 1208  00001d74  54000000	nop; delay slot nop
 1209  00001d78  8fc10000	lw	r1,(r30)
 1210  00001d7c  08000030	j	L45_LF2
 1211  00001d80  54000000	nop; delay slot nop
 1212  00001d84          	L53_LF2:
 1213  00001d84          	L51_LF2:
 1214  00001d84  8fc2fff4	lw	r2,-12(r30)
 1215  00001d88  20410001	addi	r1,r2,#1
 1216  00001d8c  00011020	add	r2,r0,r1
 1217  00001d90  afc2fff4	sw	-12(r30),r2
 1218  00001d94  0bffffa8	j	L49_LF2
 1219  00001d98  54000000	nop; delay slot nop
 1220  00001d9c          	L50_LF2:
 1221  00001d9c  0bffff7c	j	L46_LF2
 1222  00001da0  54000000	nop; delay slot nop
 1223  00001da4          	L47_LF2:
 1224  00001da4  20010000	addi	r1,r0,#0
 1225  00001da8  08000004	j	L45_LF2
 1226  00001dac  54000000	nop; delay slot nop
 1227  00001db0          	L45_LF2:
 1228  00001db0  8fa20000	lw	r2,0(r29)
 1229  00001db4  8fdffff8	lw	r31,-8(r30)
 1230  00001db8  001ee820	add	r29,r0,r30
 1231  00001dbc  8fdefffc	lw	r30,-4(r30)
 1232  00001dc0  4be00000	jr	r31
 1233  00001dc4  54000000	nop
 1234  00001dc8          	.endproc _dmindex
 1235  00001dc8          	.align 2
 1236  00001dc8          	.proc _dindex
 1237  00001dc8          	.global _dindex
 1238  00001dc8          	_dindex:
 1239                      ;  Function 'dindex'; 0 bytes of locals, 1 regs to save.
 1240  00001dc8  afbefffc	sw	-4(r29),r30; push fp
 1241  00001dcc  001df020	add	r30,r0,r29; fp = sp
 1242  00001dd0  afbffff8	sw	-8(r29),r31; push ret addr
 1243  00001dd4  2fbd0010	subui	r29,r29,#16; alloc local storage
 1244  00001dd8  afa20000	sw	0(r29),r2
 1245  00001ddc  54000000	nop
 1246  00001de0          	L55_LF2:
 1247  00001de0  8fc10000	lw	r1,(r30)
 1248  00001de4  90220000	lbu	r2,(r1)
 1249  00001de8  64410000	snei	r1,r2,#0
 1250  00001dec  1420000c	bnez	r1,L57_LF2
 1251  00001df0  54000000	nop; delay slot nop
 1252  00001df4  08000040	j	L56_LF2
 1253  00001df8  54000000	nop; delay slot nop
 1254  00001dfc          	L57_LF2:
 1255  00001dfc  8fc10000	lw	r1,(r30)
 1256  00001e00  90220000	lbu	r2,(r1)
 1257  00001e04  8fc10004	lw	r1,4(r30)
 1258  00001e08  00411028	seq	r2,r2,r1
 1259  00001e0c  10400010	beqz	r2,L58_LF2
 1260  00001e10  54000000	nop; delay slot nop
 1261  00001e14  8fc10000	lw	r1,(r30)
 1262  00001e18  08000028	j	L54_LF2
 1263  00001e1c  54000000	nop; delay slot nop
 1264  00001e20          	L58_LF2:
 1265  00001e20  8fc20000	lw	r2,(r30)
 1266  00001e24  20410001	addi	r1,r2,#1
 1267  00001e28  00011020	add	r2,r0,r1
 1268  00001e2c  afc20000	sw	(r30),r2
 1269  00001e30  0bffffac	j	L55_LF2
 1270  00001e34  54000000	nop; delay slot nop
 1271  00001e38          	L56_LF2:
 1272  00001e38  20010000	addi	r1,r0,#0
 1273  00001e3c  08000004	j	L54_LF2
 1274  00001e40  54000000	nop; delay slot nop
 1275  00001e44          	L54_LF2:
 1276  00001e44  8fa20000	lw	r2,0(r29)
 1277  00001e48  8fdffff8	lw	r31,-8(r30)
 1278  00001e4c  001ee820	add	r29,r0,r30
 1279  00001e50  8fdefffc	lw	r30,-4(r30)
 1280  00001e54  4be00000	jr	r31
 1281  00001e58  54000000	nop
 1282  00001e5c          	.endproc _dindex
 1283  00001e5c          	.align 2
 1284  00001e5c          	.proc _ditoa
 1285  00001e5c          	.global _ditoa
 1286  00001e5c          	_ditoa:
 1287                      ;  Function 'ditoa'; 8 bytes of locals, 2 regs to save.
 1288  00001e5c  afbefffc	sw	-4(r29),r30; push fp
 1289  00001e60  001df020	add	r30,r0,r29; fp = sp
 1290  00001e64  afbffff8	sw	-8(r29),r31; push ret addr
 1291  00001e68  2fbd0018	subui	r29,r29,#24; alloc local storage
 1292  00001e6c  afa20000	sw	0(r29),r2
 1293  00001e70  afa30004	sw	4(r29),r3
 1294  00001e74  8fc10000	lw	r1,(r30)
 1295  00001e78  68220000	slti	r2,r1,#0
 1296  00001e7c  1040002c	beqz	r2,L60_LF2
 1297  00001e80  54000000	nop; delay slot nop
 1298  00001e84  8fc10004	lw	r1,4(r30)
 1299  00001e88  20220001	addi	r2,r1,#1
 1300  00001e8c  afc20004	sw	4(r30),r2
 1301  00001e90  2002002d	addi	r2,r0,(#0x2d)&0xff
 1302  00001e94  a0220000	sb	(r1),r2
 1303  00001e98  8fc10000	lw	r1,(r30)
 1304  00001e9c  00011022	sub	r2,r0,r1
 1305  00001ea0  afc20000	sw	(r30),r2
 1306  00001ea4  08000118	j	L61_LF2
 1307  00001ea8  54000000	nop; delay slot nop
 1308  00001eac          	L60_LF2:
 1309  00001eac  8fc10000	lw	r1,(r30)
 1310  00001eb0  64220000	snei	r2,r1,#0
 1311  00001eb4  14400020	bnez	r2,L62_LF2
 1312  00001eb8  54000000	nop; delay slot nop
 1313  00001ebc  8fc10004	lw	r1,4(r30)
 1314  00001ec0  20220001	addi	r2,r1,#1
 1315  00001ec4  afc20004	sw	4(r30),r2
 1316  00001ec8  20020030	addi	r2,r0,(#0x30)&0xff
 1317  00001ecc  a0220000	sb	(r1),r2
 1318  00001ed0  080000ec	j	L61_LF2
 1319  00001ed4  54000000	nop; delay slot nop
 1320  00001ed8          	L62_LF2:
 1321  00001ed8  20010001	addi	r1,r0,#1
 1322  00001edc  afc1fff4	sw	-12(r30),r1
 1323  00001ee0          	L64_LF2:
 1324  00001ee0  8fc1fff4	lw	r1,-12(r30)
 1325  00001ee4  8fc20000	lw	r2,(r30)
 1326  00001ee8  0022082c	sle	r1,r1,r2
 1327  00001eec  1420000c	bnez	r1,L66_LF2
 1328  00001ef0  54000000	nop; delay slot nop
 1329  00001ef4  08000024	j	L65_LF2
 1330  00001ef8  54000000	nop; delay slot nop
 1331  00001efc          	L67_LF2:
 1332  00001efc          	L66_LF2:
 1333  00001efc  8fc1fff4	lw	r1,-12(r30)
 1334  00001f00  00011820	add	r3,r0,r1
 1335  00001f04  50620002	slli	r2,r3,#0x2
 1336  00001f08  00411020	add	r2,r2,r1
 1337  00001f0c  50410001	slli	r1,r2,#0x1
 1338  00001f10  afc1fff4	sw	-12(r30),r1
 1339  00001f14  0bffffc8	j	L64_LF2
 1340  00001f18  54000000	nop; delay slot nop
 1341  00001f1c          	L65_LF2:
 1342  00001f1c  54000000	nop
 1343  00001f20          	L68_LF2:
 1344  00001f20  8fc1fff4	lw	r1,-12(r30)
 1345  00001f24  2002000a	addi	r2,r0,#10
 1346  00001f28  00200035	movi2fp	f0,r1
 1347  00001f2c  00400835	movi2fp	f1,r2
 1348  00001f30  0401000f	div	f0,f0,f1
 1349  00001f34  00000834	movfp2i	r1,f0
 1350  00001f38  afc1fff4	sw	-12(r30),r1
 1351  00001f3c  8fc10004	lw	r1,4(r30)
 1352  00001f40  20220001	addi	r2,r1,#1
 1353  00001f44  afc20004	sw	4(r30),r2
 1354  00001f48  8fc20000	lw	r2,(r30)
 1355  00001f4c  8fc3fff4	lw	r3,-12(r30)
 1356  00001f50  00400035	movi2fp	f0,r2
 1357  00001f54  00600835	movi2fp	f1,r3
 1358  00001f58  0401000f	div	f0,f0,f1
 1359  00001f5c  00001034	movfp2i	r2,f0
 1360  00001f60  00021820	add	r3,r0,r2
 1361  00001f64  20620030	addi	r2,r3,#48
 1362  00001f68  a0220000	sb	(r1),r2
 1363  00001f6c  8fc10000	lw	r1,(r30)
 1364  00001f70  8fc3fff4	lw	r3,-12(r30)
 1365  00001f74  00200035	movi2fp	f0,r1
 1366  00001f78  00600835	movi2fp	f1,r3
 1367  00001f7c  0401000f	div	f0,f0,f1
 1368  00001f80  00001034	movfp2i	r2,f0
 1369  00001f84  8fc3fff4	lw	r3,-12(r30)
 1370  00001f88  00400035	movi2fp	f0,r2
 1371  00001f8c  00600835	movi2fp	f1,r3
 1372  00001f90  0401000e	mult	f0,f0,f1
 1373  00001f94  00001034	movfp2i	r2,f0
 1374  00001f98  00220822	sub	r1,r1,r2
 1375  00001f9c  afc10000	sw	(r30),r1
 1376  00001fa0          	L70_LF2:
 1377  00001fa0  8fc1fff4	lw	r1,-12(r30)
 1378  00001fa4  6c220001	sgti	r2,r1,#1
 1379  00001fa8  1440000c	bnez	r2,L71_LF2
 1380  00001fac  54000000	nop; delay slot nop
 1381  00001fb0  0800000c	j	L61_LF2
 1382  00001fb4  54000000	nop; delay slot nop
 1383  00001fb8          	L71_LF2:
 1384  00001fb8  0bffff64	j	L68_LF2
 1385  00001fbc  54000000	nop; delay slot nop
 1386  00001fc0          	L69_LF2:
 1387  00001fc0          	L63_LF2:
 1388  00001fc0          	L61_LF2:
 1389  00001fc0  8fc10004	lw	r1,4(r30)
 1390  00001fc4  20020000	addi	r2,r0,(#0x0)&0xff
 1391  00001fc8  a0220000	sb	(r1),r2
 1392  00001fcc          	L59_LF2:
 1393  00001fcc  8fa20000	lw	r2,0(r29)
 1394  00001fd0  8fa30004	lw	r3,4(r29)
 1395  00001fd4  8fdffff8	lw	r31,-8(r30)
 1396  00001fd8  001ee820	add	r29,r0,r30
 1397  00001fdc  8fdefffc	lw	r30,-4(r30)
 1398  00001fe0  4be00000	jr	r31
 1399  00001fe4  54000000	nop
 1400  00001fe8          	.endproc _ditoa
 1401  00001fe8          	.align 2
 1402  00001fe8          	.proc _dstrtol
 1403  00001fe8          	.global _dstrtol
 1404  00001fe8          	_dstrtol:
 1405                      ;  Function 'dstrtol'; 16 bytes of locals, 1 regs to save.
 1406  00001fe8  afbefffc	sw	-4(r29),r30; push fp
 1407  00001fec  001df020	add	r30,r0,r29; fp = sp
 1408  00001ff0  afbffff8	sw	-8(r29),r31; push ret addr
 1409  00001ff4  2fbd0020	subui	r29,r29,#32; alloc local storage
 1410  00001ff8  afa20000	sw	0(r29),r2
 1411  00001ffc  20010000	addi	r1,r0,#0
 1412  00002000  afc1fff4	sw	-12(r30),r1
 1413  00002004          	L73_LF2:
 1414  00002004  8fc10000	lw	r1,(r30)
 1415  00002008  90220000	lbu	r2,(r1)
 1416  0000200c  60410020	seqi	r1,r2,#32
 1417  00002010  14200034	bnez	r1,L75_LF2
 1418  00002014  54000000	nop; delay slot nop
 1419  00002018  8fc10000	lw	r1,(r30)
 1420  0000201c  90220000	lbu	r2,(r1)
 1421  00002020  60410009	seqi	r1,r2,#9
 1422  00002024  14200020	bnez	r1,L75_LF2
 1423  00002028  54000000	nop; delay slot nop
 1424  0000202c  8fc10000	lw	r1,(r30)
 1425  00002030  90220000	lbu	r2,(r1)
 1426  00002034  6041000a	seqi	r1,r2,#10
 1427  00002038  1420000c	bnez	r1,L75_LF2
 1428  0000203c  54000000	nop; delay slot nop
 1429  00002040  0800001c	j	L74_LF2
 1430  00002044  54000000	nop; delay slot nop
 1431  00002048          	L75_LF2:
 1432  00002048  8fc20000	lw	r2,(r30)
 1433  0000204c  20410001	addi	r1,r2,#1
 1434  00002050  00011020	add	r2,r0,r1
 1435  00002054  afc20000	sw	(r30),r2
 1436  00002058  0bffffa8	j	L73_LF2
 1437  0000205c  54000000	nop; delay slot nop
 1438  00002060          	L74_LF2:
 1439  00002060  8fc10004	lw	r1,4(r30)
 1440  00002064  64220000	snei	r2,r1,#0
 1441  00002068  10400010	beqz	r2,L76_LF2
 1442  0000206c  54000000	nop; delay slot nop
 1443  00002070  8fc10004	lw	r1,4(r30)
 1444  00002074  8fc20000	lw	r2,(r30)
 1445  00002078  ac220000	sw	(r1),r2
 1446  0000207c          	L76_LF2:
 1447  0000207c  8fc10000	lw	r1,(r30)
 1448  00002080  90220000	lbu	r2,(r1)
 1449  00002084  64410000	snei	r1,r2,#0
 1450  00002088  14200010	bnez	r1,L77_LF2
 1451  0000208c  54000000	nop; delay slot nop
 1452  00002090  8fc1fff4	lw	r1,-12(r30)
 1453  00002094  08000294	j	L72_LF2
 1454  00002098  54000000	nop; delay slot nop
 1455  0000209c          	L77_LF2:
 1456  0000209c  8fc10000	lw	r1,(r30)
 1457  000020a0  90220000	lbu	r2,(r1)
 1458  000020a4  6041002d	seqi	r1,r2,#45
 1459  000020a8  10200024	beqz	r1,L78_LF2
 1460  000020ac  54000000	nop; delay slot nop
 1461  000020b0  2001ffff	addi	r1,r0,#-1
 1462  000020b4  afc1ffec	sw	-20(r30),r1
 1463  000020b8  8fc20000	lw	r2,(r30)
 1464  000020bc  20410001	addi	r1,r2,#1
 1465  000020c0  00011020	add	r2,r0,r1
 1466  000020c4  afc20000	sw	(r30),r2
 1467  000020c8  0800000c	j	L79_LF2
 1468  000020cc  54000000	nop; delay slot nop
 1469  000020d0          	L78_LF2:
 1470  000020d0  20010001	addi	r1,r0,#1
 1471  000020d4  afc1ffec	sw	-20(r30),r1
 1472  000020d8          	L79_LF2:
 1473  000020d8  8fc10008	lw	r1,8(r30)
 1474  000020dc  64220000	snei	r2,r1,#0
 1475  000020e0  14400090	bnez	r2,L80_LF2
 1476  000020e4  54000000	nop; delay slot nop
 1477  000020e8  8fc10000	lw	r1,(r30)
 1478  000020ec  90220000	lbu	r2,(r1)
 1479  000020f0  60410030	seqi	r1,r2,#48
 1480  000020f4  10200074	beqz	r1,L81_LF2
 1481  000020f8  54000000	nop; delay slot nop
 1482  000020fc  8fc20000	lw	r2,(r30)
 1483  00002100  20410001	addi	r1,r2,#1
 1484  00002104  00011020	add	r2,r0,r1
 1485  00002108  afc20000	sw	(r30),r2
 1486  0000210c  8fc10000	lw	r1,(r30)
 1487  00002110  90220000	lbu	r2,(r1)
 1488  00002114  60410078	seqi	r1,r2,#120
 1489  00002118  14200020	bnez	r1,L83_LF2
 1490  0000211c  54000000	nop; delay slot nop
 1491  00002120  8fc10000	lw	r1,(r30)
 1492  00002124  90220000	lbu	r2,(r1)
 1493  00002128  60410058	seqi	r1,r2,#88
 1494  0000212c  1420000c	bnez	r1,L83_LF2
 1495  00002130  54000000	nop; delay slot nop
 1496  00002134  08000024	j	L82_LF2
 1497  00002138  54000000	nop; delay slot nop
 1498  0000213c          	L83_LF2:
 1499  0000213c  20010010	addi	r1,r0,#16
 1500  00002140  afc10008	sw	8(r30),r1
 1501  00002144  8fc20000	lw	r2,(r30)
 1502  00002148  20410001	addi	r1,r2,#1
 1503  0000214c  00011020	add	r2,r0,r1
 1504  00002150  afc20000	sw	(r30),r2
 1505  00002154  0800000c	j	L84_LF2
 1506  00002158  54000000	nop; delay slot nop
 1507  0000215c          	L82_LF2:
 1508  0000215c  20010008	addi	r1,r0,#8
 1509  00002160  afc10008	sw	8(r30),r1
 1510  00002164          	L84_LF2:
 1511  00002164  0800000c	j	L80_LF2
 1512  00002168  54000000	nop; delay slot nop
 1513  0000216c          	L81_LF2:
 1514  0000216c  2001000a	addi	r1,r0,#10
 1515  00002170  afc10008	sw	8(r30),r1
 1516  00002174          	L85_LF2:
 1517  00002174          	L80_LF2:
 1518  00002174  8fc10008	lw	r1,8(r30)
 1519  00002178  70220000	slei	r2,r1,#0
 1520  0000217c  1440001c	bnez	r2,L87_LF2
 1521  00002180  54000000	nop; delay slot nop
 1522  00002184  8fc10008	lw	r1,8(r30)
 1523  00002188  6c220010	sgti	r2,r1,#16
 1524  0000218c  1440000c	bnez	r2,L87_LF2
 1525  00002190  54000000	nop; delay slot nop
 1526  00002194  08000010	j	L86_LF2
 1527  00002198  54000000	nop; delay slot nop
 1528  0000219c          	L87_LF2:
 1529  0000219c  8fc1fff4	lw	r1,-12(r30)
 1530  000021a0  08000188	j	L72_LF2
 1531  000021a4  54000000	nop; delay slot nop
 1532  000021a8          	L86_LF2:
 1533  000021a8  54000000	nop
 1534  000021ac          	L88_LF2:
 1535  000021ac  8fc10000	lw	r1,(r30)
 1536  000021b0  90220000	lbu	r2,(r1)
 1537  000021b4  6c41002f	sgtui	r1,r2,#47
 1538  000021b8  10200030	beqz	r1,L91_LF2
 1539  000021bc  54000000	nop; delay slot nop
 1540  000021c0  8fc10000	lw	r1,(r30)
 1541  000021c4  90220000	lbu	r2,(r1)
 1542  000021c8  70410039	sleui	r1,r2,#57
 1543  000021cc  1020001c	beqz	r1,L91_LF2
 1544  000021d0  54000000	nop; delay slot nop
 1545  000021d4  8fc10000	lw	r1,(r30)
 1546  000021d8  90220000	lbu	r2,(r1)
 1547  000021dc  2041ffd0	addi	r1,r2,#-48
 1548  000021e0  afc1fff0	sw	-16(r30),r1
 1549  000021e4  0800008c	j	L92_LF2
 1550  000021e8  54000000	nop; delay slot nop
 1551  000021ec          	L91_LF2:
 1552  000021ec  8fc10000	lw	r1,(r30)
 1553  000021f0  90220000	lbu	r2,(r1)
 1554  000021f4  6c410060	sgtui	r1,r2,#96
 1555  000021f8  10200030	beqz	r1,L93_LF2
 1556  000021fc  54000000	nop; delay slot nop
 1557  00002200  8fc10000	lw	r1,(r30)
 1558  00002204  90220000	lbu	r2,(r1)
 1559  00002208  7041007a	sleui	r1,r2,#122
 1560  0000220c  1020001c	beqz	r1,L93_LF2
 1561  00002210  54000000	nop; delay slot nop
 1562  00002214  8fc10000	lw	r1,(r30)
 1563  00002218  90220000	lbu	r2,(r1)
 1564  0000221c  2041ffa9	addi	r1,r2,#-87
 1565  00002220  afc1fff0	sw	-16(r30),r1
 1566  00002224  0800004c	j	L92_LF2
 1567  00002228  54000000	nop; delay slot nop
 1568  0000222c          	L93_LF2:
 1569  0000222c  8fc10000	lw	r1,(r30)
 1570  00002230  90220000	lbu	r2,(r1)
 1571  00002234  6c410040	sgtui	r1,r2,#64
 1572  00002238  10200030	beqz	r1,L95_LF2
 1573  0000223c  54000000	nop; delay slot nop
 1574  00002240  8fc10000	lw	r1,(r30)
 1575  00002244  90220000	lbu	r2,(r1)
 1576  00002248  7041005a	sleui	r1,r2,#90
 1577  0000224c  1020001c	beqz	r1,L95_LF2
 1578  00002250  54000000	nop; delay slot nop
 1579  00002254  8fc10000	lw	r1,(r30)
 1580  00002258  90220000	lbu	r2,(r1)
 1581  0000225c  2041ffc9	addi	r1,r2,#-55
 1582  00002260  afc1fff0	sw	-16(r30),r1
 1583  00002264  0800000c	j	L92_LF2
 1584  00002268  54000000	nop; delay slot nop
 1585  0000226c          	L95_LF2:
 1586  0000226c  200103e8	addi	r1,r0,#1000
 1587  00002270  afc1fff0	sw	-16(r30),r1
 1588  00002274          	L96_LF2:
 1589  00002274          	L94_LF2:
 1590  00002274          	L92_LF2:
 1591  00002274  8fc1fff0	lw	r1,-16(r30)
 1592  00002278  8fc20008	lw	r2,8(r30)
 1593  0000227c  0022082a	slt	r1,r1,r2
 1594  00002280  10200040	beqz	r1,L90_LF2
 1595  00002284  54000000	nop; delay slot nop
 1596  00002288  8fc1fff4	lw	r1,-12(r30)
 1597  0000228c  8fc20008	lw	r2,8(r30)
 1598  00002290  00200035	movi2fp	f0,r1
 1599  00002294  00400835	movi2fp	f1,r2
 1600  00002298  0401000e	mult	f0,f0,f1
 1601  0000229c  00000834	movfp2i	r1,f0
 1602  000022a0  afc1fff4	sw	-12(r30),r1
 1603  000022a4  8fc1fff4	lw	r1,-12(r30)
 1604  000022a8  8fc2fff0	lw	r2,-16(r30)
 1605  000022ac  00220820	add	r1,r1,r2
 1606  000022b0  afc1fff4	sw	-12(r30),r1
 1607  000022b4  8fc20000	lw	r2,(r30)
 1608  000022b8  20410001	addi	r1,r2,#1
 1609  000022bc  00011020	add	r2,r0,r1
 1610  000022c0  afc20000	sw	(r30),r2
 1611  000022c4          	L97_LF2:
 1612  000022c4          	L90_LF2:
 1613  000022c4  8fc1fff0	lw	r1,-16(r30)
 1614  000022c8  8fc20008	lw	r2,8(r30)
 1615  000022cc  0022082a	slt	r1,r1,r2
 1616  000022d0  1420000c	bnez	r1,L98_LF2
 1617  000022d4  54000000	nop; delay slot nop
 1618  000022d8  0800000c	j	L89_LF2
 1619  000022dc  54000000	nop; delay slot nop
 1620  000022e0          	L98_LF2:
 1621  000022e0  0bfffec8	j	L88_LF2
 1622  000022e4  54000000	nop; delay slot nop
 1623  000022e8          	L89_LF2:
 1624  000022e8  8fc10004	lw	r1,4(r30)
 1625  000022ec  64220000	snei	r2,r1,#0
 1626  000022f0  10400010	beqz	r2,L99_LF2
 1627  000022f4  54000000	nop; delay slot nop
 1628  000022f8  8fc10004	lw	r1,4(r30)
 1629  000022fc  8fc20000	lw	r2,(r30)
 1630  00002300  ac220000	sw	(r1),r2
 1631  00002304          	L99_LF2:
 1632  00002304  8fc1fff4	lw	r1,-12(r30)
 1633  00002308  8fc2ffec	lw	r2,-20(r30)
 1634  0000230c  00200035	movi2fp	f0,r1
 1635  00002310  00400835	movi2fp	f1,r2
 1636  00002314  0401000e	mult	f0,f0,f1
 1637  00002318  00000834	movfp2i	r1,f0
 1638  0000231c  afc1fff4	sw	-12(r30),r1
 1639  00002320  8fc1fff4	lw	r1,-12(r30)
 1640  00002324  08000004	j	L72_LF2
 1641  00002328  54000000	nop; delay slot nop
 1642  0000232c          	L72_LF2:
 1643  0000232c  8fa20000	lw	r2,0(r29)
 1644  00002330  8fdffff8	lw	r31,-8(r30)
 1645  00002334  001ee820	add	r29,r0,r30
 1646  00002338  8fdefffc	lw	r30,-4(r30)
 1647  0000233c  4be00000	jr	r31
 1648  00002340  54000000	nop
 1649  00002344          	.endproc _dstrtol
 1650  00002344          	.align 2
 1651  00002344          	.proc _bcopy
 1652  00002344          	.global _bcopy
 1653  00002344          	_bcopy:
 1654                      ;  Function 'bcopy'; 0 bytes of locals, 2 regs to save.
 1655  00002344  afbefffc	sw	-4(r29),r30; push fp
 1656  00002348  001df020	add	r30,r0,r29; fp = sp
 1657  0000234c  afbffff8	sw	-8(r29),r31; push ret addr
 1658  00002350  2fbd0010	subui	r29,r29,#16; alloc local storage
 1659  00002354  afa20000	sw	0(r29),r2
 1660  00002358  afa30004	sw	4(r29),r3
 1661  0000235c  54000000	nop
 1662  00002360          	L101_LF2:
 1663  00002360  8fc10008	lw	r1,8(r30)
 1664  00002364  2022ffff	addi	r2,r1,#-1
 1665  00002368  afc20008	sw	8(r30),r2
 1666  0000236c  6c210000	sgti	r1,r1,#0
 1667  00002370  1420000c	bnez	r1,L103_LF2
 1668  00002374  54000000	nop; delay slot nop
 1669  00002378  0800002c	j	L102_LF2
 1670  0000237c  54000000	nop; delay slot nop
 1671  00002380          	L103_LF2:
 1672  00002380  8fc10004	lw	r1,4(r30)
 1673  00002384  20220001	addi	r2,r1,#1
 1674  00002388  afc20004	sw	4(r30),r2
 1675  0000238c  8fc20000	lw	r2,(r30)
 1676  00002390  20430001	addi	r3,r2,#1
 1677  00002394  afc30000	sw	(r30),r3
 1678  00002398  80420000	lb	r2,(r2)
 1679  0000239c  a0220000	sb	(r1),r2
 1680  000023a0  0bffffbc	j	L101_LF2
 1681  000023a4  54000000	nop; delay slot nop
 1682  000023a8          	L102_LF2:
 1683  000023a8          	L100_LF2:
 1684  000023a8  8fa20000	lw	r2,0(r29)
 1685  000023ac  8fa30004	lw	r3,4(r29)
 1686  000023b0  8fdffff8	lw	r31,-8(r30)
 1687  000023b4  001ee820	add	r29,r0,r30
 1688  000023b8  8fdefffc	lw	r30,-4(r30)
 1689  000023bc  4be00000	jr	r31
 1690  000023c0  54000000	nop
 1691  000023c4          	.endproc _bcopy
 1692  000023c4          	.align 2
 1693  000023c4          	.proc _bzero
 1694  000023c4          	.global _bzero
 1695  000023c4          	_bzero:
 1696                      ;  Function 'bzero'; 0 bytes of locals, 1 regs to save.
 1697  000023c4  afbefffc	sw	-4(r29),r30; push fp
 1698  000023c8  001df020	add	r30,r0,r29; fp = sp
 1699  000023cc  afbffff8	sw	-8(r29),r31; push ret addr
 1700  000023d0  2fbd0010	subui	r29,r29,#16; alloc local storage
 1701  000023d4  afa20000	sw	0(r29),r2
 1702  000023d8  54000000	nop
 1703  000023dc          	L105_LF2:
 1704  000023dc  8fc10004	lw	r1,4(r30)
 1705  000023e0  2022ffff	addi	r2,r1,#-1
 1706  000023e4  afc20004	sw	4(r30),r2
 1707  000023e8  6c210000	sgti	r1,r1,#0
 1708  000023ec  1420000c	bnez	r1,L107_LF2
 1709  000023f0  54000000	nop; delay slot nop
 1710  000023f4  08000020	j	L106_LF2
 1711  000023f8  54000000	nop; delay slot nop
 1712  000023fc          	L107_LF2:
 1713  000023fc  8fc10000	lw	r1,(r30)
 1714  00002400  20220001	addi	r2,r1,#1
 1715  00002404  afc20000	sw	(r30),r2
 1716  00002408  20020000	addi	r2,r0,(#0x0)&0xff
 1717  0000240c  a0220000	sb	(r1),r2
 1718  00002410  0bffffc8	j	L105_LF2
 1719  00002414  54000000	nop; delay slot nop
 1720  00002418          	L106_LF2:
 1721  00002418          	L104_LF2:
 1722  00002418  8fa20000	lw	r2,0(r29)
 1723  0000241c  8fdffff8	lw	r31,-8(r30)
 1724  00002420  001ee820	add	r29,r0,r30
 1725  00002424  8fdefffc	lw	r30,-4(r30)
 1726  00002428  4be00000	jr	r31
 1727  0000242c  54000000	nop
 1728  00002430          	.endproc _bzero
 1729  00002430          	.align 2
 1730  00002430          	.proc _min
 1731  00002430          	.global _min
 1732  00002430          	_min:
 1733                      ;  Function 'min'; 0 bytes of locals, 2 regs to save.
 1734  00002430  afbefffc	sw	-4(r29),r30; push fp
 1735  00002434  001df020	add	r30,r0,r29; fp = sp
 1736  00002438  afbffff8	sw	-8(r29),r31; push ret addr
 1737  0000243c  2fbd0010	subui	r29,r29,#16; alloc local storage
 1738  00002440  afa20000	sw	0(r29),r2
 1739  00002444  afa30004	sw	4(r29),r3
 1740  00002448  8fc10000	lw	r1,(r30)
 1741  0000244c  8fc20004	lw	r2,4(r30)
 1742  00002450  0022182c	sle	r3,r1,r2
 1743  00002454  14600008	bnez	r3,L109_LF2
 1744  00002458  54000000	nop; delay slot nop
 1745  0000245c  8fc10004	lw	r1,4(r30)
 1746  00002460          	L109_LF2:
 1747  00002460  08000004	j	L108_LF2
 1748  00002464  54000000	nop; delay slot nop
 1749  00002468          	L108_LF2:
 1750  00002468  8fa20000	lw	r2,0(r29)
 1751  0000246c  8fa30004	lw	r3,4(r29)
 1752  00002470  8fdffff8	lw	r31,-8(r30)
 1753  00002474  001ee820	add	r29,r0,r30
 1754  00002478  8fdefffc	lw	r30,-4(r30)
 1755  0000247c  4be00000	jr	r31
 1756  00002480  54000000	nop
 1757  00002484          	.endproc _min
 1758  00002484          	.align 2
 1759  00002484          	.proc _max
 1760  00002484          	.global _max
 1761  00002484          	_max:
 1762                      ;  Function 'max'; 0 bytes of locals, 2 regs to save.
 1763  00002484  afbefffc	sw	-4(r29),r30; push fp
 1764  00002488  001df020	add	r30,r0,r29; fp = sp
 1765  0000248c  afbffff8	sw	-8(r29),r31; push ret addr
 1766  00002490  2fbd0010	subui	r29,r29,#16; alloc local storage
 1767  00002494  afa20000	sw	0(r29),r2
 1768  00002498  afa30004	sw	4(r29),r3
 1769  0000249c  8fc10000	lw	r1,(r30)
 1770  000024a0  8fc20004	lw	r2,4(r30)
 1771  000024a4  0022182d	sge	r3,r1,r2
 1772  000024a8  14600008	bnez	r3,L111_LF2
 1773  000024ac  54000000	nop; delay slot nop
 1774  000024b0  8fc10004	lw	r1,4(r30)
 1775  000024b4          	L111_LF2:
 1776  000024b4  08000004	j	L110_LF2
 1777  000024b8  54000000	nop; delay slot nop
 1778  000024bc          	L110_LF2:
 1779  000024bc  8fa20000	lw	r2,0(r29)
 1780  000024c0  8fa30004	lw	r3,4(r29)
 1781  000024c4  8fdffff8	lw	r31,-8(r30)
 1782  000024c8  001ee820	add	r29,r0,r30
 1783  000024cc  8fdefffc	lw	r30,-4(r30)
 1784  000024d0  4be00000	jr	r31
 1785  000024d4  54000000	nop
 1786  000024d8          	.endproc _max
 1787                      ;;; Ethan L. Miller, 1999.  Released to the public domain
 1788                      ;;;
 1789                      ;;; Most of the traps are called in files from libtraps.
 1792  000024d8          	.align 2
 1793  000024d8          	.proc _exit
 1794  000024d8          	.global _exit
 1795  000024d8          	_exit:
 1796  000024d8  44000300	trap	#0x300
 1797  000024dc  4be00000	jr	r31
 1798  000024e0  54000000	nop
 1799  000024e4          	.endproc _exit
 1801                      ; for the benefit of gcc.
 1802  000024e4          	.proc ___main
 1803  000024e4          	.global ___main
 1804  000024e4          	___main:
 1805  000024e4  4be00000	jr	r31
 1806  000024e8  54000000	nop
 1807  000024ec          	.endproc ___main
 1808  000024ec          	.text
 1809  000024ec          	.global _etext
 1810  000024ec          	_etext:
 1811  000024ec          	.align 3
 1812  000024f0          	.data
 1813  0000313e          	.global _edata
 1814  0000313e          	_edata:
