 line   address	contents
    1                      ; Linked by DLX-LD.
    2                      ; MemSize 24576
    3                      ; Data size: 258
    4                      ; Text size: 4660
    5                      ; Stack size: 8192
    6  00000000          	.text 0x1000
    7  00001000          	.data 0x3000
    8                      ; Compiled by GCC
    9  00003000          	.text
   10  00001000          	.align 2
   11  00001000          	.proc _isspace
   12  00001000          	.global _isspace
   13  00001000          	_isspace:
   14                      ;  Function 'isspace'; 0 bytes of locals, 1 regs to save.
   15  00001000  afbefffc	sw	-4(r29),r30; push fp
   16  00001004  001df020	add	r30,r0,r29; fp = sp
   17  00001008  afbffff8	sw	-8(r29),r31; push ret addr
   18  0000100c  2fbd0010	subui	r29,r29,#16; alloc local storage
   19  00001010  afa20000	sw	0(r29),r2
   20  00001014  83c20003	lb	r2,3(r30)
   21  00001018  201f0000	addi	r31,r0,#0
   22  0000101c  304100ff	andi	r1,r2,#0x00ff
   23  00001020  60210020	seqi	r1,r1,#32
   24  00001024  14200018	bnez	r1,L6_LF0
   25  00001028  54000000	nop; not filled.
   26  0000102c  2041fff7	addi	r1,r2,#-9
   27  00001030  302100ff	andi	r1,r1,#0x00ff
   28  00001034  70210001	sleui	r1,r1,#1
   29  00001038  10200008	beqz	r1,L5_LF0
   30  0000103c  54000000	nop; not filled.
   31  00001040          	L6_LF0:
   32  00001040  201f0001	addi	r31,r0,#1
   33  00001044          	L5_LF0:
   34  00001044  001f0820	add	r1,r0,r31
   35  00001048  8fa20000	lw	r2,0(r29)
   36  0000104c  8fdffff8	lw	r31,-8(r30)
   37  00001050  001ee820	add	r29,r0,r30
   38  00001054  8fdefffc	lw	r30,-4(r30)
   39  00001058  4be00000	jr	r31
   40  0000105c  54000000	nop
   41  00001060          	.endproc _isspace
   42  00001060          	.align 2
   43  00001060          	.proc _isxdigit
   44  00001060          	.global _isxdigit
   45  00001060          	_isxdigit:
   46                      ;  Function 'isxdigit'; 0 bytes of locals, 1 regs to save.
   47  00001060  afbefffc	sw	-4(r29),r30; push fp
   48  00001064  001df020	add	r30,r0,r29; fp = sp
   49  00001068  afbffff8	sw	-8(r29),r31; push ret addr
   50  0000106c  2fbd0010	subui	r29,r29,#16; alloc local storage
   51  00001070  afa20000	sw	0(r29),r2
   52  00001074  83df0003	lb	r31,3(r30)
   53  00001078  20020000	addi	r2,r0,#0
   54  0000107c  23e1ffd0	addi	r1,r31,#-48
   55  00001080  302100ff	andi	r1,r1,#0x00ff
   56  00001084  70210009	sleui	r1,r1,#9
   57  00001088  14200028	bnez	r1,L12_LF0
   58  0000108c  54000000	nop; not filled.
   59  00001090  23e1ff9f	addi	r1,r31,#-97
   60  00001094  302100ff	andi	r1,r1,#0x00ff
   61  00001098  70210005	sleui	r1,r1,#5
   62  0000109c  14200014	bnez	r1,L12_LF0
   63  000010a0  54000000	nop; not filled.
   64  000010a4  33e100ff	andi	r1,r31,#0x00ff
   65  000010a8  64210041	snei	r1,r1,#65
   66  000010ac  14200008	bnez	r1,L11_LF0
   67  000010b0  54000000	nop; not filled.
   68  000010b4          	L12_LF0:
   69  000010b4  20020001	addi	r2,r0,#1
   70  000010b8          	L11_LF0:
   71  000010b8  00020820	add	r1,r0,r2
   72  000010bc  8fa20000	lw	r2,0(r29)
   73  000010c0  8fdffff8	lw	r31,-8(r30)
   74  000010c4  001ee820	add	r29,r0,r30
   75  000010c8  8fdefffc	lw	r30,-4(r30)
   76  000010cc  4be00000	jr	r31
   77  000010d0  54000000	nop
   78  000010d4          	.endproc _isxdigit
   79  000010d4          	.data
   80  00003000          	.align 2
   81  00003000          	LC0_LF0:
   82  00003000  4572726f	.ascii "Error inject CO: \000"
   82  00003004  7220696e	
   82  00003008  6a656374	
   82  0000300c  20434f3a	
   82  00003010  2000    	
   83  00003012          	.align 2
   84  00003014          	LC1_LF0:
   85  00003014  4661696c	.ascii "Failed to open mailbox: Inject CO (%d)\000"
   85  00003018  65642074	
   85  0000301c  6f206f70	
   85  00003020  656e206d	
   85  00003024  61696c62	
   85  00003028  6f783a20	
   85  0000302c  496e6a65	
   85  00003030  63742043	
   85  00003034  4f202825	
   85  00003038  642900  	
   86  0000303b          	.align 2
   87  0000303c          	LC2_LF0:
   88  0000303c  434f00  	.ascii "CO\000"
   89  0000303f          	.align 2
   90  00003040          	LC3_LF0:
   91  00003040  4661696c	.ascii "Failed to send to mailbox: Inject CO (%d)\000"
   91  00003044  65642074	
   91  00003048  6f207365	
   91  0000304c  6e642074	
   91  00003050  6f206d61	
   91  00003054  696c626f	
   91  00003058  783a2049	
   91  0000305c  6e6a6563	
   91  00003060  7420434f	
   91  00003064  20282564	
   91  00003068  2900    	
   92  0000306a          	.align 2
   93  0000306c          	LC4_LF0:
   94  0000306c  28256429	.ascii "(%d) Created a CO molecule\n\000"
   94  00003070  20437265	
   94  00003074  61746564	
   94  00003078  20612043	
   94  0000307c  4f206d6f	
   94  00003080  6c656375	
   94  00003084  6c650a00	
   95  00003088          	.align 2
   96  00003088          	LC5_LF0:
   97  00003088  4661696c	.ascii "Failed to close mailbox: Inject CO (%d)\000"
   97  0000308c  65642074	
   97  00003090  6f20636c	
   97  00003094  6f736520	
   97  00003098  6d61696c	
   97  0000309c  626f783a	
   97  000030a0  20496e6a	
   97  000030a4  65637420	
   97  000030a8  434f2028	
   97  000030ac  25642900	
   98  000030b0          	.align 2
   99  000030b0          	LC6_LF0:
  100  000030b0  50494420	.ascii "PID %d is complete.\n\000"
  100  000030b4  25642069	
  100  000030b8  7320636f	
  100  000030bc  6d706c65	
  100  000030c0  74652e0a	
  100  000030c4  00      	
  101  000030c5          	.align 2
  102  000030c8          	LC7_LF0:
  103  000030c8  42616420	.ascii "Bad semaphore s_procs_completed (%d) in \000"
  103  000030cc  73656d61	
  103  000030d0  70686f72	
  103  000030d4  6520735f	
  103  000030d8  70726f63	
  103  000030dc  735f636f	
  103  000030e0  6d706c65	
  103  000030e4  74656420	
  103  000030e8  28256429	
  103  000030ec  20696e20	
  103  000030f0  00      	
  104  000030f1          	.align 2
  105  000030f4          	LC8_LF0:
  106  000030f4  2c206578	.ascii ", exiting...\n\000"
  106  000030f8  6974696e	
  106  000030fc  672e2e2e	
  106  00003100  0a00    	
  107  00003102          	.text
  108  000010d4          	.align 2
  109  000010d4          	.proc _main
  110  000010d4          	.global _main
  111  000010d4          	_main:
  112                      ;  Function 'main'; 0 bytes of locals, 0 regs to save.
  113  000010d4  afbefffc	sw	-4(r29),r30; push fp
  114  000010d8  001df020	add	r30,r0,r29; fp = sp
  115  000010dc  afbffff8	sw	-8(r29),r31; push ret addr
  116  000010e0  2fbd0008	subui	r29,r29,#8; alloc local storage
  117  000010e4  8fc20000	lw	r2,(r30)
  118  000010e8  8fc30004	lw	r3,4(r30)
  119  000010ec  0c00113c	jal	___main
  120  000010f0  54000000	nop; not filled.
  121  000010f4  64410003	snei	r1,r2,#3
  122  000010f8  10200038	beqz	r1,L14_LF0
  123  000010fc  54000000	nop; not filled.
  124  00001100  23bdfff8	addi	r29,r29,#-8
  125  00001104  3c050000	lhi	r5,((LC0_LF0)>>16)&0xffff
  126  00001108  24a53000	addui	r5,r5,(LC0_LF0)&0xffff
  127  0000110c  afa50000	sw	(r29),r5
  128  00001110  0c000268	jal	_Printf
  129  00001114  54000000	nop; not filled.
  130  00001118  8c650000	lw	r5,(r3)
  131  0000111c  afa50000	sw	(r29),r5
  132  00001120  0c000258	jal	_Printf
  133  00001124  54000000	nop; not filled.
  134  00001128  0c000358	jal	_Exit
  135  0000112c  54000000	nop; not filled.
  136  00001130  23bd0008	addi	r29,r29,#8
  137  00001134          	L14_LF0:
  138  00001134  23bdfff0	addi	r29,r29,#-16
  139  00001138  8c650004	lw	r5,4(r3)
  140  0000113c  afa50000	sw	(r29),r5
  141  00001140  20050000	addi	r5,r0,#0
  142  00001144  afa50004	sw	4(r29),r5
  143  00001148  2005000a	addi	r5,r0,#10
  144  0000114c  afa50008	sw	8(r29),r5
  145  00001150  0c000bdc	jal	_dstrtol
  146  00001154  54000000	nop; not filled.
  147  00001158  00012020	add	r4,r0,r1
  148  0000115c  8c650008	lw	r5,8(r3)
  149  00001160  afa50000	sw	(r29),r5
  150  00001164  20050000	addi	r5,r0,#0
  151  00001168  afa50004	sw	4(r29),r5
  152  0000116c  2005000a	addi	r5,r0,#10
  153  00001170  afa50008	sw	8(r29),r5
  154  00001174  0c000bb8	jal	_dstrtol
  155  00001178  54000000	nop; not filled.
  156  0000117c  00011020	add	r2,r0,r1
  157  00001180  afa20000	sw	(r29),r2
  158  00001184  0c0002b4	jal	_mbox_open
  159  00001188  54000000	nop; not filled.
  160  0000118c  23bd0010	addi	r29,r29,#16
  161  00001190  64210001	snei	r1,r1,#1
  162  00001194  10200034	beqz	r1,L15_LF0
  163  00001198  54000000	nop; not filled.
  164  0000119c  0c0001e8	jal	_getpid
  165  000011a0  54000000	nop; not filled.
  166  000011a4  23bdfff8	addi	r29,r29,#-8
  167  000011a8  3c050000	lhi	r5,((LC1_LF0)>>16)&0xffff
  168  000011ac  24a53014	addui	r5,r5,(LC1_LF0)&0xffff
  169  000011b0  afa50000	sw	(r29),r5
  170  000011b4  afa10004	sw	4(r29),r1
  171  000011b8  0c0001c0	jal	_Printf
  172  000011bc  54000000	nop; not filled.
  173  000011c0  0c0002c0	jal	_Exit
  174  000011c4  54000000	nop; not filled.
  175  000011c8  23bd0008	addi	r29,r29,#8
  176  000011cc          	L15_LF0:
  177  000011cc  23bdfff0	addi	r29,r29,#-16
  178  000011d0  afa20000	sw	(r29),r2
  179  000011d4  20050002	addi	r5,r0,#2
  180  000011d8  afa50004	sw	4(r29),r5
  181  000011dc  3c050000	lhi	r5,((LC2_LF0)>>16)&0xffff
  182  000011e0  24a5303c	addui	r5,r5,(LC2_LF0)&0xffff
  183  000011e4  afa50008	sw	8(r29),r5
  184  000011e8  0c000268	jal	_mbox_send
  185  000011ec  54000000	nop; not filled.
  186  000011f0  23bd0010	addi	r29,r29,#16
  187  000011f4  64210001	snei	r1,r1,#1
  188  000011f8  10200034	beqz	r1,L16_LF0
  189  000011fc  54000000	nop; not filled.
  190  00001200  0c000184	jal	_getpid
  191  00001204  54000000	nop; not filled.
  192  00001208  23bdfff8	addi	r29,r29,#-8
  193  0000120c  3c050000	lhi	r5,((LC3_LF0)>>16)&0xffff
  194  00001210  24a53040	addui	r5,r5,(LC3_LF0)&0xffff
  195  00001214  afa50000	sw	(r29),r5
  196  00001218  afa10004	sw	4(r29),r1
  197  0000121c  0c00015c	jal	_Printf
  198  00001220  54000000	nop; not filled.
  199  00001224  0c00025c	jal	_Exit
  200  00001228  54000000	nop; not filled.
  201  0000122c  23bd0008	addi	r29,r29,#8
  202  00001230          	L16_LF0:
  203  00001230  0c000154	jal	_getpid
  204  00001234  54000000	nop; not filled.
  205  00001238  23bdfff8	addi	r29,r29,#-8
  206  0000123c  3c050000	lhi	r5,((LC4_LF0)>>16)&0xffff
  207  00001240  24a5306c	addui	r5,r5,(LC4_LF0)&0xffff
  208  00001244  afa50000	sw	(r29),r5
  209  00001248  afa10004	sw	4(r29),r1
  210  0000124c  0c00012c	jal	_Printf
  211  00001250  54000000	nop; not filled.
  212  00001254  afa20000	sw	(r29),r2
  213  00001258  0c0001ec	jal	_mbox_close
  214  0000125c  54000000	nop; not filled.
  215  00001260  23bd0008	addi	r29,r29,#8
  216  00001264  64210001	snei	r1,r1,#1
  217  00001268  10200034	beqz	r1,L17_LF0
  218  0000126c  54000000	nop; not filled.
  219  00001270  0c000114	jal	_getpid
  220  00001274  54000000	nop; not filled.
  221  00001278  23bdfff8	addi	r29,r29,#-8
  222  0000127c  3c050000	lhi	r5,((LC5_LF0)>>16)&0xffff
  223  00001280  24a53088	addui	r5,r5,(LC5_LF0)&0xffff
  224  00001284  afa50000	sw	(r29),r5
  225  00001288  afa10004	sw	4(r29),r1
  226  0000128c  0c0000ec	jal	_Printf
  227  00001290  54000000	nop; not filled.
  228  00001294  0c0001ec	jal	_Exit
  229  00001298  54000000	nop; not filled.
  230  0000129c  23bd0008	addi	r29,r29,#8
  231  000012a0          	L17_LF0:
  232  000012a0  0c0000e4	jal	_getpid
  233  000012a4  54000000	nop; not filled.
  234  000012a8  23bdfff8	addi	r29,r29,#-8
  235  000012ac  3c050000	lhi	r5,((LC6_LF0)>>16)&0xffff
  236  000012b0  24a530b0	addui	r5,r5,(LC6_LF0)&0xffff
  237  000012b4  afa50000	sw	(r29),r5
  238  000012b8  afa10004	sw	4(r29),r1
  239  000012bc  0c0000bc	jal	_Printf
  240  000012c0  54000000	nop; not filled.
  241  000012c4  afa40000	sw	(r29),r4
  242  000012c8  0c000104	jal	_sem_signal
  243  000012cc  54000000	nop; not filled.
  244  000012d0  23bd0008	addi	r29,r29,#8
  245  000012d4  64210001	snei	r1,r1,#1
  246  000012d8  10200050	beqz	r1,L18_LF0
  247  000012dc  54000000	nop; not filled.
  248  000012e0  23bdfff8	addi	r29,r29,#-8
  249  000012e4  3c050000	lhi	r5,((LC7_LF0)>>16)&0xffff
  250  000012e8  24a530c8	addui	r5,r5,(LC7_LF0)&0xffff
  251  000012ec  afa50000	sw	(r29),r5
  252  000012f0  afa40004	sw	4(r29),r4
  253  000012f4  0c000084	jal	_Printf
  254  000012f8  54000000	nop; not filled.
  255  000012fc  8c630000	lw	r3,(r3)
  256  00001300  afa30000	sw	(r29),r3
  257  00001304  0c000074	jal	_Printf
  258  00001308  54000000	nop; not filled.
  259  0000130c  3c050000	lhi	r5,((LC8_LF0)>>16)&0xffff
  260  00001310  24a530f4	addui	r5,r5,(LC8_LF0)&0xffff
  261  00001314  afa50000	sw	(r29),r5
  262  00001318  0c000060	jal	_Printf
  263  0000131c  54000000	nop; not filled.
  264  00001320  0c000160	jal	_Exit
  265  00001324  54000000	nop; not filled.
  266  00001328  23bd0008	addi	r29,r29,#8
  267  0000132c          	L18_LF0:
  268  0000132c  0c000ef0	jal	_exit
  269  00001330  54000000	nop
  270  00001334          	.endproc _main
  271                      ;;;
  272                      ;;; Stub functions for DLX traps.
  273                      ;;;
  274                      ;;; Ethan L. Miller, 1999.  Released to the public domain.
  275                      ;;;
  276                      ;;; The traps such as Open and Close
  277                      ;;; (note the capital letters) are for use by user programs.  The traps
  278                      ;;; with names such as open and close (lower case) are for use by the OS.
  279                      ;;;
  282  00001334          	.align 2
  284                      ;;; The following are the traps to be used by user-level programs
  285                      ;;;
  287  00001334          	.align 2
  288  00001334          	.proc _Open
  289  00001334          	.global _Open
  290  00001334          	_Open:
  291                      ;;; Note that trap #0x213 actually causes a trap vector in the OS of
  292                      ;;; 0x1213.  The same is true for other user traps.  Thus, a user trap
  293                      ;;; with trap #0x240 will result in a trap vector of 0x1240 in the OS.
  294  00001334  44000213	trap	#0x213
  295  00001338  4be00000	jr	r31
  296  0000133c  54000000	nop
  297  00001340          	.endproc _Open
  299  00001340          	.proc _Close
  300  00001340          	.global _Close
  301  00001340          	_Close:
  302  00001340  44000214	trap	#0x214
  303  00001344  4be00000	jr	r31
  304  00001348  54000000	nop
  305  0000134c          	.endproc _Close
  307  0000134c          	.proc _Read
  308  0000134c          	.global _Read
  309  0000134c          	_Read:
  310  0000134c  44000210	trap	#0x210
  311  00001350  4be00000	jr	r31
  312  00001354  54000000	nop
  313  00001358          	.endproc _Read
  315  00001358          	.proc _Write
  316  00001358          	.global _Write
  317  00001358          	_Write:
  318  00001358  44000211	trap	#0x211
  319  0000135c  4be00000	jr	r31
  320  00001360  54000000	nop
  321  00001364          	.endproc _Write
  323  00001364          	.proc _Lseek
  324  00001364          	.global _Lseek
  325  00001364          	_Lseek:
  326  00001364  44000212	trap	#0x212
  327  00001368  4be00000	jr	r31
  328  0000136c  54000000	nop
  329  00001370          	.endproc _Lseek
  331  00001370          	.proc _Putchar
  332  00001370          	.global _Putchar
  333  00001370          	_Putchar:
  334  00001370  44000280	trap	#0x280
  335  00001374  4be00000	jr	r31
  336  00001378  54000000	nop
  337  0000137c          	.endproc _Putchar
  339  0000137c          	.proc _Printf
  340  0000137c          	.global _Printf
  341  0000137c          	_Printf:
  342  0000137c  44000201	trap	#0x201
  343  00001380  4be00000	jr	r31
  344  00001384  54000000	nop
  345  00001388          	.endproc _Printf
  347  00001388          	.proc _getpid
  348  00001388          	.global _getpid
  349  00001388          	_getpid:
  350  00001388  44000431	trap	#0x431
  351  0000138c  4be00000	jr	r31
  352  00001390  54000000	nop
  353  00001394          	.endproc _getpid
  355  00001394          	.proc _process_create
  356  00001394          	.global _process_create
  357  00001394          	_process_create:
  358  00001394  44000432	trap	#0x432
  359  00001398  4be00000	jr	r31
  360  0000139c  54000000	nop
  361  000013a0          	.endproc _process_create
  363  000013a0          	.proc _shmget
  364  000013a0          	.global _shmget
  365  000013a0          	_shmget:
  366  000013a0  44000440	trap	#0x440
  367  000013a4  4be00000	jr	r31
  368  000013a8  54000000	nop
  369  000013ac          	.endproc _shmget
  371  000013ac          	.proc _shmat
  372  000013ac          	.global _shmat
  373  000013ac          	_shmat:
  374  000013ac  44000441	trap	#0x441
  375  000013b0  4be00000	jr	r31
  376  000013b4  54000000	nop
  377  000013b8          	.endproc _shmat
  379  000013b8          	.proc _sem_create
  380  000013b8          	.global _sem_create
  381  000013b8          	_sem_create:
  382  000013b8  44000450	trap	#0x450
  383  000013bc  4be00000	jr	r31
  384  000013c0  54000000	nop
  385  000013c4          	.endproc _sem_create
  387  000013c4          	.proc _sem_wait
  388  000013c4          	.global _sem_wait
  389  000013c4          	_sem_wait:
  390  000013c4  44000451	trap	#0x451
  391  000013c8  4be00000	jr	r31
  392  000013cc  54000000	nop
  393  000013d0          	.endproc _sem_wait
  395  000013d0          	.proc _sem_signal
  396  000013d0          	.global _sem_signal
  397  000013d0          	_sem_signal:
  398  000013d0  44000452	trap	#0x452
  399  000013d4  4be00000	jr	r31
  400  000013d8  54000000	nop
  401  000013dc          	.endproc _sem_signal
  403  000013dc          	.proc _lock_create
  404  000013dc          	.global _lock_create
  405  000013dc          	_lock_create:
  406  000013dc  44000453	trap	#0x453
  407  000013e0  4be00000	jr	r31
  408  000013e4  54000000	nop
  409  000013e8          	.endproc _lock_create
  411  000013e8          	.proc _lock_acquire
  412  000013e8          	.global _lock_acquire
  413  000013e8          	_lock_acquire:
  414  000013e8  44000454	trap	#0x454
  415  000013ec  4be00000	jr	r31
  416  000013f0  54000000	nop
  417  000013f4          	.endproc _lock_acquire
  419  000013f4          	.proc _lock_release
  420  000013f4          	.global _lock_release
  421  000013f4          	_lock_release:
  422  000013f4  44000455	trap	#0x455
  423  000013f8  4be00000	jr	r31
  424  000013fc  54000000	nop
  425  00001400          	.endproc _lock_release
  427  00001400          	.proc _cond_create
  428  00001400          	.global _cond_create
  429  00001400          	_cond_create:
  430  00001400  44000456	trap	#0x456
  431  00001404  4be00000	jr	r31
  432  00001408  54000000	nop
  433  0000140c          	.endproc _cond_create
  435  0000140c          	.proc _cond_wait
  436  0000140c          	.global _cond_wait
  437  0000140c          	_cond_wait:
  438  0000140c  44000457	trap	#0x457
  439  00001410  4be00000	jr	r31
  440  00001414  54000000	nop
  441  00001418          	.endproc _cond_wait
  443  00001418          	.proc _cond_signal
  444  00001418          	.global _cond_signal
  445  00001418          	_cond_signal:
  446  00001418  44000458	trap	#0x458
  447  0000141c  4be00000	jr	r31
  448  00001420  54000000	nop
  449  00001424          	.endproc _cond_signal
  451  00001424          	.proc _cond_broadcast
  452  00001424          	.global _cond_broadcast
  453  00001424          	_cond_broadcast:
  454  00001424  44000459	trap	#0x459
  455  00001428  4be00000	jr	r31
  456  0000142c  54000000	nop
  457  00001430          	.endproc _cond_broadcast
  459  00001430          	.proc _mbox_create
  460  00001430          	.global _mbox_create
  461  00001430          	_mbox_create:
  462  00001430  44000460	trap	#0x460
  463  00001434  4be00000	jr	r31
  464  00001438  54000000	nop
  465  0000143c          	.endproc _mbox_create
  467  0000143c          	.proc _mbox_open
  468  0000143c          	.global _mbox_open
  469  0000143c          	_mbox_open:
  470  0000143c  44000461	trap	#0x461
  471  00001440  4be00000	jr	r31
  472  00001444  54000000	nop
  473  00001448          	.endproc _mbox_open
  475  00001448          	.proc _mbox_close
  476  00001448          	.global _mbox_close
  477  00001448          	_mbox_close:
  478  00001448  44000462	trap	#0x462
  479  0000144c  4be00000	jr	r31
  480  00001450  54000000	nop
  481  00001454          	.endproc _mbox_close
  483  00001454          	.proc _mbox_send
  484  00001454          	.global _mbox_send
  485  00001454          	_mbox_send:
  486  00001454  44000463	trap	#0x463
  487  00001458  4be00000	jr	r31
  488  0000145c  54000000	nop
  489  00001460          	.endproc _mbox_send
  491  00001460          	.proc _mbox_recv
  492  00001460          	.global _mbox_recv
  493  00001460          	_mbox_recv:
  494  00001460  44000464	trap	#0x464
  495  00001464  4be00000	jr	r31
  496  00001468  54000000	nop
  497  0000146c          	.endproc _mbox_recv
  499  0000146c          	.proc _sleep
  500  0000146c          	.global _sleep
  501  0000146c          	_sleep:
  502  0000146c  44000465	trap	#0x465
  503  00001470  4be00000	jr	r31
  504  00001474  54000000	nop
  505  00001478          	.endproc _sleep
  507  00001478          	.proc _yield
  508  00001478          	.global _yield
  509  00001478          	_yield:
  510  00001478  44000466	trap	#0x466
  511  0000147c  4be00000	jr	r31
  512  00001480  54000000	nop
  513  00001484          	.endproc _yield
  516  00001484          	.proc _Exit
  517  00001484          	.global _Exit
  518  00001484          	_Exit:
  519  00001484  44000500	trap	#0x500
  520  00001488  4be00000	jr	r31
  521  0000148c  54000000	nop
  522  00001490          	.endproc _Exit
  523                      ; Compiled by GCC
  525  00001490          	.align 2
  526  00001490          	.proc _isspace
  527  00001490          	.global _isspace
  528  00001490          	_isspace:
  529                      ;  Function 'isspace'; 0 bytes of locals, 3 regs to save.
  530  00001490  afbefffc	sw	-4(r29),r30; push fp
  531  00001494  001df020	add	r30,r0,r29; fp = sp
  532  00001498  afbffff8	sw	-8(r29),r31; push ret addr
  533  0000149c  2fbd0018	subui	r29,r29,#24; alloc local storage
  534  000014a0  afa20000	sw	0(r29),r2
  535  000014a4  afa30004	sw	4(r29),r3
  536  000014a8  afa40008	sw	8(r29),r4
  537  000014ac  83c20003	lb	r2,3(r30)
  538  000014b0  20010000	addi	r1,r0,#0
  539  000014b4  304300ff	andi	r3,r2,#0x00ff
  540  000014b8  60640020	seqi	r4,r3,#32
  541  000014bc  1480002c	bnez	r4,L3_LF2
  542  000014c0  54000000	nop; delay slot nop
  543  000014c4  304300ff	andi	r3,r2,#0x00ff
  544  000014c8  60640009	seqi	r4,r3,#9
  545  000014cc  1480001c	bnez	r4,L3_LF2
  546  000014d0  54000000	nop; delay slot nop
  547  000014d4  304300ff	andi	r3,r2,#0x00ff
  548  000014d8  6064000a	seqi	r4,r3,#10
  549  000014dc  1480000c	bnez	r4,L3_LF2
  550  000014e0  54000000	nop; delay slot nop
  551  000014e4  08000008	j	L2_LF2
  552  000014e8  54000000	nop; delay slot nop
  553  000014ec          	L3_LF2:
  554  000014ec  20010001	addi	r1,r0,#1
  555  000014f0          	L2_LF2:
  556  000014f0  08000004	j	L1_LF2
  557  000014f4  54000000	nop; delay slot nop
  558  000014f8          	L1_LF2:
  559  000014f8  8fa20000	lw	r2,0(r29)
  560  000014fc  8fa30004	lw	r3,4(r29)
  561  00001500  8fa40008	lw	r4,8(r29)
  562  00001504  8fdffff8	lw	r31,-8(r30)
  563  00001508  001ee820	add	r29,r0,r30
  564  0000150c  8fdefffc	lw	r30,-4(r30)
  565  00001510  4be00000	jr	r31
  566  00001514  54000000	nop
  567  00001518          	.endproc _isspace
  568  00001518          	.align 2
  569  00001518          	.proc _isxdigit
  570  00001518          	.global _isxdigit
  571  00001518          	_isxdigit:
  572                      ;  Function 'isxdigit'; 0 bytes of locals, 3 regs to save.
  573  00001518  afbefffc	sw	-4(r29),r30; push fp
  574  0000151c  001df020	add	r30,r0,r29; fp = sp
  575  00001520  afbffff8	sw	-8(r29),r31; push ret addr
  576  00001524  2fbd0018	subui	r29,r29,#24; alloc local storage
  577  00001528  afa20000	sw	0(r29),r2
  578  0000152c  afa30004	sw	4(r29),r3
  579  00001530  afa40008	sw	8(r29),r4
  580  00001534  83c20003	lb	r2,3(r30)
  581  00001538  20010000	addi	r1,r0,#0
  582  0000153c  304300ff	andi	r3,r2,#0x00ff
  583  00001540  6c64002f	sgtui	r4,r3,#47
  584  00001544  1080001c	beqz	r4,L7_LF2
  585  00001548  54000000	nop; delay slot nop
  586  0000154c  304300ff	andi	r3,r2,#0x00ff
  587  00001550  70640039	sleui	r4,r3,#57
  588  00001554  1480005c	bnez	r4,L6_LF2
  589  00001558  54000000	nop; delay slot nop
  590  0000155c  08000004	j	L7_LF2
  591  00001560  54000000	nop; delay slot nop
  592  00001564          	L7_LF2:
  593  00001564  304300ff	andi	r3,r2,#0x00ff
  594  00001568  6c640060	sgtui	r4,r3,#96
  595  0000156c  1080001c	beqz	r4,L8_LF2
  596  00001570  54000000	nop; delay slot nop
  597  00001574  304300ff	andi	r3,r2,#0x00ff
  598  00001578  70640066	sleui	r4,r3,#102
  599  0000157c  14800034	bnez	r4,L6_LF2
  600  00001580  54000000	nop; delay slot nop
  601  00001584  08000004	j	L8_LF2
  602  00001588  54000000	nop; delay slot nop
  603  0000158c          	L8_LF2:
  604  0000158c  304300ff	andi	r3,r2,#0x00ff
  605  00001590  6c640040	sgtui	r4,r3,#64
  606  00001594  10800020	beqz	r4,L5_LF2
  607  00001598  54000000	nop; delay slot nop
  608  0000159c  304300ff	andi	r3,r2,#0x00ff
  609  000015a0  70640041	sleui	r4,r3,#65
  610  000015a4  1480000c	bnez	r4,L6_LF2
  611  000015a8  54000000	nop; delay slot nop
  612  000015ac  08000008	j	L5_LF2
  613  000015b0  54000000	nop; delay slot nop
  614  000015b4          	L6_LF2:
  615  000015b4  20010001	addi	r1,r0,#1
  616  000015b8          	L5_LF2:
  617  000015b8  08000004	j	L4_LF2
  618  000015bc  54000000	nop; delay slot nop
  619  000015c0          	L4_LF2:
  620  000015c0  8fa20000	lw	r2,0(r29)
  621  000015c4  8fa30004	lw	r3,4(r29)
  622  000015c8  8fa40008	lw	r4,8(r29)
  623  000015cc  8fdffff8	lw	r31,-8(r30)
  624  000015d0  001ee820	add	r29,r0,r30
  625  000015d4  8fdefffc	lw	r30,-4(r30)
  626  000015d8  4be00000	jr	r31
  627  000015dc  54000000	nop
  628  000015e0          	.endproc _isxdigit
  629  000015e0          	.align 2
  630  000015e0          	.proc _dstrcpy
  631  000015e0          	.global _dstrcpy
  632  000015e0          	_dstrcpy:
  633                      ;  Function 'dstrcpy'; 8 bytes of locals, 2 regs to save.
  634  000015e0  afbefffc	sw	-4(r29),r30; push fp
  635  000015e4  001df020	add	r30,r0,r29; fp = sp
  636  000015e8  afbffff8	sw	-8(r29),r31; push ret addr
  637  000015ec  2fbd0018	subui	r29,r29,#24; alloc local storage
  638  000015f0  afa20000	sw	0(r29),r2
  639  000015f4  afa30004	sw	4(r29),r3
  640  000015f8  8fc10000	lw	r1,(r30)
  641  000015fc  afc1fff4	sw	-12(r30),r1
  642  00001600          	L10_LF2:
  643  00001600  8fc10000	lw	r1,(r30)
  644  00001604  20220001	addi	r2,r1,#1
  645  00001608  afc20000	sw	(r30),r2
  646  0000160c  8fc20004	lw	r2,4(r30)
  647  00001610  20430001	addi	r3,r2,#1
  648  00001614  afc30004	sw	4(r30),r3
  649  00001618  80420000	lb	r2,(r2)
  650  0000161c  a0220000	sb	(r1),r2
  651  00001620  a3c2fff3	sb	-13(r30),r2
  652  00001624          	L12_LF2:
  653  00001624  93c1fff3	lbu	r1,-13(r30)
  654  00001628  64220000	snei	r2,r1,#0
  655  0000162c  1440000c	bnez	r2,L13_LF2
  656  00001630  54000000	nop; delay slot nop
  657  00001634  0800000c	j	L11_LF2
  658  00001638  54000000	nop; delay slot nop
  659  0000163c          	L13_LF2:
  660  0000163c  0bffffc0	j	L10_LF2
  661  00001640  54000000	nop; delay slot nop
  662  00001644          	L11_LF2:
  663  00001644  8fc1fff4	lw	r1,-12(r30)
  664  00001648  08000004	j	L9_LF2
  665  0000164c  54000000	nop; delay slot nop
  666  00001650          	L9_LF2:
  667  00001650  8fa20000	lw	r2,0(r29)
  668  00001654  8fa30004	lw	r3,4(r29)
  669  00001658  8fdffff8	lw	r31,-8(r30)
  670  0000165c  001ee820	add	r29,r0,r30
  671  00001660  8fdefffc	lw	r30,-4(r30)
  672  00001664  4be00000	jr	r31
  673  00001668  54000000	nop
  674  0000166c          	.endproc _dstrcpy
  675  0000166c          	.align 2
  676  0000166c          	.proc _dstrncpy
  677  0000166c          	.global _dstrncpy
  678  0000166c          	_dstrncpy:
  679                      ;  Function 'dstrncpy'; 8 bytes of locals, 2 regs to save.
  680  0000166c  afbefffc	sw	-4(r29),r30; push fp
  681  00001670  001df020	add	r30,r0,r29; fp = sp
  682  00001674  afbffff8	sw	-8(r29),r31; push ret addr
  683  00001678  2fbd0018	subui	r29,r29,#24; alloc local storage
  684  0000167c  afa20000	sw	0(r29),r2
  685  00001680  afa30004	sw	4(r29),r3
  686  00001684  8fc10000	lw	r1,(r30)
  687  00001688  afc1fff4	sw	-12(r30),r1
  688  0000168c          	L15_LF2:
  689  0000168c  8fc10008	lw	r1,8(r30)
  690  00001690  2022ffff	addi	r2,r1,#-1
  691  00001694  afc20008	sw	8(r30),r2
  692  00001698  70210000	slei	r1,r1,#0
  693  0000169c  1020000c	beqz	r1,L18_LF2
  694  000016a0  54000000	nop; delay slot nop
  695  000016a4  08000048	j	L16_LF2
  696  000016a8  54000000	nop; delay slot nop
  697  000016ac          	L18_LF2:
  698  000016ac  8fc10000	lw	r1,(r30)
  699  000016b0  20220001	addi	r2,r1,#1
  700  000016b4  afc20000	sw	(r30),r2
  701  000016b8  8fc20004	lw	r2,4(r30)
  702  000016bc  20430001	addi	r3,r2,#1
  703  000016c0  afc30004	sw	4(r30),r3
  704  000016c4  80420000	lb	r2,(r2)
  705  000016c8  a0220000	sb	(r1),r2
  706  000016cc  a3c2fff3	sb	-13(r30),r2
  707  000016d0          	L17_LF2:
  708  000016d0  93c1fff3	lbu	r1,-13(r30)
  709  000016d4  64220000	snei	r2,r1,#0
  710  000016d8  1440000c	bnez	r2,L19_LF2
  711  000016dc  54000000	nop; delay slot nop
  712  000016e0  0800000c	j	L16_LF2
  713  000016e4  54000000	nop; delay slot nop
  714  000016e8          	L19_LF2:
  715  000016e8  0bffffa0	j	L15_LF2
  716  000016ec  54000000	nop; delay slot nop
  717  000016f0          	L16_LF2:
  718  000016f0  8fc1fff4	lw	r1,-12(r30)
  719  000016f4  08000004	j	L14_LF2
  720  000016f8  54000000	nop; delay slot nop
  721  000016fc          	L14_LF2:
  722  000016fc  8fa20000	lw	r2,0(r29)
  723  00001700  8fa30004	lw	r3,4(r29)
  724  00001704  8fdffff8	lw	r31,-8(r30)
  725  00001708  001ee820	add	r29,r0,r30
  726  0000170c  8fdefffc	lw	r30,-4(r30)
  727  00001710  4be00000	jr	r31
  728  00001714  54000000	nop
  729  00001718          	.endproc _dstrncpy
  730  00001718          	.align 2
  731  00001718          	.proc _dstrcat
  732  00001718          	.global _dstrcat
  733  00001718          	_dstrcat:
  734                      ;  Function 'dstrcat'; 8 bytes of locals, 1 regs to save.
  735  00001718  afbefffc	sw	-4(r29),r30; push fp
  736  0000171c  001df020	add	r30,r0,r29; fp = sp
  737  00001720  afbffff8	sw	-8(r29),r31; push ret addr
  738  00001724  2fbd0018	subui	r29,r29,#24; alloc local storage
  739  00001728  afa20000	sw	0(r29),r2
  740  0000172c  8fc10000	lw	r1,(r30)
  741  00001730  afc1fff4	sw	-12(r30),r1
  742  00001734          	L21_LF2:
  743  00001734  8fc10000	lw	r1,(r30)
  744  00001738  90220000	lbu	r2,(r1)
  745  0000173c  64410000	snei	r1,r2,#0
  746  00001740  1420000c	bnez	r1,L23_LF2
  747  00001744  54000000	nop; delay slot nop
  748  00001748  0800001c	j	L22_LF2
  749  0000174c  54000000	nop; delay slot nop
  750  00001750          	L23_LF2:
  751  00001750  8fc20000	lw	r2,(r30)
  752  00001754  20410001	addi	r1,r2,#1
  753  00001758  00011020	add	r2,r0,r1
  754  0000175c  afc20000	sw	(r30),r2
  755  00001760  0bffffd0	j	L21_LF2
  756  00001764  54000000	nop; delay slot nop
  757  00001768          	L22_LF2:
  758  00001768  23bdfff8	addi	r29,r29,#-8
  759  0000176c  001d0820	add	r1,r0,r29
  760  00001770  8fc20000	lw	r2,(r30)
  761  00001774  ac220000	sw	(r1),r2
  762  00001778  8fc20004	lw	r2,4(r30)
  763  0000177c  ac220004	sw	4(r1),r2
  764  00001780  0ffffe5c	jal	_dstrcpy
  765  00001784  54000000	nop; delay slot nop
  766  00001788  23bd0008	addi	r29,r29,#8
  767  0000178c  8fc1fff4	lw	r1,-12(r30)
  768  00001790  08000004	j	L20_LF2
  769  00001794  54000000	nop; delay slot nop
  770  00001798          	L20_LF2:
  771  00001798  8fa20000	lw	r2,0(r29)
  772  0000179c  8fdffff8	lw	r31,-8(r30)
  773  000017a0  001ee820	add	r29,r0,r30
  774  000017a4  8fdefffc	lw	r30,-4(r30)
  775  000017a8  4be00000	jr	r31
  776  000017ac  54000000	nop
  777  000017b0          	.endproc _dstrcat
  778  000017b0          	.align 2
  779  000017b0          	.proc _dstrncmp
  780  000017b0          	.global _dstrncmp
  781  000017b0          	_dstrncmp:
  782                      ;  Function 'dstrncmp'; 8 bytes of locals, 2 regs to save.
  783  000017b0  afbefffc	sw	-4(r29),r30; push fp
  784  000017b4  001df020	add	r30,r0,r29; fp = sp
  785  000017b8  afbffff8	sw	-8(r29),r31; push ret addr
  786  000017bc  2fbd0018	subui	r29,r29,#24; alloc local storage
  787  000017c0  afa20000	sw	0(r29),r2
  788  000017c4  afa30004	sw	4(r29),r3
  789  000017c8  54000000	nop
  790  000017cc  20010000	addi	r1,r0,#0
  791  000017d0  afc1fff4	sw	-12(r30),r1
  792  000017d4          	L25_LF2:
  793  000017d4  8fc1fff4	lw	r1,-12(r30)
  794  000017d8  8fc20008	lw	r2,8(r30)
  795  000017dc  0022082a	slt	r1,r1,r2
  796  000017e0  1420000c	bnez	r1,L28_LF2
  797  000017e4  54000000	nop; delay slot nop
  798  000017e8  08000088	j	L26_LF2
  799  000017ec  54000000	nop; delay slot nop
  800  000017f0          	L28_LF2:
  801  000017f0  8fc10004	lw	r1,4(r30)
  802  000017f4  90220000	lbu	r2,(r1)
  803  000017f8  64410000	snei	r1,r2,#0
  804  000017fc  14200018	bnez	r1,L29_LF2
  805  00001800  54000000	nop; delay slot nop
  806  00001804  20010000	addi	r1,r0,#0
  807  00001808  080000d8	j	L24_LF2
  808  0000180c  54000000	nop; delay slot nop
  809  00001810  08000028	j	L30_LF2
  810  00001814  54000000	nop; delay slot nop
  811  00001818          	L29_LF2:
  812  00001818  8fc10000	lw	r1,(r30)
  813  0000181c  8fc20004	lw	r2,4(r30)
  814  00001820  90210000	lbu	r1,(r1)
  815  00001824  90420000	lbu	r2,(r2)
  816  00001828  00220829	sne	r1,r1,r2
  817  0000182c  1020000c	beqz	r1,L30_LF2
  818  00001830  54000000	nop; delay slot nop
  819  00001834  0800003c	j	L26_LF2
  820  00001838  54000000	nop; delay slot nop
  821  0000183c          	L31_LF2:
  822  0000183c          	L30_LF2:
  823  0000183c  8fc20000	lw	r2,(r30)
  824  00001840  20410001	addi	r1,r2,#1
  825  00001844  00011020	add	r2,r0,r1
  826  00001848  afc20000	sw	(r30),r2
  827  0000184c  8fc20004	lw	r2,4(r30)
  828  00001850  20410001	addi	r1,r2,#1
  829  00001854  00011020	add	r2,r0,r1
  830  00001858  afc20004	sw	4(r30),r2
  831  0000185c          	L27_LF2:
  832  0000185c  8fc2fff4	lw	r2,-12(r30)
  833  00001860  20410001	addi	r1,r2,#1
  834  00001864  00011020	add	r2,r0,r1
  835  00001868  afc2fff4	sw	-12(r30),r2
  836  0000186c  0bffff64	j	L25_LF2
  837  00001870  54000000	nop; delay slot nop
  838  00001874          	L26_LF2:
  839  00001874  8fc1fff4	lw	r1,-12(r30)
  840  00001878  8fc20008	lw	r2,8(r30)
  841  0000187c  00220828	seq	r1,r1,r2
  842  00001880  10200018	beqz	r1,L32_LF2
  843  00001884  54000000	nop; delay slot nop
  844  00001888  20010000	addi	r1,r0,#0
  845  0000188c  08000054	j	L24_LF2
  846  00001890  54000000	nop; delay slot nop
  847  00001894  0800004c	j	L33_LF2
  848  00001898  54000000	nop; delay slot nop
  849  0000189c          	L32_LF2:
  850  0000189c  8fc20000	lw	r2,(r30)
  851  000018a0  90410000	lbu	r1,(r2)
  852  000018a4  8fc20004	lw	r2,4(r30)
  853  000018a8  90430000	lbu	r3,(r2)
  854  000018ac  00230822	sub	r1,r1,r3
  855  000018b0  74220000	sgei	r2,r1,#0
  856  000018b4  10400020	beqz	r2,L34_LF2
  857  000018b8  54000000	nop; delay slot nop
  858  000018bc  8fc10000	lw	r1,(r30)
  859  000018c0  8fc20004	lw	r2,4(r30)
  860  000018c4  90210000	lbu	r1,(r1)
  861  000018c8  90420000	lbu	r2,(r2)
  862  000018cc  00220829	sne	r1,r1,r2
  863  000018d0  08000008	j	L35_LF2
  864  000018d4  54000000	nop; delay slot nop
  865  000018d8          	L34_LF2:
  866  000018d8  2001ffff	addi	r1,r0,#-1
  867  000018dc          	L35_LF2:
  868  000018dc  08000004	j	L24_LF2
  869  000018e0  54000000	nop; delay slot nop
  870  000018e4          	L33_LF2:
  871  000018e4          	L24_LF2:
  872  000018e4  8fa20000	lw	r2,0(r29)
  873  000018e8  8fa30004	lw	r3,4(r29)
  874  000018ec  8fdffff8	lw	r31,-8(r30)
  875  000018f0  001ee820	add	r29,r0,r30
  876  000018f4  8fdefffc	lw	r30,-4(r30)
  877  000018f8  4be00000	jr	r31
  878  000018fc  54000000	nop
  879  00001900          	.endproc _dstrncmp
  880  00001900          	.align 2
  881  00001900          	.proc _dstrlen
  882  00001900          	.global _dstrlen
  883  00001900          	_dstrlen:
  884                      ;  Function 'dstrlen'; 8 bytes of locals, 1 regs to save.
  885  00001900  afbefffc	sw	-4(r29),r30; push fp
  886  00001904  001df020	add	r30,r0,r29; fp = sp
  887  00001908  afbffff8	sw	-8(r29),r31; push ret addr
  888  0000190c  2fbd0018	subui	r29,r29,#24; alloc local storage
  889  00001910  afa20000	sw	0(r29),r2
  890  00001914  20010000	addi	r1,r0,#0
  891  00001918  afc1fff4	sw	-12(r30),r1
  892  0000191c          	L37_LF2:
  893  0000191c  8fc10000	lw	r1,(r30)
  894  00001920  20220001	addi	r2,r1,#1
  895  00001924  afc20000	sw	(r30),r2
  896  00001928  90210000	lbu	r1,(r1)
  897  0000192c  64220000	snei	r2,r1,#0
  898  00001930  1440000c	bnez	r2,L39_LF2
  899  00001934  54000000	nop; delay slot nop
  900  00001938  0800001c	j	L38_LF2
  901  0000193c  54000000	nop; delay slot nop
  902  00001940          	L39_LF2:
  903  00001940  8fc2fff4	lw	r2,-12(r30)
  904  00001944  20410001	addi	r1,r2,#1
  905  00001948  00011020	add	r2,r0,r1
  906  0000194c  afc2fff4	sw	-12(r30),r2
  907  00001950  0bffffc8	j	L37_LF2
  908  00001954  54000000	nop; delay slot nop
  909  00001958          	L38_LF2:
  910  00001958  8fc1fff4	lw	r1,-12(r30)
  911  0000195c  08000004	j	L36_LF2
  912  00001960  54000000	nop; delay slot nop
  913  00001964          	L36_LF2:
  914  00001964  8fa20000	lw	r2,0(r29)
  915  00001968  8fdffff8	lw	r31,-8(r30)
  916  0000196c  001ee820	add	r29,r0,r30
  917  00001970  8fdefffc	lw	r30,-4(r30)
  918  00001974  4be00000	jr	r31
  919  00001978  54000000	nop
  920  0000197c          	.endproc _dstrlen
  921  0000197c          	.align 2
  922  0000197c          	.proc _dstrstr
  923  0000197c          	.global _dstrstr
  924  0000197c          	_dstrstr:
  925                      ;  Function 'dstrstr'; 8 bytes of locals, 1 regs to save.
  926  0000197c  afbefffc	sw	-4(r29),r30; push fp
  927  00001980  001df020	add	r30,r0,r29; fp = sp
  928  00001984  afbffff8	sw	-8(r29),r31; push ret addr
  929  00001988  2fbd0018	subui	r29,r29,#24; alloc local storage
  930  0000198c  afa20000	sw	0(r29),r2
  931  00001990  23bdfff8	addi	r29,r29,#-8
  932  00001994  001d0820	add	r1,r0,r29
  933  00001998  8fc20004	lw	r2,4(r30)
  934  0000199c  ac220000	sw	(r1),r2
  935  000019a0  0fffff5c	jal	_dstrlen
  936  000019a4  54000000	nop; delay slot nop
  937  000019a8  23bd0008	addi	r29,r29,#8
  938  000019ac  afc1fff4	sw	-12(r30),r1
  939  000019b0          	L41_LF2:
  940  000019b0  8fc10000	lw	r1,(r30)
  941  000019b4  90220000	lbu	r2,(r1)
  942  000019b8  64410000	snei	r1,r2,#0
  943  000019bc  1420000c	bnez	r1,L43_LF2
  944  000019c0  54000000	nop; delay slot nop
  945  000019c4  08000060	j	L42_LF2
  946  000019c8  54000000	nop; delay slot nop
  947  000019cc          	L43_LF2:
  948  000019cc  23bdfff0	addi	r29,r29,#-16
  949  000019d0  001d0820	add	r1,r0,r29
  950  000019d4  8fc20000	lw	r2,(r30)
  951  000019d8  ac220000	sw	(r1),r2
  952  000019dc  8fc20004	lw	r2,4(r30)
  953  000019e0  ac220004	sw	4(r1),r2
  954  000019e4  8fc2fff4	lw	r2,-12(r30)
  955  000019e8  ac220008	sw	8(r1),r2
  956  000019ec  0ffffdc0	jal	_dstrncmp
  957  000019f0  54000000	nop; delay slot nop
  958  000019f4  23bd0010	addi	r29,r29,#16
  959  000019f8  64220000	snei	r2,r1,#0
  960  000019fc  14400010	bnez	r2,L44_LF2
  961  00001a00  54000000	nop; delay slot nop
  962  00001a04  8fc10000	lw	r1,(r30)
  963  00001a08  08000028	j	L40_LF2
  964  00001a0c  54000000	nop; delay slot nop
  965  00001a10          	L44_LF2:
  966  00001a10  8fc20000	lw	r2,(r30)
  967  00001a14  20410001	addi	r1,r2,#1
  968  00001a18  00011020	add	r2,r0,r1
  969  00001a1c  afc20000	sw	(r30),r2
  970  00001a20  0bffff8c	j	L41_LF2
  971  00001a24  54000000	nop; delay slot nop
  972  00001a28          	L42_LF2:
  973  00001a28  20010000	addi	r1,r0,#0
  974  00001a2c  08000004	j	L40_LF2
  975  00001a30  54000000	nop; delay slot nop
  976  00001a34          	L40_LF2:
  977  00001a34  8fa20000	lw	r2,0(r29)
  978  00001a38  8fdffff8	lw	r31,-8(r30)
  979  00001a3c  001ee820	add	r29,r0,r30
  980  00001a40  8fdefffc	lw	r30,-4(r30)
  981  00001a44  4be00000	jr	r31
  982  00001a48  54000000	nop
  983  00001a4c          	.endproc _dstrstr
  984  00001a4c          	.align 2
  985  00001a4c          	.proc _dmindex
  986  00001a4c          	.global _dmindex
  987  00001a4c          	_dmindex:
  988                      ;  Function 'dmindex'; 8 bytes of locals, 1 regs to save.
  989  00001a4c  afbefffc	sw	-4(r29),r30; push fp
  990  00001a50  001df020	add	r30,r0,r29; fp = sp
  991  00001a54  afbffff8	sw	-8(r29),r31; push ret addr
  992  00001a58  2fbd0018	subui	r29,r29,#24; alloc local storage
  993  00001a5c  afa20000	sw	0(r29),r2
  994  00001a60  54000000	nop
  995  00001a64          	L46_LF2:
  996  00001a64  8fc10000	lw	r1,(r30)
  997  00001a68  90220000	lbu	r2,(r1)
  998  00001a6c  64410000	snei	r1,r2,#0
  999  00001a70  1420000c	bnez	r1,L48_LF2
 1000  00001a74  54000000	nop; delay slot nop
 1001  00001a78  08000070	j	L47_LF2
 1002  00001a7c  54000000	nop; delay slot nop
 1003  00001a80          	L48_LF2:
 1004  00001a80  8fc10004	lw	r1,4(r30)
 1005  00001a84  afc1fff4	sw	-12(r30),r1
 1006  00001a88          	L49_LF2:
 1007  00001a88  8fc1fff4	lw	r1,-12(r30)
 1008  00001a8c  90220000	lbu	r2,(r1)
 1009  00001a90  64410000	snei	r1,r2,#0
 1010  00001a94  1420000c	bnez	r1,L52_LF2
 1011  00001a98  54000000	nop; delay slot nop
 1012  00001a9c  08000044	j	L50_LF2
 1013  00001aa0  54000000	nop; delay slot nop
 1014  00001aa4          	L52_LF2:
 1015  00001aa4  8fc10000	lw	r1,(r30)
 1016  00001aa8  8fc2fff4	lw	r2,-12(r30)
 1017  00001aac  90210000	lbu	r1,(r1)
 1018  00001ab0  90420000	lbu	r2,(r2)
 1019  00001ab4  00220828	seq	r1,r1,r2
 1020  00001ab8  10200010	beqz	r1,L51_LF2
 1021  00001abc  54000000	nop; delay slot nop
 1022  00001ac0  8fc10000	lw	r1,(r30)
 1023  00001ac4  08000030	j	L45_LF2
 1024  00001ac8  54000000	nop; delay slot nop
 1025  00001acc          	L53_LF2:
 1026  00001acc          	L51_LF2:
 1027  00001acc  8fc2fff4	lw	r2,-12(r30)
 1028  00001ad0  20410001	addi	r1,r2,#1
 1029  00001ad4  00011020	add	r2,r0,r1
 1030  00001ad8  afc2fff4	sw	-12(r30),r2
 1031  00001adc  0bffffa8	j	L49_LF2
 1032  00001ae0  54000000	nop; delay slot nop
 1033  00001ae4          	L50_LF2:
 1034  00001ae4  0bffff7c	j	L46_LF2
 1035  00001ae8  54000000	nop; delay slot nop
 1036  00001aec          	L47_LF2:
 1037  00001aec  20010000	addi	r1,r0,#0
 1038  00001af0  08000004	j	L45_LF2
 1039  00001af4  54000000	nop; delay slot nop
 1040  00001af8          	L45_LF2:
 1041  00001af8  8fa20000	lw	r2,0(r29)
 1042  00001afc  8fdffff8	lw	r31,-8(r30)
 1043  00001b00  001ee820	add	r29,r0,r30
 1044  00001b04  8fdefffc	lw	r30,-4(r30)
 1045  00001b08  4be00000	jr	r31
 1046  00001b0c  54000000	nop
 1047  00001b10          	.endproc _dmindex
 1048  00001b10          	.align 2
 1049  00001b10          	.proc _dindex
 1050  00001b10          	.global _dindex
 1051  00001b10          	_dindex:
 1052                      ;  Function 'dindex'; 0 bytes of locals, 1 regs to save.
 1053  00001b10  afbefffc	sw	-4(r29),r30; push fp
 1054  00001b14  001df020	add	r30,r0,r29; fp = sp
 1055  00001b18  afbffff8	sw	-8(r29),r31; push ret addr
 1056  00001b1c  2fbd0010	subui	r29,r29,#16; alloc local storage
 1057  00001b20  afa20000	sw	0(r29),r2
 1058  00001b24  54000000	nop
 1059  00001b28          	L55_LF2:
 1060  00001b28  8fc10000	lw	r1,(r30)
 1061  00001b2c  90220000	lbu	r2,(r1)
 1062  00001b30  64410000	snei	r1,r2,#0
 1063  00001b34  1420000c	bnez	r1,L57_LF2
 1064  00001b38  54000000	nop; delay slot nop
 1065  00001b3c  08000040	j	L56_LF2
 1066  00001b40  54000000	nop; delay slot nop
 1067  00001b44          	L57_LF2:
 1068  00001b44  8fc10000	lw	r1,(r30)
 1069  00001b48  90220000	lbu	r2,(r1)
 1070  00001b4c  8fc10004	lw	r1,4(r30)
 1071  00001b50  00411028	seq	r2,r2,r1
 1072  00001b54  10400010	beqz	r2,L58_LF2
 1073  00001b58  54000000	nop; delay slot nop
 1074  00001b5c  8fc10000	lw	r1,(r30)
 1075  00001b60  08000028	j	L54_LF2
 1076  00001b64  54000000	nop; delay slot nop
 1077  00001b68          	L58_LF2:
 1078  00001b68  8fc20000	lw	r2,(r30)
 1079  00001b6c  20410001	addi	r1,r2,#1
 1080  00001b70  00011020	add	r2,r0,r1
 1081  00001b74  afc20000	sw	(r30),r2
 1082  00001b78  0bffffac	j	L55_LF2
 1083  00001b7c  54000000	nop; delay slot nop
 1084  00001b80          	L56_LF2:
 1085  00001b80  20010000	addi	r1,r0,#0
 1086  00001b84  08000004	j	L54_LF2
 1087  00001b88  54000000	nop; delay slot nop
 1088  00001b8c          	L54_LF2:
 1089  00001b8c  8fa20000	lw	r2,0(r29)
 1090  00001b90  8fdffff8	lw	r31,-8(r30)
 1091  00001b94  001ee820	add	r29,r0,r30
 1092  00001b98  8fdefffc	lw	r30,-4(r30)
 1093  00001b9c  4be00000	jr	r31
 1094  00001ba0  54000000	nop
 1095  00001ba4          	.endproc _dindex
 1096  00001ba4          	.align 2
 1097  00001ba4          	.proc _ditoa
 1098  00001ba4          	.global _ditoa
 1099  00001ba4          	_ditoa:
 1100                      ;  Function 'ditoa'; 8 bytes of locals, 2 regs to save.
 1101  00001ba4  afbefffc	sw	-4(r29),r30; push fp
 1102  00001ba8  001df020	add	r30,r0,r29; fp = sp
 1103  00001bac  afbffff8	sw	-8(r29),r31; push ret addr
 1104  00001bb0  2fbd0018	subui	r29,r29,#24; alloc local storage
 1105  00001bb4  afa20000	sw	0(r29),r2
 1106  00001bb8  afa30004	sw	4(r29),r3
 1107  00001bbc  8fc10000	lw	r1,(r30)
 1108  00001bc0  68220000	slti	r2,r1,#0
 1109  00001bc4  1040002c	beqz	r2,L60_LF2
 1110  00001bc8  54000000	nop; delay slot nop
 1111  00001bcc  8fc10004	lw	r1,4(r30)
 1112  00001bd0  20220001	addi	r2,r1,#1
 1113  00001bd4  afc20004	sw	4(r30),r2
 1114  00001bd8  2002002d	addi	r2,r0,(#0x2d)&0xff
 1115  00001bdc  a0220000	sb	(r1),r2
 1116  00001be0  8fc10000	lw	r1,(r30)
 1117  00001be4  00011022	sub	r2,r0,r1
 1118  00001be8  afc20000	sw	(r30),r2
 1119  00001bec  08000118	j	L61_LF2
 1120  00001bf0  54000000	nop; delay slot nop
 1121  00001bf4          	L60_LF2:
 1122  00001bf4  8fc10000	lw	r1,(r30)
 1123  00001bf8  64220000	snei	r2,r1,#0
 1124  00001bfc  14400020	bnez	r2,L62_LF2
 1125  00001c00  54000000	nop; delay slot nop
 1126  00001c04  8fc10004	lw	r1,4(r30)
 1127  00001c08  20220001	addi	r2,r1,#1
 1128  00001c0c  afc20004	sw	4(r30),r2
 1129  00001c10  20020030	addi	r2,r0,(#0x30)&0xff
 1130  00001c14  a0220000	sb	(r1),r2
 1131  00001c18  080000ec	j	L61_LF2
 1132  00001c1c  54000000	nop; delay slot nop
 1133  00001c20          	L62_LF2:
 1134  00001c20  20010001	addi	r1,r0,#1
 1135  00001c24  afc1fff4	sw	-12(r30),r1
 1136  00001c28          	L64_LF2:
 1137  00001c28  8fc1fff4	lw	r1,-12(r30)
 1138  00001c2c  8fc20000	lw	r2,(r30)
 1139  00001c30  0022082c	sle	r1,r1,r2
 1140  00001c34  1420000c	bnez	r1,L66_LF2
 1141  00001c38  54000000	nop; delay slot nop
 1142  00001c3c  08000024	j	L65_LF2
 1143  00001c40  54000000	nop; delay slot nop
 1144  00001c44          	L67_LF2:
 1145  00001c44          	L66_LF2:
 1146  00001c44  8fc1fff4	lw	r1,-12(r30)
 1147  00001c48  00011820	add	r3,r0,r1
 1148  00001c4c  50620002	slli	r2,r3,#0x2
 1149  00001c50  00411020	add	r2,r2,r1
 1150  00001c54  50410001	slli	r1,r2,#0x1
 1151  00001c58  afc1fff4	sw	-12(r30),r1
 1152  00001c5c  0bffffc8	j	L64_LF2
 1153  00001c60  54000000	nop; delay slot nop
 1154  00001c64          	L65_LF2:
 1155  00001c64  54000000	nop
 1156  00001c68          	L68_LF2:
 1157  00001c68  8fc1fff4	lw	r1,-12(r30)
 1158  00001c6c  2002000a	addi	r2,r0,#10
 1159  00001c70  00200035	movi2fp	f0,r1
 1160  00001c74  00400835	movi2fp	f1,r2
 1161  00001c78  0401000f	div	f0,f0,f1
 1162  00001c7c  00000834	movfp2i	r1,f0
 1163  00001c80  afc1fff4	sw	-12(r30),r1
 1164  00001c84  8fc10004	lw	r1,4(r30)
 1165  00001c88  20220001	addi	r2,r1,#1
 1166  00001c8c  afc20004	sw	4(r30),r2
 1167  00001c90  8fc20000	lw	r2,(r30)
 1168  00001c94  8fc3fff4	lw	r3,-12(r30)
 1169  00001c98  00400035	movi2fp	f0,r2
 1170  00001c9c  00600835	movi2fp	f1,r3
 1171  00001ca0  0401000f	div	f0,f0,f1
 1172  00001ca4  00001034	movfp2i	r2,f0
 1173  00001ca8  00021820	add	r3,r0,r2
 1174  00001cac  20620030	addi	r2,r3,#48
 1175  00001cb0  a0220000	sb	(r1),r2
 1176  00001cb4  8fc10000	lw	r1,(r30)
 1177  00001cb8  8fc3fff4	lw	r3,-12(r30)
 1178  00001cbc  00200035	movi2fp	f0,r1
 1179  00001cc0  00600835	movi2fp	f1,r3
 1180  00001cc4  0401000f	div	f0,f0,f1
 1181  00001cc8  00001034	movfp2i	r2,f0
 1182  00001ccc  8fc3fff4	lw	r3,-12(r30)
 1183  00001cd0  00400035	movi2fp	f0,r2
 1184  00001cd4  00600835	movi2fp	f1,r3
 1185  00001cd8  0401000e	mult	f0,f0,f1
 1186  00001cdc  00001034	movfp2i	r2,f0
 1187  00001ce0  00220822	sub	r1,r1,r2
 1188  00001ce4  afc10000	sw	(r30),r1
 1189  00001ce8          	L70_LF2:
 1190  00001ce8  8fc1fff4	lw	r1,-12(r30)
 1191  00001cec  6c220001	sgti	r2,r1,#1
 1192  00001cf0  1440000c	bnez	r2,L71_LF2
 1193  00001cf4  54000000	nop; delay slot nop
 1194  00001cf8  0800000c	j	L61_LF2
 1195  00001cfc  54000000	nop; delay slot nop
 1196  00001d00          	L71_LF2:
 1197  00001d00  0bffff64	j	L68_LF2
 1198  00001d04  54000000	nop; delay slot nop
 1199  00001d08          	L69_LF2:
 1200  00001d08          	L63_LF2:
 1201  00001d08          	L61_LF2:
 1202  00001d08  8fc10004	lw	r1,4(r30)
 1203  00001d0c  20020000	addi	r2,r0,(#0x0)&0xff
 1204  00001d10  a0220000	sb	(r1),r2
 1205  00001d14          	L59_LF2:
 1206  00001d14  8fa20000	lw	r2,0(r29)
 1207  00001d18  8fa30004	lw	r3,4(r29)
 1208  00001d1c  8fdffff8	lw	r31,-8(r30)
 1209  00001d20  001ee820	add	r29,r0,r30
 1210  00001d24  8fdefffc	lw	r30,-4(r30)
 1211  00001d28  4be00000	jr	r31
 1212  00001d2c  54000000	nop
 1213  00001d30          	.endproc _ditoa
 1214  00001d30          	.align 2
 1215  00001d30          	.proc _dstrtol
 1216  00001d30          	.global _dstrtol
 1217  00001d30          	_dstrtol:
 1218                      ;  Function 'dstrtol'; 16 bytes of locals, 1 regs to save.
 1219  00001d30  afbefffc	sw	-4(r29),r30; push fp
 1220  00001d34  001df020	add	r30,r0,r29; fp = sp
 1221  00001d38  afbffff8	sw	-8(r29),r31; push ret addr
 1222  00001d3c  2fbd0020	subui	r29,r29,#32; alloc local storage
 1223  00001d40  afa20000	sw	0(r29),r2
 1224  00001d44  20010000	addi	r1,r0,#0
 1225  00001d48  afc1fff4	sw	-12(r30),r1
 1226  00001d4c          	L73_LF2:
 1227  00001d4c  8fc10000	lw	r1,(r30)
 1228  00001d50  90220000	lbu	r2,(r1)
 1229  00001d54  60410020	seqi	r1,r2,#32
 1230  00001d58  14200034	bnez	r1,L75_LF2
 1231  00001d5c  54000000	nop; delay slot nop
 1232  00001d60  8fc10000	lw	r1,(r30)
 1233  00001d64  90220000	lbu	r2,(r1)
 1234  00001d68  60410009	seqi	r1,r2,#9
 1235  00001d6c  14200020	bnez	r1,L75_LF2
 1236  00001d70  54000000	nop; delay slot nop
 1237  00001d74  8fc10000	lw	r1,(r30)
 1238  00001d78  90220000	lbu	r2,(r1)
 1239  00001d7c  6041000a	seqi	r1,r2,#10
 1240  00001d80  1420000c	bnez	r1,L75_LF2
 1241  00001d84  54000000	nop; delay slot nop
 1242  00001d88  0800001c	j	L74_LF2
 1243  00001d8c  54000000	nop; delay slot nop
 1244  00001d90          	L75_LF2:
 1245  00001d90  8fc20000	lw	r2,(r30)
 1246  00001d94  20410001	addi	r1,r2,#1
 1247  00001d98  00011020	add	r2,r0,r1
 1248  00001d9c  afc20000	sw	(r30),r2
 1249  00001da0  0bffffa8	j	L73_LF2
 1250  00001da4  54000000	nop; delay slot nop
 1251  00001da8          	L74_LF2:
 1252  00001da8  8fc10004	lw	r1,4(r30)
 1253  00001dac  64220000	snei	r2,r1,#0
 1254  00001db0  10400010	beqz	r2,L76_LF2
 1255  00001db4  54000000	nop; delay slot nop
 1256  00001db8  8fc10004	lw	r1,4(r30)
 1257  00001dbc  8fc20000	lw	r2,(r30)
 1258  00001dc0  ac220000	sw	(r1),r2
 1259  00001dc4          	L76_LF2:
 1260  00001dc4  8fc10000	lw	r1,(r30)
 1261  00001dc8  90220000	lbu	r2,(r1)
 1262  00001dcc  64410000	snei	r1,r2,#0
 1263  00001dd0  14200010	bnez	r1,L77_LF2
 1264  00001dd4  54000000	nop; delay slot nop
 1265  00001dd8  8fc1fff4	lw	r1,-12(r30)
 1266  00001ddc  08000294	j	L72_LF2
 1267  00001de0  54000000	nop; delay slot nop
 1268  00001de4          	L77_LF2:
 1269  00001de4  8fc10000	lw	r1,(r30)
 1270  00001de8  90220000	lbu	r2,(r1)
 1271  00001dec  6041002d	seqi	r1,r2,#45
 1272  00001df0  10200024	beqz	r1,L78_LF2
 1273  00001df4  54000000	nop; delay slot nop
 1274  00001df8  2001ffff	addi	r1,r0,#-1
 1275  00001dfc  afc1ffec	sw	-20(r30),r1
 1276  00001e00  8fc20000	lw	r2,(r30)
 1277  00001e04  20410001	addi	r1,r2,#1
 1278  00001e08  00011020	add	r2,r0,r1
 1279  00001e0c  afc20000	sw	(r30),r2
 1280  00001e10  0800000c	j	L79_LF2
 1281  00001e14  54000000	nop; delay slot nop
 1282  00001e18          	L78_LF2:
 1283  00001e18  20010001	addi	r1,r0,#1
 1284  00001e1c  afc1ffec	sw	-20(r30),r1
 1285  00001e20          	L79_LF2:
 1286  00001e20  8fc10008	lw	r1,8(r30)
 1287  00001e24  64220000	snei	r2,r1,#0
 1288  00001e28  14400090	bnez	r2,L80_LF2
 1289  00001e2c  54000000	nop; delay slot nop
 1290  00001e30  8fc10000	lw	r1,(r30)
 1291  00001e34  90220000	lbu	r2,(r1)
 1292  00001e38  60410030	seqi	r1,r2,#48
 1293  00001e3c  10200074	beqz	r1,L81_LF2
 1294  00001e40  54000000	nop; delay slot nop
 1295  00001e44  8fc20000	lw	r2,(r30)
 1296  00001e48  20410001	addi	r1,r2,#1
 1297  00001e4c  00011020	add	r2,r0,r1
 1298  00001e50  afc20000	sw	(r30),r2
 1299  00001e54  8fc10000	lw	r1,(r30)
 1300  00001e58  90220000	lbu	r2,(r1)
 1301  00001e5c  60410078	seqi	r1,r2,#120
 1302  00001e60  14200020	bnez	r1,L83_LF2
 1303  00001e64  54000000	nop; delay slot nop
 1304  00001e68  8fc10000	lw	r1,(r30)
 1305  00001e6c  90220000	lbu	r2,(r1)
 1306  00001e70  60410058	seqi	r1,r2,#88
 1307  00001e74  1420000c	bnez	r1,L83_LF2
 1308  00001e78  54000000	nop; delay slot nop
 1309  00001e7c  08000024	j	L82_LF2
 1310  00001e80  54000000	nop; delay slot nop
 1311  00001e84          	L83_LF2:
 1312  00001e84  20010010	addi	r1,r0,#16
 1313  00001e88  afc10008	sw	8(r30),r1
 1314  00001e8c  8fc20000	lw	r2,(r30)
 1315  00001e90  20410001	addi	r1,r2,#1
 1316  00001e94  00011020	add	r2,r0,r1
 1317  00001e98  afc20000	sw	(r30),r2
 1318  00001e9c  0800000c	j	L84_LF2
 1319  00001ea0  54000000	nop; delay slot nop
 1320  00001ea4          	L82_LF2:
 1321  00001ea4  20010008	addi	r1,r0,#8
 1322  00001ea8  afc10008	sw	8(r30),r1
 1323  00001eac          	L84_LF2:
 1324  00001eac  0800000c	j	L80_LF2
 1325  00001eb0  54000000	nop; delay slot nop
 1326  00001eb4          	L81_LF2:
 1327  00001eb4  2001000a	addi	r1,r0,#10
 1328  00001eb8  afc10008	sw	8(r30),r1
 1329  00001ebc          	L85_LF2:
 1330  00001ebc          	L80_LF2:
 1331  00001ebc  8fc10008	lw	r1,8(r30)
 1332  00001ec0  70220000	slei	r2,r1,#0
 1333  00001ec4  1440001c	bnez	r2,L87_LF2
 1334  00001ec8  54000000	nop; delay slot nop
 1335  00001ecc  8fc10008	lw	r1,8(r30)
 1336  00001ed0  6c220010	sgti	r2,r1,#16
 1337  00001ed4  1440000c	bnez	r2,L87_LF2
 1338  00001ed8  54000000	nop; delay slot nop
 1339  00001edc  08000010	j	L86_LF2
 1340  00001ee0  54000000	nop; delay slot nop
 1341  00001ee4          	L87_LF2:
 1342  00001ee4  8fc1fff4	lw	r1,-12(r30)
 1343  00001ee8  08000188	j	L72_LF2
 1344  00001eec  54000000	nop; delay slot nop
 1345  00001ef0          	L86_LF2:
 1346  00001ef0  54000000	nop
 1347  00001ef4          	L88_LF2:
 1348  00001ef4  8fc10000	lw	r1,(r30)
 1349  00001ef8  90220000	lbu	r2,(r1)
 1350  00001efc  6c41002f	sgtui	r1,r2,#47
 1351  00001f00  10200030	beqz	r1,L91_LF2
 1352  00001f04  54000000	nop; delay slot nop
 1353  00001f08  8fc10000	lw	r1,(r30)
 1354  00001f0c  90220000	lbu	r2,(r1)
 1355  00001f10  70410039	sleui	r1,r2,#57
 1356  00001f14  1020001c	beqz	r1,L91_LF2
 1357  00001f18  54000000	nop; delay slot nop
 1358  00001f1c  8fc10000	lw	r1,(r30)
 1359  00001f20  90220000	lbu	r2,(r1)
 1360  00001f24  2041ffd0	addi	r1,r2,#-48
 1361  00001f28  afc1fff0	sw	-16(r30),r1
 1362  00001f2c  0800008c	j	L92_LF2
 1363  00001f30  54000000	nop; delay slot nop
 1364  00001f34          	L91_LF2:
 1365  00001f34  8fc10000	lw	r1,(r30)
 1366  00001f38  90220000	lbu	r2,(r1)
 1367  00001f3c  6c410060	sgtui	r1,r2,#96
 1368  00001f40  10200030	beqz	r1,L93_LF2
 1369  00001f44  54000000	nop; delay slot nop
 1370  00001f48  8fc10000	lw	r1,(r30)
 1371  00001f4c  90220000	lbu	r2,(r1)
 1372  00001f50  7041007a	sleui	r1,r2,#122
 1373  00001f54  1020001c	beqz	r1,L93_LF2
 1374  00001f58  54000000	nop; delay slot nop
 1375  00001f5c  8fc10000	lw	r1,(r30)
 1376  00001f60  90220000	lbu	r2,(r1)
 1377  00001f64  2041ffa9	addi	r1,r2,#-87
 1378  00001f68  afc1fff0	sw	-16(r30),r1
 1379  00001f6c  0800004c	j	L92_LF2
 1380  00001f70  54000000	nop; delay slot nop
 1381  00001f74          	L93_LF2:
 1382  00001f74  8fc10000	lw	r1,(r30)
 1383  00001f78  90220000	lbu	r2,(r1)
 1384  00001f7c  6c410040	sgtui	r1,r2,#64
 1385  00001f80  10200030	beqz	r1,L95_LF2
 1386  00001f84  54000000	nop; delay slot nop
 1387  00001f88  8fc10000	lw	r1,(r30)
 1388  00001f8c  90220000	lbu	r2,(r1)
 1389  00001f90  7041005a	sleui	r1,r2,#90
 1390  00001f94  1020001c	beqz	r1,L95_LF2
 1391  00001f98  54000000	nop; delay slot nop
 1392  00001f9c  8fc10000	lw	r1,(r30)
 1393  00001fa0  90220000	lbu	r2,(r1)
 1394  00001fa4  2041ffc9	addi	r1,r2,#-55
 1395  00001fa8  afc1fff0	sw	-16(r30),r1
 1396  00001fac  0800000c	j	L92_LF2
 1397  00001fb0  54000000	nop; delay slot nop
 1398  00001fb4          	L95_LF2:
 1399  00001fb4  200103e8	addi	r1,r0,#1000
 1400  00001fb8  afc1fff0	sw	-16(r30),r1
 1401  00001fbc          	L96_LF2:
 1402  00001fbc          	L94_LF2:
 1403  00001fbc          	L92_LF2:
 1404  00001fbc  8fc1fff0	lw	r1,-16(r30)
 1405  00001fc0  8fc20008	lw	r2,8(r30)
 1406  00001fc4  0022082a	slt	r1,r1,r2
 1407  00001fc8  10200040	beqz	r1,L90_LF2
 1408  00001fcc  54000000	nop; delay slot nop
 1409  00001fd0  8fc1fff4	lw	r1,-12(r30)
 1410  00001fd4  8fc20008	lw	r2,8(r30)
 1411  00001fd8  00200035	movi2fp	f0,r1
 1412  00001fdc  00400835	movi2fp	f1,r2
 1413  00001fe0  0401000e	mult	f0,f0,f1
 1414  00001fe4  00000834	movfp2i	r1,f0
 1415  00001fe8  afc1fff4	sw	-12(r30),r1
 1416  00001fec  8fc1fff4	lw	r1,-12(r30)
 1417  00001ff0  8fc2fff0	lw	r2,-16(r30)
 1418  00001ff4  00220820	add	r1,r1,r2
 1419  00001ff8  afc1fff4	sw	-12(r30),r1
 1420  00001ffc  8fc20000	lw	r2,(r30)
 1421  00002000  20410001	addi	r1,r2,#1
 1422  00002004  00011020	add	r2,r0,r1
 1423  00002008  afc20000	sw	(r30),r2
 1424  0000200c          	L97_LF2:
 1425  0000200c          	L90_LF2:
 1426  0000200c  8fc1fff0	lw	r1,-16(r30)
 1427  00002010  8fc20008	lw	r2,8(r30)
 1428  00002014  0022082a	slt	r1,r1,r2
 1429  00002018  1420000c	bnez	r1,L98_LF2
 1430  0000201c  54000000	nop; delay slot nop
 1431  00002020  0800000c	j	L89_LF2
 1432  00002024  54000000	nop; delay slot nop
 1433  00002028          	L98_LF2:
 1434  00002028  0bfffec8	j	L88_LF2
 1435  0000202c  54000000	nop; delay slot nop
 1436  00002030          	L89_LF2:
 1437  00002030  8fc10004	lw	r1,4(r30)
 1438  00002034  64220000	snei	r2,r1,#0
 1439  00002038  10400010	beqz	r2,L99_LF2
 1440  0000203c  54000000	nop; delay slot nop
 1441  00002040  8fc10004	lw	r1,4(r30)
 1442  00002044  8fc20000	lw	r2,(r30)
 1443  00002048  ac220000	sw	(r1),r2
 1444  0000204c          	L99_LF2:
 1445  0000204c  8fc1fff4	lw	r1,-12(r30)
 1446  00002050  8fc2ffec	lw	r2,-20(r30)
 1447  00002054  00200035	movi2fp	f0,r1
 1448  00002058  00400835	movi2fp	f1,r2
 1449  0000205c  0401000e	mult	f0,f0,f1
 1450  00002060  00000834	movfp2i	r1,f0
 1451  00002064  afc1fff4	sw	-12(r30),r1
 1452  00002068  8fc1fff4	lw	r1,-12(r30)
 1453  0000206c  08000004	j	L72_LF2
 1454  00002070  54000000	nop; delay slot nop
 1455  00002074          	L72_LF2:
 1456  00002074  8fa20000	lw	r2,0(r29)
 1457  00002078  8fdffff8	lw	r31,-8(r30)
 1458  0000207c  001ee820	add	r29,r0,r30
 1459  00002080  8fdefffc	lw	r30,-4(r30)
 1460  00002084  4be00000	jr	r31
 1461  00002088  54000000	nop
 1462  0000208c          	.endproc _dstrtol
 1463  0000208c          	.align 2
 1464  0000208c          	.proc _bcopy
 1465  0000208c          	.global _bcopy
 1466  0000208c          	_bcopy:
 1467                      ;  Function 'bcopy'; 0 bytes of locals, 2 regs to save.
 1468  0000208c  afbefffc	sw	-4(r29),r30; push fp
 1469  00002090  001df020	add	r30,r0,r29; fp = sp
 1470  00002094  afbffff8	sw	-8(r29),r31; push ret addr
 1471  00002098  2fbd0010	subui	r29,r29,#16; alloc local storage
 1472  0000209c  afa20000	sw	0(r29),r2
 1473  000020a0  afa30004	sw	4(r29),r3
 1474  000020a4  54000000	nop
 1475  000020a8          	L101_LF2:
 1476  000020a8  8fc10008	lw	r1,8(r30)
 1477  000020ac  2022ffff	addi	r2,r1,#-1
 1478  000020b0  afc20008	sw	8(r30),r2
 1479  000020b4  6c210000	sgti	r1,r1,#0
 1480  000020b8  1420000c	bnez	r1,L103_LF2
 1481  000020bc  54000000	nop; delay slot nop
 1482  000020c0  0800002c	j	L102_LF2
 1483  000020c4  54000000	nop; delay slot nop
 1484  000020c8          	L103_LF2:
 1485  000020c8  8fc10004	lw	r1,4(r30)
 1486  000020cc  20220001	addi	r2,r1,#1
 1487  000020d0  afc20004	sw	4(r30),r2
 1488  000020d4  8fc20000	lw	r2,(r30)
 1489  000020d8  20430001	addi	r3,r2,#1
 1490  000020dc  afc30000	sw	(r30),r3
 1491  000020e0  80420000	lb	r2,(r2)
 1492  000020e4  a0220000	sb	(r1),r2
 1493  000020e8  0bffffbc	j	L101_LF2
 1494  000020ec  54000000	nop; delay slot nop
 1495  000020f0          	L102_LF2:
 1496  000020f0          	L100_LF2:
 1497  000020f0  8fa20000	lw	r2,0(r29)
 1498  000020f4  8fa30004	lw	r3,4(r29)
 1499  000020f8  8fdffff8	lw	r31,-8(r30)
 1500  000020fc  001ee820	add	r29,r0,r30
 1501  00002100  8fdefffc	lw	r30,-4(r30)
 1502  00002104  4be00000	jr	r31
 1503  00002108  54000000	nop
 1504  0000210c          	.endproc _bcopy
 1505  0000210c          	.align 2
 1506  0000210c          	.proc _bzero
 1507  0000210c          	.global _bzero
 1508  0000210c          	_bzero:
 1509                      ;  Function 'bzero'; 0 bytes of locals, 1 regs to save.
 1510  0000210c  afbefffc	sw	-4(r29),r30; push fp
 1511  00002110  001df020	add	r30,r0,r29; fp = sp
 1512  00002114  afbffff8	sw	-8(r29),r31; push ret addr
 1513  00002118  2fbd0010	subui	r29,r29,#16; alloc local storage
 1514  0000211c  afa20000	sw	0(r29),r2
 1515  00002120  54000000	nop
 1516  00002124          	L105_LF2:
 1517  00002124  8fc10004	lw	r1,4(r30)
 1518  00002128  2022ffff	addi	r2,r1,#-1
 1519  0000212c  afc20004	sw	4(r30),r2
 1520  00002130  6c210000	sgti	r1,r1,#0
 1521  00002134  1420000c	bnez	r1,L107_LF2
 1522  00002138  54000000	nop; delay slot nop
 1523  0000213c  08000020	j	L106_LF2
 1524  00002140  54000000	nop; delay slot nop
 1525  00002144          	L107_LF2:
 1526  00002144  8fc10000	lw	r1,(r30)
 1527  00002148  20220001	addi	r2,r1,#1
 1528  0000214c  afc20000	sw	(r30),r2
 1529  00002150  20020000	addi	r2,r0,(#0x0)&0xff
 1530  00002154  a0220000	sb	(r1),r2
 1531  00002158  0bffffc8	j	L105_LF2
 1532  0000215c  54000000	nop; delay slot nop
 1533  00002160          	L106_LF2:
 1534  00002160          	L104_LF2:
 1535  00002160  8fa20000	lw	r2,0(r29)
 1536  00002164  8fdffff8	lw	r31,-8(r30)
 1537  00002168  001ee820	add	r29,r0,r30
 1538  0000216c  8fdefffc	lw	r30,-4(r30)
 1539  00002170  4be00000	jr	r31
 1540  00002174  54000000	nop
 1541  00002178          	.endproc _bzero
 1542  00002178          	.align 2
 1543  00002178          	.proc _min
 1544  00002178          	.global _min
 1545  00002178          	_min:
 1546                      ;  Function 'min'; 0 bytes of locals, 2 regs to save.
 1547  00002178  afbefffc	sw	-4(r29),r30; push fp
 1548  0000217c  001df020	add	r30,r0,r29; fp = sp
 1549  00002180  afbffff8	sw	-8(r29),r31; push ret addr
 1550  00002184  2fbd0010	subui	r29,r29,#16; alloc local storage
 1551  00002188  afa20000	sw	0(r29),r2
 1552  0000218c  afa30004	sw	4(r29),r3
 1553  00002190  8fc10000	lw	r1,(r30)
 1554  00002194  8fc20004	lw	r2,4(r30)
 1555  00002198  0022182c	sle	r3,r1,r2
 1556  0000219c  14600008	bnez	r3,L109_LF2
 1557  000021a0  54000000	nop; delay slot nop
 1558  000021a4  8fc10004	lw	r1,4(r30)
 1559  000021a8          	L109_LF2:
 1560  000021a8  08000004	j	L108_LF2
 1561  000021ac  54000000	nop; delay slot nop
 1562  000021b0          	L108_LF2:
 1563  000021b0  8fa20000	lw	r2,0(r29)
 1564  000021b4  8fa30004	lw	r3,4(r29)
 1565  000021b8  8fdffff8	lw	r31,-8(r30)
 1566  000021bc  001ee820	add	r29,r0,r30
 1567  000021c0  8fdefffc	lw	r30,-4(r30)
 1568  000021c4  4be00000	jr	r31
 1569  000021c8  54000000	nop
 1570  000021cc          	.endproc _min
 1571  000021cc          	.align 2
 1572  000021cc          	.proc _max
 1573  000021cc          	.global _max
 1574  000021cc          	_max:
 1575                      ;  Function 'max'; 0 bytes of locals, 2 regs to save.
 1576  000021cc  afbefffc	sw	-4(r29),r30; push fp
 1577  000021d0  001df020	add	r30,r0,r29; fp = sp
 1578  000021d4  afbffff8	sw	-8(r29),r31; push ret addr
 1579  000021d8  2fbd0010	subui	r29,r29,#16; alloc local storage
 1580  000021dc  afa20000	sw	0(r29),r2
 1581  000021e0  afa30004	sw	4(r29),r3
 1582  000021e4  8fc10000	lw	r1,(r30)
 1583  000021e8  8fc20004	lw	r2,4(r30)
 1584  000021ec  0022182d	sge	r3,r1,r2
 1585  000021f0  14600008	bnez	r3,L111_LF2
 1586  000021f4  54000000	nop; delay slot nop
 1587  000021f8  8fc10004	lw	r1,4(r30)
 1588  000021fc          	L111_LF2:
 1589  000021fc  08000004	j	L110_LF2
 1590  00002200  54000000	nop; delay slot nop
 1591  00002204          	L110_LF2:
 1592  00002204  8fa20000	lw	r2,0(r29)
 1593  00002208  8fa30004	lw	r3,4(r29)
 1594  0000220c  8fdffff8	lw	r31,-8(r30)
 1595  00002210  001ee820	add	r29,r0,r30
 1596  00002214  8fdefffc	lw	r30,-4(r30)
 1597  00002218  4be00000	jr	r31
 1598  0000221c  54000000	nop
 1599  00002220          	.endproc _max
 1600                      ;;; Ethan L. Miller, 1999.  Released to the public domain
 1601                      ;;;
 1602                      ;;; Most of the traps are called in files from libtraps.
 1605  00002220          	.align 2
 1606  00002220          	.proc _exit
 1607  00002220          	.global _exit
 1608  00002220          	_exit:
 1609  00002220  44000300	trap	#0x300
 1610  00002224  4be00000	jr	r31
 1611  00002228  54000000	nop
 1612  0000222c          	.endproc _exit
 1614                      ; for the benefit of gcc.
 1615  0000222c          	.proc ___main
 1616  0000222c          	.global ___main
 1617  0000222c          	___main:
 1618  0000222c  4be00000	jr	r31
 1619  00002230  54000000	nop
 1620  00002234          	.endproc ___main
 1621  00002234          	.text
 1622  00002234          	.global _etext
 1623  00002234          	_etext:
 1624  00002234          	.align 3
 1625  00002238          	.data
 1626  00003102          	.global _edata
 1627  00003102          	_edata:
